# compute-mfcc-feats --verbose=2 --config=conf/mfcc.conf --allow_downsample=true scp,p:data/all_data/log/wav_all_data.4.scp ark:- | copy-feats --compress=true ark:- ark,scp:/media/Drive/kaldi/egs/vctk_british/s5/data/all_data/data/raw_mfcc_all_data.4.ark,/media/Drive/kaldi/egs/vctk_british/s5/data/all_data/data/raw_mfcc_all_data.4.scp 
# Started at Wed Jan  3 18:52:31 IST 2018
#
copy-feats --compress=true ark:- ark,scp:/media/Drive/kaldi/egs/vctk_british/s5/data/all_data/data/raw_mfcc_all_data.4.ark,/media/Drive/kaldi/egs/vctk_british/s5/data/all_data/data/raw_mfcc_all_data.4.scp 
compute-mfcc-feats --verbose=2 --config=conf/mfcc.conf --allow_downsample=true scp,p:data/all_data/log/wav_all_data.4.scp ark:- 
VLOG[2] (compute-mfcc-feats[5.3.24~1-c948]:main():compute-mfcc-feats.cc:173) Processed features for key p230_279
VLOG[2] (compute-mfcc-feats[5.3.24~1-c948]:main():compute-mfcc-feats.cc:173) Processed features for key p230_280
VLOG[2] (compute-mfcc-feats[5.3.24~1-c948]:main():compute-mfcc-feats.cc:173) Processed features for key p230_281
VLOG[2] (compute-mfcc-feats[5.3.24~1-c948]:main():compute-mfcc-feats.cc:173) Processed features for key p230_282
VLOG[2] (compute-mfcc-feats[5.3.24~1-c948]:main():compute-mfcc-feats.cc:173) Processed features for key p230_283
VLOG[2] (compute-mfcc-feats[5.3.24~1-c948]:main():compute-mfcc-feats.cc:173) Processed features for key p230_284
VLOG[2] (compute-mfcc-feats[5.3.24~1-c948]:main():compute-mfcc-feats.cc:173) Processed features for key p230_285
VLOG[2] (compute-mfcc-feats[5.3.24~1-c948]:main():compute-mfcc-feats.cc:173) Processed features for key p230_286
VLOG[2] (compute-mfcc-feats[5.3.24~1-c948]:main():compute-mfcc-feats.cc:173) Processed features for key p230_287
LOG (compute-mfcc-feats[5.3.24~1-c948]:main():compute-mfcc-feats.cc:172) Processed 10 utterances
VLOG[2] (compute-mfcc-feats[5.3.24~1-c948]:main():compute-mfcc-feats.cc:173) Processed features for key p230_288
VLOG[2] (compute-mfcc-feats[5.3.24~1-c948]:main():compute-mfcc-feats.cc:173) Processed features for key p230_289
VLOG[2] (compute-mfcc-feats[5.3.24~1-c948]:main():compute-mfcc-feats.cc:173) Processed features for key p230_290
VLOG[2] (compute-mfcc-feats[5.3.24~1-c948]:main():compute-mfcc-feats.cc:173) Processed features for key p230_291
VLOG[2] (compute-mfcc-feats[5.3.24~1-c948]:main():compute-mfcc-feats.cc:173) Processed features for key p230_292
VLOG[2] (compute-mfcc-feats[5.3.24~1-c948]:main():compute-mfcc-feats.cc:173) Processed features for key p230_293
VLOG[2] (compute-mfcc-feats[5.3.24~1-c948]:main():compute-mfcc-feats.cc:173) Processed features for key p230_295
VLOG[2] (compute-mfcc-feats[5.3.24~1-c948]:main():compute-mfcc-feats.cc:173) Processed features for key p230_296
VLOG[2] (compute-mfcc-feats[5.3.24~1-c948]:main():compute-mfcc-feats.cc:173) Processed features for key p230_297
VLOG[2] (compute-mfcc-feats[5.3.24~1-c948]:main():compute-mfcc-feats.cc:173) Processed features for key p230_298
LOG (compute-mfcc-feats[5.3.24~1-c948]:main():compute-mfcc-feats.cc:172) Processed 20 utterances
VLOG[2] (compute-mfcc-feats[5.3.24~1-c948]:main():compute-mfcc-feats.cc:173) Processed features for key p230_299
VLOG[2] (compute-mfcc-feats[5.3.24~1-c948]:main():compute-mfcc-feats.cc:173) Processed features for key p230_300
VLOG[2] (compute-mfcc-feats[5.3.24~1-c948]:main():compute-mfcc-feats.cc:173) Processed features for key p230_302
VLOG[2] (compute-mfcc-feats[5.3.24~1-c948]:main():compute-mfcc-feats.cc:173) Processed features for key p230_303
VLOG[2] (compute-mfcc-feats[5.3.24~1-c948]:main():compute-mfcc-feats.cc:173) Processed features for key p230_304
VLOG[2] (compute-mfcc-feats[5.3.24~1-c948]:main():compute-mfcc-feats.cc:173) Processed features for key p230_305
VLOG[2] (compute-mfcc-feats[5.3.24~1-c948]:main():compute-mfcc-feats.cc:173) Processed features for key p230_306
VLOG[2] (compute-mfcc-feats[5.3.24~1-c948]:main():compute-mfcc-feats.cc:173) Processed features for key p230_307
VLOG[2] (compute-mfcc-feats[5.3.24~1-c948]:main():compute-mfcc-feats.cc:173) Processed features for key p230_308
VLOG[2] (compute-mfcc-feats[5.3.24~1-c948]:main():compute-mfcc-feats.cc:173) Processed features for key p230_309
LOG (compute-mfcc-feats[5.3.24~1-c948]:main():compute-mfcc-feats.cc:172) Processed 30 utterances
VLOG[2] (compute-mfcc-feats[5.3.24~1-c948]:main():compute-mfcc-feats.cc:173) Processed features for key p230_310
VLOG[2] (compute-mfcc-feats[5.3.24~1-c948]:main():compute-mfcc-feats.cc:173) Processed features for key p230_311
VLOG[2] (compute-mfcc-feats[5.3.24~1-c948]:main():compute-mfcc-feats.cc:173) Processed features for key p230_312
VLOG[2] (compute-mfcc-feats[5.3.24~1-c948]:main():compute-mfcc-feats.cc:173) Processed features for key p230_313
VLOG[2] (compute-mfcc-feats[5.3.24~1-c948]:main():compute-mfcc-feats.cc:173) Processed features for key p230_314
VLOG[2] (compute-mfcc-feats[5.3.24~1-c948]:main():compute-mfcc-feats.cc:173) Processed features for key p230_315
VLOG[2] (compute-mfcc-feats[5.3.24~1-c948]:main():compute-mfcc-feats.cc:173) Processed features for key p230_316
VLOG[2] (compute-mfcc-feats[5.3.24~1-c948]:main():compute-mfcc-feats.cc:173) Processed features for key p230_317
VLOG[2] (compute-mfcc-feats[5.3.24~1-c948]:main():compute-mfcc-feats.cc:173) Processed features for key p230_318
VLOG[2] (compute-mfcc-feats[5.3.24~1-c948]:main():compute-mfcc-feats.cc:173) Processed features for key p230_319
LOG (compute-mfcc-feats[5.3.24~1-c948]:main():compute-mfcc-feats.cc:172) Processed 40 utterances
VLOG[2] (compute-mfcc-feats[5.3.24~1-c948]:main():compute-mfcc-feats.cc:173) Processed features for key p230_321
VLOG[2] (compute-mfcc-feats[5.3.24~1-c948]:main():compute-mfcc-feats.cc:173) Processed features for key p230_322
VLOG[2] (compute-mfcc-feats[5.3.24~1-c948]:main():compute-mfcc-feats.cc:173) Processed features for key p230_323
VLOG[2] (compute-mfcc-feats[5.3.24~1-c948]:main():compute-mfcc-feats.cc:173) Processed features for key p230_324
VLOG[2] (compute-mfcc-feats[5.3.24~1-c948]:main():compute-mfcc-feats.cc:173) Processed features for key p230_325
VLOG[2] (compute-mfcc-feats[5.3.24~1-c948]:main():compute-mfcc-feats.cc:173) Processed features for key p230_326
VLOG[2] (compute-mfcc-feats[5.3.24~1-c948]:main():compute-mfcc-feats.cc:173) Processed features for key p230_327
VLOG[2] (compute-mfcc-feats[5.3.24~1-c948]:main():compute-mfcc-feats.cc:173) Processed features for key p230_328
VLOG[2] (compute-mfcc-feats[5.3.24~1-c948]:main():compute-mfcc-feats.cc:173) Processed features for key p230_329
VLOG[2] (compute-mfcc-feats[5.3.24~1-c948]:main():compute-mfcc-feats.cc:173) Processed features for key p230_330
LOG (compute-mfcc-feats[5.3.24~1-c948]:main():compute-mfcc-feats.cc:172) Processed 50 utterances
VLOG[2] (compute-mfcc-feats[5.3.24~1-c948]:main():compute-mfcc-feats.cc:173) Processed features for key p230_331
VLOG[2] (compute-mfcc-feats[5.3.24~1-c948]:main():compute-mfcc-feats.cc:173) Processed features for key p230_332
VLOG[2] (compute-mfcc-feats[5.3.24~1-c948]:main():compute-mfcc-feats.cc:173) Processed features for key p230_333
VLOG[2] (compute-mfcc-feats[5.3.24~1-c948]:main():compute-mfcc-feats.cc:173) Processed features for key p230_334
VLOG[2] (compute-mfcc-feats[5.3.24~1-c948]:main():compute-mfcc-feats.cc:173) Processed features for key p230_335
VLOG[2] (compute-mfcc-feats[5.3.24~1-c948]:main():compute-mfcc-feats.cc:173) Processed features for key p230_336
VLOG[2] (compute-mfcc-feats[5.3.24~1-c948]:main():compute-mfcc-feats.cc:173) Processed features for key p230_337
VLOG[2] (compute-mfcc-feats[5.3.24~1-c948]:main():compute-mfcc-feats.cc:173) Processed features for key p230_338
VLOG[2] (compute-mfcc-feats[5.3.24~1-c948]:main():compute-mfcc-feats.cc:173) Processed features for key p230_339
VLOG[2] (compute-mfcc-feats[5.3.24~1-c948]:main():compute-mfcc-feats.cc:173) Processed features for key p230_340
LOG (compute-mfcc-feats[5.3.24~1-c948]:main():compute-mfcc-feats.cc:172) Processed 60 utterances
VLOG[2] (compute-mfcc-feats[5.3.24~1-c948]:main():compute-mfcc-feats.cc:173) Processed features for key p230_341
VLOG[2] (compute-mfcc-feats[5.3.24~1-c948]:main():compute-mfcc-feats.cc:173) Processed features for key p230_342
VLOG[2] (compute-mfcc-feats[5.3.24~1-c948]:main():compute-mfcc-feats.cc:173) Processed features for key p230_343
VLOG[2] (compute-mfcc-feats[5.3.24~1-c948]:main():compute-mfcc-feats.cc:173) Processed features for key p230_344
VLOG[2] (compute-mfcc-feats[5.3.24~1-c948]:main():compute-mfcc-feats.cc:173) Processed features for key p230_345
VLOG[2] (compute-mfcc-feats[5.3.24~1-c948]:main():compute-mfcc-feats.cc:173) Processed features for key p230_346
VLOG[2] (compute-mfcc-feats[5.3.24~1-c948]:main():compute-mfcc-feats.cc:173) Processed features for key p230_347
VLOG[2] (compute-mfcc-feats[5.3.24~1-c948]:main():compute-mfcc-feats.cc:173) Processed features for key p230_348
VLOG[2] (compute-mfcc-feats[5.3.24~1-c948]:main():compute-mfcc-feats.cc:173) Processed features for key p230_349
VLOG[2] (compute-mfcc-feats[5.3.24~1-c948]:main():compute-mfcc-feats.cc:173) Processed features for key p230_350
LOG (compute-mfcc-feats[5.3.24~1-c948]:main():compute-mfcc-feats.cc:172) Processed 70 utterances
VLOG[2] (compute-mfcc-feats[5.3.24~1-c948]:main():compute-mfcc-feats.cc:173) Processed features for key p230_351
VLOG[2] (compute-mfcc-feats[5.3.24~1-c948]:main():compute-mfcc-feats.cc:173) Processed features for key p230_352
VLOG[2] (compute-mfcc-feats[5.3.24~1-c948]:main():compute-mfcc-feats.cc:173) Processed features for key p230_353
VLOG[2] (compute-mfcc-feats[5.3.24~1-c948]:main():compute-mfcc-feats.cc:173) Processed features for key p230_354
VLOG[2] (compute-mfcc-feats[5.3.24~1-c948]:main():compute-mfcc-feats.cc:173) Processed features for key p230_355
VLOG[2] (compute-mfcc-feats[5.3.24~1-c948]:main():compute-mfcc-feats.cc:173) Processed features for key p230_356
VLOG[2] (compute-mfcc-feats[5.3.24~1-c948]:main():compute-mfcc-feats.cc:173) Processed features for key p230_357
VLOG[2] (compute-mfcc-feats[5.3.24~1-c948]:main():compute-mfcc-feats.cc:173) Processed features for key p230_358
VLOG[2] (compute-mfcc-feats[5.3.24~1-c948]:main():compute-mfcc-feats.cc:173) Processed features for key p230_359
VLOG[2] (compute-mfcc-feats[5.3.24~1-c948]:main():compute-mfcc-feats.cc:173) Processed features for key p230_360
LOG (compute-mfcc-feats[5.3.24~1-c948]:main():compute-mfcc-feats.cc:172) Processed 80 utterances
VLOG[2] (compute-mfcc-feats[5.3.24~1-c948]:main():compute-mfcc-feats.cc:173) Processed features for key p230_361
VLOG[2] (compute-mfcc-feats[5.3.24~1-c948]:main():compute-mfcc-feats.cc:173) Processed features for key p230_362
VLOG[2] (compute-mfcc-feats[5.3.24~1-c948]:main():compute-mfcc-feats.cc:173) Processed features for key p230_363
VLOG[2] (compute-mfcc-feats[5.3.24~1-c948]:main():compute-mfcc-feats.cc:173) Processed features for key p230_364
VLOG[2] (compute-mfcc-feats[5.3.24~1-c948]:main():compute-mfcc-feats.cc:173) Processed features for key p230_365
VLOG[2] (compute-mfcc-feats[5.3.24~1-c948]:main():compute-mfcc-feats.cc:173) Processed features for key p230_366
VLOG[2] (compute-mfcc-feats[5.3.24~1-c948]:main():compute-mfcc-feats.cc:173) Processed features for key p230_367
VLOG[2] (compute-mfcc-feats[5.3.24~1-c948]:main():compute-mfcc-feats.cc:173) Processed features for key p230_368
VLOG[2] (compute-mfcc-feats[5.3.24~1-c948]:main():compute-mfcc-feats.cc:173) Processed features for key p230_369
VLOG[2] (compute-mfcc-feats[5.3.24~1-c948]:main():compute-mfcc-feats.cc:173) Processed features for key p230_370
LOG (compute-mfcc-feats[5.3.24~1-c948]:main():compute-mfcc-feats.cc:172) Processed 90 utterances
VLOG[2] (compute-mfcc-feats[5.3.24~1-c948]:main():compute-mfcc-feats.cc:173) Processed features for key p230_371
VLOG[2] (compute-mfcc-feats[5.3.24~1-c948]:main():compute-mfcc-feats.cc:173) Processed features for key p230_372
VLOG[2] (compute-mfcc-feats[5.3.24~1-c948]:main():compute-mfcc-feats.cc:173) Processed features for key p230_373
VLOG[2] (compute-mfcc-feats[5.3.24~1-c948]:main():compute-mfcc-feats.cc:173) Processed features for key p230_374
VLOG[2] (compute-mfcc-feats[5.3.24~1-c948]:main():compute-mfcc-feats.cc:173) Processed features for key p230_375
VLOG[2] (compute-mfcc-feats[5.3.24~1-c948]:main():compute-mfcc-feats.cc:173) Processed features for key p230_376
VLOG[2] (compute-mfcc-feats[5.3.24~1-c948]:main():compute-mfcc-feats.cc:173) Processed features for key p230_377
VLOG[2] (compute-mfcc-feats[5.3.24~1-c948]:main():compute-mfcc-feats.cc:173) Processed features for key p230_378
VLOG[2] (compute-mfcc-feats[5.3.24~1-c948]:main():compute-mfcc-feats.cc:173) Processed features for key p230_379
VLOG[2] (compute-mfcc-feats[5.3.24~1-c948]:main():compute-mfcc-feats.cc:173) Processed features for key p230_380
LOG (compute-mfcc-feats[5.3.24~1-c948]:main():compute-mfcc-feats.cc:172) Processed 100 utterances
VLOG[2] (compute-mfcc-feats[5.3.24~1-c948]:main():compute-mfcc-feats.cc:173) Processed features for key p230_381
VLOG[2] (compute-mfcc-feats[5.3.24~1-c948]:main():compute-mfcc-feats.cc:173) Processed features for key p230_382
VLOG[2] (compute-mfcc-feats[5.3.24~1-c948]:main():compute-mfcc-feats.cc:173) Processed features for key p230_383
VLOG[2] (compute-mfcc-feats[5.3.24~1-c948]:main():compute-mfcc-feats.cc:173) Processed features for key p230_384
VLOG[2] (compute-mfcc-feats[5.3.24~1-c948]:main():compute-mfcc-feats.cc:173) Processed features for key p230_385
VLOG[2] (compute-mfcc-feats[5.3.24~1-c948]:main():compute-mfcc-feats.cc:173) Processed features for key p230_386
VLOG[2] (compute-mfcc-feats[5.3.24~1-c948]:main():compute-mfcc-feats.cc:173) Processed features for key p230_387
VLOG[2] (compute-mfcc-feats[5.3.24~1-c948]:main():compute-mfcc-feats.cc:173) Processed features for key p230_388
VLOG[2] (compute-mfcc-feats[5.3.24~1-c948]:main():compute-mfcc-feats.cc:173) Processed features for key p230_389
VLOG[2] (compute-mfcc-feats[5.3.24~1-c948]:main():compute-mfcc-feats.cc:173) Processed features for key p230_390
LOG (compute-mfcc-feats[5.3.24~1-c948]:main():compute-mfcc-feats.cc:172) Processed 110 utterances
VLOG[2] (compute-mfcc-feats[5.3.24~1-c948]:main():compute-mfcc-feats.cc:173) Processed features for key p230_391
VLOG[2] (compute-mfcc-feats[5.3.24~1-c948]:main():compute-mfcc-feats.cc:173) Processed features for key p230_392
VLOG[2] (compute-mfcc-feats[5.3.24~1-c948]:main():compute-mfcc-feats.cc:173) Processed features for key p230_393
VLOG[2] (compute-mfcc-feats[5.3.24~1-c948]:main():compute-mfcc-feats.cc:173) Processed features for key p230_394
VLOG[2] (compute-mfcc-feats[5.3.24~1-c948]:main():compute-mfcc-feats.cc:173) Processed features for key p230_395
VLOG[2] (compute-mfcc-feats[5.3.24~1-c948]:main():compute-mfcc-feats.cc:173) Processed features for key p230_396
VLOG[2] (compute-mfcc-feats[5.3.24~1-c948]:main():compute-mfcc-feats.cc:173) Processed features for key p230_397
VLOG[2] (compute-mfcc-feats[5.3.24~1-c948]:main():compute-mfcc-feats.cc:173) Processed features for key p230_398
VLOG[2] (compute-mfcc-feats[5.3.24~1-c948]:main():compute-mfcc-feats.cc:173) Processed features for key p230_399
VLOG[2] (compute-mfcc-feats[5.3.24~1-c948]:main():compute-mfcc-feats.cc:173) Processed features for key p230_400
LOG (compute-mfcc-feats[5.3.24~1-c948]:main():compute-mfcc-feats.cc:172) Processed 120 utterances
VLOG[2] (compute-mfcc-feats[5.3.24~1-c948]:main():compute-mfcc-feats.cc:173) Processed features for key p230_401
VLOG[2] (compute-mfcc-feats[5.3.24~1-c948]:main():compute-mfcc-feats.cc:173) Processed features for key p230_402
VLOG[2] (compute-mfcc-feats[5.3.24~1-c948]:main():compute-mfcc-feats.cc:173) Processed features for key p230_404
VLOG[2] (compute-mfcc-feats[5.3.24~1-c948]:main():compute-mfcc-feats.cc:173) Processed features for key p230_405
VLOG[2] (compute-mfcc-feats[5.3.24~1-c948]:main():compute-mfcc-feats.cc:173) Processed features for key p230_406
VLOG[2] (compute-mfcc-feats[5.3.24~1-c948]:main():compute-mfcc-feats.cc:173) Processed features for key p230_407
VLOG[2] (compute-mfcc-feats[5.3.24~1-c948]:main():compute-mfcc-feats.cc:173) Processed features for key p230_408
VLOG[2] (compute-mfcc-feats[5.3.24~1-c948]:main():compute-mfcc-feats.cc:173) Processed features for key p230_409
VLOG[2] (compute-mfcc-feats[5.3.24~1-c948]:main():compute-mfcc-feats.cc:173) Processed features for key p230_410
VLOG[2] (compute-mfcc-feats[5.3.24~1-c948]:main():compute-mfcc-feats.cc:173) Processed features for key p230_411
LOG (compute-mfcc-feats[5.3.24~1-c948]:main():compute-mfcc-feats.cc:172) Processed 130 utterances
VLOG[2] (compute-mfcc-feats[5.3.24~1-c948]:main():compute-mfcc-feats.cc:173) Processed features for key p230_413
VLOG[2] (compute-mfcc-feats[5.3.24~1-c948]:main():compute-mfcc-feats.cc:173) Processed features for key p230_414
VLOG[2] (compute-mfcc-feats[5.3.24~1-c948]:main():compute-mfcc-feats.cc:173) Processed features for key p230_415
VLOG[2] (compute-mfcc-feats[5.3.24~1-c948]:main():compute-mfcc-feats.cc:173) Processed features for key p230_416
VLOG[2] (compute-mfcc-feats[5.3.24~1-c948]:main():compute-mfcc-feats.cc:173) Processed features for key p230_417
VLOG[2] (compute-mfcc-feats[5.3.24~1-c948]:main():compute-mfcc-feats.cc:173) Processed features for key p231_001
VLOG[2] (compute-mfcc-feats[5.3.24~1-c948]:main():compute-mfcc-feats.cc:173) Processed features for key p231_002
VLOG[2] (compute-mfcc-feats[5.3.24~1-c948]:main():compute-mfcc-feats.cc:173) Processed features for key p231_003
VLOG[2] (compute-mfcc-feats[5.3.24~1-c948]:main():compute-mfcc-feats.cc:173) Processed features for key p231_004
VLOG[2] (compute-mfcc-feats[5.3.24~1-c948]:main():compute-mfcc-feats.cc:173) Processed features for key p231_005
LOG (compute-mfcc-feats[5.3.24~1-c948]:main():compute-mfcc-feats.cc:172) Processed 140 utterances
VLOG[2] (compute-mfcc-feats[5.3.24~1-c948]:main():compute-mfcc-feats.cc:173) Processed features for key p231_006
VLOG[2] (compute-mfcc-feats[5.3.24~1-c948]:main():compute-mfcc-feats.cc:173) Processed features for key p231_007
VLOG[2] (compute-mfcc-feats[5.3.24~1-c948]:main():compute-mfcc-feats.cc:173) Processed features for key p231_008
VLOG[2] (compute-mfcc-feats[5.3.24~1-c948]:main():compute-mfcc-feats.cc:173) Processed features for key p231_009
VLOG[2] (compute-mfcc-feats[5.3.24~1-c948]:main():compute-mfcc-feats.cc:173) Processed features for key p231_010
VLOG[2] (compute-mfcc-feats[5.3.24~1-c948]:main():compute-mfcc-feats.cc:173) Processed features for key p231_011
VLOG[2] (compute-mfcc-feats[5.3.24~1-c948]:main():compute-mfcc-feats.cc:173) Processed features for key p231_012
VLOG[2] (compute-mfcc-feats[5.3.24~1-c948]:main():compute-mfcc-feats.cc:173) Processed features for key p231_013
VLOG[2] (compute-mfcc-feats[5.3.24~1-c948]:main():compute-mfcc-feats.cc:173) Processed features for key p231_014
VLOG[2] (compute-mfcc-feats[5.3.24~1-c948]:main():compute-mfcc-feats.cc:173) Processed features for key p231_015
LOG (compute-mfcc-feats[5.3.24~1-c948]:main():compute-mfcc-feats.cc:172) Processed 150 utterances
VLOG[2] (compute-mfcc-feats[5.3.24~1-c948]:main():compute-mfcc-feats.cc:173) Processed features for key p231_016
VLOG[2] (compute-mfcc-feats[5.3.24~1-c948]:main():compute-mfcc-feats.cc:173) Processed features for key p231_017
VLOG[2] (compute-mfcc-feats[5.3.24~1-c948]:main():compute-mfcc-feats.cc:173) Processed features for key p231_018
VLOG[2] (compute-mfcc-feats[5.3.24~1-c948]:main():compute-mfcc-feats.cc:173) Processed features for key p231_019
VLOG[2] (compute-mfcc-feats[5.3.24~1-c948]:main():compute-mfcc-feats.cc:173) Processed features for key p231_020
VLOG[2] (compute-mfcc-feats[5.3.24~1-c948]:main():compute-mfcc-feats.cc:173) Processed features for key p231_021
VLOG[2] (compute-mfcc-feats[5.3.24~1-c948]:main():compute-mfcc-feats.cc:173) Processed features for key p231_023
VLOG[2] (compute-mfcc-feats[5.3.24~1-c948]:main():compute-mfcc-feats.cc:173) Processed features for key p231_024
VLOG[2] (compute-mfcc-feats[5.3.24~1-c948]:main():compute-mfcc-feats.cc:173) Processed features for key p231_025
VLOG[2] (compute-mfcc-feats[5.3.24~1-c948]:main():compute-mfcc-feats.cc:173) Processed features for key p231_026
LOG (compute-mfcc-feats[5.3.24~1-c948]:main():compute-mfcc-feats.cc:172) Processed 160 utterances
VLOG[2] (compute-mfcc-feats[5.3.24~1-c948]:main():compute-mfcc-feats.cc:173) Processed features for key p231_027
VLOG[2] (compute-mfcc-feats[5.3.24~1-c948]:main():compute-mfcc-feats.cc:173) Processed features for key p231_028
VLOG[2] (compute-mfcc-feats[5.3.24~1-c948]:main():compute-mfcc-feats.cc:173) Processed features for key p231_029
VLOG[2] (compute-mfcc-feats[5.3.24~1-c948]:main():compute-mfcc-feats.cc:173) Processed features for key p231_030
VLOG[2] (compute-mfcc-feats[5.3.24~1-c948]:main():compute-mfcc-feats.cc:173) Processed features for key p231_031
VLOG[2] (compute-mfcc-feats[5.3.24~1-c948]:main():compute-mfcc-feats.cc:173) Processed features for key p231_032
VLOG[2] (compute-mfcc-feats[5.3.24~1-c948]:main():compute-mfcc-feats.cc:173) Processed features for key p231_033
VLOG[2] (compute-mfcc-feats[5.3.24~1-c948]:main():compute-mfcc-feats.cc:173) Processed features for key p231_034
VLOG[2] (compute-mfcc-feats[5.3.24~1-c948]:main():compute-mfcc-feats.cc:173) Processed features for key p231_035
VLOG[2] (compute-mfcc-feats[5.3.24~1-c948]:main():compute-mfcc-feats.cc:173) Processed features for key p231_036
LOG (compute-mfcc-feats[5.3.24~1-c948]:main():compute-mfcc-feats.cc:172) Processed 170 utterances
VLOG[2] (compute-mfcc-feats[5.3.24~1-c948]:main():compute-mfcc-feats.cc:173) Processed features for key p231_037
VLOG[2] (compute-mfcc-feats[5.3.24~1-c948]:main():compute-mfcc-feats.cc:173) Processed features for key p231_038
VLOG[2] (compute-mfcc-feats[5.3.24~1-c948]:main():compute-mfcc-feats.cc:173) Processed features for key p231_039
VLOG[2] (compute-mfcc-feats[5.3.24~1-c948]:main():compute-mfcc-feats.cc:173) Processed features for key p231_040
VLOG[2] (compute-mfcc-feats[5.3.24~1-c948]:main():compute-mfcc-feats.cc:173) Processed features for key p231_041
VLOG[2] (compute-mfcc-feats[5.3.24~1-c948]:main():compute-mfcc-feats.cc:173) Processed features for key p231_042
VLOG[2] (compute-mfcc-feats[5.3.24~1-c948]:main():compute-mfcc-feats.cc:173) Processed features for key p231_043
VLOG[2] (compute-mfcc-feats[5.3.24~1-c948]:main():compute-mfcc-feats.cc:173) Processed features for key p231_044
VLOG[2] (compute-mfcc-feats[5.3.24~1-c948]:main():compute-mfcc-feats.cc:173) Processed features for key p231_045
VLOG[2] (compute-mfcc-feats[5.3.24~1-c948]:main():compute-mfcc-feats.cc:173) Processed features for key p231_046
LOG (compute-mfcc-feats[5.3.24~1-c948]:main():compute-mfcc-feats.cc:172) Processed 180 utterances
VLOG[2] (compute-mfcc-feats[5.3.24~1-c948]:main():compute-mfcc-feats.cc:173) Processed features for key p231_047
VLOG[2] (compute-mfcc-feats[5.3.24~1-c948]:main():compute-mfcc-feats.cc:173) Processed features for key p231_048
VLOG[2] (compute-mfcc-feats[5.3.24~1-c948]:main():compute-mfcc-feats.cc:173) Processed features for key p231_049
VLOG[2] (compute-mfcc-feats[5.3.24~1-c948]:main():compute-mfcc-feats.cc:173) Processed features for key p231_050
VLOG[2] (compute-mfcc-feats[5.3.24~1-c948]:main():compute-mfcc-feats.cc:173) Processed features for key p231_051
VLOG[2] (compute-mfcc-feats[5.3.24~1-c948]:main():compute-mfcc-feats.cc:173) Processed features for key p231_052
VLOG[2] (compute-mfcc-feats[5.3.24~1-c948]:main():compute-mfcc-feats.cc:173) Processed features for key p231_053
VLOG[2] (compute-mfcc-feats[5.3.24~1-c948]:main():compute-mfcc-feats.cc:173) Processed features for key p231_054
VLOG[2] (compute-mfcc-feats[5.3.24~1-c948]:main():compute-mfcc-feats.cc:173) Processed features for key p231_055
VLOG[2] (compute-mfcc-feats[5.3.24~1-c948]:main():compute-mfcc-feats.cc:173) Processed features for key p231_056
LOG (compute-mfcc-feats[5.3.24~1-c948]:main():compute-mfcc-feats.cc:172) Processed 190 utterances
VLOG[2] (compute-mfcc-feats[5.3.24~1-c948]:main():compute-mfcc-feats.cc:173) Processed features for key p231_057
VLOG[2] (compute-mfcc-feats[5.3.24~1-c948]:main():compute-mfcc-feats.cc:173) Processed features for key p231_058
VLOG[2] (compute-mfcc-feats[5.3.24~1-c948]:main():compute-mfcc-feats.cc:173) Processed features for key p231_059
VLOG[2] (compute-mfcc-feats[5.3.24~1-c948]:main():compute-mfcc-feats.cc:173) Processed features for key p231_061
VLOG[2] (compute-mfcc-feats[5.3.24~1-c948]:main():compute-mfcc-feats.cc:173) Processed features for key p231_062
VLOG[2] (compute-mfcc-feats[5.3.24~1-c948]:main():compute-mfcc-feats.cc:173) Processed features for key p231_063
VLOG[2] (compute-mfcc-feats[5.3.24~1-c948]:main():compute-mfcc-feats.cc:173) Processed features for key p231_064
VLOG[2] (compute-mfcc-feats[5.3.24~1-c948]:main():compute-mfcc-feats.cc:173) Processed features for key p231_065
VLOG[2] (compute-mfcc-feats[5.3.24~1-c948]:main():compute-mfcc-feats.cc:173) Processed features for key p231_066
VLOG[2] (compute-mfcc-feats[5.3.24~1-c948]:main():compute-mfcc-feats.cc:173) Processed features for key p231_067
LOG (compute-mfcc-feats[5.3.24~1-c948]:main():compute-mfcc-feats.cc:172) Processed 200 utterances
VLOG[2] (compute-mfcc-feats[5.3.24~1-c948]:main():compute-mfcc-feats.cc:173) Processed features for key p231_068
VLOG[2] (compute-mfcc-feats[5.3.24~1-c948]:main():compute-mfcc-feats.cc:173) Processed features for key p231_069
VLOG[2] (compute-mfcc-feats[5.3.24~1-c948]:main():compute-mfcc-feats.cc:173) Processed features for key p231_070
VLOG[2] (compute-mfcc-feats[5.3.24~1-c948]:main():compute-mfcc-feats.cc:173) Processed features for key p231_071
VLOG[2] (compute-mfcc-feats[5.3.24~1-c948]:main():compute-mfcc-feats.cc:173) Processed features for key p231_072
VLOG[2] (compute-mfcc-feats[5.3.24~1-c948]:main():compute-mfcc-feats.cc:173) Processed features for key p231_073
VLOG[2] (compute-mfcc-feats[5.3.24~1-c948]:main():compute-mfcc-feats.cc:173) Processed features for key p231_074
VLOG[2] (compute-mfcc-feats[5.3.24~1-c948]:main():compute-mfcc-feats.cc:173) Processed features for key p231_076
VLOG[2] (compute-mfcc-feats[5.3.24~1-c948]:main():compute-mfcc-feats.cc:173) Processed features for key p231_078
VLOG[2] (compute-mfcc-feats[5.3.24~1-c948]:main():compute-mfcc-feats.cc:173) Processed features for key p231_079
LOG (compute-mfcc-feats[5.3.24~1-c948]:main():compute-mfcc-feats.cc:172) Processed 210 utterances
VLOG[2] (compute-mfcc-feats[5.3.24~1-c948]:main():compute-mfcc-feats.cc:173) Processed features for key p231_080
VLOG[2] (compute-mfcc-feats[5.3.24~1-c948]:main():compute-mfcc-feats.cc:173) Processed features for key p231_081
VLOG[2] (compute-mfcc-feats[5.3.24~1-c948]:main():compute-mfcc-feats.cc:173) Processed features for key p231_082
VLOG[2] (compute-mfcc-feats[5.3.24~1-c948]:main():compute-mfcc-feats.cc:173) Processed features for key p231_083
VLOG[2] (compute-mfcc-feats[5.3.24~1-c948]:main():compute-mfcc-feats.cc:173) Processed features for key p231_085
VLOG[2] (compute-mfcc-feats[5.3.24~1-c948]:main():compute-mfcc-feats.cc:173) Processed features for key p231_086
VLOG[2] (compute-mfcc-feats[5.3.24~1-c948]:main():compute-mfcc-feats.cc:173) Processed features for key p231_087
VLOG[2] (compute-mfcc-feats[5.3.24~1-c948]:main():compute-mfcc-feats.cc:173) Processed features for key p231_088
VLOG[2] (compute-mfcc-feats[5.3.24~1-c948]:main():compute-mfcc-feats.cc:173) Processed features for key p231_089
VLOG[2] (compute-mfcc-feats[5.3.24~1-c948]:main():compute-mfcc-feats.cc:173) Processed features for key p231_090
LOG (compute-mfcc-feats[5.3.24~1-c948]:main():compute-mfcc-feats.cc:172) Processed 220 utterances
VLOG[2] (compute-mfcc-feats[5.3.24~1-c948]:main():compute-mfcc-feats.cc:173) Processed features for key p231_091
VLOG[2] (compute-mfcc-feats[5.3.24~1-c948]:main():compute-mfcc-feats.cc:173) Processed features for key p231_092
VLOG[2] (compute-mfcc-feats[5.3.24~1-c948]:main():compute-mfcc-feats.cc:173) Processed features for key p231_093
VLOG[2] (compute-mfcc-feats[5.3.24~1-c948]:main():compute-mfcc-feats.cc:173) Processed features for key p231_094
VLOG[2] (compute-mfcc-feats[5.3.24~1-c948]:main():compute-mfcc-feats.cc:173) Processed features for key p231_095
VLOG[2] (compute-mfcc-feats[5.3.24~1-c948]:main():compute-mfcc-feats.cc:173) Processed features for key p231_097
VLOG[2] (compute-mfcc-feats[5.3.24~1-c948]:main():compute-mfcc-feats.cc:173) Processed features for key p231_098
VLOG[2] (compute-mfcc-feats[5.3.24~1-c948]:main():compute-mfcc-feats.cc:173) Processed features for key p231_099
VLOG[2] (compute-mfcc-feats[5.3.24~1-c948]:main():compute-mfcc-feats.cc:173) Processed features for key p231_100
VLOG[2] (compute-mfcc-feats[5.3.24~1-c948]:main():compute-mfcc-feats.cc:173) Processed features for key p231_101
LOG (compute-mfcc-feats[5.3.24~1-c948]:main():compute-mfcc-feats.cc:172) Processed 230 utterances
VLOG[2] (compute-mfcc-feats[5.3.24~1-c948]:main():compute-mfcc-feats.cc:173) Processed features for key p231_102
VLOG[2] (compute-mfcc-feats[5.3.24~1-c948]:main():compute-mfcc-feats.cc:173) Processed features for key p231_103
VLOG[2] (compute-mfcc-feats[5.3.24~1-c948]:main():compute-mfcc-feats.cc:173) Processed features for key p231_104
VLOG[2] (compute-mfcc-feats[5.3.24~1-c948]:main():compute-mfcc-feats.cc:173) Processed features for key p231_105
VLOG[2] (compute-mfcc-feats[5.3.24~1-c948]:main():compute-mfcc-feats.cc:173) Processed features for key p231_106
VLOG[2] (compute-mfcc-feats[5.3.24~1-c948]:main():compute-mfcc-feats.cc:173) Processed features for key p231_107
VLOG[2] (compute-mfcc-feats[5.3.24~1-c948]:main():compute-mfcc-feats.cc:173) Processed features for key p231_108
VLOG[2] (compute-mfcc-feats[5.3.24~1-c948]:main():compute-mfcc-feats.cc:173) Processed features for key p231_109
VLOG[2] (compute-mfcc-feats[5.3.24~1-c948]:main():compute-mfcc-feats.cc:173) Processed features for key p231_110
VLOG[2] (compute-mfcc-feats[5.3.24~1-c948]:main():compute-mfcc-feats.cc:173) Processed features for key p231_111
LOG (compute-mfcc-feats[5.3.24~1-c948]:main():compute-mfcc-feats.cc:172) Processed 240 utterances
VLOG[2] (compute-mfcc-feats[5.3.24~1-c948]:main():compute-mfcc-feats.cc:173) Processed features for key p231_112
VLOG[2] (compute-mfcc-feats[5.3.24~1-c948]:main():compute-mfcc-feats.cc:173) Processed features for key p231_113
VLOG[2] (compute-mfcc-feats[5.3.24~1-c948]:main():compute-mfcc-feats.cc:173) Processed features for key p231_114
VLOG[2] (compute-mfcc-feats[5.3.24~1-c948]:main():compute-mfcc-feats.cc:173) Processed features for key p231_115
VLOG[2] (compute-mfcc-feats[5.3.24~1-c948]:main():compute-mfcc-feats.cc:173) Processed features for key p231_116
VLOG[2] (compute-mfcc-feats[5.3.24~1-c948]:main():compute-mfcc-feats.cc:173) Processed features for key p231_117
VLOG[2] (compute-mfcc-feats[5.3.24~1-c948]:main():compute-mfcc-feats.cc:173) Processed features for key p231_118
VLOG[2] (compute-mfcc-feats[5.3.24~1-c948]:main():compute-mfcc-feats.cc:173) Processed features for key p231_119
VLOG[2] (compute-mfcc-feats[5.3.24~1-c948]:main():compute-mfcc-feats.cc:173) Processed features for key p231_120
VLOG[2] (compute-mfcc-feats[5.3.24~1-c948]:main():compute-mfcc-feats.cc:173) Processed features for key p231_121
LOG (compute-mfcc-feats[5.3.24~1-c948]:main():compute-mfcc-feats.cc:172) Processed 250 utterances
VLOG[2] (compute-mfcc-feats[5.3.24~1-c948]:main():compute-mfcc-feats.cc:173) Processed features for key p231_122
VLOG[2] (compute-mfcc-feats[5.3.24~1-c948]:main():compute-mfcc-feats.cc:173) Processed features for key p231_123
VLOG[2] (compute-mfcc-feats[5.3.24~1-c948]:main():compute-mfcc-feats.cc:173) Processed features for key p231_124
VLOG[2] (compute-mfcc-feats[5.3.24~1-c948]:main():compute-mfcc-feats.cc:173) Processed features for key p231_125
VLOG[2] (compute-mfcc-feats[5.3.24~1-c948]:main():compute-mfcc-feats.cc:173) Processed features for key p231_126
VLOG[2] (compute-mfcc-feats[5.3.24~1-c948]:main():compute-mfcc-feats.cc:173) Processed features for key p231_127
VLOG[2] (compute-mfcc-feats[5.3.24~1-c948]:main():compute-mfcc-feats.cc:173) Processed features for key p231_128
VLOG[2] (compute-mfcc-feats[5.3.24~1-c948]:main():compute-mfcc-feats.cc:173) Processed features for key p231_129
VLOG[2] (compute-mfcc-feats[5.3.24~1-c948]:main():compute-mfcc-feats.cc:173) Processed features for key p231_130
VLOG[2] (compute-mfcc-feats[5.3.24~1-c948]:main():compute-mfcc-feats.cc:173) Processed features for key p231_131
LOG (compute-mfcc-feats[5.3.24~1-c948]:main():compute-mfcc-feats.cc:172) Processed 260 utterances
VLOG[2] (compute-mfcc-feats[5.3.24~1-c948]:main():compute-mfcc-feats.cc:173) Processed features for key p231_132
VLOG[2] (compute-mfcc-feats[5.3.24~1-c948]:main():compute-mfcc-feats.cc:173) Processed features for key p231_133
VLOG[2] (compute-mfcc-feats[5.3.24~1-c948]:main():compute-mfcc-feats.cc:173) Processed features for key p231_134
VLOG[2] (compute-mfcc-feats[5.3.24~1-c948]:main():compute-mfcc-feats.cc:173) Processed features for key p231_135
VLOG[2] (compute-mfcc-feats[5.3.24~1-c948]:main():compute-mfcc-feats.cc:173) Processed features for key p231_136
VLOG[2] (compute-mfcc-feats[5.3.24~1-c948]:main():compute-mfcc-feats.cc:173) Processed features for key p231_137
VLOG[2] (compute-mfcc-feats[5.3.24~1-c948]:main():compute-mfcc-feats.cc:173) Processed features for key p231_138
VLOG[2] (compute-mfcc-feats[5.3.24~1-c948]:main():compute-mfcc-feats.cc:173) Processed features for key p231_139
VLOG[2] (compute-mfcc-feats[5.3.24~1-c948]:main():compute-mfcc-feats.cc:173) Processed features for key p231_140
VLOG[2] (compute-mfcc-feats[5.3.24~1-c948]:main():compute-mfcc-feats.cc:173) Processed features for key p231_141
LOG (compute-mfcc-feats[5.3.24~1-c948]:main():compute-mfcc-feats.cc:172) Processed 270 utterances
VLOG[2] (compute-mfcc-feats[5.3.24~1-c948]:main():compute-mfcc-feats.cc:173) Processed features for key p231_142
VLOG[2] (compute-mfcc-feats[5.3.24~1-c948]:main():compute-mfcc-feats.cc:173) Processed features for key p231_143
VLOG[2] (compute-mfcc-feats[5.3.24~1-c948]:main():compute-mfcc-feats.cc:173) Processed features for key p231_144
VLOG[2] (compute-mfcc-feats[5.3.24~1-c948]:main():compute-mfcc-feats.cc:173) Processed features for key p231_145
VLOG[2] (compute-mfcc-feats[5.3.24~1-c948]:main():compute-mfcc-feats.cc:173) Processed features for key p231_146
VLOG[2] (compute-mfcc-feats[5.3.24~1-c948]:main():compute-mfcc-feats.cc:173) Processed features for key p231_147
VLOG[2] (compute-mfcc-feats[5.3.24~1-c948]:main():compute-mfcc-feats.cc:173) Processed features for key p231_148
VLOG[2] (compute-mfcc-feats[5.3.24~1-c948]:main():compute-mfcc-feats.cc:173) Processed features for key p231_149
VLOG[2] (compute-mfcc-feats[5.3.24~1-c948]:main():compute-mfcc-feats.cc:173) Processed features for key p231_150
VLOG[2] (compute-mfcc-feats[5.3.24~1-c948]:main():compute-mfcc-feats.cc:173) Processed features for key p231_151
LOG (compute-mfcc-feats[5.3.24~1-c948]:main():compute-mfcc-feats.cc:172) Processed 280 utterances
VLOG[2] (compute-mfcc-feats[5.3.24~1-c948]:main():compute-mfcc-feats.cc:173) Processed features for key p231_152
VLOG[2] (compute-mfcc-feats[5.3.24~1-c948]:main():compute-mfcc-feats.cc:173) Processed features for key p231_153
VLOG[2] (compute-mfcc-feats[5.3.24~1-c948]:main():compute-mfcc-feats.cc:173) Processed features for key p231_154
VLOG[2] (compute-mfcc-feats[5.3.24~1-c948]:main():compute-mfcc-feats.cc:173) Processed features for key p231_155
VLOG[2] (compute-mfcc-feats[5.3.24~1-c948]:main():compute-mfcc-feats.cc:173) Processed features for key p231_156
VLOG[2] (compute-mfcc-feats[5.3.24~1-c948]:main():compute-mfcc-feats.cc:173) Processed features for key p231_157
VLOG[2] (compute-mfcc-feats[5.3.24~1-c948]:main():compute-mfcc-feats.cc:173) Processed features for key p231_158
VLOG[2] (compute-mfcc-feats[5.3.24~1-c948]:main():compute-mfcc-feats.cc:173) Processed features for key p231_159
VLOG[2] (compute-mfcc-feats[5.3.24~1-c948]:main():compute-mfcc-feats.cc:173) Processed features for key p231_160
VLOG[2] (compute-mfcc-feats[5.3.24~1-c948]:main():compute-mfcc-feats.cc:173) Processed features for key p231_161
LOG (compute-mfcc-feats[5.3.24~1-c948]:main():compute-mfcc-feats.cc:172) Processed 290 utterances
VLOG[2] (compute-mfcc-feats[5.3.24~1-c948]:main():compute-mfcc-feats.cc:173) Processed features for key p231_162
VLOG[2] (compute-mfcc-feats[5.3.24~1-c948]:main():compute-mfcc-feats.cc:173) Processed features for key p231_163
VLOG[2] (compute-mfcc-feats[5.3.24~1-c948]:main():compute-mfcc-feats.cc:173) Processed features for key p231_164
VLOG[2] (compute-mfcc-feats[5.3.24~1-c948]:main():compute-mfcc-feats.cc:173) Processed features for key p231_165
VLOG[2] (compute-mfcc-feats[5.3.24~1-c948]:main():compute-mfcc-feats.cc:173) Processed features for key p231_166
VLOG[2] (compute-mfcc-feats[5.3.24~1-c948]:main():compute-mfcc-feats.cc:173) Processed features for key p231_167
VLOG[2] (compute-mfcc-feats[5.3.24~1-c948]:main():compute-mfcc-feats.cc:173) Processed features for key p231_168
VLOG[2] (compute-mfcc-feats[5.3.24~1-c948]:main():compute-mfcc-feats.cc:173) Processed features for key p231_169
VLOG[2] (compute-mfcc-feats[5.3.24~1-c948]:main():compute-mfcc-feats.cc:173) Processed features for key p231_170
VLOG[2] (compute-mfcc-feats[5.3.24~1-c948]:main():compute-mfcc-feats.cc:173) Processed features for key p231_171
LOG (compute-mfcc-feats[5.3.24~1-c948]:main():compute-mfcc-feats.cc:172) Processed 300 utterances
VLOG[2] (compute-mfcc-feats[5.3.24~1-c948]:main():compute-mfcc-feats.cc:173) Processed features for key p231_172
VLOG[2] (compute-mfcc-feats[5.3.24~1-c948]:main():compute-mfcc-feats.cc:173) Processed features for key p231_173
VLOG[2] (compute-mfcc-feats[5.3.24~1-c948]:main():compute-mfcc-feats.cc:173) Processed features for key p231_174
VLOG[2] (compute-mfcc-feats[5.3.24~1-c948]:main():compute-mfcc-feats.cc:173) Processed features for key p231_175
VLOG[2] (compute-mfcc-feats[5.3.24~1-c948]:main():compute-mfcc-feats.cc:173) Processed features for key p231_176
VLOG[2] (compute-mfcc-feats[5.3.24~1-c948]:main():compute-mfcc-feats.cc:173) Processed features for key p231_177
VLOG[2] (compute-mfcc-feats[5.3.24~1-c948]:main():compute-mfcc-feats.cc:173) Processed features for key p231_178
VLOG[2] (compute-mfcc-feats[5.3.24~1-c948]:main():compute-mfcc-feats.cc:173) Processed features for key p231_179
VLOG[2] (compute-mfcc-feats[5.3.24~1-c948]:main():compute-mfcc-feats.cc:173) Processed features for key p231_180
VLOG[2] (compute-mfcc-feats[5.3.24~1-c948]:main():compute-mfcc-feats.cc:173) Processed features for key p231_181
LOG (compute-mfcc-feats[5.3.24~1-c948]:main():compute-mfcc-feats.cc:172) Processed 310 utterances
VLOG[2] (compute-mfcc-feats[5.3.24~1-c948]:main():compute-mfcc-feats.cc:173) Processed features for key p231_183
VLOG[2] (compute-mfcc-feats[5.3.24~1-c948]:main():compute-mfcc-feats.cc:173) Processed features for key p231_184
VLOG[2] (compute-mfcc-feats[5.3.24~1-c948]:main():compute-mfcc-feats.cc:173) Processed features for key p231_185
VLOG[2] (compute-mfcc-feats[5.3.24~1-c948]:main():compute-mfcc-feats.cc:173) Processed features for key p231_186
VLOG[2] (compute-mfcc-feats[5.3.24~1-c948]:main():compute-mfcc-feats.cc:173) Processed features for key p231_188
VLOG[2] (compute-mfcc-feats[5.3.24~1-c948]:main():compute-mfcc-feats.cc:173) Processed features for key p231_189
VLOG[2] (compute-mfcc-feats[5.3.24~1-c948]:main():compute-mfcc-feats.cc:173) Processed features for key p231_190
VLOG[2] (compute-mfcc-feats[5.3.24~1-c948]:main():compute-mfcc-feats.cc:173) Processed features for key p231_191
VLOG[2] (compute-mfcc-feats[5.3.24~1-c948]:main():compute-mfcc-feats.cc:173) Processed features for key p231_192
VLOG[2] (compute-mfcc-feats[5.3.24~1-c948]:main():compute-mfcc-feats.cc:173) Processed features for key p231_193
LOG (compute-mfcc-feats[5.3.24~1-c948]:main():compute-mfcc-feats.cc:172) Processed 320 utterances
VLOG[2] (compute-mfcc-feats[5.3.24~1-c948]:main():compute-mfcc-feats.cc:173) Processed features for key p231_194
VLOG[2] (compute-mfcc-feats[5.3.24~1-c948]:main():compute-mfcc-feats.cc:173) Processed features for key p231_195
VLOG[2] (compute-mfcc-feats[5.3.24~1-c948]:main():compute-mfcc-feats.cc:173) Processed features for key p231_196
VLOG[2] (compute-mfcc-feats[5.3.24~1-c948]:main():compute-mfcc-feats.cc:173) Processed features for key p231_197
VLOG[2] (compute-mfcc-feats[5.3.24~1-c948]:main():compute-mfcc-feats.cc:173) Processed features for key p231_198
VLOG[2] (compute-mfcc-feats[5.3.24~1-c948]:main():compute-mfcc-feats.cc:173) Processed features for key p231_199
VLOG[2] (compute-mfcc-feats[5.3.24~1-c948]:main():compute-mfcc-feats.cc:173) Processed features for key p231_200
VLOG[2] (compute-mfcc-feats[5.3.24~1-c948]:main():compute-mfcc-feats.cc:173) Processed features for key p231_201
VLOG[2] (compute-mfcc-feats[5.3.24~1-c948]:main():compute-mfcc-feats.cc:173) Processed features for key p231_202
VLOG[2] (compute-mfcc-feats[5.3.24~1-c948]:main():compute-mfcc-feats.cc:173) Processed features for key p231_203
LOG (compute-mfcc-feats[5.3.24~1-c948]:main():compute-mfcc-feats.cc:172) Processed 330 utterances
VLOG[2] (compute-mfcc-feats[5.3.24~1-c948]:main():compute-mfcc-feats.cc:173) Processed features for key p231_205
VLOG[2] (compute-mfcc-feats[5.3.24~1-c948]:main():compute-mfcc-feats.cc:173) Processed features for key p231_206
VLOG[2] (compute-mfcc-feats[5.3.24~1-c948]:main():compute-mfcc-feats.cc:173) Processed features for key p231_207
VLOG[2] (compute-mfcc-feats[5.3.24~1-c948]:main():compute-mfcc-feats.cc:173) Processed features for key p231_208
VLOG[2] (compute-mfcc-feats[5.3.24~1-c948]:main():compute-mfcc-feats.cc:173) Processed features for key p231_209
VLOG[2] (compute-mfcc-feats[5.3.24~1-c948]:main():compute-mfcc-feats.cc:173) Processed features for key p231_210
VLOG[2] (compute-mfcc-feats[5.3.24~1-c948]:main():compute-mfcc-feats.cc:173) Processed features for key p231_211
VLOG[2] (compute-mfcc-feats[5.3.24~1-c948]:main():compute-mfcc-feats.cc:173) Processed features for key p231_212
VLOG[2] (compute-mfcc-feats[5.3.24~1-c948]:main():compute-mfcc-feats.cc:173) Processed features for key p231_213
VLOG[2] (compute-mfcc-feats[5.3.24~1-c948]:main():compute-mfcc-feats.cc:173) Processed features for key p231_214
LOG (compute-mfcc-feats[5.3.24~1-c948]:main():compute-mfcc-feats.cc:172) Processed 340 utterances
VLOG[2] (compute-mfcc-feats[5.3.24~1-c948]:main():compute-mfcc-feats.cc:173) Processed features for key p231_215
VLOG[2] (compute-mfcc-feats[5.3.24~1-c948]:main():compute-mfcc-feats.cc:173) Processed features for key p231_216
VLOG[2] (compute-mfcc-feats[5.3.24~1-c948]:main():compute-mfcc-feats.cc:173) Processed features for key p231_217
VLOG[2] (compute-mfcc-feats[5.3.24~1-c948]:main():compute-mfcc-feats.cc:173) Processed features for key p231_218
VLOG[2] (compute-mfcc-feats[5.3.24~1-c948]:main():compute-mfcc-feats.cc:173) Processed features for key p231_219
VLOG[2] (compute-mfcc-feats[5.3.24~1-c948]:main():compute-mfcc-feats.cc:173) Processed features for key p231_220
VLOG[2] (compute-mfcc-feats[5.3.24~1-c948]:main():compute-mfcc-feats.cc:173) Processed features for key p231_221
VLOG[2] (compute-mfcc-feats[5.3.24~1-c948]:main():compute-mfcc-feats.cc:173) Processed features for key p231_222
VLOG[2] (compute-mfcc-feats[5.3.24~1-c948]:main():compute-mfcc-feats.cc:173) Processed features for key p231_223
VLOG[2] (compute-mfcc-feats[5.3.24~1-c948]:main():compute-mfcc-feats.cc:173) Processed features for key p231_224
LOG (compute-mfcc-feats[5.3.24~1-c948]:main():compute-mfcc-feats.cc:172) Processed 350 utterances
VLOG[2] (compute-mfcc-feats[5.3.24~1-c948]:main():compute-mfcc-feats.cc:173) Processed features for key p231_225
VLOG[2] (compute-mfcc-feats[5.3.24~1-c948]:main():compute-mfcc-feats.cc:173) Processed features for key p231_226
VLOG[2] (compute-mfcc-feats[5.3.24~1-c948]:main():compute-mfcc-feats.cc:173) Processed features for key p231_228
VLOG[2] (compute-mfcc-feats[5.3.24~1-c948]:main():compute-mfcc-feats.cc:173) Processed features for key p231_229
VLOG[2] (compute-mfcc-feats[5.3.24~1-c948]:main():compute-mfcc-feats.cc:173) Processed features for key p231_230
VLOG[2] (compute-mfcc-feats[5.3.24~1-c948]:main():compute-mfcc-feats.cc:173) Processed features for key p231_231
VLOG[2] (compute-mfcc-feats[5.3.24~1-c948]:main():compute-mfcc-feats.cc:173) Processed features for key p231_232
VLOG[2] (compute-mfcc-feats[5.3.24~1-c948]:main():compute-mfcc-feats.cc:173) Processed features for key p231_233
VLOG[2] (compute-mfcc-feats[5.3.24~1-c948]:main():compute-mfcc-feats.cc:173) Processed features for key p231_234
VLOG[2] (compute-mfcc-feats[5.3.24~1-c948]:main():compute-mfcc-feats.cc:173) Processed features for key p231_235
LOG (compute-mfcc-feats[5.3.24~1-c948]:main():compute-mfcc-feats.cc:172) Processed 360 utterances
VLOG[2] (compute-mfcc-feats[5.3.24~1-c948]:main():compute-mfcc-feats.cc:173) Processed features for key p231_236
VLOG[2] (compute-mfcc-feats[5.3.24~1-c948]:main():compute-mfcc-feats.cc:173) Processed features for key p231_237
VLOG[2] (compute-mfcc-feats[5.3.24~1-c948]:main():compute-mfcc-feats.cc:173) Processed features for key p231_238
VLOG[2] (compute-mfcc-feats[5.3.24~1-c948]:main():compute-mfcc-feats.cc:173) Processed features for key p231_239
VLOG[2] (compute-mfcc-feats[5.3.24~1-c948]:main():compute-mfcc-feats.cc:173) Processed features for key p231_240
VLOG[2] (compute-mfcc-feats[5.3.24~1-c948]:main():compute-mfcc-feats.cc:173) Processed features for key p231_241
VLOG[2] (compute-mfcc-feats[5.3.24~1-c948]:main():compute-mfcc-feats.cc:173) Processed features for key p231_242
VLOG[2] (compute-mfcc-feats[5.3.24~1-c948]:main():compute-mfcc-feats.cc:173) Processed features for key p231_243
VLOG[2] (compute-mfcc-feats[5.3.24~1-c948]:main():compute-mfcc-feats.cc:173) Processed features for key p231_244
VLOG[2] (compute-mfcc-feats[5.3.24~1-c948]:main():compute-mfcc-feats.cc:173) Processed features for key p231_245
LOG (compute-mfcc-feats[5.3.24~1-c948]:main():compute-mfcc-feats.cc:172) Processed 370 utterances
VLOG[2] (compute-mfcc-feats[5.3.24~1-c948]:main():compute-mfcc-feats.cc:173) Processed features for key p231_246
VLOG[2] (compute-mfcc-feats[5.3.24~1-c948]:main():compute-mfcc-feats.cc:173) Processed features for key p231_247
VLOG[2] (compute-mfcc-feats[5.3.24~1-c948]:main():compute-mfcc-feats.cc:173) Processed features for key p231_248
VLOG[2] (compute-mfcc-feats[5.3.24~1-c948]:main():compute-mfcc-feats.cc:173) Processed features for key p231_249
VLOG[2] (compute-mfcc-feats[5.3.24~1-c948]:main():compute-mfcc-feats.cc:173) Processed features for key p231_250
VLOG[2] (compute-mfcc-feats[5.3.24~1-c948]:main():compute-mfcc-feats.cc:173) Processed features for key p231_251
VLOG[2] (compute-mfcc-feats[5.3.24~1-c948]:main():compute-mfcc-feats.cc:173) Processed features for key p231_252
VLOG[2] (compute-mfcc-feats[5.3.24~1-c948]:main():compute-mfcc-feats.cc:173) Processed features for key p231_253
VLOG[2] (compute-mfcc-feats[5.3.24~1-c948]:main():compute-mfcc-feats.cc:173) Processed features for key p231_254
VLOG[2] (compute-mfcc-feats[5.3.24~1-c948]:main():compute-mfcc-feats.cc:173) Processed features for key p231_255
LOG (compute-mfcc-feats[5.3.24~1-c948]:main():compute-mfcc-feats.cc:172) Processed 380 utterances
VLOG[2] (compute-mfcc-feats[5.3.24~1-c948]:main():compute-mfcc-feats.cc:173) Processed features for key p231_256
VLOG[2] (compute-mfcc-feats[5.3.24~1-c948]:main():compute-mfcc-feats.cc:173) Processed features for key p231_257
VLOG[2] (compute-mfcc-feats[5.3.24~1-c948]:main():compute-mfcc-feats.cc:173) Processed features for key p231_258
VLOG[2] (compute-mfcc-feats[5.3.24~1-c948]:main():compute-mfcc-feats.cc:173) Processed features for key p231_259
VLOG[2] (compute-mfcc-feats[5.3.24~1-c948]:main():compute-mfcc-feats.cc:173) Processed features for key p231_260
VLOG[2] (compute-mfcc-feats[5.3.24~1-c948]:main():compute-mfcc-feats.cc:173) Processed features for key p231_261
VLOG[2] (compute-mfcc-feats[5.3.24~1-c948]:main():compute-mfcc-feats.cc:173) Processed features for key p231_262
VLOG[2] (compute-mfcc-feats[5.3.24~1-c948]:main():compute-mfcc-feats.cc:173) Processed features for key p231_263
VLOG[2] (compute-mfcc-feats[5.3.24~1-c948]:main():compute-mfcc-feats.cc:173) Processed features for key p231_264
VLOG[2] (compute-mfcc-feats[5.3.24~1-c948]:main():compute-mfcc-feats.cc:173) Processed features for key p231_265
LOG (compute-mfcc-feats[5.3.24~1-c948]:main():compute-mfcc-feats.cc:172) Processed 390 utterances
VLOG[2] (compute-mfcc-feats[5.3.24~1-c948]:main():compute-mfcc-feats.cc:173) Processed features for key p231_266
VLOG[2] (compute-mfcc-feats[5.3.24~1-c948]:main():compute-mfcc-feats.cc:173) Processed features for key p231_267
VLOG[2] (compute-mfcc-feats[5.3.24~1-c948]:main():compute-mfcc-feats.cc:173) Processed features for key p231_268
VLOG[2] (compute-mfcc-feats[5.3.24~1-c948]:main():compute-mfcc-feats.cc:173) Processed features for key p231_269
VLOG[2] (compute-mfcc-feats[5.3.24~1-c948]:main():compute-mfcc-feats.cc:173) Processed features for key p231_270
VLOG[2] (compute-mfcc-feats[5.3.24~1-c948]:main():compute-mfcc-feats.cc:173) Processed features for key p231_271
VLOG[2] (compute-mfcc-feats[5.3.24~1-c948]:main():compute-mfcc-feats.cc:173) Processed features for key p231_272
VLOG[2] (compute-mfcc-feats[5.3.24~1-c948]:main():compute-mfcc-feats.cc:173) Processed features for key p231_273
VLOG[2] (compute-mfcc-feats[5.3.24~1-c948]:main():compute-mfcc-feats.cc:173) Processed features for key p231_274
VLOG[2] (compute-mfcc-feats[5.3.24~1-c948]:main():compute-mfcc-feats.cc:173) Processed features for key p231_275
LOG (compute-mfcc-feats[5.3.24~1-c948]:main():compute-mfcc-feats.cc:172) Processed 400 utterances
VLOG[2] (compute-mfcc-feats[5.3.24~1-c948]:main():compute-mfcc-feats.cc:173) Processed features for key p231_276
VLOG[2] (compute-mfcc-feats[5.3.24~1-c948]:main():compute-mfcc-feats.cc:173) Processed features for key p231_277
VLOG[2] (compute-mfcc-feats[5.3.24~1-c948]:main():compute-mfcc-feats.cc:173) Processed features for key p231_278
VLOG[2] (compute-mfcc-feats[5.3.24~1-c948]:main():compute-mfcc-feats.cc:173) Processed features for key p231_279
VLOG[2] (compute-mfcc-feats[5.3.24~1-c948]:main():compute-mfcc-feats.cc:173) Processed features for key p231_280
VLOG[2] (compute-mfcc-feats[5.3.24~1-c948]:main():compute-mfcc-feats.cc:173) Processed features for key p231_281
VLOG[2] (compute-mfcc-feats[5.3.24~1-c948]:main():compute-mfcc-feats.cc:173) Processed features for key p231_282
VLOG[2] (compute-mfcc-feats[5.3.24~1-c948]:main():compute-mfcc-feats.cc:173) Processed features for key p231_283
VLOG[2] (compute-mfcc-feats[5.3.24~1-c948]:main():compute-mfcc-feats.cc:173) Processed features for key p231_284
VLOG[2] (compute-mfcc-feats[5.3.24~1-c948]:main():compute-mfcc-feats.cc:173) Processed features for key p231_285
LOG (compute-mfcc-feats[5.3.24~1-c948]:main():compute-mfcc-feats.cc:172) Processed 410 utterances
VLOG[2] (compute-mfcc-feats[5.3.24~1-c948]:main():compute-mfcc-feats.cc:173) Processed features for key p231_286
VLOG[2] (compute-mfcc-feats[5.3.24~1-c948]:main():compute-mfcc-feats.cc:173) Processed features for key p231_288
VLOG[2] (compute-mfcc-feats[5.3.24~1-c948]:main():compute-mfcc-feats.cc:173) Processed features for key p231_289
VLOG[2] (compute-mfcc-feats[5.3.24~1-c948]:main():compute-mfcc-feats.cc:173) Processed features for key p231_290
VLOG[2] (compute-mfcc-feats[5.3.24~1-c948]:main():compute-mfcc-feats.cc:173) Processed features for key p231_291
VLOG[2] (compute-mfcc-feats[5.3.24~1-c948]:main():compute-mfcc-feats.cc:173) Processed features for key p231_292
VLOG[2] (compute-mfcc-feats[5.3.24~1-c948]:main():compute-mfcc-feats.cc:173) Processed features for key p231_293
VLOG[2] (compute-mfcc-feats[5.3.24~1-c948]:main():compute-mfcc-feats.cc:173) Processed features for key p231_294
VLOG[2] (compute-mfcc-feats[5.3.24~1-c948]:main():compute-mfcc-feats.cc:173) Processed features for key p231_295
VLOG[2] (compute-mfcc-feats[5.3.24~1-c948]:main():compute-mfcc-feats.cc:173) Processed features for key p231_296
LOG (compute-mfcc-feats[5.3.24~1-c948]:main():compute-mfcc-feats.cc:172) Processed 420 utterances
VLOG[2] (compute-mfcc-feats[5.3.24~1-c948]:main():compute-mfcc-feats.cc:173) Processed features for key p231_297
VLOG[2] (compute-mfcc-feats[5.3.24~1-c948]:main():compute-mfcc-feats.cc:173) Processed features for key p231_298
VLOG[2] (compute-mfcc-feats[5.3.24~1-c948]:main():compute-mfcc-feats.cc:173) Processed features for key p231_299
VLOG[2] (compute-mfcc-feats[5.3.24~1-c948]:main():compute-mfcc-feats.cc:173) Processed features for key p231_300
VLOG[2] (compute-mfcc-feats[5.3.24~1-c948]:main():compute-mfcc-feats.cc:173) Processed features for key p231_301
VLOG[2] (compute-mfcc-feats[5.3.24~1-c948]:main():compute-mfcc-feats.cc:173) Processed features for key p231_302
VLOG[2] (compute-mfcc-feats[5.3.24~1-c948]:main():compute-mfcc-feats.cc:173) Processed features for key p231_303
VLOG[2] (compute-mfcc-feats[5.3.24~1-c948]:main():compute-mfcc-feats.cc:173) Processed features for key p231_304
VLOG[2] (compute-mfcc-feats[5.3.24~1-c948]:main():compute-mfcc-feats.cc:173) Processed features for key p231_305
VLOG[2] (compute-mfcc-feats[5.3.24~1-c948]:main():compute-mfcc-feats.cc:173) Processed features for key p231_307
LOG (compute-mfcc-feats[5.3.24~1-c948]:main():compute-mfcc-feats.cc:172) Processed 430 utterances
VLOG[2] (compute-mfcc-feats[5.3.24~1-c948]:main():compute-mfcc-feats.cc:173) Processed features for key p231_308
VLOG[2] (compute-mfcc-feats[5.3.24~1-c948]:main():compute-mfcc-feats.cc:173) Processed features for key p231_309
VLOG[2] (compute-mfcc-feats[5.3.24~1-c948]:main():compute-mfcc-feats.cc:173) Processed features for key p231_310
VLOG[2] (compute-mfcc-feats[5.3.24~1-c948]:main():compute-mfcc-feats.cc:173) Processed features for key p231_312
VLOG[2] (compute-mfcc-feats[5.3.24~1-c948]:main():compute-mfcc-feats.cc:173) Processed features for key p231_313
VLOG[2] (compute-mfcc-feats[5.3.24~1-c948]:main():compute-mfcc-feats.cc:173) Processed features for key p231_314
VLOG[2] (compute-mfcc-feats[5.3.24~1-c948]:main():compute-mfcc-feats.cc:173) Processed features for key p231_315
VLOG[2] (compute-mfcc-feats[5.3.24~1-c948]:main():compute-mfcc-feats.cc:173) Processed features for key p231_316
VLOG[2] (compute-mfcc-feats[5.3.24~1-c948]:main():compute-mfcc-feats.cc:173) Processed features for key p231_317
VLOG[2] (compute-mfcc-feats[5.3.24~1-c948]:main():compute-mfcc-feats.cc:173) Processed features for key p231_318
LOG (compute-mfcc-feats[5.3.24~1-c948]:main():compute-mfcc-feats.cc:172) Processed 440 utterances
VLOG[2] (compute-mfcc-feats[5.3.24~1-c948]:main():compute-mfcc-feats.cc:173) Processed features for key p231_319
VLOG[2] (compute-mfcc-feats[5.3.24~1-c948]:main():compute-mfcc-feats.cc:173) Processed features for key p231_320
VLOG[2] (compute-mfcc-feats[5.3.24~1-c948]:main():compute-mfcc-feats.cc:173) Processed features for key p231_322
VLOG[2] (compute-mfcc-feats[5.3.24~1-c948]:main():compute-mfcc-feats.cc:173) Processed features for key p231_323
VLOG[2] (compute-mfcc-feats[5.3.24~1-c948]:main():compute-mfcc-feats.cc:173) Processed features for key p231_324
VLOG[2] (compute-mfcc-feats[5.3.24~1-c948]:main():compute-mfcc-feats.cc:173) Processed features for key p231_325
VLOG[2] (compute-mfcc-feats[5.3.24~1-c948]:main():compute-mfcc-feats.cc:173) Processed features for key p231_326
VLOG[2] (compute-mfcc-feats[5.3.24~1-c948]:main():compute-mfcc-feats.cc:173) Processed features for key p231_327
VLOG[2] (compute-mfcc-feats[5.3.24~1-c948]:main():compute-mfcc-feats.cc:173) Processed features for key p231_328
VLOG[2] (compute-mfcc-feats[5.3.24~1-c948]:main():compute-mfcc-feats.cc:173) Processed features for key p231_329
LOG (compute-mfcc-feats[5.3.24~1-c948]:main():compute-mfcc-feats.cc:172) Processed 450 utterances
VLOG[2] (compute-mfcc-feats[5.3.24~1-c948]:main():compute-mfcc-feats.cc:173) Processed features for key p231_330
VLOG[2] (compute-mfcc-feats[5.3.24~1-c948]:main():compute-mfcc-feats.cc:173) Processed features for key p231_331
VLOG[2] (compute-mfcc-feats[5.3.24~1-c948]:main():compute-mfcc-feats.cc:173) Processed features for key p231_332
VLOG[2] (compute-mfcc-feats[5.3.24~1-c948]:main():compute-mfcc-feats.cc:173) Processed features for key p231_333
VLOG[2] (compute-mfcc-feats[5.3.24~1-c948]:main():compute-mfcc-feats.cc:173) Processed features for key p231_334
VLOG[2] (compute-mfcc-feats[5.3.24~1-c948]:main():compute-mfcc-feats.cc:173) Processed features for key p231_336
VLOG[2] (compute-mfcc-feats[5.3.24~1-c948]:main():compute-mfcc-feats.cc:173) Processed features for key p231_337
VLOG[2] (compute-mfcc-feats[5.3.24~1-c948]:main():compute-mfcc-feats.cc:173) Processed features for key p231_338
VLOG[2] (compute-mfcc-feats[5.3.24~1-c948]:main():compute-mfcc-feats.cc:173) Processed features for key p231_339
VLOG[2] (compute-mfcc-feats[5.3.24~1-c948]:main():compute-mfcc-feats.cc:173) Processed features for key p231_340
LOG (compute-mfcc-feats[5.3.24~1-c948]:main():compute-mfcc-feats.cc:172) Processed 460 utterances
VLOG[2] (compute-mfcc-feats[5.3.24~1-c948]:main():compute-mfcc-feats.cc:173) Processed features for key p231_341
VLOG[2] (compute-mfcc-feats[5.3.24~1-c948]:main():compute-mfcc-feats.cc:173) Processed features for key p231_342
VLOG[2] (compute-mfcc-feats[5.3.24~1-c948]:main():compute-mfcc-feats.cc:173) Processed features for key p231_343
VLOG[2] (compute-mfcc-feats[5.3.24~1-c948]:main():compute-mfcc-feats.cc:173) Processed features for key p231_344
VLOG[2] (compute-mfcc-feats[5.3.24~1-c948]:main():compute-mfcc-feats.cc:173) Processed features for key p231_345
VLOG[2] (compute-mfcc-feats[5.3.24~1-c948]:main():compute-mfcc-feats.cc:173) Processed features for key p231_346
VLOG[2] (compute-mfcc-feats[5.3.24~1-c948]:main():compute-mfcc-feats.cc:173) Processed features for key p231_347
VLOG[2] (compute-mfcc-feats[5.3.24~1-c948]:main():compute-mfcc-feats.cc:173) Processed features for key p231_348
VLOG[2] (compute-mfcc-feats[5.3.24~1-c948]:main():compute-mfcc-feats.cc:173) Processed features for key p231_349
VLOG[2] (compute-mfcc-feats[5.3.24~1-c948]:main():compute-mfcc-feats.cc:173) Processed features for key p231_350
LOG (compute-mfcc-feats[5.3.24~1-c948]:main():compute-mfcc-feats.cc:172) Processed 470 utterances
VLOG[2] (compute-mfcc-feats[5.3.24~1-c948]:main():compute-mfcc-feats.cc:173) Processed features for key p231_351
VLOG[2] (compute-mfcc-feats[5.3.24~1-c948]:main():compute-mfcc-feats.cc:173) Processed features for key p231_352
VLOG[2] (compute-mfcc-feats[5.3.24~1-c948]:main():compute-mfcc-feats.cc:173) Processed features for key p231_353
VLOG[2] (compute-mfcc-feats[5.3.24~1-c948]:main():compute-mfcc-feats.cc:173) Processed features for key p231_354
VLOG[2] (compute-mfcc-feats[5.3.24~1-c948]:main():compute-mfcc-feats.cc:173) Processed features for key p231_355
VLOG[2] (compute-mfcc-feats[5.3.24~1-c948]:main():compute-mfcc-feats.cc:173) Processed features for key p231_357
VLOG[2] (compute-mfcc-feats[5.3.24~1-c948]:main():compute-mfcc-feats.cc:173) Processed features for key p231_358
VLOG[2] (compute-mfcc-feats[5.3.24~1-c948]:main():compute-mfcc-feats.cc:173) Processed features for key p231_359
VLOG[2] (compute-mfcc-feats[5.3.24~1-c948]:main():compute-mfcc-feats.cc:173) Processed features for key p231_360
VLOG[2] (compute-mfcc-feats[5.3.24~1-c948]:main():compute-mfcc-feats.cc:173) Processed features for key p231_361
LOG (compute-mfcc-feats[5.3.24~1-c948]:main():compute-mfcc-feats.cc:172) Processed 480 utterances
VLOG[2] (compute-mfcc-feats[5.3.24~1-c948]:main():compute-mfcc-feats.cc:173) Processed features for key p231_362
VLOG[2] (compute-mfcc-feats[5.3.24~1-c948]:main():compute-mfcc-feats.cc:173) Processed features for key p231_363
VLOG[2] (compute-mfcc-feats[5.3.24~1-c948]:main():compute-mfcc-feats.cc:173) Processed features for key p231_364
VLOG[2] (compute-mfcc-feats[5.3.24~1-c948]:main():compute-mfcc-feats.cc:173) Processed features for key p231_365
VLOG[2] (compute-mfcc-feats[5.3.24~1-c948]:main():compute-mfcc-feats.cc:173) Processed features for key p231_366
VLOG[2] (compute-mfcc-feats[5.3.24~1-c948]:main():compute-mfcc-feats.cc:173) Processed features for key p231_367
VLOG[2] (compute-mfcc-feats[5.3.24~1-c948]:main():compute-mfcc-feats.cc:173) Processed features for key p231_368
VLOG[2] (compute-mfcc-feats[5.3.24~1-c948]:main():compute-mfcc-feats.cc:173) Processed features for key p231_369
VLOG[2] (compute-mfcc-feats[5.3.24~1-c948]:main():compute-mfcc-feats.cc:173) Processed features for key p231_370
VLOG[2] (compute-mfcc-feats[5.3.24~1-c948]:main():compute-mfcc-feats.cc:173) Processed features for key p231_371
LOG (compute-mfcc-feats[5.3.24~1-c948]:main():compute-mfcc-feats.cc:172) Processed 490 utterances
VLOG[2] (compute-mfcc-feats[5.3.24~1-c948]:main():compute-mfcc-feats.cc:173) Processed features for key p231_372
VLOG[2] (compute-mfcc-feats[5.3.24~1-c948]:main():compute-mfcc-feats.cc:173) Processed features for key p231_373
VLOG[2] (compute-mfcc-feats[5.3.24~1-c948]:main():compute-mfcc-feats.cc:173) Processed features for key p231_374
VLOG[2] (compute-mfcc-feats[5.3.24~1-c948]:main():compute-mfcc-feats.cc:173) Processed features for key p231_375
VLOG[2] (compute-mfcc-feats[5.3.24~1-c948]:main():compute-mfcc-feats.cc:173) Processed features for key p231_376
VLOG[2] (compute-mfcc-feats[5.3.24~1-c948]:main():compute-mfcc-feats.cc:173) Processed features for key p231_377
VLOG[2] (compute-mfcc-feats[5.3.24~1-c948]:main():compute-mfcc-feats.cc:173) Processed features for key p231_378
VLOG[2] (compute-mfcc-feats[5.3.24~1-c948]:main():compute-mfcc-feats.cc:173) Processed features for key p231_379
VLOG[2] (compute-mfcc-feats[5.3.24~1-c948]:main():compute-mfcc-feats.cc:173) Processed features for key p231_380
VLOG[2] (compute-mfcc-feats[5.3.24~1-c948]:main():compute-mfcc-feats.cc:173) Processed features for key p231_381
LOG (compute-mfcc-feats[5.3.24~1-c948]:main():compute-mfcc-feats.cc:172) Processed 500 utterances
VLOG[2] (compute-mfcc-feats[5.3.24~1-c948]:main():compute-mfcc-feats.cc:173) Processed features for key p231_382
VLOG[2] (compute-mfcc-feats[5.3.24~1-c948]:main():compute-mfcc-feats.cc:173) Processed features for key p231_383
VLOG[2] (compute-mfcc-feats[5.3.24~1-c948]:main():compute-mfcc-feats.cc:173) Processed features for key p231_384
VLOG[2] (compute-mfcc-feats[5.3.24~1-c948]:main():compute-mfcc-feats.cc:173) Processed features for key p231_385
VLOG[2] (compute-mfcc-feats[5.3.24~1-c948]:main():compute-mfcc-feats.cc:173) Processed features for key p231_386
VLOG[2] (compute-mfcc-feats[5.3.24~1-c948]:main():compute-mfcc-feats.cc:173) Processed features for key p231_387
VLOG[2] (compute-mfcc-feats[5.3.24~1-c948]:main():compute-mfcc-feats.cc:173) Processed features for key p231_388
VLOG[2] (compute-mfcc-feats[5.3.24~1-c948]:main():compute-mfcc-feats.cc:173) Processed features for key p231_389
VLOG[2] (compute-mfcc-feats[5.3.24~1-c948]:main():compute-mfcc-feats.cc:173) Processed features for key p231_390
VLOG[2] (compute-mfcc-feats[5.3.24~1-c948]:main():compute-mfcc-feats.cc:173) Processed features for key p231_391
LOG (compute-mfcc-feats[5.3.24~1-c948]:main():compute-mfcc-feats.cc:172) Processed 510 utterances
VLOG[2] (compute-mfcc-feats[5.3.24~1-c948]:main():compute-mfcc-feats.cc:173) Processed features for key p231_392
VLOG[2] (compute-mfcc-feats[5.3.24~1-c948]:main():compute-mfcc-feats.cc:173) Processed features for key p231_393
VLOG[2] (compute-mfcc-feats[5.3.24~1-c948]:main():compute-mfcc-feats.cc:173) Processed features for key p231_394
VLOG[2] (compute-mfcc-feats[5.3.24~1-c948]:main():compute-mfcc-feats.cc:173) Processed features for key p231_395
VLOG[2] (compute-mfcc-feats[5.3.24~1-c948]:main():compute-mfcc-feats.cc:173) Processed features for key p231_396
VLOG[2] (compute-mfcc-feats[5.3.24~1-c948]:main():compute-mfcc-feats.cc:173) Processed features for key p231_397
VLOG[2] (compute-mfcc-feats[5.3.24~1-c948]:main():compute-mfcc-feats.cc:173) Processed features for key p231_398
VLOG[2] (compute-mfcc-feats[5.3.24~1-c948]:main():compute-mfcc-feats.cc:173) Processed features for key p231_399
VLOG[2] (compute-mfcc-feats[5.3.24~1-c948]:main():compute-mfcc-feats.cc:173) Processed features for key p231_400
VLOG[2] (compute-mfcc-feats[5.3.24~1-c948]:main():compute-mfcc-feats.cc:173) Processed features for key p231_401
LOG (compute-mfcc-feats[5.3.24~1-c948]:main():compute-mfcc-feats.cc:172) Processed 520 utterances
VLOG[2] (compute-mfcc-feats[5.3.24~1-c948]:main():compute-mfcc-feats.cc:173) Processed features for key p231_402
VLOG[2] (compute-mfcc-feats[5.3.24~1-c948]:main():compute-mfcc-feats.cc:173) Processed features for key p231_403
VLOG[2] (compute-mfcc-feats[5.3.24~1-c948]:main():compute-mfcc-feats.cc:173) Processed features for key p231_404
VLOG[2] (compute-mfcc-feats[5.3.24~1-c948]:main():compute-mfcc-feats.cc:173) Processed features for key p231_405
VLOG[2] (compute-mfcc-feats[5.3.24~1-c948]:main():compute-mfcc-feats.cc:173) Processed features for key p231_406
VLOG[2] (compute-mfcc-feats[5.3.24~1-c948]:main():compute-mfcc-feats.cc:173) Processed features for key p231_407
VLOG[2] (compute-mfcc-feats[5.3.24~1-c948]:main():compute-mfcc-feats.cc:173) Processed features for key p231_408
VLOG[2] (compute-mfcc-feats[5.3.24~1-c948]:main():compute-mfcc-feats.cc:173) Processed features for key p231_409
VLOG[2] (compute-mfcc-feats[5.3.24~1-c948]:main():compute-mfcc-feats.cc:173) Processed features for key p231_411
VLOG[2] (compute-mfcc-feats[5.3.24~1-c948]:main():compute-mfcc-feats.cc:173) Processed features for key p231_412
LOG (compute-mfcc-feats[5.3.24~1-c948]:main():compute-mfcc-feats.cc:172) Processed 530 utterances
VLOG[2] (compute-mfcc-feats[5.3.24~1-c948]:main():compute-mfcc-feats.cc:173) Processed features for key p231_414
VLOG[2] (compute-mfcc-feats[5.3.24~1-c948]:main():compute-mfcc-feats.cc:173) Processed features for key p231_415
VLOG[2] (compute-mfcc-feats[5.3.24~1-c948]:main():compute-mfcc-feats.cc:173) Processed features for key p231_416
VLOG[2] (compute-mfcc-feats[5.3.24~1-c948]:main():compute-mfcc-feats.cc:173) Processed features for key p231_417
VLOG[2] (compute-mfcc-feats[5.3.24~1-c948]:main():compute-mfcc-feats.cc:173) Processed features for key p231_418
VLOG[2] (compute-mfcc-feats[5.3.24~1-c948]:main():compute-mfcc-feats.cc:173) Processed features for key p231_419
VLOG[2] (compute-mfcc-feats[5.3.24~1-c948]:main():compute-mfcc-feats.cc:173) Processed features for key p231_420
VLOG[2] (compute-mfcc-feats[5.3.24~1-c948]:main():compute-mfcc-feats.cc:173) Processed features for key p231_421
VLOG[2] (compute-mfcc-feats[5.3.24~1-c948]:main():compute-mfcc-feats.cc:173) Processed features for key p231_422
VLOG[2] (compute-mfcc-feats[5.3.24~1-c948]:main():compute-mfcc-feats.cc:173) Processed features for key p231_423
LOG (compute-mfcc-feats[5.3.24~1-c948]:main():compute-mfcc-feats.cc:172) Processed 540 utterances
VLOG[2] (compute-mfcc-feats[5.3.24~1-c948]:main():compute-mfcc-feats.cc:173) Processed features for key p231_424
VLOG[2] (compute-mfcc-feats[5.3.24~1-c948]:main():compute-mfcc-feats.cc:173) Processed features for key p231_426
VLOG[2] (compute-mfcc-feats[5.3.24~1-c948]:main():compute-mfcc-feats.cc:173) Processed features for key p231_427
VLOG[2] (compute-mfcc-feats[5.3.24~1-c948]:main():compute-mfcc-feats.cc:173) Processed features for key p231_428
VLOG[2] (compute-mfcc-feats[5.3.24~1-c948]:main():compute-mfcc-feats.cc:173) Processed features for key p231_429
VLOG[2] (compute-mfcc-feats[5.3.24~1-c948]:main():compute-mfcc-feats.cc:173) Processed features for key p231_430
VLOG[2] (compute-mfcc-feats[5.3.24~1-c948]:main():compute-mfcc-feats.cc:173) Processed features for key p231_431
VLOG[2] (compute-mfcc-feats[5.3.24~1-c948]:main():compute-mfcc-feats.cc:173) Processed features for key p231_432
VLOG[2] (compute-mfcc-feats[5.3.24~1-c948]:main():compute-mfcc-feats.cc:173) Processed features for key p231_433
VLOG[2] (compute-mfcc-feats[5.3.24~1-c948]:main():compute-mfcc-feats.cc:173) Processed features for key p231_434
LOG (compute-mfcc-feats[5.3.24~1-c948]:main():compute-mfcc-feats.cc:172) Processed 550 utterances
VLOG[2] (compute-mfcc-feats[5.3.24~1-c948]:main():compute-mfcc-feats.cc:173) Processed features for key p231_435
VLOG[2] (compute-mfcc-feats[5.3.24~1-c948]:main():compute-mfcc-feats.cc:173) Processed features for key p231_436
VLOG[2] (compute-mfcc-feats[5.3.24~1-c948]:main():compute-mfcc-feats.cc:173) Processed features for key p231_437
VLOG[2] (compute-mfcc-feats[5.3.24~1-c948]:main():compute-mfcc-feats.cc:173) Processed features for key p231_438
VLOG[2] (compute-mfcc-feats[5.3.24~1-c948]:main():compute-mfcc-feats.cc:173) Processed features for key p231_439
VLOG[2] (compute-mfcc-feats[5.3.24~1-c948]:main():compute-mfcc-feats.cc:173) Processed features for key p231_440
VLOG[2] (compute-mfcc-feats[5.3.24~1-c948]:main():compute-mfcc-feats.cc:173) Processed features for key p231_441
VLOG[2] (compute-mfcc-feats[5.3.24~1-c948]:main():compute-mfcc-feats.cc:173) Processed features for key p231_442
VLOG[2] (compute-mfcc-feats[5.3.24~1-c948]:main():compute-mfcc-feats.cc:173) Processed features for key p231_443
VLOG[2] (compute-mfcc-feats[5.3.24~1-c948]:main():compute-mfcc-feats.cc:173) Processed features for key p231_444
LOG (compute-mfcc-feats[5.3.24~1-c948]:main():compute-mfcc-feats.cc:172) Processed 560 utterances
VLOG[2] (compute-mfcc-feats[5.3.24~1-c948]:main():compute-mfcc-feats.cc:173) Processed features for key p231_445
VLOG[2] (compute-mfcc-feats[5.3.24~1-c948]:main():compute-mfcc-feats.cc:173) Processed features for key p231_446
VLOG[2] (compute-mfcc-feats[5.3.24~1-c948]:main():compute-mfcc-feats.cc:173) Processed features for key p231_447
VLOG[2] (compute-mfcc-feats[5.3.24~1-c948]:main():compute-mfcc-feats.cc:173) Processed features for key p231_448
VLOG[2] (compute-mfcc-feats[5.3.24~1-c948]:main():compute-mfcc-feats.cc:173) Processed features for key p231_449
VLOG[2] (compute-mfcc-feats[5.3.24~1-c948]:main():compute-mfcc-feats.cc:173) Processed features for key p231_450
VLOG[2] (compute-mfcc-feats[5.3.24~1-c948]:main():compute-mfcc-feats.cc:173) Processed features for key p231_451
VLOG[2] (compute-mfcc-feats[5.3.24~1-c948]:main():compute-mfcc-feats.cc:173) Processed features for key p231_452
VLOG[2] (compute-mfcc-feats[5.3.24~1-c948]:main():compute-mfcc-feats.cc:173) Processed features for key p231_453
VLOG[2] (compute-mfcc-feats[5.3.24~1-c948]:main():compute-mfcc-feats.cc:173) Processed features for key p231_454
LOG (compute-mfcc-feats[5.3.24~1-c948]:main():compute-mfcc-feats.cc:172) Processed 570 utterances
VLOG[2] (compute-mfcc-feats[5.3.24~1-c948]:main():compute-mfcc-feats.cc:173) Processed features for key p231_456
VLOG[2] (compute-mfcc-feats[5.3.24~1-c948]:main():compute-mfcc-feats.cc:173) Processed features for key p231_457
VLOG[2] (compute-mfcc-feats[5.3.24~1-c948]:main():compute-mfcc-feats.cc:173) Processed features for key p231_458
VLOG[2] (compute-mfcc-feats[5.3.24~1-c948]:main():compute-mfcc-feats.cc:173) Processed features for key p231_459
VLOG[2] (compute-mfcc-feats[5.3.24~1-c948]:main():compute-mfcc-feats.cc:173) Processed features for key p231_460
VLOG[2] (compute-mfcc-feats[5.3.24~1-c948]:main():compute-mfcc-feats.cc:173) Processed features for key p231_461
VLOG[2] (compute-mfcc-feats[5.3.24~1-c948]:main():compute-mfcc-feats.cc:173) Processed features for key p231_462
VLOG[2] (compute-mfcc-feats[5.3.24~1-c948]:main():compute-mfcc-feats.cc:173) Processed features for key p231_463
VLOG[2] (compute-mfcc-feats[5.3.24~1-c948]:main():compute-mfcc-feats.cc:173) Processed features for key p231_464
VLOG[2] (compute-mfcc-feats[5.3.24~1-c948]:main():compute-mfcc-feats.cc:173) Processed features for key p231_465
LOG (compute-mfcc-feats[5.3.24~1-c948]:main():compute-mfcc-feats.cc:172) Processed 580 utterances
VLOG[2] (compute-mfcc-feats[5.3.24~1-c948]:main():compute-mfcc-feats.cc:173) Processed features for key p231_466
VLOG[2] (compute-mfcc-feats[5.3.24~1-c948]:main():compute-mfcc-feats.cc:173) Processed features for key p231_467
VLOG[2] (compute-mfcc-feats[5.3.24~1-c948]:main():compute-mfcc-feats.cc:173) Processed features for key p231_468
VLOG[2] (compute-mfcc-feats[5.3.24~1-c948]:main():compute-mfcc-feats.cc:173) Processed features for key p231_469
VLOG[2] (compute-mfcc-feats[5.3.24~1-c948]:main():compute-mfcc-feats.cc:173) Processed features for key p231_470
VLOG[2] (compute-mfcc-feats[5.3.24~1-c948]:main():compute-mfcc-feats.cc:173) Processed features for key p231_471
VLOG[2] (compute-mfcc-feats[5.3.24~1-c948]:main():compute-mfcc-feats.cc:173) Processed features for key p231_472
VLOG[2] (compute-mfcc-feats[5.3.24~1-c948]:main():compute-mfcc-feats.cc:173) Processed features for key p231_473
VLOG[2] (compute-mfcc-feats[5.3.24~1-c948]:main():compute-mfcc-feats.cc:173) Processed features for key p231_474
VLOG[2] (compute-mfcc-feats[5.3.24~1-c948]:main():compute-mfcc-feats.cc:173) Processed features for key p231_475
LOG (compute-mfcc-feats[5.3.24~1-c948]:main():compute-mfcc-feats.cc:172) Processed 590 utterances
VLOG[2] (compute-mfcc-feats[5.3.24~1-c948]:main():compute-mfcc-feats.cc:173) Processed features for key p231_476
VLOG[2] (compute-mfcc-feats[5.3.24~1-c948]:main():compute-mfcc-feats.cc:173) Processed features for key p232_001
VLOG[2] (compute-mfcc-feats[5.3.24~1-c948]:main():compute-mfcc-feats.cc:173) Processed features for key p232_002
VLOG[2] (compute-mfcc-feats[5.3.24~1-c948]:main():compute-mfcc-feats.cc:173) Processed features for key p232_003
VLOG[2] (compute-mfcc-feats[5.3.24~1-c948]:main():compute-mfcc-feats.cc:173) Processed features for key p232_004
VLOG[2] (compute-mfcc-feats[5.3.24~1-c948]:main():compute-mfcc-feats.cc:173) Processed features for key p232_005
VLOG[2] (compute-mfcc-feats[5.3.24~1-c948]:main():compute-mfcc-feats.cc:173) Processed features for key p232_006
VLOG[2] (compute-mfcc-feats[5.3.24~1-c948]:main():compute-mfcc-feats.cc:173) Processed features for key p232_007
VLOG[2] (compute-mfcc-feats[5.3.24~1-c948]:main():compute-mfcc-feats.cc:173) Processed features for key p232_008
VLOG[2] (compute-mfcc-feats[5.3.24~1-c948]:main():compute-mfcc-feats.cc:173) Processed features for key p232_009
LOG (compute-mfcc-feats[5.3.24~1-c948]:main():compute-mfcc-feats.cc:172) Processed 600 utterances
VLOG[2] (compute-mfcc-feats[5.3.24~1-c948]:main():compute-mfcc-feats.cc:173) Processed features for key p232_010
VLOG[2] (compute-mfcc-feats[5.3.24~1-c948]:main():compute-mfcc-feats.cc:173) Processed features for key p232_011
VLOG[2] (compute-mfcc-feats[5.3.24~1-c948]:main():compute-mfcc-feats.cc:173) Processed features for key p232_012
VLOG[2] (compute-mfcc-feats[5.3.24~1-c948]:main():compute-mfcc-feats.cc:173) Processed features for key p232_013
VLOG[2] (compute-mfcc-feats[5.3.24~1-c948]:main():compute-mfcc-feats.cc:173) Processed features for key p232_014
VLOG[2] (compute-mfcc-feats[5.3.24~1-c948]:main():compute-mfcc-feats.cc:173) Processed features for key p232_015
VLOG[2] (compute-mfcc-feats[5.3.24~1-c948]:main():compute-mfcc-feats.cc:173) Processed features for key p232_016
VLOG[2] (compute-mfcc-feats[5.3.24~1-c948]:main():compute-mfcc-feats.cc:173) Processed features for key p232_017
VLOG[2] (compute-mfcc-feats[5.3.24~1-c948]:main():compute-mfcc-feats.cc:173) Processed features for key p232_018
VLOG[2] (compute-mfcc-feats[5.3.24~1-c948]:main():compute-mfcc-feats.cc:173) Processed features for key p232_019
LOG (compute-mfcc-feats[5.3.24~1-c948]:main():compute-mfcc-feats.cc:172) Processed 610 utterances
VLOG[2] (compute-mfcc-feats[5.3.24~1-c948]:main():compute-mfcc-feats.cc:173) Processed features for key p232_020
VLOG[2] (compute-mfcc-feats[5.3.24~1-c948]:main():compute-mfcc-feats.cc:173) Processed features for key p232_021
VLOG[2] (compute-mfcc-feats[5.3.24~1-c948]:main():compute-mfcc-feats.cc:173) Processed features for key p232_022
VLOG[2] (compute-mfcc-feats[5.3.24~1-c948]:main():compute-mfcc-feats.cc:173) Processed features for key p232_023
VLOG[2] (compute-mfcc-feats[5.3.24~1-c948]:main():compute-mfcc-feats.cc:173) Processed features for key p232_024
VLOG[2] (compute-mfcc-feats[5.3.24~1-c948]:main():compute-mfcc-feats.cc:173) Processed features for key p232_025
VLOG[2] (compute-mfcc-feats[5.3.24~1-c948]:main():compute-mfcc-feats.cc:173) Processed features for key p232_026
VLOG[2] (compute-mfcc-feats[5.3.24~1-c948]:main():compute-mfcc-feats.cc:173) Processed features for key p232_027
VLOG[2] (compute-mfcc-feats[5.3.24~1-c948]:main():compute-mfcc-feats.cc:173) Processed features for key p232_028
VLOG[2] (compute-mfcc-feats[5.3.24~1-c948]:main():compute-mfcc-feats.cc:173) Processed features for key p232_029
LOG (compute-mfcc-feats[5.3.24~1-c948]:main():compute-mfcc-feats.cc:172) Processed 620 utterances
VLOG[2] (compute-mfcc-feats[5.3.24~1-c948]:main():compute-mfcc-feats.cc:173) Processed features for key p232_030
VLOG[2] (compute-mfcc-feats[5.3.24~1-c948]:main():compute-mfcc-feats.cc:173) Processed features for key p232_031
VLOG[2] (compute-mfcc-feats[5.3.24~1-c948]:main():compute-mfcc-feats.cc:173) Processed features for key p232_032
VLOG[2] (compute-mfcc-feats[5.3.24~1-c948]:main():compute-mfcc-feats.cc:173) Processed features for key p232_033
VLOG[2] (compute-mfcc-feats[5.3.24~1-c948]:main():compute-mfcc-feats.cc:173) Processed features for key p232_034
VLOG[2] (compute-mfcc-feats[5.3.24~1-c948]:main():compute-mfcc-feats.cc:173) Processed features for key p232_035
VLOG[2] (compute-mfcc-feats[5.3.24~1-c948]:main():compute-mfcc-feats.cc:173) Processed features for key p232_036
VLOG[2] (compute-mfcc-feats[5.3.24~1-c948]:main():compute-mfcc-feats.cc:173) Processed features for key p232_037
VLOG[2] (compute-mfcc-feats[5.3.24~1-c948]:main():compute-mfcc-feats.cc:173) Processed features for key p232_038
VLOG[2] (compute-mfcc-feats[5.3.24~1-c948]:main():compute-mfcc-feats.cc:173) Processed features for key p232_039
LOG (compute-mfcc-feats[5.3.24~1-c948]:main():compute-mfcc-feats.cc:172) Processed 630 utterances
VLOG[2] (compute-mfcc-feats[5.3.24~1-c948]:main():compute-mfcc-feats.cc:173) Processed features for key p232_040
VLOG[2] (compute-mfcc-feats[5.3.24~1-c948]:main():compute-mfcc-feats.cc:173) Processed features for key p232_041
VLOG[2] (compute-mfcc-feats[5.3.24~1-c948]:main():compute-mfcc-feats.cc:173) Processed features for key p232_042
VLOG[2] (compute-mfcc-feats[5.3.24~1-c948]:main():compute-mfcc-feats.cc:173) Processed features for key p232_043
VLOG[2] (compute-mfcc-feats[5.3.24~1-c948]:main():compute-mfcc-feats.cc:173) Processed features for key p232_044
VLOG[2] (compute-mfcc-feats[5.3.24~1-c948]:main():compute-mfcc-feats.cc:173) Processed features for key p232_045
VLOG[2] (compute-mfcc-feats[5.3.24~1-c948]:main():compute-mfcc-feats.cc:173) Processed features for key p232_046
VLOG[2] (compute-mfcc-feats[5.3.24~1-c948]:main():compute-mfcc-feats.cc:173) Processed features for key p232_047
VLOG[2] (compute-mfcc-feats[5.3.24~1-c948]:main():compute-mfcc-feats.cc:173) Processed features for key p232_048
VLOG[2] (compute-mfcc-feats[5.3.24~1-c948]:main():compute-mfcc-feats.cc:173) Processed features for key p232_049
LOG (compute-mfcc-feats[5.3.24~1-c948]:main():compute-mfcc-feats.cc:172) Processed 640 utterances
VLOG[2] (compute-mfcc-feats[5.3.24~1-c948]:main():compute-mfcc-feats.cc:173) Processed features for key p232_050
VLOG[2] (compute-mfcc-feats[5.3.24~1-c948]:main():compute-mfcc-feats.cc:173) Processed features for key p232_051
VLOG[2] (compute-mfcc-feats[5.3.24~1-c948]:main():compute-mfcc-feats.cc:173) Processed features for key p232_052
VLOG[2] (compute-mfcc-feats[5.3.24~1-c948]:main():compute-mfcc-feats.cc:173) Processed features for key p232_053
VLOG[2] (compute-mfcc-feats[5.3.24~1-c948]:main():compute-mfcc-feats.cc:173) Processed features for key p232_054
VLOG[2] (compute-mfcc-feats[5.3.24~1-c948]:main():compute-mfcc-feats.cc:173) Processed features for key p232_055
VLOG[2] (compute-mfcc-feats[5.3.24~1-c948]:main():compute-mfcc-feats.cc:173) Processed features for key p232_056
VLOG[2] (compute-mfcc-feats[5.3.24~1-c948]:main():compute-mfcc-feats.cc:173) Processed features for key p232_057
VLOG[2] (compute-mfcc-feats[5.3.24~1-c948]:main():compute-mfcc-feats.cc:173) Processed features for key p232_058
VLOG[2] (compute-mfcc-feats[5.3.24~1-c948]:main():compute-mfcc-feats.cc:173) Processed features for key p232_059
LOG (compute-mfcc-feats[5.3.24~1-c948]:main():compute-mfcc-feats.cc:172) Processed 650 utterances
VLOG[2] (compute-mfcc-feats[5.3.24~1-c948]:main():compute-mfcc-feats.cc:173) Processed features for key p232_060
VLOG[2] (compute-mfcc-feats[5.3.24~1-c948]:main():compute-mfcc-feats.cc:173) Processed features for key p232_061
VLOG[2] (compute-mfcc-feats[5.3.24~1-c948]:main():compute-mfcc-feats.cc:173) Processed features for key p232_062
VLOG[2] (compute-mfcc-feats[5.3.24~1-c948]:main():compute-mfcc-feats.cc:173) Processed features for key p232_063
VLOG[2] (compute-mfcc-feats[5.3.24~1-c948]:main():compute-mfcc-feats.cc:173) Processed features for key p232_064
VLOG[2] (compute-mfcc-feats[5.3.24~1-c948]:main():compute-mfcc-feats.cc:173) Processed features for key p232_065
VLOG[2] (compute-mfcc-feats[5.3.24~1-c948]:main():compute-mfcc-feats.cc:173) Processed features for key p232_066
VLOG[2] (compute-mfcc-feats[5.3.24~1-c948]:main():compute-mfcc-feats.cc:173) Processed features for key p232_067
VLOG[2] (compute-mfcc-feats[5.3.24~1-c948]:main():compute-mfcc-feats.cc:173) Processed features for key p232_068
VLOG[2] (compute-mfcc-feats[5.3.24~1-c948]:main():compute-mfcc-feats.cc:173) Processed features for key p232_069
LOG (compute-mfcc-feats[5.3.24~1-c948]:main():compute-mfcc-feats.cc:172) Processed 660 utterances
VLOG[2] (compute-mfcc-feats[5.3.24~1-c948]:main():compute-mfcc-feats.cc:173) Processed features for key p232_070
VLOG[2] (compute-mfcc-feats[5.3.24~1-c948]:main():compute-mfcc-feats.cc:173) Processed features for key p232_071
LOG (compute-mfcc-feats[5.3.24~1-c948]:main():compute-mfcc-feats.cc:176)  Done 661 out of 661 utterances.
LOG (copy-feats[5.3.24~1-c948]:main():copy-feats.cc:143) Copied 661 feature matrices.
# Accounting: time=19 threads=1
# Ended (code 0) at Wed Jan  3 18:52:50 IST 2018, elapsed time 19 seconds
