# compute-mfcc-feats --verbose=2 --config=conf/mfcc.conf --allow_downsample=true scp,p:data/all_data/log/wav_all_data.2.scp ark:- | copy-feats --compress=true ark:- ark,scp:/media/Drive/kaldi/egs/vctk_british/s5/data/all_data/data/raw_mfcc_all_data.2.ark,/media/Drive/kaldi/egs/vctk_british/s5/data/all_data/data/raw_mfcc_all_data.2.scp 
# Started at Wed Jan  3 18:52:31 IST 2018
#
compute-mfcc-feats --verbose=2 --config=conf/mfcc.conf --allow_downsample=true scp,p:data/all_data/log/wav_all_data.2.scp ark:- 
copy-feats --compress=true ark:- ark,scp:/media/Drive/kaldi/egs/vctk_british/s5/data/all_data/data/raw_mfcc_all_data.2.ark,/media/Drive/kaldi/egs/vctk_british/s5/data/all_data/data/raw_mfcc_all_data.2.scp 
VLOG[2] (compute-mfcc-feats[5.3.24~1-c948]:main():compute-mfcc-feats.cc:173) Processed features for key p227_077
VLOG[2] (compute-mfcc-feats[5.3.24~1-c948]:main():compute-mfcc-feats.cc:173) Processed features for key p227_078
VLOG[2] (compute-mfcc-feats[5.3.24~1-c948]:main():compute-mfcc-feats.cc:173) Processed features for key p227_079
VLOG[2] (compute-mfcc-feats[5.3.24~1-c948]:main():compute-mfcc-feats.cc:173) Processed features for key p227_080
VLOG[2] (compute-mfcc-feats[5.3.24~1-c948]:main():compute-mfcc-feats.cc:173) Processed features for key p227_081
VLOG[2] (compute-mfcc-feats[5.3.24~1-c948]:main():compute-mfcc-feats.cc:173) Processed features for key p227_082
VLOG[2] (compute-mfcc-feats[5.3.24~1-c948]:main():compute-mfcc-feats.cc:173) Processed features for key p227_083
VLOG[2] (compute-mfcc-feats[5.3.24~1-c948]:main():compute-mfcc-feats.cc:173) Processed features for key p227_084
VLOG[2] (compute-mfcc-feats[5.3.24~1-c948]:main():compute-mfcc-feats.cc:173) Processed features for key p227_085
LOG (compute-mfcc-feats[5.3.24~1-c948]:main():compute-mfcc-feats.cc:172) Processed 10 utterances
VLOG[2] (compute-mfcc-feats[5.3.24~1-c948]:main():compute-mfcc-feats.cc:173) Processed features for key p227_086
VLOG[2] (compute-mfcc-feats[5.3.24~1-c948]:main():compute-mfcc-feats.cc:173) Processed features for key p227_087
VLOG[2] (compute-mfcc-feats[5.3.24~1-c948]:main():compute-mfcc-feats.cc:173) Processed features for key p227_088
VLOG[2] (compute-mfcc-feats[5.3.24~1-c948]:main():compute-mfcc-feats.cc:173) Processed features for key p227_089
VLOG[2] (compute-mfcc-feats[5.3.24~1-c948]:main():compute-mfcc-feats.cc:173) Processed features for key p227_090
VLOG[2] (compute-mfcc-feats[5.3.24~1-c948]:main():compute-mfcc-feats.cc:173) Processed features for key p227_091
VLOG[2] (compute-mfcc-feats[5.3.24~1-c948]:main():compute-mfcc-feats.cc:173) Processed features for key p227_092
VLOG[2] (compute-mfcc-feats[5.3.24~1-c948]:main():compute-mfcc-feats.cc:173) Processed features for key p227_093
VLOG[2] (compute-mfcc-feats[5.3.24~1-c948]:main():compute-mfcc-feats.cc:173) Processed features for key p227_094
VLOG[2] (compute-mfcc-feats[5.3.24~1-c948]:main():compute-mfcc-feats.cc:173) Processed features for key p227_095
LOG (compute-mfcc-feats[5.3.24~1-c948]:main():compute-mfcc-feats.cc:172) Processed 20 utterances
VLOG[2] (compute-mfcc-feats[5.3.24~1-c948]:main():compute-mfcc-feats.cc:173) Processed features for key p227_096
VLOG[2] (compute-mfcc-feats[5.3.24~1-c948]:main():compute-mfcc-feats.cc:173) Processed features for key p227_097
VLOG[2] (compute-mfcc-feats[5.3.24~1-c948]:main():compute-mfcc-feats.cc:173) Processed features for key p227_098
VLOG[2] (compute-mfcc-feats[5.3.24~1-c948]:main():compute-mfcc-feats.cc:173) Processed features for key p227_099
VLOG[2] (compute-mfcc-feats[5.3.24~1-c948]:main():compute-mfcc-feats.cc:173) Processed features for key p227_100
VLOG[2] (compute-mfcc-feats[5.3.24~1-c948]:main():compute-mfcc-feats.cc:173) Processed features for key p227_101
VLOG[2] (compute-mfcc-feats[5.3.24~1-c948]:main():compute-mfcc-feats.cc:173) Processed features for key p227_102
VLOG[2] (compute-mfcc-feats[5.3.24~1-c948]:main():compute-mfcc-feats.cc:173) Processed features for key p227_103
VLOG[2] (compute-mfcc-feats[5.3.24~1-c948]:main():compute-mfcc-feats.cc:173) Processed features for key p227_104
VLOG[2] (compute-mfcc-feats[5.3.24~1-c948]:main():compute-mfcc-feats.cc:173) Processed features for key p227_105
LOG (compute-mfcc-feats[5.3.24~1-c948]:main():compute-mfcc-feats.cc:172) Processed 30 utterances
VLOG[2] (compute-mfcc-feats[5.3.24~1-c948]:main():compute-mfcc-feats.cc:173) Processed features for key p227_106
VLOG[2] (compute-mfcc-feats[5.3.24~1-c948]:main():compute-mfcc-feats.cc:173) Processed features for key p227_107
VLOG[2] (compute-mfcc-feats[5.3.24~1-c948]:main():compute-mfcc-feats.cc:173) Processed features for key p227_108
VLOG[2] (compute-mfcc-feats[5.3.24~1-c948]:main():compute-mfcc-feats.cc:173) Processed features for key p227_109
VLOG[2] (compute-mfcc-feats[5.3.24~1-c948]:main():compute-mfcc-feats.cc:173) Processed features for key p227_110
VLOG[2] (compute-mfcc-feats[5.3.24~1-c948]:main():compute-mfcc-feats.cc:173) Processed features for key p227_111
VLOG[2] (compute-mfcc-feats[5.3.24~1-c948]:main():compute-mfcc-feats.cc:173) Processed features for key p227_112
VLOG[2] (compute-mfcc-feats[5.3.24~1-c948]:main():compute-mfcc-feats.cc:173) Processed features for key p227_113
VLOG[2] (compute-mfcc-feats[5.3.24~1-c948]:main():compute-mfcc-feats.cc:173) Processed features for key p227_114
VLOG[2] (compute-mfcc-feats[5.3.24~1-c948]:main():compute-mfcc-feats.cc:173) Processed features for key p227_116
LOG (compute-mfcc-feats[5.3.24~1-c948]:main():compute-mfcc-feats.cc:172) Processed 40 utterances
VLOG[2] (compute-mfcc-feats[5.3.24~1-c948]:main():compute-mfcc-feats.cc:173) Processed features for key p227_117
VLOG[2] (compute-mfcc-feats[5.3.24~1-c948]:main():compute-mfcc-feats.cc:173) Processed features for key p227_118
VLOG[2] (compute-mfcc-feats[5.3.24~1-c948]:main():compute-mfcc-feats.cc:173) Processed features for key p227_119
VLOG[2] (compute-mfcc-feats[5.3.24~1-c948]:main():compute-mfcc-feats.cc:173) Processed features for key p227_120
VLOG[2] (compute-mfcc-feats[5.3.24~1-c948]:main():compute-mfcc-feats.cc:173) Processed features for key p227_121
VLOG[2] (compute-mfcc-feats[5.3.24~1-c948]:main():compute-mfcc-feats.cc:173) Processed features for key p227_122
VLOG[2] (compute-mfcc-feats[5.3.24~1-c948]:main():compute-mfcc-feats.cc:173) Processed features for key p227_123
VLOG[2] (compute-mfcc-feats[5.3.24~1-c948]:main():compute-mfcc-feats.cc:173) Processed features for key p227_124
VLOG[2] (compute-mfcc-feats[5.3.24~1-c948]:main():compute-mfcc-feats.cc:173) Processed features for key p227_125
VLOG[2] (compute-mfcc-feats[5.3.24~1-c948]:main():compute-mfcc-feats.cc:173) Processed features for key p227_126
LOG (compute-mfcc-feats[5.3.24~1-c948]:main():compute-mfcc-feats.cc:172) Processed 50 utterances
VLOG[2] (compute-mfcc-feats[5.3.24~1-c948]:main():compute-mfcc-feats.cc:173) Processed features for key p227_127
VLOG[2] (compute-mfcc-feats[5.3.24~1-c948]:main():compute-mfcc-feats.cc:173) Processed features for key p227_128
VLOG[2] (compute-mfcc-feats[5.3.24~1-c948]:main():compute-mfcc-feats.cc:173) Processed features for key p227_129
VLOG[2] (compute-mfcc-feats[5.3.24~1-c948]:main():compute-mfcc-feats.cc:173) Processed features for key p227_130
VLOG[2] (compute-mfcc-feats[5.3.24~1-c948]:main():compute-mfcc-feats.cc:173) Processed features for key p227_131
VLOG[2] (compute-mfcc-feats[5.3.24~1-c948]:main():compute-mfcc-feats.cc:173) Processed features for key p227_132
VLOG[2] (compute-mfcc-feats[5.3.24~1-c948]:main():compute-mfcc-feats.cc:173) Processed features for key p227_133
VLOG[2] (compute-mfcc-feats[5.3.24~1-c948]:main():compute-mfcc-feats.cc:173) Processed features for key p227_134
VLOG[2] (compute-mfcc-feats[5.3.24~1-c948]:main():compute-mfcc-feats.cc:173) Processed features for key p227_135
VLOG[2] (compute-mfcc-feats[5.3.24~1-c948]:main():compute-mfcc-feats.cc:173) Processed features for key p227_136
LOG (compute-mfcc-feats[5.3.24~1-c948]:main():compute-mfcc-feats.cc:172) Processed 60 utterances
VLOG[2] (compute-mfcc-feats[5.3.24~1-c948]:main():compute-mfcc-feats.cc:173) Processed features for key p227_137
VLOG[2] (compute-mfcc-feats[5.3.24~1-c948]:main():compute-mfcc-feats.cc:173) Processed features for key p227_138
VLOG[2] (compute-mfcc-feats[5.3.24~1-c948]:main():compute-mfcc-feats.cc:173) Processed features for key p227_139
VLOG[2] (compute-mfcc-feats[5.3.24~1-c948]:main():compute-mfcc-feats.cc:173) Processed features for key p227_140
VLOG[2] (compute-mfcc-feats[5.3.24~1-c948]:main():compute-mfcc-feats.cc:173) Processed features for key p227_141
VLOG[2] (compute-mfcc-feats[5.3.24~1-c948]:main():compute-mfcc-feats.cc:173) Processed features for key p227_142
VLOG[2] (compute-mfcc-feats[5.3.24~1-c948]:main():compute-mfcc-feats.cc:173) Processed features for key p227_143
VLOG[2] (compute-mfcc-feats[5.3.24~1-c948]:main():compute-mfcc-feats.cc:173) Processed features for key p227_144
VLOG[2] (compute-mfcc-feats[5.3.24~1-c948]:main():compute-mfcc-feats.cc:173) Processed features for key p227_145
VLOG[2] (compute-mfcc-feats[5.3.24~1-c948]:main():compute-mfcc-feats.cc:173) Processed features for key p227_146
LOG (compute-mfcc-feats[5.3.24~1-c948]:main():compute-mfcc-feats.cc:172) Processed 70 utterances
VLOG[2] (compute-mfcc-feats[5.3.24~1-c948]:main():compute-mfcc-feats.cc:173) Processed features for key p227_147
VLOG[2] (compute-mfcc-feats[5.3.24~1-c948]:main():compute-mfcc-feats.cc:173) Processed features for key p227_148
VLOG[2] (compute-mfcc-feats[5.3.24~1-c948]:main():compute-mfcc-feats.cc:173) Processed features for key p227_149
VLOG[2] (compute-mfcc-feats[5.3.24~1-c948]:main():compute-mfcc-feats.cc:173) Processed features for key p227_150
VLOG[2] (compute-mfcc-feats[5.3.24~1-c948]:main():compute-mfcc-feats.cc:173) Processed features for key p227_151
VLOG[2] (compute-mfcc-feats[5.3.24~1-c948]:main():compute-mfcc-feats.cc:173) Processed features for key p227_152
VLOG[2] (compute-mfcc-feats[5.3.24~1-c948]:main():compute-mfcc-feats.cc:173) Processed features for key p227_153
VLOG[2] (compute-mfcc-feats[5.3.24~1-c948]:main():compute-mfcc-feats.cc:173) Processed features for key p227_154
VLOG[2] (compute-mfcc-feats[5.3.24~1-c948]:main():compute-mfcc-feats.cc:173) Processed features for key p227_155
VLOG[2] (compute-mfcc-feats[5.3.24~1-c948]:main():compute-mfcc-feats.cc:173) Processed features for key p227_156
LOG (compute-mfcc-feats[5.3.24~1-c948]:main():compute-mfcc-feats.cc:172) Processed 80 utterances
VLOG[2] (compute-mfcc-feats[5.3.24~1-c948]:main():compute-mfcc-feats.cc:173) Processed features for key p227_157
VLOG[2] (compute-mfcc-feats[5.3.24~1-c948]:main():compute-mfcc-feats.cc:173) Processed features for key p227_158
VLOG[2] (compute-mfcc-feats[5.3.24~1-c948]:main():compute-mfcc-feats.cc:173) Processed features for key p227_159
VLOG[2] (compute-mfcc-feats[5.3.24~1-c948]:main():compute-mfcc-feats.cc:173) Processed features for key p227_160
VLOG[2] (compute-mfcc-feats[5.3.24~1-c948]:main():compute-mfcc-feats.cc:173) Processed features for key p227_161
VLOG[2] (compute-mfcc-feats[5.3.24~1-c948]:main():compute-mfcc-feats.cc:173) Processed features for key p227_162
VLOG[2] (compute-mfcc-feats[5.3.24~1-c948]:main():compute-mfcc-feats.cc:173) Processed features for key p227_163
VLOG[2] (compute-mfcc-feats[5.3.24~1-c948]:main():compute-mfcc-feats.cc:173) Processed features for key p227_164
VLOG[2] (compute-mfcc-feats[5.3.24~1-c948]:main():compute-mfcc-feats.cc:173) Processed features for key p227_165
VLOG[2] (compute-mfcc-feats[5.3.24~1-c948]:main():compute-mfcc-feats.cc:173) Processed features for key p227_166
LOG (compute-mfcc-feats[5.3.24~1-c948]:main():compute-mfcc-feats.cc:172) Processed 90 utterances
VLOG[2] (compute-mfcc-feats[5.3.24~1-c948]:main():compute-mfcc-feats.cc:173) Processed features for key p227_167
VLOG[2] (compute-mfcc-feats[5.3.24~1-c948]:main():compute-mfcc-feats.cc:173) Processed features for key p227_168
VLOG[2] (compute-mfcc-feats[5.3.24~1-c948]:main():compute-mfcc-feats.cc:173) Processed features for key p227_169
VLOG[2] (compute-mfcc-feats[5.3.24~1-c948]:main():compute-mfcc-feats.cc:173) Processed features for key p227_170
VLOG[2] (compute-mfcc-feats[5.3.24~1-c948]:main():compute-mfcc-feats.cc:173) Processed features for key p227_171
VLOG[2] (compute-mfcc-feats[5.3.24~1-c948]:main():compute-mfcc-feats.cc:173) Processed features for key p227_172
VLOG[2] (compute-mfcc-feats[5.3.24~1-c948]:main():compute-mfcc-feats.cc:173) Processed features for key p227_173
VLOG[2] (compute-mfcc-feats[5.3.24~1-c948]:main():compute-mfcc-feats.cc:173) Processed features for key p227_174
VLOG[2] (compute-mfcc-feats[5.3.24~1-c948]:main():compute-mfcc-feats.cc:173) Processed features for key p227_175
VLOG[2] (compute-mfcc-feats[5.3.24~1-c948]:main():compute-mfcc-feats.cc:173) Processed features for key p227_176
LOG (compute-mfcc-feats[5.3.24~1-c948]:main():compute-mfcc-feats.cc:172) Processed 100 utterances
VLOG[2] (compute-mfcc-feats[5.3.24~1-c948]:main():compute-mfcc-feats.cc:173) Processed features for key p227_177
VLOG[2] (compute-mfcc-feats[5.3.24~1-c948]:main():compute-mfcc-feats.cc:173) Processed features for key p227_178
VLOG[2] (compute-mfcc-feats[5.3.24~1-c948]:main():compute-mfcc-feats.cc:173) Processed features for key p227_179
VLOG[2] (compute-mfcc-feats[5.3.24~1-c948]:main():compute-mfcc-feats.cc:173) Processed features for key p227_180
VLOG[2] (compute-mfcc-feats[5.3.24~1-c948]:main():compute-mfcc-feats.cc:173) Processed features for key p227_181
VLOG[2] (compute-mfcc-feats[5.3.24~1-c948]:main():compute-mfcc-feats.cc:173) Processed features for key p227_183
VLOG[2] (compute-mfcc-feats[5.3.24~1-c948]:main():compute-mfcc-feats.cc:173) Processed features for key p227_184
VLOG[2] (compute-mfcc-feats[5.3.24~1-c948]:main():compute-mfcc-feats.cc:173) Processed features for key p227_186
VLOG[2] (compute-mfcc-feats[5.3.24~1-c948]:main():compute-mfcc-feats.cc:173) Processed features for key p227_187
VLOG[2] (compute-mfcc-feats[5.3.24~1-c948]:main():compute-mfcc-feats.cc:173) Processed features for key p227_188
LOG (compute-mfcc-feats[5.3.24~1-c948]:main():compute-mfcc-feats.cc:172) Processed 110 utterances
VLOG[2] (compute-mfcc-feats[5.3.24~1-c948]:main():compute-mfcc-feats.cc:173) Processed features for key p227_189
VLOG[2] (compute-mfcc-feats[5.3.24~1-c948]:main():compute-mfcc-feats.cc:173) Processed features for key p227_190
VLOG[2] (compute-mfcc-feats[5.3.24~1-c948]:main():compute-mfcc-feats.cc:173) Processed features for key p227_191
VLOG[2] (compute-mfcc-feats[5.3.24~1-c948]:main():compute-mfcc-feats.cc:173) Processed features for key p227_192
VLOG[2] (compute-mfcc-feats[5.3.24~1-c948]:main():compute-mfcc-feats.cc:173) Processed features for key p227_193
VLOG[2] (compute-mfcc-feats[5.3.24~1-c948]:main():compute-mfcc-feats.cc:173) Processed features for key p227_194
VLOG[2] (compute-mfcc-feats[5.3.24~1-c948]:main():compute-mfcc-feats.cc:173) Processed features for key p227_195
VLOG[2] (compute-mfcc-feats[5.3.24~1-c948]:main():compute-mfcc-feats.cc:173) Processed features for key p227_196
VLOG[2] (compute-mfcc-feats[5.3.24~1-c948]:main():compute-mfcc-feats.cc:173) Processed features for key p227_197
VLOG[2] (compute-mfcc-feats[5.3.24~1-c948]:main():compute-mfcc-feats.cc:173) Processed features for key p227_198
LOG (compute-mfcc-feats[5.3.24~1-c948]:main():compute-mfcc-feats.cc:172) Processed 120 utterances
VLOG[2] (compute-mfcc-feats[5.3.24~1-c948]:main():compute-mfcc-feats.cc:173) Processed features for key p227_199
VLOG[2] (compute-mfcc-feats[5.3.24~1-c948]:main():compute-mfcc-feats.cc:173) Processed features for key p227_200
VLOG[2] (compute-mfcc-feats[5.3.24~1-c948]:main():compute-mfcc-feats.cc:173) Processed features for key p227_201
VLOG[2] (compute-mfcc-feats[5.3.24~1-c948]:main():compute-mfcc-feats.cc:173) Processed features for key p227_203
VLOG[2] (compute-mfcc-feats[5.3.24~1-c948]:main():compute-mfcc-feats.cc:173) Processed features for key p227_204
VLOG[2] (compute-mfcc-feats[5.3.24~1-c948]:main():compute-mfcc-feats.cc:173) Processed features for key p227_205
VLOG[2] (compute-mfcc-feats[5.3.24~1-c948]:main():compute-mfcc-feats.cc:173) Processed features for key p227_206
VLOG[2] (compute-mfcc-feats[5.3.24~1-c948]:main():compute-mfcc-feats.cc:173) Processed features for key p227_207
VLOG[2] (compute-mfcc-feats[5.3.24~1-c948]:main():compute-mfcc-feats.cc:173) Processed features for key p227_208
VLOG[2] (compute-mfcc-feats[5.3.24~1-c948]:main():compute-mfcc-feats.cc:173) Processed features for key p227_209
LOG (compute-mfcc-feats[5.3.24~1-c948]:main():compute-mfcc-feats.cc:172) Processed 130 utterances
VLOG[2] (compute-mfcc-feats[5.3.24~1-c948]:main():compute-mfcc-feats.cc:173) Processed features for key p227_210
VLOG[2] (compute-mfcc-feats[5.3.24~1-c948]:main():compute-mfcc-feats.cc:173) Processed features for key p227_211
VLOG[2] (compute-mfcc-feats[5.3.24~1-c948]:main():compute-mfcc-feats.cc:173) Processed features for key p227_212
VLOG[2] (compute-mfcc-feats[5.3.24~1-c948]:main():compute-mfcc-feats.cc:173) Processed features for key p227_213
VLOG[2] (compute-mfcc-feats[5.3.24~1-c948]:main():compute-mfcc-feats.cc:173) Processed features for key p227_214
VLOG[2] (compute-mfcc-feats[5.3.24~1-c948]:main():compute-mfcc-feats.cc:173) Processed features for key p227_215
VLOG[2] (compute-mfcc-feats[5.3.24~1-c948]:main():compute-mfcc-feats.cc:173) Processed features for key p227_216
VLOG[2] (compute-mfcc-feats[5.3.24~1-c948]:main():compute-mfcc-feats.cc:173) Processed features for key p227_217
VLOG[2] (compute-mfcc-feats[5.3.24~1-c948]:main():compute-mfcc-feats.cc:173) Processed features for key p227_218
VLOG[2] (compute-mfcc-feats[5.3.24~1-c948]:main():compute-mfcc-feats.cc:173) Processed features for key p227_219
LOG (compute-mfcc-feats[5.3.24~1-c948]:main():compute-mfcc-feats.cc:172) Processed 140 utterances
VLOG[2] (compute-mfcc-feats[5.3.24~1-c948]:main():compute-mfcc-feats.cc:173) Processed features for key p227_220
VLOG[2] (compute-mfcc-feats[5.3.24~1-c948]:main():compute-mfcc-feats.cc:173) Processed features for key p227_222
VLOG[2] (compute-mfcc-feats[5.3.24~1-c948]:main():compute-mfcc-feats.cc:173) Processed features for key p227_223
VLOG[2] (compute-mfcc-feats[5.3.24~1-c948]:main():compute-mfcc-feats.cc:173) Processed features for key p227_226
VLOG[2] (compute-mfcc-feats[5.3.24~1-c948]:main():compute-mfcc-feats.cc:173) Processed features for key p227_227
VLOG[2] (compute-mfcc-feats[5.3.24~1-c948]:main():compute-mfcc-feats.cc:173) Processed features for key p227_228
VLOG[2] (compute-mfcc-feats[5.3.24~1-c948]:main():compute-mfcc-feats.cc:173) Processed features for key p227_229
VLOG[2] (compute-mfcc-feats[5.3.24~1-c948]:main():compute-mfcc-feats.cc:173) Processed features for key p227_230
VLOG[2] (compute-mfcc-feats[5.3.24~1-c948]:main():compute-mfcc-feats.cc:173) Processed features for key p227_231
VLOG[2] (compute-mfcc-feats[5.3.24~1-c948]:main():compute-mfcc-feats.cc:173) Processed features for key p227_232
LOG (compute-mfcc-feats[5.3.24~1-c948]:main():compute-mfcc-feats.cc:172) Processed 150 utterances
VLOG[2] (compute-mfcc-feats[5.3.24~1-c948]:main():compute-mfcc-feats.cc:173) Processed features for key p227_233
VLOG[2] (compute-mfcc-feats[5.3.24~1-c948]:main():compute-mfcc-feats.cc:173) Processed features for key p227_235
VLOG[2] (compute-mfcc-feats[5.3.24~1-c948]:main():compute-mfcc-feats.cc:173) Processed features for key p227_236
VLOG[2] (compute-mfcc-feats[5.3.24~1-c948]:main():compute-mfcc-feats.cc:173) Processed features for key p227_237
VLOG[2] (compute-mfcc-feats[5.3.24~1-c948]:main():compute-mfcc-feats.cc:173) Processed features for key p227_238
VLOG[2] (compute-mfcc-feats[5.3.24~1-c948]:main():compute-mfcc-feats.cc:173) Processed features for key p227_239
VLOG[2] (compute-mfcc-feats[5.3.24~1-c948]:main():compute-mfcc-feats.cc:173) Processed features for key p227_240
VLOG[2] (compute-mfcc-feats[5.3.24~1-c948]:main():compute-mfcc-feats.cc:173) Processed features for key p227_241
VLOG[2] (compute-mfcc-feats[5.3.24~1-c948]:main():compute-mfcc-feats.cc:173) Processed features for key p227_242
VLOG[2] (compute-mfcc-feats[5.3.24~1-c948]:main():compute-mfcc-feats.cc:173) Processed features for key p227_243
LOG (compute-mfcc-feats[5.3.24~1-c948]:main():compute-mfcc-feats.cc:172) Processed 160 utterances
VLOG[2] (compute-mfcc-feats[5.3.24~1-c948]:main():compute-mfcc-feats.cc:173) Processed features for key p227_244
VLOG[2] (compute-mfcc-feats[5.3.24~1-c948]:main():compute-mfcc-feats.cc:173) Processed features for key p227_245
VLOG[2] (compute-mfcc-feats[5.3.24~1-c948]:main():compute-mfcc-feats.cc:173) Processed features for key p227_246
VLOG[2] (compute-mfcc-feats[5.3.24~1-c948]:main():compute-mfcc-feats.cc:173) Processed features for key p227_247
VLOG[2] (compute-mfcc-feats[5.3.24~1-c948]:main():compute-mfcc-feats.cc:173) Processed features for key p227_248
VLOG[2] (compute-mfcc-feats[5.3.24~1-c948]:main():compute-mfcc-feats.cc:173) Processed features for key p227_249
VLOG[2] (compute-mfcc-feats[5.3.24~1-c948]:main():compute-mfcc-feats.cc:173) Processed features for key p227_250
VLOG[2] (compute-mfcc-feats[5.3.24~1-c948]:main():compute-mfcc-feats.cc:173) Processed features for key p227_251
VLOG[2] (compute-mfcc-feats[5.3.24~1-c948]:main():compute-mfcc-feats.cc:173) Processed features for key p227_252
VLOG[2] (compute-mfcc-feats[5.3.24~1-c948]:main():compute-mfcc-feats.cc:173) Processed features for key p227_253
LOG (compute-mfcc-feats[5.3.24~1-c948]:main():compute-mfcc-feats.cc:172) Processed 170 utterances
VLOG[2] (compute-mfcc-feats[5.3.24~1-c948]:main():compute-mfcc-feats.cc:173) Processed features for key p227_254
VLOG[2] (compute-mfcc-feats[5.3.24~1-c948]:main():compute-mfcc-feats.cc:173) Processed features for key p227_255
VLOG[2] (compute-mfcc-feats[5.3.24~1-c948]:main():compute-mfcc-feats.cc:173) Processed features for key p227_256
VLOG[2] (compute-mfcc-feats[5.3.24~1-c948]:main():compute-mfcc-feats.cc:173) Processed features for key p227_257
VLOG[2] (compute-mfcc-feats[5.3.24~1-c948]:main():compute-mfcc-feats.cc:173) Processed features for key p227_258
VLOG[2] (compute-mfcc-feats[5.3.24~1-c948]:main():compute-mfcc-feats.cc:173) Processed features for key p227_259
VLOG[2] (compute-mfcc-feats[5.3.24~1-c948]:main():compute-mfcc-feats.cc:173) Processed features for key p227_260
VLOG[2] (compute-mfcc-feats[5.3.24~1-c948]:main():compute-mfcc-feats.cc:173) Processed features for key p227_261
VLOG[2] (compute-mfcc-feats[5.3.24~1-c948]:main():compute-mfcc-feats.cc:173) Processed features for key p227_262
VLOG[2] (compute-mfcc-feats[5.3.24~1-c948]:main():compute-mfcc-feats.cc:173) Processed features for key p227_263
LOG (compute-mfcc-feats[5.3.24~1-c948]:main():compute-mfcc-feats.cc:172) Processed 180 utterances
VLOG[2] (compute-mfcc-feats[5.3.24~1-c948]:main():compute-mfcc-feats.cc:173) Processed features for key p227_264
VLOG[2] (compute-mfcc-feats[5.3.24~1-c948]:main():compute-mfcc-feats.cc:173) Processed features for key p227_265
VLOG[2] (compute-mfcc-feats[5.3.24~1-c948]:main():compute-mfcc-feats.cc:173) Processed features for key p227_266
VLOG[2] (compute-mfcc-feats[5.3.24~1-c948]:main():compute-mfcc-feats.cc:173) Processed features for key p227_267
VLOG[2] (compute-mfcc-feats[5.3.24~1-c948]:main():compute-mfcc-feats.cc:173) Processed features for key p227_268
VLOG[2] (compute-mfcc-feats[5.3.24~1-c948]:main():compute-mfcc-feats.cc:173) Processed features for key p227_269
VLOG[2] (compute-mfcc-feats[5.3.24~1-c948]:main():compute-mfcc-feats.cc:173) Processed features for key p227_270
VLOG[2] (compute-mfcc-feats[5.3.24~1-c948]:main():compute-mfcc-feats.cc:173) Processed features for key p227_271
VLOG[2] (compute-mfcc-feats[5.3.24~1-c948]:main():compute-mfcc-feats.cc:173) Processed features for key p227_272
VLOG[2] (compute-mfcc-feats[5.3.24~1-c948]:main():compute-mfcc-feats.cc:173) Processed features for key p227_273
LOG (compute-mfcc-feats[5.3.24~1-c948]:main():compute-mfcc-feats.cc:172) Processed 190 utterances
VLOG[2] (compute-mfcc-feats[5.3.24~1-c948]:main():compute-mfcc-feats.cc:173) Processed features for key p227_274
VLOG[2] (compute-mfcc-feats[5.3.24~1-c948]:main():compute-mfcc-feats.cc:173) Processed features for key p227_275
VLOG[2] (compute-mfcc-feats[5.3.24~1-c948]:main():compute-mfcc-feats.cc:173) Processed features for key p227_276
VLOG[2] (compute-mfcc-feats[5.3.24~1-c948]:main():compute-mfcc-feats.cc:173) Processed features for key p227_277
VLOG[2] (compute-mfcc-feats[5.3.24~1-c948]:main():compute-mfcc-feats.cc:173) Processed features for key p227_278
VLOG[2] (compute-mfcc-feats[5.3.24~1-c948]:main():compute-mfcc-feats.cc:173) Processed features for key p227_279
VLOG[2] (compute-mfcc-feats[5.3.24~1-c948]:main():compute-mfcc-feats.cc:173) Processed features for key p227_280
VLOG[2] (compute-mfcc-feats[5.3.24~1-c948]:main():compute-mfcc-feats.cc:173) Processed features for key p227_281
VLOG[2] (compute-mfcc-feats[5.3.24~1-c948]:main():compute-mfcc-feats.cc:173) Processed features for key p227_282
VLOG[2] (compute-mfcc-feats[5.3.24~1-c948]:main():compute-mfcc-feats.cc:173) Processed features for key p227_283
LOG (compute-mfcc-feats[5.3.24~1-c948]:main():compute-mfcc-feats.cc:172) Processed 200 utterances
VLOG[2] (compute-mfcc-feats[5.3.24~1-c948]:main():compute-mfcc-feats.cc:173) Processed features for key p227_284
VLOG[2] (compute-mfcc-feats[5.3.24~1-c948]:main():compute-mfcc-feats.cc:173) Processed features for key p227_285
VLOG[2] (compute-mfcc-feats[5.3.24~1-c948]:main():compute-mfcc-feats.cc:173) Processed features for key p227_286
VLOG[2] (compute-mfcc-feats[5.3.24~1-c948]:main():compute-mfcc-feats.cc:173) Processed features for key p227_287
VLOG[2] (compute-mfcc-feats[5.3.24~1-c948]:main():compute-mfcc-feats.cc:173) Processed features for key p227_288
VLOG[2] (compute-mfcc-feats[5.3.24~1-c948]:main():compute-mfcc-feats.cc:173) Processed features for key p227_289
VLOG[2] (compute-mfcc-feats[5.3.24~1-c948]:main():compute-mfcc-feats.cc:173) Processed features for key p227_290
VLOG[2] (compute-mfcc-feats[5.3.24~1-c948]:main():compute-mfcc-feats.cc:173) Processed features for key p227_291
VLOG[2] (compute-mfcc-feats[5.3.24~1-c948]:main():compute-mfcc-feats.cc:173) Processed features for key p227_292
VLOG[2] (compute-mfcc-feats[5.3.24~1-c948]:main():compute-mfcc-feats.cc:173) Processed features for key p227_293
LOG (compute-mfcc-feats[5.3.24~1-c948]:main():compute-mfcc-feats.cc:172) Processed 210 utterances
VLOG[2] (compute-mfcc-feats[5.3.24~1-c948]:main():compute-mfcc-feats.cc:173) Processed features for key p227_294
VLOG[2] (compute-mfcc-feats[5.3.24~1-c948]:main():compute-mfcc-feats.cc:173) Processed features for key p227_295
VLOG[2] (compute-mfcc-feats[5.3.24~1-c948]:main():compute-mfcc-feats.cc:173) Processed features for key p227_296
VLOG[2] (compute-mfcc-feats[5.3.24~1-c948]:main():compute-mfcc-feats.cc:173) Processed features for key p227_297
VLOG[2] (compute-mfcc-feats[5.3.24~1-c948]:main():compute-mfcc-feats.cc:173) Processed features for key p227_298
VLOG[2] (compute-mfcc-feats[5.3.24~1-c948]:main():compute-mfcc-feats.cc:173) Processed features for key p227_299
VLOG[2] (compute-mfcc-feats[5.3.24~1-c948]:main():compute-mfcc-feats.cc:173) Processed features for key p227_300
VLOG[2] (compute-mfcc-feats[5.3.24~1-c948]:main():compute-mfcc-feats.cc:173) Processed features for key p227_301
VLOG[2] (compute-mfcc-feats[5.3.24~1-c948]:main():compute-mfcc-feats.cc:173) Processed features for key p227_302
VLOG[2] (compute-mfcc-feats[5.3.24~1-c948]:main():compute-mfcc-feats.cc:173) Processed features for key p227_303
LOG (compute-mfcc-feats[5.3.24~1-c948]:main():compute-mfcc-feats.cc:172) Processed 220 utterances
VLOG[2] (compute-mfcc-feats[5.3.24~1-c948]:main():compute-mfcc-feats.cc:173) Processed features for key p227_304
VLOG[2] (compute-mfcc-feats[5.3.24~1-c948]:main():compute-mfcc-feats.cc:173) Processed features for key p227_305
VLOG[2] (compute-mfcc-feats[5.3.24~1-c948]:main():compute-mfcc-feats.cc:173) Processed features for key p227_306
VLOG[2] (compute-mfcc-feats[5.3.24~1-c948]:main():compute-mfcc-feats.cc:173) Processed features for key p227_307
VLOG[2] (compute-mfcc-feats[5.3.24~1-c948]:main():compute-mfcc-feats.cc:173) Processed features for key p227_308
VLOG[2] (compute-mfcc-feats[5.3.24~1-c948]:main():compute-mfcc-feats.cc:173) Processed features for key p227_309
VLOG[2] (compute-mfcc-feats[5.3.24~1-c948]:main():compute-mfcc-feats.cc:173) Processed features for key p227_310
VLOG[2] (compute-mfcc-feats[5.3.24~1-c948]:main():compute-mfcc-feats.cc:173) Processed features for key p227_311
VLOG[2] (compute-mfcc-feats[5.3.24~1-c948]:main():compute-mfcc-feats.cc:173) Processed features for key p227_312
VLOG[2] (compute-mfcc-feats[5.3.24~1-c948]:main():compute-mfcc-feats.cc:173) Processed features for key p227_313
LOG (compute-mfcc-feats[5.3.24~1-c948]:main():compute-mfcc-feats.cc:172) Processed 230 utterances
VLOG[2] (compute-mfcc-feats[5.3.24~1-c948]:main():compute-mfcc-feats.cc:173) Processed features for key p227_314
VLOG[2] (compute-mfcc-feats[5.3.24~1-c948]:main():compute-mfcc-feats.cc:173) Processed features for key p227_315
VLOG[2] (compute-mfcc-feats[5.3.24~1-c948]:main():compute-mfcc-feats.cc:173) Processed features for key p227_316
VLOG[2] (compute-mfcc-feats[5.3.24~1-c948]:main():compute-mfcc-feats.cc:173) Processed features for key p227_317
VLOG[2] (compute-mfcc-feats[5.3.24~1-c948]:main():compute-mfcc-feats.cc:173) Processed features for key p227_318
VLOG[2] (compute-mfcc-feats[5.3.24~1-c948]:main():compute-mfcc-feats.cc:173) Processed features for key p227_319
VLOG[2] (compute-mfcc-feats[5.3.24~1-c948]:main():compute-mfcc-feats.cc:173) Processed features for key p227_320
VLOG[2] (compute-mfcc-feats[5.3.24~1-c948]:main():compute-mfcc-feats.cc:173) Processed features for key p227_321
VLOG[2] (compute-mfcc-feats[5.3.24~1-c948]:main():compute-mfcc-feats.cc:173) Processed features for key p227_322
VLOG[2] (compute-mfcc-feats[5.3.24~1-c948]:main():compute-mfcc-feats.cc:173) Processed features for key p227_323
LOG (compute-mfcc-feats[5.3.24~1-c948]:main():compute-mfcc-feats.cc:172) Processed 240 utterances
VLOG[2] (compute-mfcc-feats[5.3.24~1-c948]:main():compute-mfcc-feats.cc:173) Processed features for key p227_324
VLOG[2] (compute-mfcc-feats[5.3.24~1-c948]:main():compute-mfcc-feats.cc:173) Processed features for key p227_326
VLOG[2] (compute-mfcc-feats[5.3.24~1-c948]:main():compute-mfcc-feats.cc:173) Processed features for key p227_327
VLOG[2] (compute-mfcc-feats[5.3.24~1-c948]:main():compute-mfcc-feats.cc:173) Processed features for key p227_328
VLOG[2] (compute-mfcc-feats[5.3.24~1-c948]:main():compute-mfcc-feats.cc:173) Processed features for key p227_329
VLOG[2] (compute-mfcc-feats[5.3.24~1-c948]:main():compute-mfcc-feats.cc:173) Processed features for key p227_330
VLOG[2] (compute-mfcc-feats[5.3.24~1-c948]:main():compute-mfcc-feats.cc:173) Processed features for key p227_331
VLOG[2] (compute-mfcc-feats[5.3.24~1-c948]:main():compute-mfcc-feats.cc:173) Processed features for key p227_332
VLOG[2] (compute-mfcc-feats[5.3.24~1-c948]:main():compute-mfcc-feats.cc:173) Processed features for key p227_333
VLOG[2] (compute-mfcc-feats[5.3.24~1-c948]:main():compute-mfcc-feats.cc:173) Processed features for key p227_334
LOG (compute-mfcc-feats[5.3.24~1-c948]:main():compute-mfcc-feats.cc:172) Processed 250 utterances
VLOG[2] (compute-mfcc-feats[5.3.24~1-c948]:main():compute-mfcc-feats.cc:173) Processed features for key p227_335
VLOG[2] (compute-mfcc-feats[5.3.24~1-c948]:main():compute-mfcc-feats.cc:173) Processed features for key p227_336
VLOG[2] (compute-mfcc-feats[5.3.24~1-c948]:main():compute-mfcc-feats.cc:173) Processed features for key p227_337
VLOG[2] (compute-mfcc-feats[5.3.24~1-c948]:main():compute-mfcc-feats.cc:173) Processed features for key p227_338
VLOG[2] (compute-mfcc-feats[5.3.24~1-c948]:main():compute-mfcc-feats.cc:173) Processed features for key p227_339
VLOG[2] (compute-mfcc-feats[5.3.24~1-c948]:main():compute-mfcc-feats.cc:173) Processed features for key p227_340
VLOG[2] (compute-mfcc-feats[5.3.24~1-c948]:main():compute-mfcc-feats.cc:173) Processed features for key p227_341
VLOG[2] (compute-mfcc-feats[5.3.24~1-c948]:main():compute-mfcc-feats.cc:173) Processed features for key p227_342
VLOG[2] (compute-mfcc-feats[5.3.24~1-c948]:main():compute-mfcc-feats.cc:173) Processed features for key p227_343
VLOG[2] (compute-mfcc-feats[5.3.24~1-c948]:main():compute-mfcc-feats.cc:173) Processed features for key p227_344
LOG (compute-mfcc-feats[5.3.24~1-c948]:main():compute-mfcc-feats.cc:172) Processed 260 utterances
VLOG[2] (compute-mfcc-feats[5.3.24~1-c948]:main():compute-mfcc-feats.cc:173) Processed features for key p227_345
VLOG[2] (compute-mfcc-feats[5.3.24~1-c948]:main():compute-mfcc-feats.cc:173) Processed features for key p227_347
VLOG[2] (compute-mfcc-feats[5.3.24~1-c948]:main():compute-mfcc-feats.cc:173) Processed features for key p227_348
VLOG[2] (compute-mfcc-feats[5.3.24~1-c948]:main():compute-mfcc-feats.cc:173) Processed features for key p227_349
VLOG[2] (compute-mfcc-feats[5.3.24~1-c948]:main():compute-mfcc-feats.cc:173) Processed features for key p227_350
VLOG[2] (compute-mfcc-feats[5.3.24~1-c948]:main():compute-mfcc-feats.cc:173) Processed features for key p227_351
VLOG[2] (compute-mfcc-feats[5.3.24~1-c948]:main():compute-mfcc-feats.cc:173) Processed features for key p227_352
VLOG[2] (compute-mfcc-feats[5.3.24~1-c948]:main():compute-mfcc-feats.cc:173) Processed features for key p227_353
VLOG[2] (compute-mfcc-feats[5.3.24~1-c948]:main():compute-mfcc-feats.cc:173) Processed features for key p227_354
VLOG[2] (compute-mfcc-feats[5.3.24~1-c948]:main():compute-mfcc-feats.cc:173) Processed features for key p227_355
LOG (compute-mfcc-feats[5.3.24~1-c948]:main():compute-mfcc-feats.cc:172) Processed 270 utterances
VLOG[2] (compute-mfcc-feats[5.3.24~1-c948]:main():compute-mfcc-feats.cc:173) Processed features for key p227_356
VLOG[2] (compute-mfcc-feats[5.3.24~1-c948]:main():compute-mfcc-feats.cc:173) Processed features for key p227_357
VLOG[2] (compute-mfcc-feats[5.3.24~1-c948]:main():compute-mfcc-feats.cc:173) Processed features for key p227_358
VLOG[2] (compute-mfcc-feats[5.3.24~1-c948]:main():compute-mfcc-feats.cc:173) Processed features for key p227_359
VLOG[2] (compute-mfcc-feats[5.3.24~1-c948]:main():compute-mfcc-feats.cc:173) Processed features for key p227_360
VLOG[2] (compute-mfcc-feats[5.3.24~1-c948]:main():compute-mfcc-feats.cc:173) Processed features for key p227_361
VLOG[2] (compute-mfcc-feats[5.3.24~1-c948]:main():compute-mfcc-feats.cc:173) Processed features for key p227_363
VLOG[2] (compute-mfcc-feats[5.3.24~1-c948]:main():compute-mfcc-feats.cc:173) Processed features for key p227_364
VLOG[2] (compute-mfcc-feats[5.3.24~1-c948]:main():compute-mfcc-feats.cc:173) Processed features for key p227_365
VLOG[2] (compute-mfcc-feats[5.3.24~1-c948]:main():compute-mfcc-feats.cc:173) Processed features for key p227_366
LOG (compute-mfcc-feats[5.3.24~1-c948]:main():compute-mfcc-feats.cc:172) Processed 280 utterances
VLOG[2] (compute-mfcc-feats[5.3.24~1-c948]:main():compute-mfcc-feats.cc:173) Processed features for key p227_367
VLOG[2] (compute-mfcc-feats[5.3.24~1-c948]:main():compute-mfcc-feats.cc:173) Processed features for key p227_368
VLOG[2] (compute-mfcc-feats[5.3.24~1-c948]:main():compute-mfcc-feats.cc:173) Processed features for key p227_369
VLOG[2] (compute-mfcc-feats[5.3.24~1-c948]:main():compute-mfcc-feats.cc:173) Processed features for key p227_370
VLOG[2] (compute-mfcc-feats[5.3.24~1-c948]:main():compute-mfcc-feats.cc:173) Processed features for key p227_371
VLOG[2] (compute-mfcc-feats[5.3.24~1-c948]:main():compute-mfcc-feats.cc:173) Processed features for key p227_372
VLOG[2] (compute-mfcc-feats[5.3.24~1-c948]:main():compute-mfcc-feats.cc:173) Processed features for key p227_373
VLOG[2] (compute-mfcc-feats[5.3.24~1-c948]:main():compute-mfcc-feats.cc:173) Processed features for key p227_374
VLOG[2] (compute-mfcc-feats[5.3.24~1-c948]:main():compute-mfcc-feats.cc:173) Processed features for key p227_375
VLOG[2] (compute-mfcc-feats[5.3.24~1-c948]:main():compute-mfcc-feats.cc:173) Processed features for key p227_376
LOG (compute-mfcc-feats[5.3.24~1-c948]:main():compute-mfcc-feats.cc:172) Processed 290 utterances
VLOG[2] (compute-mfcc-feats[5.3.24~1-c948]:main():compute-mfcc-feats.cc:173) Processed features for key p227_377
VLOG[2] (compute-mfcc-feats[5.3.24~1-c948]:main():compute-mfcc-feats.cc:173) Processed features for key p227_378
VLOG[2] (compute-mfcc-feats[5.3.24~1-c948]:main():compute-mfcc-feats.cc:173) Processed features for key p227_379
VLOG[2] (compute-mfcc-feats[5.3.24~1-c948]:main():compute-mfcc-feats.cc:173) Processed features for key p227_380
VLOG[2] (compute-mfcc-feats[5.3.24~1-c948]:main():compute-mfcc-feats.cc:173) Processed features for key p227_382
VLOG[2] (compute-mfcc-feats[5.3.24~1-c948]:main():compute-mfcc-feats.cc:173) Processed features for key p227_383
VLOG[2] (compute-mfcc-feats[5.3.24~1-c948]:main():compute-mfcc-feats.cc:173) Processed features for key p227_384
VLOG[2] (compute-mfcc-feats[5.3.24~1-c948]:main():compute-mfcc-feats.cc:173) Processed features for key p227_385
VLOG[2] (compute-mfcc-feats[5.3.24~1-c948]:main():compute-mfcc-feats.cc:173) Processed features for key p227_386
VLOG[2] (compute-mfcc-feats[5.3.24~1-c948]:main():compute-mfcc-feats.cc:173) Processed features for key p227_387
LOG (compute-mfcc-feats[5.3.24~1-c948]:main():compute-mfcc-feats.cc:172) Processed 300 utterances
VLOG[2] (compute-mfcc-feats[5.3.24~1-c948]:main():compute-mfcc-feats.cc:173) Processed features for key p227_388
VLOG[2] (compute-mfcc-feats[5.3.24~1-c948]:main():compute-mfcc-feats.cc:173) Processed features for key p227_389
VLOG[2] (compute-mfcc-feats[5.3.24~1-c948]:main():compute-mfcc-feats.cc:173) Processed features for key p227_390
VLOG[2] (compute-mfcc-feats[5.3.24~1-c948]:main():compute-mfcc-feats.cc:173) Processed features for key p227_391
VLOG[2] (compute-mfcc-feats[5.3.24~1-c948]:main():compute-mfcc-feats.cc:173) Processed features for key p227_392
VLOG[2] (compute-mfcc-feats[5.3.24~1-c948]:main():compute-mfcc-feats.cc:173) Processed features for key p227_393
VLOG[2] (compute-mfcc-feats[5.3.24~1-c948]:main():compute-mfcc-feats.cc:173) Processed features for key p227_394
VLOG[2] (compute-mfcc-feats[5.3.24~1-c948]:main():compute-mfcc-feats.cc:173) Processed features for key p227_395
VLOG[2] (compute-mfcc-feats[5.3.24~1-c948]:main():compute-mfcc-feats.cc:173) Processed features for key p227_396
VLOG[2] (compute-mfcc-feats[5.3.24~1-c948]:main():compute-mfcc-feats.cc:173) Processed features for key p227_397
LOG (compute-mfcc-feats[5.3.24~1-c948]:main():compute-mfcc-feats.cc:172) Processed 310 utterances
VLOG[2] (compute-mfcc-feats[5.3.24~1-c948]:main():compute-mfcc-feats.cc:173) Processed features for key p227_398
VLOG[2] (compute-mfcc-feats[5.3.24~1-c948]:main():compute-mfcc-feats.cc:173) Processed features for key p227_399
VLOG[2] (compute-mfcc-feats[5.3.24~1-c948]:main():compute-mfcc-feats.cc:173) Processed features for key p227_400
VLOG[2] (compute-mfcc-feats[5.3.24~1-c948]:main():compute-mfcc-feats.cc:173) Processed features for key p227_401
VLOG[2] (compute-mfcc-feats[5.3.24~1-c948]:main():compute-mfcc-feats.cc:173) Processed features for key p227_402
VLOG[2] (compute-mfcc-feats[5.3.24~1-c948]:main():compute-mfcc-feats.cc:173) Processed features for key p228_001
VLOG[2] (compute-mfcc-feats[5.3.24~1-c948]:main():compute-mfcc-feats.cc:173) Processed features for key p228_002
VLOG[2] (compute-mfcc-feats[5.3.24~1-c948]:main():compute-mfcc-feats.cc:173) Processed features for key p228_003
VLOG[2] (compute-mfcc-feats[5.3.24~1-c948]:main():compute-mfcc-feats.cc:173) Processed features for key p228_004
VLOG[2] (compute-mfcc-feats[5.3.24~1-c948]:main():compute-mfcc-feats.cc:173) Processed features for key p228_005
LOG (compute-mfcc-feats[5.3.24~1-c948]:main():compute-mfcc-feats.cc:172) Processed 320 utterances
VLOG[2] (compute-mfcc-feats[5.3.24~1-c948]:main():compute-mfcc-feats.cc:173) Processed features for key p228_006
VLOG[2] (compute-mfcc-feats[5.3.24~1-c948]:main():compute-mfcc-feats.cc:173) Processed features for key p228_007
VLOG[2] (compute-mfcc-feats[5.3.24~1-c948]:main():compute-mfcc-feats.cc:173) Processed features for key p228_008
VLOG[2] (compute-mfcc-feats[5.3.24~1-c948]:main():compute-mfcc-feats.cc:173) Processed features for key p228_009
VLOG[2] (compute-mfcc-feats[5.3.24~1-c948]:main():compute-mfcc-feats.cc:173) Processed features for key p228_010
VLOG[2] (compute-mfcc-feats[5.3.24~1-c948]:main():compute-mfcc-feats.cc:173) Processed features for key p228_011
VLOG[2] (compute-mfcc-feats[5.3.24~1-c948]:main():compute-mfcc-feats.cc:173) Processed features for key p228_012
VLOG[2] (compute-mfcc-feats[5.3.24~1-c948]:main():compute-mfcc-feats.cc:173) Processed features for key p228_013
VLOG[2] (compute-mfcc-feats[5.3.24~1-c948]:main():compute-mfcc-feats.cc:173) Processed features for key p228_014
VLOG[2] (compute-mfcc-feats[5.3.24~1-c948]:main():compute-mfcc-feats.cc:173) Processed features for key p228_015
LOG (compute-mfcc-feats[5.3.24~1-c948]:main():compute-mfcc-feats.cc:172) Processed 330 utterances
VLOG[2] (compute-mfcc-feats[5.3.24~1-c948]:main():compute-mfcc-feats.cc:173) Processed features for key p228_016
VLOG[2] (compute-mfcc-feats[5.3.24~1-c948]:main():compute-mfcc-feats.cc:173) Processed features for key p228_018
VLOG[2] (compute-mfcc-feats[5.3.24~1-c948]:main():compute-mfcc-feats.cc:173) Processed features for key p228_019
VLOG[2] (compute-mfcc-feats[5.3.24~1-c948]:main():compute-mfcc-feats.cc:173) Processed features for key p228_020
VLOG[2] (compute-mfcc-feats[5.3.24~1-c948]:main():compute-mfcc-feats.cc:173) Processed features for key p228_021
VLOG[2] (compute-mfcc-feats[5.3.24~1-c948]:main():compute-mfcc-feats.cc:173) Processed features for key p228_022
VLOG[2] (compute-mfcc-feats[5.3.24~1-c948]:main():compute-mfcc-feats.cc:173) Processed features for key p228_023
VLOG[2] (compute-mfcc-feats[5.3.24~1-c948]:main():compute-mfcc-feats.cc:173) Processed features for key p228_024
VLOG[2] (compute-mfcc-feats[5.3.24~1-c948]:main():compute-mfcc-feats.cc:173) Processed features for key p228_025
VLOG[2] (compute-mfcc-feats[5.3.24~1-c948]:main():compute-mfcc-feats.cc:173) Processed features for key p228_026
LOG (compute-mfcc-feats[5.3.24~1-c948]:main():compute-mfcc-feats.cc:172) Processed 340 utterances
VLOG[2] (compute-mfcc-feats[5.3.24~1-c948]:main():compute-mfcc-feats.cc:173) Processed features for key p228_027
VLOG[2] (compute-mfcc-feats[5.3.24~1-c948]:main():compute-mfcc-feats.cc:173) Processed features for key p228_028
VLOG[2] (compute-mfcc-feats[5.3.24~1-c948]:main():compute-mfcc-feats.cc:173) Processed features for key p228_029
VLOG[2] (compute-mfcc-feats[5.3.24~1-c948]:main():compute-mfcc-feats.cc:173) Processed features for key p228_030
VLOG[2] (compute-mfcc-feats[5.3.24~1-c948]:main():compute-mfcc-feats.cc:173) Processed features for key p228_031
VLOG[2] (compute-mfcc-feats[5.3.24~1-c948]:main():compute-mfcc-feats.cc:173) Processed features for key p228_032
VLOG[2] (compute-mfcc-feats[5.3.24~1-c948]:main():compute-mfcc-feats.cc:173) Processed features for key p228_033
VLOG[2] (compute-mfcc-feats[5.3.24~1-c948]:main():compute-mfcc-feats.cc:173) Processed features for key p228_034
VLOG[2] (compute-mfcc-feats[5.3.24~1-c948]:main():compute-mfcc-feats.cc:173) Processed features for key p228_035
VLOG[2] (compute-mfcc-feats[5.3.24~1-c948]:main():compute-mfcc-feats.cc:173) Processed features for key p228_036
LOG (compute-mfcc-feats[5.3.24~1-c948]:main():compute-mfcc-feats.cc:172) Processed 350 utterances
VLOG[2] (compute-mfcc-feats[5.3.24~1-c948]:main():compute-mfcc-feats.cc:173) Processed features for key p228_037
VLOG[2] (compute-mfcc-feats[5.3.24~1-c948]:main():compute-mfcc-feats.cc:173) Processed features for key p228_038
VLOG[2] (compute-mfcc-feats[5.3.24~1-c948]:main():compute-mfcc-feats.cc:173) Processed features for key p228_039
VLOG[2] (compute-mfcc-feats[5.3.24~1-c948]:main():compute-mfcc-feats.cc:173) Processed features for key p228_040
VLOG[2] (compute-mfcc-feats[5.3.24~1-c948]:main():compute-mfcc-feats.cc:173) Processed features for key p228_041
VLOG[2] (compute-mfcc-feats[5.3.24~1-c948]:main():compute-mfcc-feats.cc:173) Processed features for key p228_042
VLOG[2] (compute-mfcc-feats[5.3.24~1-c948]:main():compute-mfcc-feats.cc:173) Processed features for key p228_043
VLOG[2] (compute-mfcc-feats[5.3.24~1-c948]:main():compute-mfcc-feats.cc:173) Processed features for key p228_044
VLOG[2] (compute-mfcc-feats[5.3.24~1-c948]:main():compute-mfcc-feats.cc:173) Processed features for key p228_045
VLOG[2] (compute-mfcc-feats[5.3.24~1-c948]:main():compute-mfcc-feats.cc:173) Processed features for key p228_046
LOG (compute-mfcc-feats[5.3.24~1-c948]:main():compute-mfcc-feats.cc:172) Processed 360 utterances
VLOG[2] (compute-mfcc-feats[5.3.24~1-c948]:main():compute-mfcc-feats.cc:173) Processed features for key p228_047
VLOG[2] (compute-mfcc-feats[5.3.24~1-c948]:main():compute-mfcc-feats.cc:173) Processed features for key p228_048
VLOG[2] (compute-mfcc-feats[5.3.24~1-c948]:main():compute-mfcc-feats.cc:173) Processed features for key p228_049
VLOG[2] (compute-mfcc-feats[5.3.24~1-c948]:main():compute-mfcc-feats.cc:173) Processed features for key p228_050
VLOG[2] (compute-mfcc-feats[5.3.24~1-c948]:main():compute-mfcc-feats.cc:173) Processed features for key p228_051
VLOG[2] (compute-mfcc-feats[5.3.24~1-c948]:main():compute-mfcc-feats.cc:173) Processed features for key p228_052
VLOG[2] (compute-mfcc-feats[5.3.24~1-c948]:main():compute-mfcc-feats.cc:173) Processed features for key p228_053
VLOG[2] (compute-mfcc-feats[5.3.24~1-c948]:main():compute-mfcc-feats.cc:173) Processed features for key p228_054
VLOG[2] (compute-mfcc-feats[5.3.24~1-c948]:main():compute-mfcc-feats.cc:173) Processed features for key p228_055
VLOG[2] (compute-mfcc-feats[5.3.24~1-c948]:main():compute-mfcc-feats.cc:173) Processed features for key p228_056
LOG (compute-mfcc-feats[5.3.24~1-c948]:main():compute-mfcc-feats.cc:172) Processed 370 utterances
VLOG[2] (compute-mfcc-feats[5.3.24~1-c948]:main():compute-mfcc-feats.cc:173) Processed features for key p228_057
VLOG[2] (compute-mfcc-feats[5.3.24~1-c948]:main():compute-mfcc-feats.cc:173) Processed features for key p228_058
VLOG[2] (compute-mfcc-feats[5.3.24~1-c948]:main():compute-mfcc-feats.cc:173) Processed features for key p228_059
VLOG[2] (compute-mfcc-feats[5.3.24~1-c948]:main():compute-mfcc-feats.cc:173) Processed features for key p228_060
VLOG[2] (compute-mfcc-feats[5.3.24~1-c948]:main():compute-mfcc-feats.cc:173) Processed features for key p228_061
VLOG[2] (compute-mfcc-feats[5.3.24~1-c948]:main():compute-mfcc-feats.cc:173) Processed features for key p228_062
VLOG[2] (compute-mfcc-feats[5.3.24~1-c948]:main():compute-mfcc-feats.cc:173) Processed features for key p228_063
VLOG[2] (compute-mfcc-feats[5.3.24~1-c948]:main():compute-mfcc-feats.cc:173) Processed features for key p228_064
VLOG[2] (compute-mfcc-feats[5.3.24~1-c948]:main():compute-mfcc-feats.cc:173) Processed features for key p228_065
VLOG[2] (compute-mfcc-feats[5.3.24~1-c948]:main():compute-mfcc-feats.cc:173) Processed features for key p228_066
LOG (compute-mfcc-feats[5.3.24~1-c948]:main():compute-mfcc-feats.cc:172) Processed 380 utterances
VLOG[2] (compute-mfcc-feats[5.3.24~1-c948]:main():compute-mfcc-feats.cc:173) Processed features for key p228_067
VLOG[2] (compute-mfcc-feats[5.3.24~1-c948]:main():compute-mfcc-feats.cc:173) Processed features for key p228_068
VLOG[2] (compute-mfcc-feats[5.3.24~1-c948]:main():compute-mfcc-feats.cc:173) Processed features for key p228_069
VLOG[2] (compute-mfcc-feats[5.3.24~1-c948]:main():compute-mfcc-feats.cc:173) Processed features for key p228_070
VLOG[2] (compute-mfcc-feats[5.3.24~1-c948]:main():compute-mfcc-feats.cc:173) Processed features for key p228_071
VLOG[2] (compute-mfcc-feats[5.3.24~1-c948]:main():compute-mfcc-feats.cc:173) Processed features for key p228_072
VLOG[2] (compute-mfcc-feats[5.3.24~1-c948]:main():compute-mfcc-feats.cc:173) Processed features for key p228_073
VLOG[2] (compute-mfcc-feats[5.3.24~1-c948]:main():compute-mfcc-feats.cc:173) Processed features for key p228_074
VLOG[2] (compute-mfcc-feats[5.3.24~1-c948]:main():compute-mfcc-feats.cc:173) Processed features for key p228_075
VLOG[2] (compute-mfcc-feats[5.3.24~1-c948]:main():compute-mfcc-feats.cc:173) Processed features for key p228_076
LOG (compute-mfcc-feats[5.3.24~1-c948]:main():compute-mfcc-feats.cc:172) Processed 390 utterances
VLOG[2] (compute-mfcc-feats[5.3.24~1-c948]:main():compute-mfcc-feats.cc:173) Processed features for key p228_077
VLOG[2] (compute-mfcc-feats[5.3.24~1-c948]:main():compute-mfcc-feats.cc:173) Processed features for key p228_078
VLOG[2] (compute-mfcc-feats[5.3.24~1-c948]:main():compute-mfcc-feats.cc:173) Processed features for key p228_079
VLOG[2] (compute-mfcc-feats[5.3.24~1-c948]:main():compute-mfcc-feats.cc:173) Processed features for key p228_081
VLOG[2] (compute-mfcc-feats[5.3.24~1-c948]:main():compute-mfcc-feats.cc:173) Processed features for key p228_082
VLOG[2] (compute-mfcc-feats[5.3.24~1-c948]:main():compute-mfcc-feats.cc:173) Processed features for key p228_083
VLOG[2] (compute-mfcc-feats[5.3.24~1-c948]:main():compute-mfcc-feats.cc:173) Processed features for key p228_084
VLOG[2] (compute-mfcc-feats[5.3.24~1-c948]:main():compute-mfcc-feats.cc:173) Processed features for key p228_085
VLOG[2] (compute-mfcc-feats[5.3.24~1-c948]:main():compute-mfcc-feats.cc:173) Processed features for key p228_086
VLOG[2] (compute-mfcc-feats[5.3.24~1-c948]:main():compute-mfcc-feats.cc:173) Processed features for key p228_087
LOG (compute-mfcc-feats[5.3.24~1-c948]:main():compute-mfcc-feats.cc:172) Processed 400 utterances
VLOG[2] (compute-mfcc-feats[5.3.24~1-c948]:main():compute-mfcc-feats.cc:173) Processed features for key p228_088
VLOG[2] (compute-mfcc-feats[5.3.24~1-c948]:main():compute-mfcc-feats.cc:173) Processed features for key p228_089
VLOG[2] (compute-mfcc-feats[5.3.24~1-c948]:main():compute-mfcc-feats.cc:173) Processed features for key p228_090
VLOG[2] (compute-mfcc-feats[5.3.24~1-c948]:main():compute-mfcc-feats.cc:173) Processed features for key p228_091
VLOG[2] (compute-mfcc-feats[5.3.24~1-c948]:main():compute-mfcc-feats.cc:173) Processed features for key p228_092
VLOG[2] (compute-mfcc-feats[5.3.24~1-c948]:main():compute-mfcc-feats.cc:173) Processed features for key p228_093
VLOG[2] (compute-mfcc-feats[5.3.24~1-c948]:main():compute-mfcc-feats.cc:173) Processed features for key p228_094
VLOG[2] (compute-mfcc-feats[5.3.24~1-c948]:main():compute-mfcc-feats.cc:173) Processed features for key p228_095
VLOG[2] (compute-mfcc-feats[5.3.24~1-c948]:main():compute-mfcc-feats.cc:173) Processed features for key p228_096
VLOG[2] (compute-mfcc-feats[5.3.24~1-c948]:main():compute-mfcc-feats.cc:173) Processed features for key p228_097
LOG (compute-mfcc-feats[5.3.24~1-c948]:main():compute-mfcc-feats.cc:172) Processed 410 utterances
VLOG[2] (compute-mfcc-feats[5.3.24~1-c948]:main():compute-mfcc-feats.cc:173) Processed features for key p228_098
VLOG[2] (compute-mfcc-feats[5.3.24~1-c948]:main():compute-mfcc-feats.cc:173) Processed features for key p228_099
VLOG[2] (compute-mfcc-feats[5.3.24~1-c948]:main():compute-mfcc-feats.cc:173) Processed features for key p228_100
VLOG[2] (compute-mfcc-feats[5.3.24~1-c948]:main():compute-mfcc-feats.cc:173) Processed features for key p228_101
VLOG[2] (compute-mfcc-feats[5.3.24~1-c948]:main():compute-mfcc-feats.cc:173) Processed features for key p228_102
VLOG[2] (compute-mfcc-feats[5.3.24~1-c948]:main():compute-mfcc-feats.cc:173) Processed features for key p228_103
VLOG[2] (compute-mfcc-feats[5.3.24~1-c948]:main():compute-mfcc-feats.cc:173) Processed features for key p228_104
VLOG[2] (compute-mfcc-feats[5.3.24~1-c948]:main():compute-mfcc-feats.cc:173) Processed features for key p228_105
VLOG[2] (compute-mfcc-feats[5.3.24~1-c948]:main():compute-mfcc-feats.cc:173) Processed features for key p228_106
VLOG[2] (compute-mfcc-feats[5.3.24~1-c948]:main():compute-mfcc-feats.cc:173) Processed features for key p228_107
LOG (compute-mfcc-feats[5.3.24~1-c948]:main():compute-mfcc-feats.cc:172) Processed 420 utterances
VLOG[2] (compute-mfcc-feats[5.3.24~1-c948]:main():compute-mfcc-feats.cc:173) Processed features for key p228_108
VLOG[2] (compute-mfcc-feats[5.3.24~1-c948]:main():compute-mfcc-feats.cc:173) Processed features for key p228_109
VLOG[2] (compute-mfcc-feats[5.3.24~1-c948]:main():compute-mfcc-feats.cc:173) Processed features for key p228_110
VLOG[2] (compute-mfcc-feats[5.3.24~1-c948]:main():compute-mfcc-feats.cc:173) Processed features for key p228_111
VLOG[2] (compute-mfcc-feats[5.3.24~1-c948]:main():compute-mfcc-feats.cc:173) Processed features for key p228_112
VLOG[2] (compute-mfcc-feats[5.3.24~1-c948]:main():compute-mfcc-feats.cc:173) Processed features for key p228_113
VLOG[2] (compute-mfcc-feats[5.3.24~1-c948]:main():compute-mfcc-feats.cc:173) Processed features for key p228_114
VLOG[2] (compute-mfcc-feats[5.3.24~1-c948]:main():compute-mfcc-feats.cc:173) Processed features for key p228_115
VLOG[2] (compute-mfcc-feats[5.3.24~1-c948]:main():compute-mfcc-feats.cc:173) Processed features for key p228_116
VLOG[2] (compute-mfcc-feats[5.3.24~1-c948]:main():compute-mfcc-feats.cc:173) Processed features for key p228_117
LOG (compute-mfcc-feats[5.3.24~1-c948]:main():compute-mfcc-feats.cc:172) Processed 430 utterances
VLOG[2] (compute-mfcc-feats[5.3.24~1-c948]:main():compute-mfcc-feats.cc:173) Processed features for key p228_118
VLOG[2] (compute-mfcc-feats[5.3.24~1-c948]:main():compute-mfcc-feats.cc:173) Processed features for key p228_119
VLOG[2] (compute-mfcc-feats[5.3.24~1-c948]:main():compute-mfcc-feats.cc:173) Processed features for key p228_120
VLOG[2] (compute-mfcc-feats[5.3.24~1-c948]:main():compute-mfcc-feats.cc:173) Processed features for key p228_121
VLOG[2] (compute-mfcc-feats[5.3.24~1-c948]:main():compute-mfcc-feats.cc:173) Processed features for key p228_122
VLOG[2] (compute-mfcc-feats[5.3.24~1-c948]:main():compute-mfcc-feats.cc:173) Processed features for key p228_123
VLOG[2] (compute-mfcc-feats[5.3.24~1-c948]:main():compute-mfcc-feats.cc:173) Processed features for key p228_124
VLOG[2] (compute-mfcc-feats[5.3.24~1-c948]:main():compute-mfcc-feats.cc:173) Processed features for key p228_125
VLOG[2] (compute-mfcc-feats[5.3.24~1-c948]:main():compute-mfcc-feats.cc:173) Processed features for key p228_126
VLOG[2] (compute-mfcc-feats[5.3.24~1-c948]:main():compute-mfcc-feats.cc:173) Processed features for key p228_127
LOG (compute-mfcc-feats[5.3.24~1-c948]:main():compute-mfcc-feats.cc:172) Processed 440 utterances
VLOG[2] (compute-mfcc-feats[5.3.24~1-c948]:main():compute-mfcc-feats.cc:173) Processed features for key p228_128
VLOG[2] (compute-mfcc-feats[5.3.24~1-c948]:main():compute-mfcc-feats.cc:173) Processed features for key p228_129
VLOG[2] (compute-mfcc-feats[5.3.24~1-c948]:main():compute-mfcc-feats.cc:173) Processed features for key p228_130
VLOG[2] (compute-mfcc-feats[5.3.24~1-c948]:main():compute-mfcc-feats.cc:173) Processed features for key p228_131
VLOG[2] (compute-mfcc-feats[5.3.24~1-c948]:main():compute-mfcc-feats.cc:173) Processed features for key p228_132
VLOG[2] (compute-mfcc-feats[5.3.24~1-c948]:main():compute-mfcc-feats.cc:173) Processed features for key p228_133
VLOG[2] (compute-mfcc-feats[5.3.24~1-c948]:main():compute-mfcc-feats.cc:173) Processed features for key p228_134
VLOG[2] (compute-mfcc-feats[5.3.24~1-c948]:main():compute-mfcc-feats.cc:173) Processed features for key p228_135
VLOG[2] (compute-mfcc-feats[5.3.24~1-c948]:main():compute-mfcc-feats.cc:173) Processed features for key p228_136
VLOG[2] (compute-mfcc-feats[5.3.24~1-c948]:main():compute-mfcc-feats.cc:173) Processed features for key p228_137
LOG (compute-mfcc-feats[5.3.24~1-c948]:main():compute-mfcc-feats.cc:172) Processed 450 utterances
VLOG[2] (compute-mfcc-feats[5.3.24~1-c948]:main():compute-mfcc-feats.cc:173) Processed features for key p228_138
VLOG[2] (compute-mfcc-feats[5.3.24~1-c948]:main():compute-mfcc-feats.cc:173) Processed features for key p228_139
VLOG[2] (compute-mfcc-feats[5.3.24~1-c948]:main():compute-mfcc-feats.cc:173) Processed features for key p228_140
VLOG[2] (compute-mfcc-feats[5.3.24~1-c948]:main():compute-mfcc-feats.cc:173) Processed features for key p228_141
VLOG[2] (compute-mfcc-feats[5.3.24~1-c948]:main():compute-mfcc-feats.cc:173) Processed features for key p228_142
VLOG[2] (compute-mfcc-feats[5.3.24~1-c948]:main():compute-mfcc-feats.cc:173) Processed features for key p228_143
VLOG[2] (compute-mfcc-feats[5.3.24~1-c948]:main():compute-mfcc-feats.cc:173) Processed features for key p228_144
VLOG[2] (compute-mfcc-feats[5.3.24~1-c948]:main():compute-mfcc-feats.cc:173) Processed features for key p228_145
VLOG[2] (compute-mfcc-feats[5.3.24~1-c948]:main():compute-mfcc-feats.cc:173) Processed features for key p228_146
VLOG[2] (compute-mfcc-feats[5.3.24~1-c948]:main():compute-mfcc-feats.cc:173) Processed features for key p228_147
LOG (compute-mfcc-feats[5.3.24~1-c948]:main():compute-mfcc-feats.cc:172) Processed 460 utterances
VLOG[2] (compute-mfcc-feats[5.3.24~1-c948]:main():compute-mfcc-feats.cc:173) Processed features for key p228_148
VLOG[2] (compute-mfcc-feats[5.3.24~1-c948]:main():compute-mfcc-feats.cc:173) Processed features for key p228_149
VLOG[2] (compute-mfcc-feats[5.3.24~1-c948]:main():compute-mfcc-feats.cc:173) Processed features for key p228_150
VLOG[2] (compute-mfcc-feats[5.3.24~1-c948]:main():compute-mfcc-feats.cc:173) Processed features for key p228_151
VLOG[2] (compute-mfcc-feats[5.3.24~1-c948]:main():compute-mfcc-feats.cc:173) Processed features for key p228_152
VLOG[2] (compute-mfcc-feats[5.3.24~1-c948]:main():compute-mfcc-feats.cc:173) Processed features for key p228_153
VLOG[2] (compute-mfcc-feats[5.3.24~1-c948]:main():compute-mfcc-feats.cc:173) Processed features for key p228_154
VLOG[2] (compute-mfcc-feats[5.3.24~1-c948]:main():compute-mfcc-feats.cc:173) Processed features for key p228_155
VLOG[2] (compute-mfcc-feats[5.3.24~1-c948]:main():compute-mfcc-feats.cc:173) Processed features for key p228_156
VLOG[2] (compute-mfcc-feats[5.3.24~1-c948]:main():compute-mfcc-feats.cc:173) Processed features for key p228_157
LOG (compute-mfcc-feats[5.3.24~1-c948]:main():compute-mfcc-feats.cc:172) Processed 470 utterances
VLOG[2] (compute-mfcc-feats[5.3.24~1-c948]:main():compute-mfcc-feats.cc:173) Processed features for key p228_158
VLOG[2] (compute-mfcc-feats[5.3.24~1-c948]:main():compute-mfcc-feats.cc:173) Processed features for key p228_159
VLOG[2] (compute-mfcc-feats[5.3.24~1-c948]:main():compute-mfcc-feats.cc:173) Processed features for key p228_160
VLOG[2] (compute-mfcc-feats[5.3.24~1-c948]:main():compute-mfcc-feats.cc:173) Processed features for key p228_161
VLOG[2] (compute-mfcc-feats[5.3.24~1-c948]:main():compute-mfcc-feats.cc:173) Processed features for key p228_162
VLOG[2] (compute-mfcc-feats[5.3.24~1-c948]:main():compute-mfcc-feats.cc:173) Processed features for key p228_163
VLOG[2] (compute-mfcc-feats[5.3.24~1-c948]:main():compute-mfcc-feats.cc:173) Processed features for key p228_164
VLOG[2] (compute-mfcc-feats[5.3.24~1-c948]:main():compute-mfcc-feats.cc:173) Processed features for key p228_165
VLOG[2] (compute-mfcc-feats[5.3.24~1-c948]:main():compute-mfcc-feats.cc:173) Processed features for key p228_166
VLOG[2] (compute-mfcc-feats[5.3.24~1-c948]:main():compute-mfcc-feats.cc:173) Processed features for key p228_167
LOG (compute-mfcc-feats[5.3.24~1-c948]:main():compute-mfcc-feats.cc:172) Processed 480 utterances
VLOG[2] (compute-mfcc-feats[5.3.24~1-c948]:main():compute-mfcc-feats.cc:173) Processed features for key p228_168
VLOG[2] (compute-mfcc-feats[5.3.24~1-c948]:main():compute-mfcc-feats.cc:173) Processed features for key p228_169
VLOG[2] (compute-mfcc-feats[5.3.24~1-c948]:main():compute-mfcc-feats.cc:173) Processed features for key p228_170
VLOG[2] (compute-mfcc-feats[5.3.24~1-c948]:main():compute-mfcc-feats.cc:173) Processed features for key p228_171
VLOG[2] (compute-mfcc-feats[5.3.24~1-c948]:main():compute-mfcc-feats.cc:173) Processed features for key p228_172
VLOG[2] (compute-mfcc-feats[5.3.24~1-c948]:main():compute-mfcc-feats.cc:173) Processed features for key p228_173
VLOG[2] (compute-mfcc-feats[5.3.24~1-c948]:main():compute-mfcc-feats.cc:173) Processed features for key p228_174
VLOG[2] (compute-mfcc-feats[5.3.24~1-c948]:main():compute-mfcc-feats.cc:173) Processed features for key p228_175
VLOG[2] (compute-mfcc-feats[5.3.24~1-c948]:main():compute-mfcc-feats.cc:173) Processed features for key p228_176
VLOG[2] (compute-mfcc-feats[5.3.24~1-c948]:main():compute-mfcc-feats.cc:173) Processed features for key p228_177
LOG (compute-mfcc-feats[5.3.24~1-c948]:main():compute-mfcc-feats.cc:172) Processed 490 utterances
VLOG[2] (compute-mfcc-feats[5.3.24~1-c948]:main():compute-mfcc-feats.cc:173) Processed features for key p228_178
VLOG[2] (compute-mfcc-feats[5.3.24~1-c948]:main():compute-mfcc-feats.cc:173) Processed features for key p228_179
VLOG[2] (compute-mfcc-feats[5.3.24~1-c948]:main():compute-mfcc-feats.cc:173) Processed features for key p228_180
VLOG[2] (compute-mfcc-feats[5.3.24~1-c948]:main():compute-mfcc-feats.cc:173) Processed features for key p228_181
VLOG[2] (compute-mfcc-feats[5.3.24~1-c948]:main():compute-mfcc-feats.cc:173) Processed features for key p228_182
VLOG[2] (compute-mfcc-feats[5.3.24~1-c948]:main():compute-mfcc-feats.cc:173) Processed features for key p228_183
VLOG[2] (compute-mfcc-feats[5.3.24~1-c948]:main():compute-mfcc-feats.cc:173) Processed features for key p228_184
VLOG[2] (compute-mfcc-feats[5.3.24~1-c948]:main():compute-mfcc-feats.cc:173) Processed features for key p228_185
VLOG[2] (compute-mfcc-feats[5.3.24~1-c948]:main():compute-mfcc-feats.cc:173) Processed features for key p228_186
VLOG[2] (compute-mfcc-feats[5.3.24~1-c948]:main():compute-mfcc-feats.cc:173) Processed features for key p228_187
LOG (compute-mfcc-feats[5.3.24~1-c948]:main():compute-mfcc-feats.cc:172) Processed 500 utterances
VLOG[2] (compute-mfcc-feats[5.3.24~1-c948]:main():compute-mfcc-feats.cc:173) Processed features for key p228_188
VLOG[2] (compute-mfcc-feats[5.3.24~1-c948]:main():compute-mfcc-feats.cc:173) Processed features for key p228_189
VLOG[2] (compute-mfcc-feats[5.3.24~1-c948]:main():compute-mfcc-feats.cc:173) Processed features for key p228_190
VLOG[2] (compute-mfcc-feats[5.3.24~1-c948]:main():compute-mfcc-feats.cc:173) Processed features for key p228_191
VLOG[2] (compute-mfcc-feats[5.3.24~1-c948]:main():compute-mfcc-feats.cc:173) Processed features for key p228_192
VLOG[2] (compute-mfcc-feats[5.3.24~1-c948]:main():compute-mfcc-feats.cc:173) Processed features for key p228_193
VLOG[2] (compute-mfcc-feats[5.3.24~1-c948]:main():compute-mfcc-feats.cc:173) Processed features for key p228_194
VLOG[2] (compute-mfcc-feats[5.3.24~1-c948]:main():compute-mfcc-feats.cc:173) Processed features for key p228_195
VLOG[2] (compute-mfcc-feats[5.3.24~1-c948]:main():compute-mfcc-feats.cc:173) Processed features for key p228_196
VLOG[2] (compute-mfcc-feats[5.3.24~1-c948]:main():compute-mfcc-feats.cc:173) Processed features for key p228_197
LOG (compute-mfcc-feats[5.3.24~1-c948]:main():compute-mfcc-feats.cc:172) Processed 510 utterances
VLOG[2] (compute-mfcc-feats[5.3.24~1-c948]:main():compute-mfcc-feats.cc:173) Processed features for key p228_198
VLOG[2] (compute-mfcc-feats[5.3.24~1-c948]:main():compute-mfcc-feats.cc:173) Processed features for key p228_199
VLOG[2] (compute-mfcc-feats[5.3.24~1-c948]:main():compute-mfcc-feats.cc:173) Processed features for key p228_200
VLOG[2] (compute-mfcc-feats[5.3.24~1-c948]:main():compute-mfcc-feats.cc:173) Processed features for key p228_202
VLOG[2] (compute-mfcc-feats[5.3.24~1-c948]:main():compute-mfcc-feats.cc:173) Processed features for key p228_203
VLOG[2] (compute-mfcc-feats[5.3.24~1-c948]:main():compute-mfcc-feats.cc:173) Processed features for key p228_204
VLOG[2] (compute-mfcc-feats[5.3.24~1-c948]:main():compute-mfcc-feats.cc:173) Processed features for key p228_205
VLOG[2] (compute-mfcc-feats[5.3.24~1-c948]:main():compute-mfcc-feats.cc:173) Processed features for key p228_206
VLOG[2] (compute-mfcc-feats[5.3.24~1-c948]:main():compute-mfcc-feats.cc:173) Processed features for key p228_207
VLOG[2] (compute-mfcc-feats[5.3.24~1-c948]:main():compute-mfcc-feats.cc:173) Processed features for key p228_208
LOG (compute-mfcc-feats[5.3.24~1-c948]:main():compute-mfcc-feats.cc:172) Processed 520 utterances
VLOG[2] (compute-mfcc-feats[5.3.24~1-c948]:main():compute-mfcc-feats.cc:173) Processed features for key p228_209
VLOG[2] (compute-mfcc-feats[5.3.24~1-c948]:main():compute-mfcc-feats.cc:173) Processed features for key p228_210
VLOG[2] (compute-mfcc-feats[5.3.24~1-c948]:main():compute-mfcc-feats.cc:173) Processed features for key p228_211
VLOG[2] (compute-mfcc-feats[5.3.24~1-c948]:main():compute-mfcc-feats.cc:173) Processed features for key p228_212
VLOG[2] (compute-mfcc-feats[5.3.24~1-c948]:main():compute-mfcc-feats.cc:173) Processed features for key p228_213
VLOG[2] (compute-mfcc-feats[5.3.24~1-c948]:main():compute-mfcc-feats.cc:173) Processed features for key p228_214
VLOG[2] (compute-mfcc-feats[5.3.24~1-c948]:main():compute-mfcc-feats.cc:173) Processed features for key p228_215
VLOG[2] (compute-mfcc-feats[5.3.24~1-c948]:main():compute-mfcc-feats.cc:173) Processed features for key p228_216
VLOG[2] (compute-mfcc-feats[5.3.24~1-c948]:main():compute-mfcc-feats.cc:173) Processed features for key p228_217
VLOG[2] (compute-mfcc-feats[5.3.24~1-c948]:main():compute-mfcc-feats.cc:173) Processed features for key p228_218
LOG (compute-mfcc-feats[5.3.24~1-c948]:main():compute-mfcc-feats.cc:172) Processed 530 utterances
VLOG[2] (compute-mfcc-feats[5.3.24~1-c948]:main():compute-mfcc-feats.cc:173) Processed features for key p228_219
VLOG[2] (compute-mfcc-feats[5.3.24~1-c948]:main():compute-mfcc-feats.cc:173) Processed features for key p228_220
VLOG[2] (compute-mfcc-feats[5.3.24~1-c948]:main():compute-mfcc-feats.cc:173) Processed features for key p228_221
VLOG[2] (compute-mfcc-feats[5.3.24~1-c948]:main():compute-mfcc-feats.cc:173) Processed features for key p228_222
VLOG[2] (compute-mfcc-feats[5.3.24~1-c948]:main():compute-mfcc-feats.cc:173) Processed features for key p228_223
VLOG[2] (compute-mfcc-feats[5.3.24~1-c948]:main():compute-mfcc-feats.cc:173) Processed features for key p228_224
VLOG[2] (compute-mfcc-feats[5.3.24~1-c948]:main():compute-mfcc-feats.cc:173) Processed features for key p228_225
VLOG[2] (compute-mfcc-feats[5.3.24~1-c948]:main():compute-mfcc-feats.cc:173) Processed features for key p228_226
VLOG[2] (compute-mfcc-feats[5.3.24~1-c948]:main():compute-mfcc-feats.cc:173) Processed features for key p228_227
VLOG[2] (compute-mfcc-feats[5.3.24~1-c948]:main():compute-mfcc-feats.cc:173) Processed features for key p228_228
LOG (compute-mfcc-feats[5.3.24~1-c948]:main():compute-mfcc-feats.cc:172) Processed 540 utterances
VLOG[2] (compute-mfcc-feats[5.3.24~1-c948]:main():compute-mfcc-feats.cc:173) Processed features for key p228_229
VLOG[2] (compute-mfcc-feats[5.3.24~1-c948]:main():compute-mfcc-feats.cc:173) Processed features for key p228_230
VLOG[2] (compute-mfcc-feats[5.3.24~1-c948]:main():compute-mfcc-feats.cc:173) Processed features for key p228_231
VLOG[2] (compute-mfcc-feats[5.3.24~1-c948]:main():compute-mfcc-feats.cc:173) Processed features for key p228_232
VLOG[2] (compute-mfcc-feats[5.3.24~1-c948]:main():compute-mfcc-feats.cc:173) Processed features for key p228_233
VLOG[2] (compute-mfcc-feats[5.3.24~1-c948]:main():compute-mfcc-feats.cc:173) Processed features for key p228_234
VLOG[2] (compute-mfcc-feats[5.3.24~1-c948]:main():compute-mfcc-feats.cc:173) Processed features for key p228_235
VLOG[2] (compute-mfcc-feats[5.3.24~1-c948]:main():compute-mfcc-feats.cc:173) Processed features for key p228_236
VLOG[2] (compute-mfcc-feats[5.3.24~1-c948]:main():compute-mfcc-feats.cc:173) Processed features for key p228_237
VLOG[2] (compute-mfcc-feats[5.3.24~1-c948]:main():compute-mfcc-feats.cc:173) Processed features for key p228_238
LOG (compute-mfcc-feats[5.3.24~1-c948]:main():compute-mfcc-feats.cc:172) Processed 550 utterances
VLOG[2] (compute-mfcc-feats[5.3.24~1-c948]:main():compute-mfcc-feats.cc:173) Processed features for key p228_239
VLOG[2] (compute-mfcc-feats[5.3.24~1-c948]:main():compute-mfcc-feats.cc:173) Processed features for key p228_240
VLOG[2] (compute-mfcc-feats[5.3.24~1-c948]:main():compute-mfcc-feats.cc:173) Processed features for key p228_241
VLOG[2] (compute-mfcc-feats[5.3.24~1-c948]:main():compute-mfcc-feats.cc:173) Processed features for key p228_242
VLOG[2] (compute-mfcc-feats[5.3.24~1-c948]:main():compute-mfcc-feats.cc:173) Processed features for key p228_243
VLOG[2] (compute-mfcc-feats[5.3.24~1-c948]:main():compute-mfcc-feats.cc:173) Processed features for key p228_244
VLOG[2] (compute-mfcc-feats[5.3.24~1-c948]:main():compute-mfcc-feats.cc:173) Processed features for key p228_245
VLOG[2] (compute-mfcc-feats[5.3.24~1-c948]:main():compute-mfcc-feats.cc:173) Processed features for key p228_246
VLOG[2] (compute-mfcc-feats[5.3.24~1-c948]:main():compute-mfcc-feats.cc:173) Processed features for key p228_247
VLOG[2] (compute-mfcc-feats[5.3.24~1-c948]:main():compute-mfcc-feats.cc:173) Processed features for key p228_248
LOG (compute-mfcc-feats[5.3.24~1-c948]:main():compute-mfcc-feats.cc:172) Processed 560 utterances
VLOG[2] (compute-mfcc-feats[5.3.24~1-c948]:main():compute-mfcc-feats.cc:173) Processed features for key p228_249
VLOG[2] (compute-mfcc-feats[5.3.24~1-c948]:main():compute-mfcc-feats.cc:173) Processed features for key p228_250
VLOG[2] (compute-mfcc-feats[5.3.24~1-c948]:main():compute-mfcc-feats.cc:173) Processed features for key p228_251
VLOG[2] (compute-mfcc-feats[5.3.24~1-c948]:main():compute-mfcc-feats.cc:173) Processed features for key p228_252
VLOG[2] (compute-mfcc-feats[5.3.24~1-c948]:main():compute-mfcc-feats.cc:173) Processed features for key p228_253
VLOG[2] (compute-mfcc-feats[5.3.24~1-c948]:main():compute-mfcc-feats.cc:173) Processed features for key p228_254
VLOG[2] (compute-mfcc-feats[5.3.24~1-c948]:main():compute-mfcc-feats.cc:173) Processed features for key p228_255
VLOG[2] (compute-mfcc-feats[5.3.24~1-c948]:main():compute-mfcc-feats.cc:173) Processed features for key p228_256
VLOG[2] (compute-mfcc-feats[5.3.24~1-c948]:main():compute-mfcc-feats.cc:173) Processed features for key p228_257
VLOG[2] (compute-mfcc-feats[5.3.24~1-c948]:main():compute-mfcc-feats.cc:173) Processed features for key p228_258
LOG (compute-mfcc-feats[5.3.24~1-c948]:main():compute-mfcc-feats.cc:172) Processed 570 utterances
VLOG[2] (compute-mfcc-feats[5.3.24~1-c948]:main():compute-mfcc-feats.cc:173) Processed features for key p228_259
VLOG[2] (compute-mfcc-feats[5.3.24~1-c948]:main():compute-mfcc-feats.cc:173) Processed features for key p228_260
VLOG[2] (compute-mfcc-feats[5.3.24~1-c948]:main():compute-mfcc-feats.cc:173) Processed features for key p228_261
VLOG[2] (compute-mfcc-feats[5.3.24~1-c948]:main():compute-mfcc-feats.cc:173) Processed features for key p228_262
VLOG[2] (compute-mfcc-feats[5.3.24~1-c948]:main():compute-mfcc-feats.cc:173) Processed features for key p228_263
VLOG[2] (compute-mfcc-feats[5.3.24~1-c948]:main():compute-mfcc-feats.cc:173) Processed features for key p228_264
VLOG[2] (compute-mfcc-feats[5.3.24~1-c948]:main():compute-mfcc-feats.cc:173) Processed features for key p228_265
VLOG[2] (compute-mfcc-feats[5.3.24~1-c948]:main():compute-mfcc-feats.cc:173) Processed features for key p228_266
VLOG[2] (compute-mfcc-feats[5.3.24~1-c948]:main():compute-mfcc-feats.cc:173) Processed features for key p228_267
VLOG[2] (compute-mfcc-feats[5.3.24~1-c948]:main():compute-mfcc-feats.cc:173) Processed features for key p228_268
LOG (compute-mfcc-feats[5.3.24~1-c948]:main():compute-mfcc-feats.cc:172) Processed 580 utterances
VLOG[2] (compute-mfcc-feats[5.3.24~1-c948]:main():compute-mfcc-feats.cc:173) Processed features for key p228_269
VLOG[2] (compute-mfcc-feats[5.3.24~1-c948]:main():compute-mfcc-feats.cc:173) Processed features for key p228_270
VLOG[2] (compute-mfcc-feats[5.3.24~1-c948]:main():compute-mfcc-feats.cc:173) Processed features for key p228_271
VLOG[2] (compute-mfcc-feats[5.3.24~1-c948]:main():compute-mfcc-feats.cc:173) Processed features for key p228_272
VLOG[2] (compute-mfcc-feats[5.3.24~1-c948]:main():compute-mfcc-feats.cc:173) Processed features for key p228_274
VLOG[2] (compute-mfcc-feats[5.3.24~1-c948]:main():compute-mfcc-feats.cc:173) Processed features for key p228_275
VLOG[2] (compute-mfcc-feats[5.3.24~1-c948]:main():compute-mfcc-feats.cc:173) Processed features for key p228_276
VLOG[2] (compute-mfcc-feats[5.3.24~1-c948]:main():compute-mfcc-feats.cc:173) Processed features for key p228_277
VLOG[2] (compute-mfcc-feats[5.3.24~1-c948]:main():compute-mfcc-feats.cc:173) Processed features for key p228_278
VLOG[2] (compute-mfcc-feats[5.3.24~1-c948]:main():compute-mfcc-feats.cc:173) Processed features for key p228_279
LOG (compute-mfcc-feats[5.3.24~1-c948]:main():compute-mfcc-feats.cc:172) Processed 590 utterances
VLOG[2] (compute-mfcc-feats[5.3.24~1-c948]:main():compute-mfcc-feats.cc:173) Processed features for key p228_280
VLOG[2] (compute-mfcc-feats[5.3.24~1-c948]:main():compute-mfcc-feats.cc:173) Processed features for key p228_281
VLOG[2] (compute-mfcc-feats[5.3.24~1-c948]:main():compute-mfcc-feats.cc:173) Processed features for key p228_282
VLOG[2] (compute-mfcc-feats[5.3.24~1-c948]:main():compute-mfcc-feats.cc:173) Processed features for key p228_283
VLOG[2] (compute-mfcc-feats[5.3.24~1-c948]:main():compute-mfcc-feats.cc:173) Processed features for key p228_284
VLOG[2] (compute-mfcc-feats[5.3.24~1-c948]:main():compute-mfcc-feats.cc:173) Processed features for key p228_285
VLOG[2] (compute-mfcc-feats[5.3.24~1-c948]:main():compute-mfcc-feats.cc:173) Processed features for key p228_286
VLOG[2] (compute-mfcc-feats[5.3.24~1-c948]:main():compute-mfcc-feats.cc:173) Processed features for key p228_287
VLOG[2] (compute-mfcc-feats[5.3.24~1-c948]:main():compute-mfcc-feats.cc:173) Processed features for key p228_288
VLOG[2] (compute-mfcc-feats[5.3.24~1-c948]:main():compute-mfcc-feats.cc:173) Processed features for key p228_289
LOG (compute-mfcc-feats[5.3.24~1-c948]:main():compute-mfcc-feats.cc:172) Processed 600 utterances
VLOG[2] (compute-mfcc-feats[5.3.24~1-c948]:main():compute-mfcc-feats.cc:173) Processed features for key p228_290
VLOG[2] (compute-mfcc-feats[5.3.24~1-c948]:main():compute-mfcc-feats.cc:173) Processed features for key p228_291
VLOG[2] (compute-mfcc-feats[5.3.24~1-c948]:main():compute-mfcc-feats.cc:173) Processed features for key p228_292
VLOG[2] (compute-mfcc-feats[5.3.24~1-c948]:main():compute-mfcc-feats.cc:173) Processed features for key p228_293
VLOG[2] (compute-mfcc-feats[5.3.24~1-c948]:main():compute-mfcc-feats.cc:173) Processed features for key p228_294
VLOG[2] (compute-mfcc-feats[5.3.24~1-c948]:main():compute-mfcc-feats.cc:173) Processed features for key p228_295
VLOG[2] (compute-mfcc-feats[5.3.24~1-c948]:main():compute-mfcc-feats.cc:173) Processed features for key p228_296
VLOG[2] (compute-mfcc-feats[5.3.24~1-c948]:main():compute-mfcc-feats.cc:173) Processed features for key p228_297
VLOG[2] (compute-mfcc-feats[5.3.24~1-c948]:main():compute-mfcc-feats.cc:173) Processed features for key p228_298
VLOG[2] (compute-mfcc-feats[5.3.24~1-c948]:main():compute-mfcc-feats.cc:173) Processed features for key p228_299
LOG (compute-mfcc-feats[5.3.24~1-c948]:main():compute-mfcc-feats.cc:172) Processed 610 utterances
VLOG[2] (compute-mfcc-feats[5.3.24~1-c948]:main():compute-mfcc-feats.cc:173) Processed features for key p228_300
VLOG[2] (compute-mfcc-feats[5.3.24~1-c948]:main():compute-mfcc-feats.cc:173) Processed features for key p228_301
VLOG[2] (compute-mfcc-feats[5.3.24~1-c948]:main():compute-mfcc-feats.cc:173) Processed features for key p228_302
VLOG[2] (compute-mfcc-feats[5.3.24~1-c948]:main():compute-mfcc-feats.cc:173) Processed features for key p228_303
VLOG[2] (compute-mfcc-feats[5.3.24~1-c948]:main():compute-mfcc-feats.cc:173) Processed features for key p228_304
VLOG[2] (compute-mfcc-feats[5.3.24~1-c948]:main():compute-mfcc-feats.cc:173) Processed features for key p228_305
VLOG[2] (compute-mfcc-feats[5.3.24~1-c948]:main():compute-mfcc-feats.cc:173) Processed features for key p228_306
VLOG[2] (compute-mfcc-feats[5.3.24~1-c948]:main():compute-mfcc-feats.cc:173) Processed features for key p228_307
VLOG[2] (compute-mfcc-feats[5.3.24~1-c948]:main():compute-mfcc-feats.cc:173) Processed features for key p228_308
VLOG[2] (compute-mfcc-feats[5.3.24~1-c948]:main():compute-mfcc-feats.cc:173) Processed features for key p228_309
LOG (compute-mfcc-feats[5.3.24~1-c948]:main():compute-mfcc-feats.cc:172) Processed 620 utterances
VLOG[2] (compute-mfcc-feats[5.3.24~1-c948]:main():compute-mfcc-feats.cc:173) Processed features for key p228_310
VLOG[2] (compute-mfcc-feats[5.3.24~1-c948]:main():compute-mfcc-feats.cc:173) Processed features for key p228_311
VLOG[2] (compute-mfcc-feats[5.3.24~1-c948]:main():compute-mfcc-feats.cc:173) Processed features for key p228_312
VLOG[2] (compute-mfcc-feats[5.3.24~1-c948]:main():compute-mfcc-feats.cc:173) Processed features for key p228_313
VLOG[2] (compute-mfcc-feats[5.3.24~1-c948]:main():compute-mfcc-feats.cc:173) Processed features for key p228_315
VLOG[2] (compute-mfcc-feats[5.3.24~1-c948]:main():compute-mfcc-feats.cc:173) Processed features for key p228_316
VLOG[2] (compute-mfcc-feats[5.3.24~1-c948]:main():compute-mfcc-feats.cc:173) Processed features for key p228_317
VLOG[2] (compute-mfcc-feats[5.3.24~1-c948]:main():compute-mfcc-feats.cc:173) Processed features for key p228_318
VLOG[2] (compute-mfcc-feats[5.3.24~1-c948]:main():compute-mfcc-feats.cc:173) Processed features for key p228_319
VLOG[2] (compute-mfcc-feats[5.3.24~1-c948]:main():compute-mfcc-feats.cc:173) Processed features for key p228_320
LOG (compute-mfcc-feats[5.3.24~1-c948]:main():compute-mfcc-feats.cc:172) Processed 630 utterances
VLOG[2] (compute-mfcc-feats[5.3.24~1-c948]:main():compute-mfcc-feats.cc:173) Processed features for key p228_321
VLOG[2] (compute-mfcc-feats[5.3.24~1-c948]:main():compute-mfcc-feats.cc:173) Processed features for key p228_322
VLOG[2] (compute-mfcc-feats[5.3.24~1-c948]:main():compute-mfcc-feats.cc:173) Processed features for key p228_323
VLOG[2] (compute-mfcc-feats[5.3.24~1-c948]:main():compute-mfcc-feats.cc:173) Processed features for key p228_324
VLOG[2] (compute-mfcc-feats[5.3.24~1-c948]:main():compute-mfcc-feats.cc:173) Processed features for key p228_325
VLOG[2] (compute-mfcc-feats[5.3.24~1-c948]:main():compute-mfcc-feats.cc:173) Processed features for key p228_326
VLOG[2] (compute-mfcc-feats[5.3.24~1-c948]:main():compute-mfcc-feats.cc:173) Processed features for key p228_327
VLOG[2] (compute-mfcc-feats[5.3.24~1-c948]:main():compute-mfcc-feats.cc:173) Processed features for key p228_328
VLOG[2] (compute-mfcc-feats[5.3.24~1-c948]:main():compute-mfcc-feats.cc:173) Processed features for key p228_329
VLOG[2] (compute-mfcc-feats[5.3.24~1-c948]:main():compute-mfcc-feats.cc:173) Processed features for key p228_330
LOG (compute-mfcc-feats[5.3.24~1-c948]:main():compute-mfcc-feats.cc:172) Processed 640 utterances
VLOG[2] (compute-mfcc-feats[5.3.24~1-c948]:main():compute-mfcc-feats.cc:173) Processed features for key p228_331
VLOG[2] (compute-mfcc-feats[5.3.24~1-c948]:main():compute-mfcc-feats.cc:173) Processed features for key p228_332
VLOG[2] (compute-mfcc-feats[5.3.24~1-c948]:main():compute-mfcc-feats.cc:173) Processed features for key p228_333
VLOG[2] (compute-mfcc-feats[5.3.24~1-c948]:main():compute-mfcc-feats.cc:173) Processed features for key p228_334
VLOG[2] (compute-mfcc-feats[5.3.24~1-c948]:main():compute-mfcc-feats.cc:173) Processed features for key p228_335
VLOG[2] (compute-mfcc-feats[5.3.24~1-c948]:main():compute-mfcc-feats.cc:173) Processed features for key p228_336
VLOG[2] (compute-mfcc-feats[5.3.24~1-c948]:main():compute-mfcc-feats.cc:173) Processed features for key p228_337
VLOG[2] (compute-mfcc-feats[5.3.24~1-c948]:main():compute-mfcc-feats.cc:173) Processed features for key p228_338
VLOG[2] (compute-mfcc-feats[5.3.24~1-c948]:main():compute-mfcc-feats.cc:173) Processed features for key p228_339
VLOG[2] (compute-mfcc-feats[5.3.24~1-c948]:main():compute-mfcc-feats.cc:173) Processed features for key p228_340
LOG (compute-mfcc-feats[5.3.24~1-c948]:main():compute-mfcc-feats.cc:172) Processed 650 utterances
VLOG[2] (compute-mfcc-feats[5.3.24~1-c948]:main():compute-mfcc-feats.cc:173) Processed features for key p228_341
VLOG[2] (compute-mfcc-feats[5.3.24~1-c948]:main():compute-mfcc-feats.cc:173) Processed features for key p228_342
VLOG[2] (compute-mfcc-feats[5.3.24~1-c948]:main():compute-mfcc-feats.cc:173) Processed features for key p228_343
VLOG[2] (compute-mfcc-feats[5.3.24~1-c948]:main():compute-mfcc-feats.cc:173) Processed features for key p228_344
VLOG[2] (compute-mfcc-feats[5.3.24~1-c948]:main():compute-mfcc-feats.cc:173) Processed features for key p228_345
VLOG[2] (compute-mfcc-feats[5.3.24~1-c948]:main():compute-mfcc-feats.cc:173) Processed features for key p228_346
VLOG[2] (compute-mfcc-feats[5.3.24~1-c948]:main():compute-mfcc-feats.cc:173) Processed features for key p228_347
VLOG[2] (compute-mfcc-feats[5.3.24~1-c948]:main():compute-mfcc-feats.cc:173) Processed features for key p228_348
VLOG[2] (compute-mfcc-feats[5.3.24~1-c948]:main():compute-mfcc-feats.cc:173) Processed features for key p228_349
VLOG[2] (compute-mfcc-feats[5.3.24~1-c948]:main():compute-mfcc-feats.cc:173) Processed features for key p228_350
LOG (compute-mfcc-feats[5.3.24~1-c948]:main():compute-mfcc-feats.cc:172) Processed 660 utterances
VLOG[2] (compute-mfcc-feats[5.3.24~1-c948]:main():compute-mfcc-feats.cc:173) Processed features for key p228_351
VLOG[2] (compute-mfcc-feats[5.3.24~1-c948]:main():compute-mfcc-feats.cc:173) Processed features for key p228_352
LOG (compute-mfcc-feats[5.3.24~1-c948]:main():compute-mfcc-feats.cc:176)  Done 661 out of 661 utterances.
LOG (copy-feats[5.3.24~1-c948]:main():copy-feats.cc:143) Copied 661 feature matrices.
# Accounting: time=26 threads=1
# Ended (code 0) at Wed Jan  3 18:52:57 IST 2018, elapsed time 26 seconds
