# compute-mfcc-feats --verbose=2 --config=conf/mfcc.conf --allow_downsample=true scp,p:data/all_data/log/wav_all_data.11.scp ark:- | copy-feats --compress=true ark:- ark,scp:/media/Drive/kaldi/egs/vctk_british/s5/data/all_data/data/raw_mfcc_all_data.11.ark,/media/Drive/kaldi/egs/vctk_british/s5/data/all_data/data/raw_mfcc_all_data.11.scp 
# Started at Wed Jan  3 18:52:52 IST 2018
#
copy-feats --compress=true ark:- ark,scp:/media/Drive/kaldi/egs/vctk_british/s5/data/all_data/data/raw_mfcc_all_data.11.ark,/media/Drive/kaldi/egs/vctk_british/s5/data/all_data/data/raw_mfcc_all_data.11.scp 
compute-mfcc-feats --verbose=2 --config=conf/mfcc.conf --allow_downsample=true scp,p:data/all_data/log/wav_all_data.11.scp ark:- 
VLOG[2] (compute-mfcc-feats[5.3.24~1-c948]:main():compute-mfcc-feats.cc:173) Processed features for key p256_191
VLOG[2] (compute-mfcc-feats[5.3.24~1-c948]:main():compute-mfcc-feats.cc:173) Processed features for key p256_192
VLOG[2] (compute-mfcc-feats[5.3.24~1-c948]:main():compute-mfcc-feats.cc:173) Processed features for key p256_193
VLOG[2] (compute-mfcc-feats[5.3.24~1-c948]:main():compute-mfcc-feats.cc:173) Processed features for key p256_194
VLOG[2] (compute-mfcc-feats[5.3.24~1-c948]:main():compute-mfcc-feats.cc:173) Processed features for key p256_195
VLOG[2] (compute-mfcc-feats[5.3.24~1-c948]:main():compute-mfcc-feats.cc:173) Processed features for key p256_196
VLOG[2] (compute-mfcc-feats[5.3.24~1-c948]:main():compute-mfcc-feats.cc:173) Processed features for key p256_197
VLOG[2] (compute-mfcc-feats[5.3.24~1-c948]:main():compute-mfcc-feats.cc:173) Processed features for key p256_198
VLOG[2] (compute-mfcc-feats[5.3.24~1-c948]:main():compute-mfcc-feats.cc:173) Processed features for key p256_199
LOG (compute-mfcc-feats[5.3.24~1-c948]:main():compute-mfcc-feats.cc:172) Processed 10 utterances
VLOG[2] (compute-mfcc-feats[5.3.24~1-c948]:main():compute-mfcc-feats.cc:173) Processed features for key p256_200
VLOG[2] (compute-mfcc-feats[5.3.24~1-c948]:main():compute-mfcc-feats.cc:173) Processed features for key p256_201
VLOG[2] (compute-mfcc-feats[5.3.24~1-c948]:main():compute-mfcc-feats.cc:173) Processed features for key p256_202
VLOG[2] (compute-mfcc-feats[5.3.24~1-c948]:main():compute-mfcc-feats.cc:173) Processed features for key p256_203
VLOG[2] (compute-mfcc-feats[5.3.24~1-c948]:main():compute-mfcc-feats.cc:173) Processed features for key p256_204
VLOG[2] (compute-mfcc-feats[5.3.24~1-c948]:main():compute-mfcc-feats.cc:173) Processed features for key p256_205
VLOG[2] (compute-mfcc-feats[5.3.24~1-c948]:main():compute-mfcc-feats.cc:173) Processed features for key p256_206
VLOG[2] (compute-mfcc-feats[5.3.24~1-c948]:main():compute-mfcc-feats.cc:173) Processed features for key p256_207
VLOG[2] (compute-mfcc-feats[5.3.24~1-c948]:main():compute-mfcc-feats.cc:173) Processed features for key p256_208
VLOG[2] (compute-mfcc-feats[5.3.24~1-c948]:main():compute-mfcc-feats.cc:173) Processed features for key p256_209
LOG (compute-mfcc-feats[5.3.24~1-c948]:main():compute-mfcc-feats.cc:172) Processed 20 utterances
VLOG[2] (compute-mfcc-feats[5.3.24~1-c948]:main():compute-mfcc-feats.cc:173) Processed features for key p256_210
VLOG[2] (compute-mfcc-feats[5.3.24~1-c948]:main():compute-mfcc-feats.cc:173) Processed features for key p256_211
VLOG[2] (compute-mfcc-feats[5.3.24~1-c948]:main():compute-mfcc-feats.cc:173) Processed features for key p256_212
VLOG[2] (compute-mfcc-feats[5.3.24~1-c948]:main():compute-mfcc-feats.cc:173) Processed features for key p256_213
VLOG[2] (compute-mfcc-feats[5.3.24~1-c948]:main():compute-mfcc-feats.cc:173) Processed features for key p256_214
VLOG[2] (compute-mfcc-feats[5.3.24~1-c948]:main():compute-mfcc-feats.cc:173) Processed features for key p256_215
VLOG[2] (compute-mfcc-feats[5.3.24~1-c948]:main():compute-mfcc-feats.cc:173) Processed features for key p256_216
VLOG[2] (compute-mfcc-feats[5.3.24~1-c948]:main():compute-mfcc-feats.cc:173) Processed features for key p256_217
VLOG[2] (compute-mfcc-feats[5.3.24~1-c948]:main():compute-mfcc-feats.cc:173) Processed features for key p256_218
VLOG[2] (compute-mfcc-feats[5.3.24~1-c948]:main():compute-mfcc-feats.cc:173) Processed features for key p256_219
LOG (compute-mfcc-feats[5.3.24~1-c948]:main():compute-mfcc-feats.cc:172) Processed 30 utterances
VLOG[2] (compute-mfcc-feats[5.3.24~1-c948]:main():compute-mfcc-feats.cc:173) Processed features for key p256_220
VLOG[2] (compute-mfcc-feats[5.3.24~1-c948]:main():compute-mfcc-feats.cc:173) Processed features for key p256_221
VLOG[2] (compute-mfcc-feats[5.3.24~1-c948]:main():compute-mfcc-feats.cc:173) Processed features for key p256_222
VLOG[2] (compute-mfcc-feats[5.3.24~1-c948]:main():compute-mfcc-feats.cc:173) Processed features for key p256_223
VLOG[2] (compute-mfcc-feats[5.3.24~1-c948]:main():compute-mfcc-feats.cc:173) Processed features for key p256_224
VLOG[2] (compute-mfcc-feats[5.3.24~1-c948]:main():compute-mfcc-feats.cc:173) Processed features for key p256_225
VLOG[2] (compute-mfcc-feats[5.3.24~1-c948]:main():compute-mfcc-feats.cc:173) Processed features for key p256_226
VLOG[2] (compute-mfcc-feats[5.3.24~1-c948]:main():compute-mfcc-feats.cc:173) Processed features for key p256_227
VLOG[2] (compute-mfcc-feats[5.3.24~1-c948]:main():compute-mfcc-feats.cc:173) Processed features for key p256_228
VLOG[2] (compute-mfcc-feats[5.3.24~1-c948]:main():compute-mfcc-feats.cc:173) Processed features for key p256_229
LOG (compute-mfcc-feats[5.3.24~1-c948]:main():compute-mfcc-feats.cc:172) Processed 40 utterances
VLOG[2] (compute-mfcc-feats[5.3.24~1-c948]:main():compute-mfcc-feats.cc:173) Processed features for key p256_230
VLOG[2] (compute-mfcc-feats[5.3.24~1-c948]:main():compute-mfcc-feats.cc:173) Processed features for key p256_231
VLOG[2] (compute-mfcc-feats[5.3.24~1-c948]:main():compute-mfcc-feats.cc:173) Processed features for key p256_232
VLOG[2] (compute-mfcc-feats[5.3.24~1-c948]:main():compute-mfcc-feats.cc:173) Processed features for key p256_233
VLOG[2] (compute-mfcc-feats[5.3.24~1-c948]:main():compute-mfcc-feats.cc:173) Processed features for key p256_234
VLOG[2] (compute-mfcc-feats[5.3.24~1-c948]:main():compute-mfcc-feats.cc:173) Processed features for key p256_235
VLOG[2] (compute-mfcc-feats[5.3.24~1-c948]:main():compute-mfcc-feats.cc:173) Processed features for key p256_236
VLOG[2] (compute-mfcc-feats[5.3.24~1-c948]:main():compute-mfcc-feats.cc:173) Processed features for key p256_237
VLOG[2] (compute-mfcc-feats[5.3.24~1-c948]:main():compute-mfcc-feats.cc:173) Processed features for key p256_238
VLOG[2] (compute-mfcc-feats[5.3.24~1-c948]:main():compute-mfcc-feats.cc:173) Processed features for key p256_239
LOG (compute-mfcc-feats[5.3.24~1-c948]:main():compute-mfcc-feats.cc:172) Processed 50 utterances
VLOG[2] (compute-mfcc-feats[5.3.24~1-c948]:main():compute-mfcc-feats.cc:173) Processed features for key p256_240
VLOG[2] (compute-mfcc-feats[5.3.24~1-c948]:main():compute-mfcc-feats.cc:173) Processed features for key p256_241
VLOG[2] (compute-mfcc-feats[5.3.24~1-c948]:main():compute-mfcc-feats.cc:173) Processed features for key p256_242
VLOG[2] (compute-mfcc-feats[5.3.24~1-c948]:main():compute-mfcc-feats.cc:173) Processed features for key p256_243
VLOG[2] (compute-mfcc-feats[5.3.24~1-c948]:main():compute-mfcc-feats.cc:173) Processed features for key p256_244
VLOG[2] (compute-mfcc-feats[5.3.24~1-c948]:main():compute-mfcc-feats.cc:173) Processed features for key p256_245
VLOG[2] (compute-mfcc-feats[5.3.24~1-c948]:main():compute-mfcc-feats.cc:173) Processed features for key p256_246
VLOG[2] (compute-mfcc-feats[5.3.24~1-c948]:main():compute-mfcc-feats.cc:173) Processed features for key p256_247
VLOG[2] (compute-mfcc-feats[5.3.24~1-c948]:main():compute-mfcc-feats.cc:173) Processed features for key p256_248
VLOG[2] (compute-mfcc-feats[5.3.24~1-c948]:main():compute-mfcc-feats.cc:173) Processed features for key p256_249
LOG (compute-mfcc-feats[5.3.24~1-c948]:main():compute-mfcc-feats.cc:172) Processed 60 utterances
VLOG[2] (compute-mfcc-feats[5.3.24~1-c948]:main():compute-mfcc-feats.cc:173) Processed features for key p256_250
VLOG[2] (compute-mfcc-feats[5.3.24~1-c948]:main():compute-mfcc-feats.cc:173) Processed features for key p256_251
VLOG[2] (compute-mfcc-feats[5.3.24~1-c948]:main():compute-mfcc-feats.cc:173) Processed features for key p256_252
VLOG[2] (compute-mfcc-feats[5.3.24~1-c948]:main():compute-mfcc-feats.cc:173) Processed features for key p256_253
VLOG[2] (compute-mfcc-feats[5.3.24~1-c948]:main():compute-mfcc-feats.cc:173) Processed features for key p256_254
VLOG[2] (compute-mfcc-feats[5.3.24~1-c948]:main():compute-mfcc-feats.cc:173) Processed features for key p256_255
VLOG[2] (compute-mfcc-feats[5.3.24~1-c948]:main():compute-mfcc-feats.cc:173) Processed features for key p256_256
VLOG[2] (compute-mfcc-feats[5.3.24~1-c948]:main():compute-mfcc-feats.cc:173) Processed features for key p256_257
VLOG[2] (compute-mfcc-feats[5.3.24~1-c948]:main():compute-mfcc-feats.cc:173) Processed features for key p256_258
VLOG[2] (compute-mfcc-feats[5.3.24~1-c948]:main():compute-mfcc-feats.cc:173) Processed features for key p256_259
LOG (compute-mfcc-feats[5.3.24~1-c948]:main():compute-mfcc-feats.cc:172) Processed 70 utterances
VLOG[2] (compute-mfcc-feats[5.3.24~1-c948]:main():compute-mfcc-feats.cc:173) Processed features for key p256_260
VLOG[2] (compute-mfcc-feats[5.3.24~1-c948]:main():compute-mfcc-feats.cc:173) Processed features for key p256_261
VLOG[2] (compute-mfcc-feats[5.3.24~1-c948]:main():compute-mfcc-feats.cc:173) Processed features for key p256_262
VLOG[2] (compute-mfcc-feats[5.3.24~1-c948]:main():compute-mfcc-feats.cc:173) Processed features for key p256_263
VLOG[2] (compute-mfcc-feats[5.3.24~1-c948]:main():compute-mfcc-feats.cc:173) Processed features for key p256_264
VLOG[2] (compute-mfcc-feats[5.3.24~1-c948]:main():compute-mfcc-feats.cc:173) Processed features for key p256_265
VLOG[2] (compute-mfcc-feats[5.3.24~1-c948]:main():compute-mfcc-feats.cc:173) Processed features for key p256_266
VLOG[2] (compute-mfcc-feats[5.3.24~1-c948]:main():compute-mfcc-feats.cc:173) Processed features for key p256_267
VLOG[2] (compute-mfcc-feats[5.3.24~1-c948]:main():compute-mfcc-feats.cc:173) Processed features for key p256_268
VLOG[2] (compute-mfcc-feats[5.3.24~1-c948]:main():compute-mfcc-feats.cc:173) Processed features for key p256_269
LOG (compute-mfcc-feats[5.3.24~1-c948]:main():compute-mfcc-feats.cc:172) Processed 80 utterances
VLOG[2] (compute-mfcc-feats[5.3.24~1-c948]:main():compute-mfcc-feats.cc:173) Processed features for key p256_270
VLOG[2] (compute-mfcc-feats[5.3.24~1-c948]:main():compute-mfcc-feats.cc:173) Processed features for key p256_271
VLOG[2] (compute-mfcc-feats[5.3.24~1-c948]:main():compute-mfcc-feats.cc:173) Processed features for key p256_272
VLOG[2] (compute-mfcc-feats[5.3.24~1-c948]:main():compute-mfcc-feats.cc:173) Processed features for key p256_273
VLOG[2] (compute-mfcc-feats[5.3.24~1-c948]:main():compute-mfcc-feats.cc:173) Processed features for key p256_274
VLOG[2] (compute-mfcc-feats[5.3.24~1-c948]:main():compute-mfcc-feats.cc:173) Processed features for key p256_275
VLOG[2] (compute-mfcc-feats[5.3.24~1-c948]:main():compute-mfcc-feats.cc:173) Processed features for key p256_276
VLOG[2] (compute-mfcc-feats[5.3.24~1-c948]:main():compute-mfcc-feats.cc:173) Processed features for key p256_277
VLOG[2] (compute-mfcc-feats[5.3.24~1-c948]:main():compute-mfcc-feats.cc:173) Processed features for key p256_278
VLOG[2] (compute-mfcc-feats[5.3.24~1-c948]:main():compute-mfcc-feats.cc:173) Processed features for key p256_279
LOG (compute-mfcc-feats[5.3.24~1-c948]:main():compute-mfcc-feats.cc:172) Processed 90 utterances
VLOG[2] (compute-mfcc-feats[5.3.24~1-c948]:main():compute-mfcc-feats.cc:173) Processed features for key p256_280
VLOG[2] (compute-mfcc-feats[5.3.24~1-c948]:main():compute-mfcc-feats.cc:173) Processed features for key p256_281
VLOG[2] (compute-mfcc-feats[5.3.24~1-c948]:main():compute-mfcc-feats.cc:173) Processed features for key p256_282
VLOG[2] (compute-mfcc-feats[5.3.24~1-c948]:main():compute-mfcc-feats.cc:173) Processed features for key p256_283
VLOG[2] (compute-mfcc-feats[5.3.24~1-c948]:main():compute-mfcc-feats.cc:173) Processed features for key p256_284
VLOG[2] (compute-mfcc-feats[5.3.24~1-c948]:main():compute-mfcc-feats.cc:173) Processed features for key p256_285
VLOG[2] (compute-mfcc-feats[5.3.24~1-c948]:main():compute-mfcc-feats.cc:173) Processed features for key p256_286
VLOG[2] (compute-mfcc-feats[5.3.24~1-c948]:main():compute-mfcc-feats.cc:173) Processed features for key p256_287
VLOG[2] (compute-mfcc-feats[5.3.24~1-c948]:main():compute-mfcc-feats.cc:173) Processed features for key p256_288
VLOG[2] (compute-mfcc-feats[5.3.24~1-c948]:main():compute-mfcc-feats.cc:173) Processed features for key p256_289
LOG (compute-mfcc-feats[5.3.24~1-c948]:main():compute-mfcc-feats.cc:172) Processed 100 utterances
VLOG[2] (compute-mfcc-feats[5.3.24~1-c948]:main():compute-mfcc-feats.cc:173) Processed features for key p256_290
VLOG[2] (compute-mfcc-feats[5.3.24~1-c948]:main():compute-mfcc-feats.cc:173) Processed features for key p256_291
VLOG[2] (compute-mfcc-feats[5.3.24~1-c948]:main():compute-mfcc-feats.cc:173) Processed features for key p256_292
VLOG[2] (compute-mfcc-feats[5.3.24~1-c948]:main():compute-mfcc-feats.cc:173) Processed features for key p256_293
VLOG[2] (compute-mfcc-feats[5.3.24~1-c948]:main():compute-mfcc-feats.cc:173) Processed features for key p256_294
VLOG[2] (compute-mfcc-feats[5.3.24~1-c948]:main():compute-mfcc-feats.cc:173) Processed features for key p256_295
VLOG[2] (compute-mfcc-feats[5.3.24~1-c948]:main():compute-mfcc-feats.cc:173) Processed features for key p256_296
VLOG[2] (compute-mfcc-feats[5.3.24~1-c948]:main():compute-mfcc-feats.cc:173) Processed features for key p256_297
VLOG[2] (compute-mfcc-feats[5.3.24~1-c948]:main():compute-mfcc-feats.cc:173) Processed features for key p256_298
VLOG[2] (compute-mfcc-feats[5.3.24~1-c948]:main():compute-mfcc-feats.cc:173) Processed features for key p256_300
LOG (compute-mfcc-feats[5.3.24~1-c948]:main():compute-mfcc-feats.cc:172) Processed 110 utterances
VLOG[2] (compute-mfcc-feats[5.3.24~1-c948]:main():compute-mfcc-feats.cc:173) Processed features for key p256_301
VLOG[2] (compute-mfcc-feats[5.3.24~1-c948]:main():compute-mfcc-feats.cc:173) Processed features for key p256_302
VLOG[2] (compute-mfcc-feats[5.3.24~1-c948]:main():compute-mfcc-feats.cc:173) Processed features for key p256_303
VLOG[2] (compute-mfcc-feats[5.3.24~1-c948]:main():compute-mfcc-feats.cc:173) Processed features for key p256_304
VLOG[2] (compute-mfcc-feats[5.3.24~1-c948]:main():compute-mfcc-feats.cc:173) Processed features for key p256_305
VLOG[2] (compute-mfcc-feats[5.3.24~1-c948]:main():compute-mfcc-feats.cc:173) Processed features for key p256_306
VLOG[2] (compute-mfcc-feats[5.3.24~1-c948]:main():compute-mfcc-feats.cc:173) Processed features for key p256_307
VLOG[2] (compute-mfcc-feats[5.3.24~1-c948]:main():compute-mfcc-feats.cc:173) Processed features for key p256_308
VLOG[2] (compute-mfcc-feats[5.3.24~1-c948]:main():compute-mfcc-feats.cc:173) Processed features for key p256_309
VLOG[2] (compute-mfcc-feats[5.3.24~1-c948]:main():compute-mfcc-feats.cc:173) Processed features for key p256_310
LOG (compute-mfcc-feats[5.3.24~1-c948]:main():compute-mfcc-feats.cc:172) Processed 120 utterances
VLOG[2] (compute-mfcc-feats[5.3.24~1-c948]:main():compute-mfcc-feats.cc:173) Processed features for key p256_311
VLOG[2] (compute-mfcc-feats[5.3.24~1-c948]:main():compute-mfcc-feats.cc:173) Processed features for key p256_312
VLOG[2] (compute-mfcc-feats[5.3.24~1-c948]:main():compute-mfcc-feats.cc:173) Processed features for key p256_313
VLOG[2] (compute-mfcc-feats[5.3.24~1-c948]:main():compute-mfcc-feats.cc:173) Processed features for key p256_314
VLOG[2] (compute-mfcc-feats[5.3.24~1-c948]:main():compute-mfcc-feats.cc:173) Processed features for key p256_315
VLOG[2] (compute-mfcc-feats[5.3.24~1-c948]:main():compute-mfcc-feats.cc:173) Processed features for key p256_316
VLOG[2] (compute-mfcc-feats[5.3.24~1-c948]:main():compute-mfcc-feats.cc:173) Processed features for key p256_317
VLOG[2] (compute-mfcc-feats[5.3.24~1-c948]:main():compute-mfcc-feats.cc:173) Processed features for key p256_318
VLOG[2] (compute-mfcc-feats[5.3.24~1-c948]:main():compute-mfcc-feats.cc:173) Processed features for key p256_319
VLOG[2] (compute-mfcc-feats[5.3.24~1-c948]:main():compute-mfcc-feats.cc:173) Processed features for key p256_320
LOG (compute-mfcc-feats[5.3.24~1-c948]:main():compute-mfcc-feats.cc:172) Processed 130 utterances
VLOG[2] (compute-mfcc-feats[5.3.24~1-c948]:main():compute-mfcc-feats.cc:173) Processed features for key p257_001
VLOG[2] (compute-mfcc-feats[5.3.24~1-c948]:main():compute-mfcc-feats.cc:173) Processed features for key p257_002
VLOG[2] (compute-mfcc-feats[5.3.24~1-c948]:main():compute-mfcc-feats.cc:173) Processed features for key p257_003
VLOG[2] (compute-mfcc-feats[5.3.24~1-c948]:main():compute-mfcc-feats.cc:173) Processed features for key p257_004
VLOG[2] (compute-mfcc-feats[5.3.24~1-c948]:main():compute-mfcc-feats.cc:173) Processed features for key p257_005
VLOG[2] (compute-mfcc-feats[5.3.24~1-c948]:main():compute-mfcc-feats.cc:173) Processed features for key p257_006
VLOG[2] (compute-mfcc-feats[5.3.24~1-c948]:main():compute-mfcc-feats.cc:173) Processed features for key p257_007
VLOG[2] (compute-mfcc-feats[5.3.24~1-c948]:main():compute-mfcc-feats.cc:173) Processed features for key p257_008
VLOG[2] (compute-mfcc-feats[5.3.24~1-c948]:main():compute-mfcc-feats.cc:173) Processed features for key p257_009
VLOG[2] (compute-mfcc-feats[5.3.24~1-c948]:main():compute-mfcc-feats.cc:173) Processed features for key p257_010
LOG (compute-mfcc-feats[5.3.24~1-c948]:main():compute-mfcc-feats.cc:172) Processed 140 utterances
VLOG[2] (compute-mfcc-feats[5.3.24~1-c948]:main():compute-mfcc-feats.cc:173) Processed features for key p257_011
VLOG[2] (compute-mfcc-feats[5.3.24~1-c948]:main():compute-mfcc-feats.cc:173) Processed features for key p257_012
VLOG[2] (compute-mfcc-feats[5.3.24~1-c948]:main():compute-mfcc-feats.cc:173) Processed features for key p257_013
VLOG[2] (compute-mfcc-feats[5.3.24~1-c948]:main():compute-mfcc-feats.cc:173) Processed features for key p257_014
VLOG[2] (compute-mfcc-feats[5.3.24~1-c948]:main():compute-mfcc-feats.cc:173) Processed features for key p257_015
VLOG[2] (compute-mfcc-feats[5.3.24~1-c948]:main():compute-mfcc-feats.cc:173) Processed features for key p257_016
VLOG[2] (compute-mfcc-feats[5.3.24~1-c948]:main():compute-mfcc-feats.cc:173) Processed features for key p257_017
VLOG[2] (compute-mfcc-feats[5.3.24~1-c948]:main():compute-mfcc-feats.cc:173) Processed features for key p257_018
VLOG[2] (compute-mfcc-feats[5.3.24~1-c948]:main():compute-mfcc-feats.cc:173) Processed features for key p257_019
VLOG[2] (compute-mfcc-feats[5.3.24~1-c948]:main():compute-mfcc-feats.cc:173) Processed features for key p257_020
LOG (compute-mfcc-feats[5.3.24~1-c948]:main():compute-mfcc-feats.cc:172) Processed 150 utterances
VLOG[2] (compute-mfcc-feats[5.3.24~1-c948]:main():compute-mfcc-feats.cc:173) Processed features for key p257_021
VLOG[2] (compute-mfcc-feats[5.3.24~1-c948]:main():compute-mfcc-feats.cc:173) Processed features for key p257_022
VLOG[2] (compute-mfcc-feats[5.3.24~1-c948]:main():compute-mfcc-feats.cc:173) Processed features for key p257_023
VLOG[2] (compute-mfcc-feats[5.3.24~1-c948]:main():compute-mfcc-feats.cc:173) Processed features for key p257_024
VLOG[2] (compute-mfcc-feats[5.3.24~1-c948]:main():compute-mfcc-feats.cc:173) Processed features for key p257_025
VLOG[2] (compute-mfcc-feats[5.3.24~1-c948]:main():compute-mfcc-feats.cc:173) Processed features for key p257_026
VLOG[2] (compute-mfcc-feats[5.3.24~1-c948]:main():compute-mfcc-feats.cc:173) Processed features for key p257_027
VLOG[2] (compute-mfcc-feats[5.3.24~1-c948]:main():compute-mfcc-feats.cc:173) Processed features for key p257_028
VLOG[2] (compute-mfcc-feats[5.3.24~1-c948]:main():compute-mfcc-feats.cc:173) Processed features for key p257_029
VLOG[2] (compute-mfcc-feats[5.3.24~1-c948]:main():compute-mfcc-feats.cc:173) Processed features for key p257_030
LOG (compute-mfcc-feats[5.3.24~1-c948]:main():compute-mfcc-feats.cc:172) Processed 160 utterances
VLOG[2] (compute-mfcc-feats[5.3.24~1-c948]:main():compute-mfcc-feats.cc:173) Processed features for key p257_031
VLOG[2] (compute-mfcc-feats[5.3.24~1-c948]:main():compute-mfcc-feats.cc:173) Processed features for key p257_032
VLOG[2] (compute-mfcc-feats[5.3.24~1-c948]:main():compute-mfcc-feats.cc:173) Processed features for key p257_033
VLOG[2] (compute-mfcc-feats[5.3.24~1-c948]:main():compute-mfcc-feats.cc:173) Processed features for key p257_034
VLOG[2] (compute-mfcc-feats[5.3.24~1-c948]:main():compute-mfcc-feats.cc:173) Processed features for key p257_035
VLOG[2] (compute-mfcc-feats[5.3.24~1-c948]:main():compute-mfcc-feats.cc:173) Processed features for key p257_036
VLOG[2] (compute-mfcc-feats[5.3.24~1-c948]:main():compute-mfcc-feats.cc:173) Processed features for key p257_037
VLOG[2] (compute-mfcc-feats[5.3.24~1-c948]:main():compute-mfcc-feats.cc:173) Processed features for key p257_038
VLOG[2] (compute-mfcc-feats[5.3.24~1-c948]:main():compute-mfcc-feats.cc:173) Processed features for key p257_039
VLOG[2] (compute-mfcc-feats[5.3.24~1-c948]:main():compute-mfcc-feats.cc:173) Processed features for key p257_040
LOG (compute-mfcc-feats[5.3.24~1-c948]:main():compute-mfcc-feats.cc:172) Processed 170 utterances
VLOG[2] (compute-mfcc-feats[5.3.24~1-c948]:main():compute-mfcc-feats.cc:173) Processed features for key p257_041
VLOG[2] (compute-mfcc-feats[5.3.24~1-c948]:main():compute-mfcc-feats.cc:173) Processed features for key p257_042
VLOG[2] (compute-mfcc-feats[5.3.24~1-c948]:main():compute-mfcc-feats.cc:173) Processed features for key p257_043
VLOG[2] (compute-mfcc-feats[5.3.24~1-c948]:main():compute-mfcc-feats.cc:173) Processed features for key p257_044
VLOG[2] (compute-mfcc-feats[5.3.24~1-c948]:main():compute-mfcc-feats.cc:173) Processed features for key p257_045
VLOG[2] (compute-mfcc-feats[5.3.24~1-c948]:main():compute-mfcc-feats.cc:173) Processed features for key p257_046
VLOG[2] (compute-mfcc-feats[5.3.24~1-c948]:main():compute-mfcc-feats.cc:173) Processed features for key p257_047
VLOG[2] (compute-mfcc-feats[5.3.24~1-c948]:main():compute-mfcc-feats.cc:173) Processed features for key p257_048
VLOG[2] (compute-mfcc-feats[5.3.24~1-c948]:main():compute-mfcc-feats.cc:173) Processed features for key p257_049
VLOG[2] (compute-mfcc-feats[5.3.24~1-c948]:main():compute-mfcc-feats.cc:173) Processed features for key p257_050
LOG (compute-mfcc-feats[5.3.24~1-c948]:main():compute-mfcc-feats.cc:172) Processed 180 utterances
VLOG[2] (compute-mfcc-feats[5.3.24~1-c948]:main():compute-mfcc-feats.cc:173) Processed features for key p257_051
VLOG[2] (compute-mfcc-feats[5.3.24~1-c948]:main():compute-mfcc-feats.cc:173) Processed features for key p257_052
VLOG[2] (compute-mfcc-feats[5.3.24~1-c948]:main():compute-mfcc-feats.cc:173) Processed features for key p257_053
VLOG[2] (compute-mfcc-feats[5.3.24~1-c948]:main():compute-mfcc-feats.cc:173) Processed features for key p257_054
VLOG[2] (compute-mfcc-feats[5.3.24~1-c948]:main():compute-mfcc-feats.cc:173) Processed features for key p257_055
VLOG[2] (compute-mfcc-feats[5.3.24~1-c948]:main():compute-mfcc-feats.cc:173) Processed features for key p257_056
VLOG[2] (compute-mfcc-feats[5.3.24~1-c948]:main():compute-mfcc-feats.cc:173) Processed features for key p257_057
VLOG[2] (compute-mfcc-feats[5.3.24~1-c948]:main():compute-mfcc-feats.cc:173) Processed features for key p257_058
VLOG[2] (compute-mfcc-feats[5.3.24~1-c948]:main():compute-mfcc-feats.cc:173) Processed features for key p257_059
VLOG[2] (compute-mfcc-feats[5.3.24~1-c948]:main():compute-mfcc-feats.cc:173) Processed features for key p257_060
LOG (compute-mfcc-feats[5.3.24~1-c948]:main():compute-mfcc-feats.cc:172) Processed 190 utterances
VLOG[2] (compute-mfcc-feats[5.3.24~1-c948]:main():compute-mfcc-feats.cc:173) Processed features for key p257_061
VLOG[2] (compute-mfcc-feats[5.3.24~1-c948]:main():compute-mfcc-feats.cc:173) Processed features for key p257_062
VLOG[2] (compute-mfcc-feats[5.3.24~1-c948]:main():compute-mfcc-feats.cc:173) Processed features for key p257_063
VLOG[2] (compute-mfcc-feats[5.3.24~1-c948]:main():compute-mfcc-feats.cc:173) Processed features for key p257_064
VLOG[2] (compute-mfcc-feats[5.3.24~1-c948]:main():compute-mfcc-feats.cc:173) Processed features for key p257_065
VLOG[2] (compute-mfcc-feats[5.3.24~1-c948]:main():compute-mfcc-feats.cc:173) Processed features for key p257_066
VLOG[2] (compute-mfcc-feats[5.3.24~1-c948]:main():compute-mfcc-feats.cc:173) Processed features for key p257_067
VLOG[2] (compute-mfcc-feats[5.3.24~1-c948]:main():compute-mfcc-feats.cc:173) Processed features for key p257_068
VLOG[2] (compute-mfcc-feats[5.3.24~1-c948]:main():compute-mfcc-feats.cc:173) Processed features for key p257_069
VLOG[2] (compute-mfcc-feats[5.3.24~1-c948]:main():compute-mfcc-feats.cc:173) Processed features for key p257_070
LOG (compute-mfcc-feats[5.3.24~1-c948]:main():compute-mfcc-feats.cc:172) Processed 200 utterances
VLOG[2] (compute-mfcc-feats[5.3.24~1-c948]:main():compute-mfcc-feats.cc:173) Processed features for key p257_071
VLOG[2] (compute-mfcc-feats[5.3.24~1-c948]:main():compute-mfcc-feats.cc:173) Processed features for key p257_072
VLOG[2] (compute-mfcc-feats[5.3.24~1-c948]:main():compute-mfcc-feats.cc:173) Processed features for key p257_073
VLOG[2] (compute-mfcc-feats[5.3.24~1-c948]:main():compute-mfcc-feats.cc:173) Processed features for key p257_074
VLOG[2] (compute-mfcc-feats[5.3.24~1-c948]:main():compute-mfcc-feats.cc:173) Processed features for key p257_075
VLOG[2] (compute-mfcc-feats[5.3.24~1-c948]:main():compute-mfcc-feats.cc:173) Processed features for key p257_076
VLOG[2] (compute-mfcc-feats[5.3.24~1-c948]:main():compute-mfcc-feats.cc:173) Processed features for key p257_077
VLOG[2] (compute-mfcc-feats[5.3.24~1-c948]:main():compute-mfcc-feats.cc:173) Processed features for key p257_078
VLOG[2] (compute-mfcc-feats[5.3.24~1-c948]:main():compute-mfcc-feats.cc:173) Processed features for key p257_079
VLOG[2] (compute-mfcc-feats[5.3.24~1-c948]:main():compute-mfcc-feats.cc:173) Processed features for key p257_080
LOG (compute-mfcc-feats[5.3.24~1-c948]:main():compute-mfcc-feats.cc:172) Processed 210 utterances
VLOG[2] (compute-mfcc-feats[5.3.24~1-c948]:main():compute-mfcc-feats.cc:173) Processed features for key p257_081
VLOG[2] (compute-mfcc-feats[5.3.24~1-c948]:main():compute-mfcc-feats.cc:173) Processed features for key p257_082
VLOG[2] (compute-mfcc-feats[5.3.24~1-c948]:main():compute-mfcc-feats.cc:173) Processed features for key p257_083
VLOG[2] (compute-mfcc-feats[5.3.24~1-c948]:main():compute-mfcc-feats.cc:173) Processed features for key p257_084
VLOG[2] (compute-mfcc-feats[5.3.24~1-c948]:main():compute-mfcc-feats.cc:173) Processed features for key p257_085
VLOG[2] (compute-mfcc-feats[5.3.24~1-c948]:main():compute-mfcc-feats.cc:173) Processed features for key p257_086
VLOG[2] (compute-mfcc-feats[5.3.24~1-c948]:main():compute-mfcc-feats.cc:173) Processed features for key p257_087
VLOG[2] (compute-mfcc-feats[5.3.24~1-c948]:main():compute-mfcc-feats.cc:173) Processed features for key p257_088
VLOG[2] (compute-mfcc-feats[5.3.24~1-c948]:main():compute-mfcc-feats.cc:173) Processed features for key p257_089
VLOG[2] (compute-mfcc-feats[5.3.24~1-c948]:main():compute-mfcc-feats.cc:173) Processed features for key p257_090
LOG (compute-mfcc-feats[5.3.24~1-c948]:main():compute-mfcc-feats.cc:172) Processed 220 utterances
VLOG[2] (compute-mfcc-feats[5.3.24~1-c948]:main():compute-mfcc-feats.cc:173) Processed features for key p257_091
VLOG[2] (compute-mfcc-feats[5.3.24~1-c948]:main():compute-mfcc-feats.cc:173) Processed features for key p257_092
VLOG[2] (compute-mfcc-feats[5.3.24~1-c948]:main():compute-mfcc-feats.cc:173) Processed features for key p257_093
VLOG[2] (compute-mfcc-feats[5.3.24~1-c948]:main():compute-mfcc-feats.cc:173) Processed features for key p257_094
VLOG[2] (compute-mfcc-feats[5.3.24~1-c948]:main():compute-mfcc-feats.cc:173) Processed features for key p257_095
VLOG[2] (compute-mfcc-feats[5.3.24~1-c948]:main():compute-mfcc-feats.cc:173) Processed features for key p257_096
VLOG[2] (compute-mfcc-feats[5.3.24~1-c948]:main():compute-mfcc-feats.cc:173) Processed features for key p257_097
VLOG[2] (compute-mfcc-feats[5.3.24~1-c948]:main():compute-mfcc-feats.cc:173) Processed features for key p257_098
VLOG[2] (compute-mfcc-feats[5.3.24~1-c948]:main():compute-mfcc-feats.cc:173) Processed features for key p257_099
VLOG[2] (compute-mfcc-feats[5.3.24~1-c948]:main():compute-mfcc-feats.cc:173) Processed features for key p257_100
LOG (compute-mfcc-feats[5.3.24~1-c948]:main():compute-mfcc-feats.cc:172) Processed 230 utterances
VLOG[2] (compute-mfcc-feats[5.3.24~1-c948]:main():compute-mfcc-feats.cc:173) Processed features for key p257_101
VLOG[2] (compute-mfcc-feats[5.3.24~1-c948]:main():compute-mfcc-feats.cc:173) Processed features for key p257_102
VLOG[2] (compute-mfcc-feats[5.3.24~1-c948]:main():compute-mfcc-feats.cc:173) Processed features for key p257_103
VLOG[2] (compute-mfcc-feats[5.3.24~1-c948]:main():compute-mfcc-feats.cc:173) Processed features for key p257_104
VLOG[2] (compute-mfcc-feats[5.3.24~1-c948]:main():compute-mfcc-feats.cc:173) Processed features for key p257_105
VLOG[2] (compute-mfcc-feats[5.3.24~1-c948]:main():compute-mfcc-feats.cc:173) Processed features for key p257_106
VLOG[2] (compute-mfcc-feats[5.3.24~1-c948]:main():compute-mfcc-feats.cc:173) Processed features for key p257_107
VLOG[2] (compute-mfcc-feats[5.3.24~1-c948]:main():compute-mfcc-feats.cc:173) Processed features for key p257_108
VLOG[2] (compute-mfcc-feats[5.3.24~1-c948]:main():compute-mfcc-feats.cc:173) Processed features for key p257_109
VLOG[2] (compute-mfcc-feats[5.3.24~1-c948]:main():compute-mfcc-feats.cc:173) Processed features for key p257_110
LOG (compute-mfcc-feats[5.3.24~1-c948]:main():compute-mfcc-feats.cc:172) Processed 240 utterances
VLOG[2] (compute-mfcc-feats[5.3.24~1-c948]:main():compute-mfcc-feats.cc:173) Processed features for key p257_111
VLOG[2] (compute-mfcc-feats[5.3.24~1-c948]:main():compute-mfcc-feats.cc:173) Processed features for key p257_112
VLOG[2] (compute-mfcc-feats[5.3.24~1-c948]:main():compute-mfcc-feats.cc:173) Processed features for key p257_113
VLOG[2] (compute-mfcc-feats[5.3.24~1-c948]:main():compute-mfcc-feats.cc:173) Processed features for key p257_114
VLOG[2] (compute-mfcc-feats[5.3.24~1-c948]:main():compute-mfcc-feats.cc:173) Processed features for key p257_115
VLOG[2] (compute-mfcc-feats[5.3.24~1-c948]:main():compute-mfcc-feats.cc:173) Processed features for key p257_116
VLOG[2] (compute-mfcc-feats[5.3.24~1-c948]:main():compute-mfcc-feats.cc:173) Processed features for key p257_117
VLOG[2] (compute-mfcc-feats[5.3.24~1-c948]:main():compute-mfcc-feats.cc:173) Processed features for key p257_118
VLOG[2] (compute-mfcc-feats[5.3.24~1-c948]:main():compute-mfcc-feats.cc:173) Processed features for key p257_119
VLOG[2] (compute-mfcc-feats[5.3.24~1-c948]:main():compute-mfcc-feats.cc:173) Processed features for key p257_120
LOG (compute-mfcc-feats[5.3.24~1-c948]:main():compute-mfcc-feats.cc:172) Processed 250 utterances
VLOG[2] (compute-mfcc-feats[5.3.24~1-c948]:main():compute-mfcc-feats.cc:173) Processed features for key p257_121
VLOG[2] (compute-mfcc-feats[5.3.24~1-c948]:main():compute-mfcc-feats.cc:173) Processed features for key p257_122
VLOG[2] (compute-mfcc-feats[5.3.24~1-c948]:main():compute-mfcc-feats.cc:173) Processed features for key p257_123
VLOG[2] (compute-mfcc-feats[5.3.24~1-c948]:main():compute-mfcc-feats.cc:173) Processed features for key p257_124
VLOG[2] (compute-mfcc-feats[5.3.24~1-c948]:main():compute-mfcc-feats.cc:173) Processed features for key p257_125
VLOG[2] (compute-mfcc-feats[5.3.24~1-c948]:main():compute-mfcc-feats.cc:173) Processed features for key p257_126
VLOG[2] (compute-mfcc-feats[5.3.24~1-c948]:main():compute-mfcc-feats.cc:173) Processed features for key p257_127
VLOG[2] (compute-mfcc-feats[5.3.24~1-c948]:main():compute-mfcc-feats.cc:173) Processed features for key p257_128
VLOG[2] (compute-mfcc-feats[5.3.24~1-c948]:main():compute-mfcc-feats.cc:173) Processed features for key p257_129
VLOG[2] (compute-mfcc-feats[5.3.24~1-c948]:main():compute-mfcc-feats.cc:173) Processed features for key p257_130
LOG (compute-mfcc-feats[5.3.24~1-c948]:main():compute-mfcc-feats.cc:172) Processed 260 utterances
VLOG[2] (compute-mfcc-feats[5.3.24~1-c948]:main():compute-mfcc-feats.cc:173) Processed features for key p257_131
VLOG[2] (compute-mfcc-feats[5.3.24~1-c948]:main():compute-mfcc-feats.cc:173) Processed features for key p257_132
VLOG[2] (compute-mfcc-feats[5.3.24~1-c948]:main():compute-mfcc-feats.cc:173) Processed features for key p257_133
VLOG[2] (compute-mfcc-feats[5.3.24~1-c948]:main():compute-mfcc-feats.cc:173) Processed features for key p257_134
VLOG[2] (compute-mfcc-feats[5.3.24~1-c948]:main():compute-mfcc-feats.cc:173) Processed features for key p257_135
VLOG[2] (compute-mfcc-feats[5.3.24~1-c948]:main():compute-mfcc-feats.cc:173) Processed features for key p257_136
VLOG[2] (compute-mfcc-feats[5.3.24~1-c948]:main():compute-mfcc-feats.cc:173) Processed features for key p257_137
VLOG[2] (compute-mfcc-feats[5.3.24~1-c948]:main():compute-mfcc-feats.cc:173) Processed features for key p257_138
VLOG[2] (compute-mfcc-feats[5.3.24~1-c948]:main():compute-mfcc-feats.cc:173) Processed features for key p257_139
VLOG[2] (compute-mfcc-feats[5.3.24~1-c948]:main():compute-mfcc-feats.cc:173) Processed features for key p257_140
LOG (compute-mfcc-feats[5.3.24~1-c948]:main():compute-mfcc-feats.cc:172) Processed 270 utterances
VLOG[2] (compute-mfcc-feats[5.3.24~1-c948]:main():compute-mfcc-feats.cc:173) Processed features for key p257_141
VLOG[2] (compute-mfcc-feats[5.3.24~1-c948]:main():compute-mfcc-feats.cc:173) Processed features for key p257_142
VLOG[2] (compute-mfcc-feats[5.3.24~1-c948]:main():compute-mfcc-feats.cc:173) Processed features for key p257_143
VLOG[2] (compute-mfcc-feats[5.3.24~1-c948]:main():compute-mfcc-feats.cc:173) Processed features for key p257_144
VLOG[2] (compute-mfcc-feats[5.3.24~1-c948]:main():compute-mfcc-feats.cc:173) Processed features for key p257_145
VLOG[2] (compute-mfcc-feats[5.3.24~1-c948]:main():compute-mfcc-feats.cc:173) Processed features for key p257_146
VLOG[2] (compute-mfcc-feats[5.3.24~1-c948]:main():compute-mfcc-feats.cc:173) Processed features for key p257_147
VLOG[2] (compute-mfcc-feats[5.3.24~1-c948]:main():compute-mfcc-feats.cc:173) Processed features for key p257_148
VLOG[2] (compute-mfcc-feats[5.3.24~1-c948]:main():compute-mfcc-feats.cc:173) Processed features for key p257_149
VLOG[2] (compute-mfcc-feats[5.3.24~1-c948]:main():compute-mfcc-feats.cc:173) Processed features for key p257_150
LOG (compute-mfcc-feats[5.3.24~1-c948]:main():compute-mfcc-feats.cc:172) Processed 280 utterances
VLOG[2] (compute-mfcc-feats[5.3.24~1-c948]:main():compute-mfcc-feats.cc:173) Processed features for key p257_151
VLOG[2] (compute-mfcc-feats[5.3.24~1-c948]:main():compute-mfcc-feats.cc:173) Processed features for key p257_152
VLOG[2] (compute-mfcc-feats[5.3.24~1-c948]:main():compute-mfcc-feats.cc:173) Processed features for key p257_153
VLOG[2] (compute-mfcc-feats[5.3.24~1-c948]:main():compute-mfcc-feats.cc:173) Processed features for key p257_154
VLOG[2] (compute-mfcc-feats[5.3.24~1-c948]:main():compute-mfcc-feats.cc:173) Processed features for key p257_155
VLOG[2] (compute-mfcc-feats[5.3.24~1-c948]:main():compute-mfcc-feats.cc:173) Processed features for key p257_156
VLOG[2] (compute-mfcc-feats[5.3.24~1-c948]:main():compute-mfcc-feats.cc:173) Processed features for key p257_157
VLOG[2] (compute-mfcc-feats[5.3.24~1-c948]:main():compute-mfcc-feats.cc:173) Processed features for key p257_158
VLOG[2] (compute-mfcc-feats[5.3.24~1-c948]:main():compute-mfcc-feats.cc:173) Processed features for key p257_159
VLOG[2] (compute-mfcc-feats[5.3.24~1-c948]:main():compute-mfcc-feats.cc:173) Processed features for key p257_160
LOG (compute-mfcc-feats[5.3.24~1-c948]:main():compute-mfcc-feats.cc:172) Processed 290 utterances
VLOG[2] (compute-mfcc-feats[5.3.24~1-c948]:main():compute-mfcc-feats.cc:173) Processed features for key p257_161
VLOG[2] (compute-mfcc-feats[5.3.24~1-c948]:main():compute-mfcc-feats.cc:173) Processed features for key p257_162
VLOG[2] (compute-mfcc-feats[5.3.24~1-c948]:main():compute-mfcc-feats.cc:173) Processed features for key p257_163
VLOG[2] (compute-mfcc-feats[5.3.24~1-c948]:main():compute-mfcc-feats.cc:173) Processed features for key p257_164
VLOG[2] (compute-mfcc-feats[5.3.24~1-c948]:main():compute-mfcc-feats.cc:173) Processed features for key p257_165
VLOG[2] (compute-mfcc-feats[5.3.24~1-c948]:main():compute-mfcc-feats.cc:173) Processed features for key p257_166
VLOG[2] (compute-mfcc-feats[5.3.24~1-c948]:main():compute-mfcc-feats.cc:173) Processed features for key p257_167
VLOG[2] (compute-mfcc-feats[5.3.24~1-c948]:main():compute-mfcc-feats.cc:173) Processed features for key p257_168
VLOG[2] (compute-mfcc-feats[5.3.24~1-c948]:main():compute-mfcc-feats.cc:173) Processed features for key p257_169
VLOG[2] (compute-mfcc-feats[5.3.24~1-c948]:main():compute-mfcc-feats.cc:173) Processed features for key p257_170
LOG (compute-mfcc-feats[5.3.24~1-c948]:main():compute-mfcc-feats.cc:172) Processed 300 utterances
VLOG[2] (compute-mfcc-feats[5.3.24~1-c948]:main():compute-mfcc-feats.cc:173) Processed features for key p257_171
VLOG[2] (compute-mfcc-feats[5.3.24~1-c948]:main():compute-mfcc-feats.cc:173) Processed features for key p257_172
VLOG[2] (compute-mfcc-feats[5.3.24~1-c948]:main():compute-mfcc-feats.cc:173) Processed features for key p257_173
VLOG[2] (compute-mfcc-feats[5.3.24~1-c948]:main():compute-mfcc-feats.cc:173) Processed features for key p257_174
VLOG[2] (compute-mfcc-feats[5.3.24~1-c948]:main():compute-mfcc-feats.cc:173) Processed features for key p257_175
VLOG[2] (compute-mfcc-feats[5.3.24~1-c948]:main():compute-mfcc-feats.cc:173) Processed features for key p257_176
VLOG[2] (compute-mfcc-feats[5.3.24~1-c948]:main():compute-mfcc-feats.cc:173) Processed features for key p257_177
VLOG[2] (compute-mfcc-feats[5.3.24~1-c948]:main():compute-mfcc-feats.cc:173) Processed features for key p257_178
VLOG[2] (compute-mfcc-feats[5.3.24~1-c948]:main():compute-mfcc-feats.cc:173) Processed features for key p257_179
VLOG[2] (compute-mfcc-feats[5.3.24~1-c948]:main():compute-mfcc-feats.cc:173) Processed features for key p257_180
LOG (compute-mfcc-feats[5.3.24~1-c948]:main():compute-mfcc-feats.cc:172) Processed 310 utterances
VLOG[2] (compute-mfcc-feats[5.3.24~1-c948]:main():compute-mfcc-feats.cc:173) Processed features for key p257_181
VLOG[2] (compute-mfcc-feats[5.3.24~1-c948]:main():compute-mfcc-feats.cc:173) Processed features for key p257_182
VLOG[2] (compute-mfcc-feats[5.3.24~1-c948]:main():compute-mfcc-feats.cc:173) Processed features for key p257_183
VLOG[2] (compute-mfcc-feats[5.3.24~1-c948]:main():compute-mfcc-feats.cc:173) Processed features for key p257_184
VLOG[2] (compute-mfcc-feats[5.3.24~1-c948]:main():compute-mfcc-feats.cc:173) Processed features for key p257_185
VLOG[2] (compute-mfcc-feats[5.3.24~1-c948]:main():compute-mfcc-feats.cc:173) Processed features for key p257_186
VLOG[2] (compute-mfcc-feats[5.3.24~1-c948]:main():compute-mfcc-feats.cc:173) Processed features for key p257_187
VLOG[2] (compute-mfcc-feats[5.3.24~1-c948]:main():compute-mfcc-feats.cc:173) Processed features for key p257_188
VLOG[2] (compute-mfcc-feats[5.3.24~1-c948]:main():compute-mfcc-feats.cc:173) Processed features for key p257_189
VLOG[2] (compute-mfcc-feats[5.3.24~1-c948]:main():compute-mfcc-feats.cc:173) Processed features for key p257_190
LOG (compute-mfcc-feats[5.3.24~1-c948]:main():compute-mfcc-feats.cc:172) Processed 320 utterances
VLOG[2] (compute-mfcc-feats[5.3.24~1-c948]:main():compute-mfcc-feats.cc:173) Processed features for key p257_191
VLOG[2] (compute-mfcc-feats[5.3.24~1-c948]:main():compute-mfcc-feats.cc:173) Processed features for key p257_192
VLOG[2] (compute-mfcc-feats[5.3.24~1-c948]:main():compute-mfcc-feats.cc:173) Processed features for key p257_193
VLOG[2] (compute-mfcc-feats[5.3.24~1-c948]:main():compute-mfcc-feats.cc:173) Processed features for key p257_194
VLOG[2] (compute-mfcc-feats[5.3.24~1-c948]:main():compute-mfcc-feats.cc:173) Processed features for key p257_195
VLOG[2] (compute-mfcc-feats[5.3.24~1-c948]:main():compute-mfcc-feats.cc:173) Processed features for key p257_196
VLOG[2] (compute-mfcc-feats[5.3.24~1-c948]:main():compute-mfcc-feats.cc:173) Processed features for key p257_197
VLOG[2] (compute-mfcc-feats[5.3.24~1-c948]:main():compute-mfcc-feats.cc:173) Processed features for key p257_198
VLOG[2] (compute-mfcc-feats[5.3.24~1-c948]:main():compute-mfcc-feats.cc:173) Processed features for key p257_199
VLOG[2] (compute-mfcc-feats[5.3.24~1-c948]:main():compute-mfcc-feats.cc:173) Processed features for key p257_200
LOG (compute-mfcc-feats[5.3.24~1-c948]:main():compute-mfcc-feats.cc:172) Processed 330 utterances
VLOG[2] (compute-mfcc-feats[5.3.24~1-c948]:main():compute-mfcc-feats.cc:173) Processed features for key p257_201
VLOG[2] (compute-mfcc-feats[5.3.24~1-c948]:main():compute-mfcc-feats.cc:173) Processed features for key p257_202
VLOG[2] (compute-mfcc-feats[5.3.24~1-c948]:main():compute-mfcc-feats.cc:173) Processed features for key p257_203
VLOG[2] (compute-mfcc-feats[5.3.24~1-c948]:main():compute-mfcc-feats.cc:173) Processed features for key p257_204
VLOG[2] (compute-mfcc-feats[5.3.24~1-c948]:main():compute-mfcc-feats.cc:173) Processed features for key p257_205
VLOG[2] (compute-mfcc-feats[5.3.24~1-c948]:main():compute-mfcc-feats.cc:173) Processed features for key p257_206
VLOG[2] (compute-mfcc-feats[5.3.24~1-c948]:main():compute-mfcc-feats.cc:173) Processed features for key p257_207
VLOG[2] (compute-mfcc-feats[5.3.24~1-c948]:main():compute-mfcc-feats.cc:173) Processed features for key p257_208
VLOG[2] (compute-mfcc-feats[5.3.24~1-c948]:main():compute-mfcc-feats.cc:173) Processed features for key p257_209
VLOG[2] (compute-mfcc-feats[5.3.24~1-c948]:main():compute-mfcc-feats.cc:173) Processed features for key p257_210
LOG (compute-mfcc-feats[5.3.24~1-c948]:main():compute-mfcc-feats.cc:172) Processed 340 utterances
VLOG[2] (compute-mfcc-feats[5.3.24~1-c948]:main():compute-mfcc-feats.cc:173) Processed features for key p257_211
VLOG[2] (compute-mfcc-feats[5.3.24~1-c948]:main():compute-mfcc-feats.cc:173) Processed features for key p257_212
VLOG[2] (compute-mfcc-feats[5.3.24~1-c948]:main():compute-mfcc-feats.cc:173) Processed features for key p257_213
VLOG[2] (compute-mfcc-feats[5.3.24~1-c948]:main():compute-mfcc-feats.cc:173) Processed features for key p257_214
VLOG[2] (compute-mfcc-feats[5.3.24~1-c948]:main():compute-mfcc-feats.cc:173) Processed features for key p257_215
VLOG[2] (compute-mfcc-feats[5.3.24~1-c948]:main():compute-mfcc-feats.cc:173) Processed features for key p257_216
VLOG[2] (compute-mfcc-feats[5.3.24~1-c948]:main():compute-mfcc-feats.cc:173) Processed features for key p257_217
VLOG[2] (compute-mfcc-feats[5.3.24~1-c948]:main():compute-mfcc-feats.cc:173) Processed features for key p257_218
VLOG[2] (compute-mfcc-feats[5.3.24~1-c948]:main():compute-mfcc-feats.cc:173) Processed features for key p257_219
VLOG[2] (compute-mfcc-feats[5.3.24~1-c948]:main():compute-mfcc-feats.cc:173) Processed features for key p257_220
LOG (compute-mfcc-feats[5.3.24~1-c948]:main():compute-mfcc-feats.cc:172) Processed 350 utterances
VLOG[2] (compute-mfcc-feats[5.3.24~1-c948]:main():compute-mfcc-feats.cc:173) Processed features for key p257_221
VLOG[2] (compute-mfcc-feats[5.3.24~1-c948]:main():compute-mfcc-feats.cc:173) Processed features for key p257_222
VLOG[2] (compute-mfcc-feats[5.3.24~1-c948]:main():compute-mfcc-feats.cc:173) Processed features for key p257_223
VLOG[2] (compute-mfcc-feats[5.3.24~1-c948]:main():compute-mfcc-feats.cc:173) Processed features for key p257_224
VLOG[2] (compute-mfcc-feats[5.3.24~1-c948]:main():compute-mfcc-feats.cc:173) Processed features for key p257_225
VLOG[2] (compute-mfcc-feats[5.3.24~1-c948]:main():compute-mfcc-feats.cc:173) Processed features for key p257_226
VLOG[2] (compute-mfcc-feats[5.3.24~1-c948]:main():compute-mfcc-feats.cc:173) Processed features for key p257_227
VLOG[2] (compute-mfcc-feats[5.3.24~1-c948]:main():compute-mfcc-feats.cc:173) Processed features for key p257_228
VLOG[2] (compute-mfcc-feats[5.3.24~1-c948]:main():compute-mfcc-feats.cc:173) Processed features for key p257_229
VLOG[2] (compute-mfcc-feats[5.3.24~1-c948]:main():compute-mfcc-feats.cc:173) Processed features for key p257_230
LOG (compute-mfcc-feats[5.3.24~1-c948]:main():compute-mfcc-feats.cc:172) Processed 360 utterances
VLOG[2] (compute-mfcc-feats[5.3.24~1-c948]:main():compute-mfcc-feats.cc:173) Processed features for key p257_231
VLOG[2] (compute-mfcc-feats[5.3.24~1-c948]:main():compute-mfcc-feats.cc:173) Processed features for key p257_232
VLOG[2] (compute-mfcc-feats[5.3.24~1-c948]:main():compute-mfcc-feats.cc:173) Processed features for key p257_233
VLOG[2] (compute-mfcc-feats[5.3.24~1-c948]:main():compute-mfcc-feats.cc:173) Processed features for key p257_234
VLOG[2] (compute-mfcc-feats[5.3.24~1-c948]:main():compute-mfcc-feats.cc:173) Processed features for key p257_235
VLOG[2] (compute-mfcc-feats[5.3.24~1-c948]:main():compute-mfcc-feats.cc:173) Processed features for key p257_236
VLOG[2] (compute-mfcc-feats[5.3.24~1-c948]:main():compute-mfcc-feats.cc:173) Processed features for key p257_237
VLOG[2] (compute-mfcc-feats[5.3.24~1-c948]:main():compute-mfcc-feats.cc:173) Processed features for key p257_238
VLOG[2] (compute-mfcc-feats[5.3.24~1-c948]:main():compute-mfcc-feats.cc:173) Processed features for key p257_239
VLOG[2] (compute-mfcc-feats[5.3.24~1-c948]:main():compute-mfcc-feats.cc:173) Processed features for key p257_240
LOG (compute-mfcc-feats[5.3.24~1-c948]:main():compute-mfcc-feats.cc:172) Processed 370 utterances
VLOG[2] (compute-mfcc-feats[5.3.24~1-c948]:main():compute-mfcc-feats.cc:173) Processed features for key p257_241
VLOG[2] (compute-mfcc-feats[5.3.24~1-c948]:main():compute-mfcc-feats.cc:173) Processed features for key p257_242
VLOG[2] (compute-mfcc-feats[5.3.24~1-c948]:main():compute-mfcc-feats.cc:173) Processed features for key p257_243
VLOG[2] (compute-mfcc-feats[5.3.24~1-c948]:main():compute-mfcc-feats.cc:173) Processed features for key p257_244
VLOG[2] (compute-mfcc-feats[5.3.24~1-c948]:main():compute-mfcc-feats.cc:173) Processed features for key p257_245
VLOG[2] (compute-mfcc-feats[5.3.24~1-c948]:main():compute-mfcc-feats.cc:173) Processed features for key p257_246
VLOG[2] (compute-mfcc-feats[5.3.24~1-c948]:main():compute-mfcc-feats.cc:173) Processed features for key p257_247
VLOG[2] (compute-mfcc-feats[5.3.24~1-c948]:main():compute-mfcc-feats.cc:173) Processed features for key p257_248
VLOG[2] (compute-mfcc-feats[5.3.24~1-c948]:main():compute-mfcc-feats.cc:173) Processed features for key p257_249
VLOG[2] (compute-mfcc-feats[5.3.24~1-c948]:main():compute-mfcc-feats.cc:173) Processed features for key p257_250
LOG (compute-mfcc-feats[5.3.24~1-c948]:main():compute-mfcc-feats.cc:172) Processed 380 utterances
VLOG[2] (compute-mfcc-feats[5.3.24~1-c948]:main():compute-mfcc-feats.cc:173) Processed features for key p257_251
VLOG[2] (compute-mfcc-feats[5.3.24~1-c948]:main():compute-mfcc-feats.cc:173) Processed features for key p257_252
VLOG[2] (compute-mfcc-feats[5.3.24~1-c948]:main():compute-mfcc-feats.cc:173) Processed features for key p257_253
VLOG[2] (compute-mfcc-feats[5.3.24~1-c948]:main():compute-mfcc-feats.cc:173) Processed features for key p257_254
VLOG[2] (compute-mfcc-feats[5.3.24~1-c948]:main():compute-mfcc-feats.cc:173) Processed features for key p257_255
VLOG[2] (compute-mfcc-feats[5.3.24~1-c948]:main():compute-mfcc-feats.cc:173) Processed features for key p257_256
VLOG[2] (compute-mfcc-feats[5.3.24~1-c948]:main():compute-mfcc-feats.cc:173) Processed features for key p257_257
VLOG[2] (compute-mfcc-feats[5.3.24~1-c948]:main():compute-mfcc-feats.cc:173) Processed features for key p257_258
VLOG[2] (compute-mfcc-feats[5.3.24~1-c948]:main():compute-mfcc-feats.cc:173) Processed features for key p257_259
VLOG[2] (compute-mfcc-feats[5.3.24~1-c948]:main():compute-mfcc-feats.cc:173) Processed features for key p257_260
LOG (compute-mfcc-feats[5.3.24~1-c948]:main():compute-mfcc-feats.cc:172) Processed 390 utterances
VLOG[2] (compute-mfcc-feats[5.3.24~1-c948]:main():compute-mfcc-feats.cc:173) Processed features for key p257_261
VLOG[2] (compute-mfcc-feats[5.3.24~1-c948]:main():compute-mfcc-feats.cc:173) Processed features for key p257_262
VLOG[2] (compute-mfcc-feats[5.3.24~1-c948]:main():compute-mfcc-feats.cc:173) Processed features for key p257_263
VLOG[2] (compute-mfcc-feats[5.3.24~1-c948]:main():compute-mfcc-feats.cc:173) Processed features for key p257_264
VLOG[2] (compute-mfcc-feats[5.3.24~1-c948]:main():compute-mfcc-feats.cc:173) Processed features for key p257_265
VLOG[2] (compute-mfcc-feats[5.3.24~1-c948]:main():compute-mfcc-feats.cc:173) Processed features for key p257_266
VLOG[2] (compute-mfcc-feats[5.3.24~1-c948]:main():compute-mfcc-feats.cc:173) Processed features for key p257_267
VLOG[2] (compute-mfcc-feats[5.3.24~1-c948]:main():compute-mfcc-feats.cc:173) Processed features for key p257_268
VLOG[2] (compute-mfcc-feats[5.3.24~1-c948]:main():compute-mfcc-feats.cc:173) Processed features for key p257_269
VLOG[2] (compute-mfcc-feats[5.3.24~1-c948]:main():compute-mfcc-feats.cc:173) Processed features for key p257_270
LOG (compute-mfcc-feats[5.3.24~1-c948]:main():compute-mfcc-feats.cc:172) Processed 400 utterances
VLOG[2] (compute-mfcc-feats[5.3.24~1-c948]:main():compute-mfcc-feats.cc:173) Processed features for key p257_271
VLOG[2] (compute-mfcc-feats[5.3.24~1-c948]:main():compute-mfcc-feats.cc:173) Processed features for key p257_272
VLOG[2] (compute-mfcc-feats[5.3.24~1-c948]:main():compute-mfcc-feats.cc:173) Processed features for key p257_273
VLOG[2] (compute-mfcc-feats[5.3.24~1-c948]:main():compute-mfcc-feats.cc:173) Processed features for key p257_274
VLOG[2] (compute-mfcc-feats[5.3.24~1-c948]:main():compute-mfcc-feats.cc:173) Processed features for key p257_275
VLOG[2] (compute-mfcc-feats[5.3.24~1-c948]:main():compute-mfcc-feats.cc:173) Processed features for key p257_276
VLOG[2] (compute-mfcc-feats[5.3.24~1-c948]:main():compute-mfcc-feats.cc:173) Processed features for key p257_277
VLOG[2] (compute-mfcc-feats[5.3.24~1-c948]:main():compute-mfcc-feats.cc:173) Processed features for key p257_278
VLOG[2] (compute-mfcc-feats[5.3.24~1-c948]:main():compute-mfcc-feats.cc:173) Processed features for key p257_279
VLOG[2] (compute-mfcc-feats[5.3.24~1-c948]:main():compute-mfcc-feats.cc:173) Processed features for key p257_280
LOG (compute-mfcc-feats[5.3.24~1-c948]:main():compute-mfcc-feats.cc:172) Processed 410 utterances
VLOG[2] (compute-mfcc-feats[5.3.24~1-c948]:main():compute-mfcc-feats.cc:173) Processed features for key p257_281
VLOG[2] (compute-mfcc-feats[5.3.24~1-c948]:main():compute-mfcc-feats.cc:173) Processed features for key p257_282
VLOG[2] (compute-mfcc-feats[5.3.24~1-c948]:main():compute-mfcc-feats.cc:173) Processed features for key p257_283
VLOG[2] (compute-mfcc-feats[5.3.24~1-c948]:main():compute-mfcc-feats.cc:173) Processed features for key p257_284
VLOG[2] (compute-mfcc-feats[5.3.24~1-c948]:main():compute-mfcc-feats.cc:173) Processed features for key p257_285
VLOG[2] (compute-mfcc-feats[5.3.24~1-c948]:main():compute-mfcc-feats.cc:173) Processed features for key p257_286
VLOG[2] (compute-mfcc-feats[5.3.24~1-c948]:main():compute-mfcc-feats.cc:173) Processed features for key p257_287
VLOG[2] (compute-mfcc-feats[5.3.24~1-c948]:main():compute-mfcc-feats.cc:173) Processed features for key p257_288
VLOG[2] (compute-mfcc-feats[5.3.24~1-c948]:main():compute-mfcc-feats.cc:173) Processed features for key p257_289
VLOG[2] (compute-mfcc-feats[5.3.24~1-c948]:main():compute-mfcc-feats.cc:173) Processed features for key p257_290
LOG (compute-mfcc-feats[5.3.24~1-c948]:main():compute-mfcc-feats.cc:172) Processed 420 utterances
VLOG[2] (compute-mfcc-feats[5.3.24~1-c948]:main():compute-mfcc-feats.cc:173) Processed features for key p257_291
VLOG[2] (compute-mfcc-feats[5.3.24~1-c948]:main():compute-mfcc-feats.cc:173) Processed features for key p257_292
VLOG[2] (compute-mfcc-feats[5.3.24~1-c948]:main():compute-mfcc-feats.cc:173) Processed features for key p257_293
VLOG[2] (compute-mfcc-feats[5.3.24~1-c948]:main():compute-mfcc-feats.cc:173) Processed features for key p257_294
VLOG[2] (compute-mfcc-feats[5.3.24~1-c948]:main():compute-mfcc-feats.cc:173) Processed features for key p257_295
VLOG[2] (compute-mfcc-feats[5.3.24~1-c948]:main():compute-mfcc-feats.cc:173) Processed features for key p257_296
VLOG[2] (compute-mfcc-feats[5.3.24~1-c948]:main():compute-mfcc-feats.cc:173) Processed features for key p257_297
VLOG[2] (compute-mfcc-feats[5.3.24~1-c948]:main():compute-mfcc-feats.cc:173) Processed features for key p257_298
VLOG[2] (compute-mfcc-feats[5.3.24~1-c948]:main():compute-mfcc-feats.cc:173) Processed features for key p257_299
VLOG[2] (compute-mfcc-feats[5.3.24~1-c948]:main():compute-mfcc-feats.cc:173) Processed features for key p257_300
LOG (compute-mfcc-feats[5.3.24~1-c948]:main():compute-mfcc-feats.cc:172) Processed 430 utterances
VLOG[2] (compute-mfcc-feats[5.3.24~1-c948]:main():compute-mfcc-feats.cc:173) Processed features for key p257_301
VLOG[2] (compute-mfcc-feats[5.3.24~1-c948]:main():compute-mfcc-feats.cc:173) Processed features for key p257_302
VLOG[2] (compute-mfcc-feats[5.3.24~1-c948]:main():compute-mfcc-feats.cc:173) Processed features for key p257_303
VLOG[2] (compute-mfcc-feats[5.3.24~1-c948]:main():compute-mfcc-feats.cc:173) Processed features for key p257_304
VLOG[2] (compute-mfcc-feats[5.3.24~1-c948]:main():compute-mfcc-feats.cc:173) Processed features for key p257_305
VLOG[2] (compute-mfcc-feats[5.3.24~1-c948]:main():compute-mfcc-feats.cc:173) Processed features for key p257_306
VLOG[2] (compute-mfcc-feats[5.3.24~1-c948]:main():compute-mfcc-feats.cc:173) Processed features for key p257_307
VLOG[2] (compute-mfcc-feats[5.3.24~1-c948]:main():compute-mfcc-feats.cc:173) Processed features for key p257_308
VLOG[2] (compute-mfcc-feats[5.3.24~1-c948]:main():compute-mfcc-feats.cc:173) Processed features for key p257_309
VLOG[2] (compute-mfcc-feats[5.3.24~1-c948]:main():compute-mfcc-feats.cc:173) Processed features for key p257_310
LOG (compute-mfcc-feats[5.3.24~1-c948]:main():compute-mfcc-feats.cc:172) Processed 440 utterances
VLOG[2] (compute-mfcc-feats[5.3.24~1-c948]:main():compute-mfcc-feats.cc:173) Processed features for key p257_311
VLOG[2] (compute-mfcc-feats[5.3.24~1-c948]:main():compute-mfcc-feats.cc:173) Processed features for key p257_312
VLOG[2] (compute-mfcc-feats[5.3.24~1-c948]:main():compute-mfcc-feats.cc:173) Processed features for key p257_313
VLOG[2] (compute-mfcc-feats[5.3.24~1-c948]:main():compute-mfcc-feats.cc:173) Processed features for key p257_314
VLOG[2] (compute-mfcc-feats[5.3.24~1-c948]:main():compute-mfcc-feats.cc:173) Processed features for key p257_315
VLOG[2] (compute-mfcc-feats[5.3.24~1-c948]:main():compute-mfcc-feats.cc:173) Processed features for key p257_316
VLOG[2] (compute-mfcc-feats[5.3.24~1-c948]:main():compute-mfcc-feats.cc:173) Processed features for key p257_317
VLOG[2] (compute-mfcc-feats[5.3.24~1-c948]:main():compute-mfcc-feats.cc:173) Processed features for key p257_318
VLOG[2] (compute-mfcc-feats[5.3.24~1-c948]:main():compute-mfcc-feats.cc:173) Processed features for key p257_319
VLOG[2] (compute-mfcc-feats[5.3.24~1-c948]:main():compute-mfcc-feats.cc:173) Processed features for key p257_320
LOG (compute-mfcc-feats[5.3.24~1-c948]:main():compute-mfcc-feats.cc:172) Processed 450 utterances
VLOG[2] (compute-mfcc-feats[5.3.24~1-c948]:main():compute-mfcc-feats.cc:173) Processed features for key p257_321
VLOG[2] (compute-mfcc-feats[5.3.24~1-c948]:main():compute-mfcc-feats.cc:173) Processed features for key p257_322
VLOG[2] (compute-mfcc-feats[5.3.24~1-c948]:main():compute-mfcc-feats.cc:173) Processed features for key p257_323
VLOG[2] (compute-mfcc-feats[5.3.24~1-c948]:main():compute-mfcc-feats.cc:173) Processed features for key p257_324
VLOG[2] (compute-mfcc-feats[5.3.24~1-c948]:main():compute-mfcc-feats.cc:173) Processed features for key p257_325
VLOG[2] (compute-mfcc-feats[5.3.24~1-c948]:main():compute-mfcc-feats.cc:173) Processed features for key p257_326
VLOG[2] (compute-mfcc-feats[5.3.24~1-c948]:main():compute-mfcc-feats.cc:173) Processed features for key p257_327
VLOG[2] (compute-mfcc-feats[5.3.24~1-c948]:main():compute-mfcc-feats.cc:173) Processed features for key p257_328
VLOG[2] (compute-mfcc-feats[5.3.24~1-c948]:main():compute-mfcc-feats.cc:173) Processed features for key p257_329
VLOG[2] (compute-mfcc-feats[5.3.24~1-c948]:main():compute-mfcc-feats.cc:173) Processed features for key p257_330
LOG (compute-mfcc-feats[5.3.24~1-c948]:main():compute-mfcc-feats.cc:172) Processed 460 utterances
VLOG[2] (compute-mfcc-feats[5.3.24~1-c948]:main():compute-mfcc-feats.cc:173) Processed features for key p257_331
VLOG[2] (compute-mfcc-feats[5.3.24~1-c948]:main():compute-mfcc-feats.cc:173) Processed features for key p257_332
VLOG[2] (compute-mfcc-feats[5.3.24~1-c948]:main():compute-mfcc-feats.cc:173) Processed features for key p257_333
VLOG[2] (compute-mfcc-feats[5.3.24~1-c948]:main():compute-mfcc-feats.cc:173) Processed features for key p257_334
VLOG[2] (compute-mfcc-feats[5.3.24~1-c948]:main():compute-mfcc-feats.cc:173) Processed features for key p257_335
VLOG[2] (compute-mfcc-feats[5.3.24~1-c948]:main():compute-mfcc-feats.cc:173) Processed features for key p257_336
VLOG[2] (compute-mfcc-feats[5.3.24~1-c948]:main():compute-mfcc-feats.cc:173) Processed features for key p257_337
VLOG[2] (compute-mfcc-feats[5.3.24~1-c948]:main():compute-mfcc-feats.cc:173) Processed features for key p257_338
VLOG[2] (compute-mfcc-feats[5.3.24~1-c948]:main():compute-mfcc-feats.cc:173) Processed features for key p257_339
VLOG[2] (compute-mfcc-feats[5.3.24~1-c948]:main():compute-mfcc-feats.cc:173) Processed features for key p257_340
LOG (compute-mfcc-feats[5.3.24~1-c948]:main():compute-mfcc-feats.cc:172) Processed 470 utterances
VLOG[2] (compute-mfcc-feats[5.3.24~1-c948]:main():compute-mfcc-feats.cc:173) Processed features for key p257_341
VLOG[2] (compute-mfcc-feats[5.3.24~1-c948]:main():compute-mfcc-feats.cc:173) Processed features for key p257_342
VLOG[2] (compute-mfcc-feats[5.3.24~1-c948]:main():compute-mfcc-feats.cc:173) Processed features for key p257_343
VLOG[2] (compute-mfcc-feats[5.3.24~1-c948]:main():compute-mfcc-feats.cc:173) Processed features for key p257_344
VLOG[2] (compute-mfcc-feats[5.3.24~1-c948]:main():compute-mfcc-feats.cc:173) Processed features for key p257_345
VLOG[2] (compute-mfcc-feats[5.3.24~1-c948]:main():compute-mfcc-feats.cc:173) Processed features for key p257_346
VLOG[2] (compute-mfcc-feats[5.3.24~1-c948]:main():compute-mfcc-feats.cc:173) Processed features for key p257_347
VLOG[2] (compute-mfcc-feats[5.3.24~1-c948]:main():compute-mfcc-feats.cc:173) Processed features for key p257_348
VLOG[2] (compute-mfcc-feats[5.3.24~1-c948]:main():compute-mfcc-feats.cc:173) Processed features for key p257_349
VLOG[2] (compute-mfcc-feats[5.3.24~1-c948]:main():compute-mfcc-feats.cc:173) Processed features for key p257_350
LOG (compute-mfcc-feats[5.3.24~1-c948]:main():compute-mfcc-feats.cc:172) Processed 480 utterances
VLOG[2] (compute-mfcc-feats[5.3.24~1-c948]:main():compute-mfcc-feats.cc:173) Processed features for key p257_351
VLOG[2] (compute-mfcc-feats[5.3.24~1-c948]:main():compute-mfcc-feats.cc:173) Processed features for key p257_352
VLOG[2] (compute-mfcc-feats[5.3.24~1-c948]:main():compute-mfcc-feats.cc:173) Processed features for key p257_353
VLOG[2] (compute-mfcc-feats[5.3.24~1-c948]:main():compute-mfcc-feats.cc:173) Processed features for key p257_354
VLOG[2] (compute-mfcc-feats[5.3.24~1-c948]:main():compute-mfcc-feats.cc:173) Processed features for key p257_355
VLOG[2] (compute-mfcc-feats[5.3.24~1-c948]:main():compute-mfcc-feats.cc:173) Processed features for key p257_356
VLOG[2] (compute-mfcc-feats[5.3.24~1-c948]:main():compute-mfcc-feats.cc:173) Processed features for key p257_357
VLOG[2] (compute-mfcc-feats[5.3.24~1-c948]:main():compute-mfcc-feats.cc:173) Processed features for key p257_358
VLOG[2] (compute-mfcc-feats[5.3.24~1-c948]:main():compute-mfcc-feats.cc:173) Processed features for key p257_359
VLOG[2] (compute-mfcc-feats[5.3.24~1-c948]:main():compute-mfcc-feats.cc:173) Processed features for key p257_360
LOG (compute-mfcc-feats[5.3.24~1-c948]:main():compute-mfcc-feats.cc:172) Processed 490 utterances
VLOG[2] (compute-mfcc-feats[5.3.24~1-c948]:main():compute-mfcc-feats.cc:173) Processed features for key p257_361
VLOG[2] (compute-mfcc-feats[5.3.24~1-c948]:main():compute-mfcc-feats.cc:173) Processed features for key p257_362
VLOG[2] (compute-mfcc-feats[5.3.24~1-c948]:main():compute-mfcc-feats.cc:173) Processed features for key p257_363
VLOG[2] (compute-mfcc-feats[5.3.24~1-c948]:main():compute-mfcc-feats.cc:173) Processed features for key p257_364
VLOG[2] (compute-mfcc-feats[5.3.24~1-c948]:main():compute-mfcc-feats.cc:173) Processed features for key p257_365
VLOG[2] (compute-mfcc-feats[5.3.24~1-c948]:main():compute-mfcc-feats.cc:173) Processed features for key p257_366
VLOG[2] (compute-mfcc-feats[5.3.24~1-c948]:main():compute-mfcc-feats.cc:173) Processed features for key p257_367
VLOG[2] (compute-mfcc-feats[5.3.24~1-c948]:main():compute-mfcc-feats.cc:173) Processed features for key p257_368
VLOG[2] (compute-mfcc-feats[5.3.24~1-c948]:main():compute-mfcc-feats.cc:173) Processed features for key p257_369
VLOG[2] (compute-mfcc-feats[5.3.24~1-c948]:main():compute-mfcc-feats.cc:173) Processed features for key p257_370
LOG (compute-mfcc-feats[5.3.24~1-c948]:main():compute-mfcc-feats.cc:172) Processed 500 utterances
VLOG[2] (compute-mfcc-feats[5.3.24~1-c948]:main():compute-mfcc-feats.cc:173) Processed features for key p257_371
VLOG[2] (compute-mfcc-feats[5.3.24~1-c948]:main():compute-mfcc-feats.cc:173) Processed features for key p257_372
VLOG[2] (compute-mfcc-feats[5.3.24~1-c948]:main():compute-mfcc-feats.cc:173) Processed features for key p257_373
VLOG[2] (compute-mfcc-feats[5.3.24~1-c948]:main():compute-mfcc-feats.cc:173) Processed features for key p257_374
VLOG[2] (compute-mfcc-feats[5.3.24~1-c948]:main():compute-mfcc-feats.cc:173) Processed features for key p257_375
VLOG[2] (compute-mfcc-feats[5.3.24~1-c948]:main():compute-mfcc-feats.cc:173) Processed features for key p257_376
VLOG[2] (compute-mfcc-feats[5.3.24~1-c948]:main():compute-mfcc-feats.cc:173) Processed features for key p257_377
VLOG[2] (compute-mfcc-feats[5.3.24~1-c948]:main():compute-mfcc-feats.cc:173) Processed features for key p257_378
VLOG[2] (compute-mfcc-feats[5.3.24~1-c948]:main():compute-mfcc-feats.cc:173) Processed features for key p257_379
VLOG[2] (compute-mfcc-feats[5.3.24~1-c948]:main():compute-mfcc-feats.cc:173) Processed features for key p257_380
LOG (compute-mfcc-feats[5.3.24~1-c948]:main():compute-mfcc-feats.cc:172) Processed 510 utterances
VLOG[2] (compute-mfcc-feats[5.3.24~1-c948]:main():compute-mfcc-feats.cc:173) Processed features for key p257_381
VLOG[2] (compute-mfcc-feats[5.3.24~1-c948]:main():compute-mfcc-feats.cc:173) Processed features for key p257_382
VLOG[2] (compute-mfcc-feats[5.3.24~1-c948]:main():compute-mfcc-feats.cc:173) Processed features for key p257_383
VLOG[2] (compute-mfcc-feats[5.3.24~1-c948]:main():compute-mfcc-feats.cc:173) Processed features for key p257_384
VLOG[2] (compute-mfcc-feats[5.3.24~1-c948]:main():compute-mfcc-feats.cc:173) Processed features for key p257_385
VLOG[2] (compute-mfcc-feats[5.3.24~1-c948]:main():compute-mfcc-feats.cc:173) Processed features for key p257_386
VLOG[2] (compute-mfcc-feats[5.3.24~1-c948]:main():compute-mfcc-feats.cc:173) Processed features for key p257_387
VLOG[2] (compute-mfcc-feats[5.3.24~1-c948]:main():compute-mfcc-feats.cc:173) Processed features for key p257_388
VLOG[2] (compute-mfcc-feats[5.3.24~1-c948]:main():compute-mfcc-feats.cc:173) Processed features for key p257_389
VLOG[2] (compute-mfcc-feats[5.3.24~1-c948]:main():compute-mfcc-feats.cc:173) Processed features for key p257_390
LOG (compute-mfcc-feats[5.3.24~1-c948]:main():compute-mfcc-feats.cc:172) Processed 520 utterances
VLOG[2] (compute-mfcc-feats[5.3.24~1-c948]:main():compute-mfcc-feats.cc:173) Processed features for key p257_391
VLOG[2] (compute-mfcc-feats[5.3.24~1-c948]:main():compute-mfcc-feats.cc:173) Processed features for key p257_392
VLOG[2] (compute-mfcc-feats[5.3.24~1-c948]:main():compute-mfcc-feats.cc:173) Processed features for key p257_393
VLOG[2] (compute-mfcc-feats[5.3.24~1-c948]:main():compute-mfcc-feats.cc:173) Processed features for key p257_394
VLOG[2] (compute-mfcc-feats[5.3.24~1-c948]:main():compute-mfcc-feats.cc:173) Processed features for key p257_395
VLOG[2] (compute-mfcc-feats[5.3.24~1-c948]:main():compute-mfcc-feats.cc:173) Processed features for key p257_396
VLOG[2] (compute-mfcc-feats[5.3.24~1-c948]:main():compute-mfcc-feats.cc:173) Processed features for key p257_397
VLOG[2] (compute-mfcc-feats[5.3.24~1-c948]:main():compute-mfcc-feats.cc:173) Processed features for key p257_398
VLOG[2] (compute-mfcc-feats[5.3.24~1-c948]:main():compute-mfcc-feats.cc:173) Processed features for key p257_399
VLOG[2] (compute-mfcc-feats[5.3.24~1-c948]:main():compute-mfcc-feats.cc:173) Processed features for key p257_400
LOG (compute-mfcc-feats[5.3.24~1-c948]:main():compute-mfcc-feats.cc:172) Processed 530 utterances
VLOG[2] (compute-mfcc-feats[5.3.24~1-c948]:main():compute-mfcc-feats.cc:173) Processed features for key p257_401
VLOG[2] (compute-mfcc-feats[5.3.24~1-c948]:main():compute-mfcc-feats.cc:173) Processed features for key p257_402
VLOG[2] (compute-mfcc-feats[5.3.24~1-c948]:main():compute-mfcc-feats.cc:173) Processed features for key p257_403
VLOG[2] (compute-mfcc-feats[5.3.24~1-c948]:main():compute-mfcc-feats.cc:173) Processed features for key p257_404
VLOG[2] (compute-mfcc-feats[5.3.24~1-c948]:main():compute-mfcc-feats.cc:173) Processed features for key p257_405
VLOG[2] (compute-mfcc-feats[5.3.24~1-c948]:main():compute-mfcc-feats.cc:173) Processed features for key p257_406
VLOG[2] (compute-mfcc-feats[5.3.24~1-c948]:main():compute-mfcc-feats.cc:173) Processed features for key p257_407
VLOG[2] (compute-mfcc-feats[5.3.24~1-c948]:main():compute-mfcc-feats.cc:173) Processed features for key p257_408
VLOG[2] (compute-mfcc-feats[5.3.24~1-c948]:main():compute-mfcc-feats.cc:173) Processed features for key p257_409
VLOG[2] (compute-mfcc-feats[5.3.24~1-c948]:main():compute-mfcc-feats.cc:173) Processed features for key p257_410
LOG (compute-mfcc-feats[5.3.24~1-c948]:main():compute-mfcc-feats.cc:172) Processed 540 utterances
VLOG[2] (compute-mfcc-feats[5.3.24~1-c948]:main():compute-mfcc-feats.cc:173) Processed features for key p257_411
VLOG[2] (compute-mfcc-feats[5.3.24~1-c948]:main():compute-mfcc-feats.cc:173) Processed features for key p257_412
VLOG[2] (compute-mfcc-feats[5.3.24~1-c948]:main():compute-mfcc-feats.cc:173) Processed features for key p257_413
VLOG[2] (compute-mfcc-feats[5.3.24~1-c948]:main():compute-mfcc-feats.cc:173) Processed features for key p257_414
VLOG[2] (compute-mfcc-feats[5.3.24~1-c948]:main():compute-mfcc-feats.cc:173) Processed features for key p257_415
VLOG[2] (compute-mfcc-feats[5.3.24~1-c948]:main():compute-mfcc-feats.cc:173) Processed features for key p257_416
VLOG[2] (compute-mfcc-feats[5.3.24~1-c948]:main():compute-mfcc-feats.cc:173) Processed features for key p257_417
VLOG[2] (compute-mfcc-feats[5.3.24~1-c948]:main():compute-mfcc-feats.cc:173) Processed features for key p257_418
VLOG[2] (compute-mfcc-feats[5.3.24~1-c948]:main():compute-mfcc-feats.cc:173) Processed features for key p257_419
VLOG[2] (compute-mfcc-feats[5.3.24~1-c948]:main():compute-mfcc-feats.cc:173) Processed features for key p257_420
LOG (compute-mfcc-feats[5.3.24~1-c948]:main():compute-mfcc-feats.cc:172) Processed 550 utterances
VLOG[2] (compute-mfcc-feats[5.3.24~1-c948]:main():compute-mfcc-feats.cc:173) Processed features for key p257_421
VLOG[2] (compute-mfcc-feats[5.3.24~1-c948]:main():compute-mfcc-feats.cc:173) Processed features for key p257_422
VLOG[2] (compute-mfcc-feats[5.3.24~1-c948]:main():compute-mfcc-feats.cc:173) Processed features for key p257_423
VLOG[2] (compute-mfcc-feats[5.3.24~1-c948]:main():compute-mfcc-feats.cc:173) Processed features for key p257_424
VLOG[2] (compute-mfcc-feats[5.3.24~1-c948]:main():compute-mfcc-feats.cc:173) Processed features for key p257_425
VLOG[2] (compute-mfcc-feats[5.3.24~1-c948]:main():compute-mfcc-feats.cc:173) Processed features for key p257_426
VLOG[2] (compute-mfcc-feats[5.3.24~1-c948]:main():compute-mfcc-feats.cc:173) Processed features for key p257_427
VLOG[2] (compute-mfcc-feats[5.3.24~1-c948]:main():compute-mfcc-feats.cc:173) Processed features for key p257_428
VLOG[2] (compute-mfcc-feats[5.3.24~1-c948]:main():compute-mfcc-feats.cc:173) Processed features for key p257_429
VLOG[2] (compute-mfcc-feats[5.3.24~1-c948]:main():compute-mfcc-feats.cc:173) Processed features for key p257_430
LOG (compute-mfcc-feats[5.3.24~1-c948]:main():compute-mfcc-feats.cc:172) Processed 560 utterances
VLOG[2] (compute-mfcc-feats[5.3.24~1-c948]:main():compute-mfcc-feats.cc:173) Processed features for key p257_431
VLOG[2] (compute-mfcc-feats[5.3.24~1-c948]:main():compute-mfcc-feats.cc:173) Processed features for key p257_432
VLOG[2] (compute-mfcc-feats[5.3.24~1-c948]:main():compute-mfcc-feats.cc:173) Processed features for key p257_433
VLOG[2] (compute-mfcc-feats[5.3.24~1-c948]:main():compute-mfcc-feats.cc:173) Processed features for key p257_434
VLOG[2] (compute-mfcc-feats[5.3.24~1-c948]:main():compute-mfcc-feats.cc:173) Processed features for key p258_001
VLOG[2] (compute-mfcc-feats[5.3.24~1-c948]:main():compute-mfcc-feats.cc:173) Processed features for key p258_002
VLOG[2] (compute-mfcc-feats[5.3.24~1-c948]:main():compute-mfcc-feats.cc:173) Processed features for key p258_003
VLOG[2] (compute-mfcc-feats[5.3.24~1-c948]:main():compute-mfcc-feats.cc:173) Processed features for key p258_004
VLOG[2] (compute-mfcc-feats[5.3.24~1-c948]:main():compute-mfcc-feats.cc:173) Processed features for key p258_005
VLOG[2] (compute-mfcc-feats[5.3.24~1-c948]:main():compute-mfcc-feats.cc:173) Processed features for key p258_006
LOG (compute-mfcc-feats[5.3.24~1-c948]:main():compute-mfcc-feats.cc:172) Processed 570 utterances
VLOG[2] (compute-mfcc-feats[5.3.24~1-c948]:main():compute-mfcc-feats.cc:173) Processed features for key p258_007
VLOG[2] (compute-mfcc-feats[5.3.24~1-c948]:main():compute-mfcc-feats.cc:173) Processed features for key p258_008
VLOG[2] (compute-mfcc-feats[5.3.24~1-c948]:main():compute-mfcc-feats.cc:173) Processed features for key p258_009
VLOG[2] (compute-mfcc-feats[5.3.24~1-c948]:main():compute-mfcc-feats.cc:173) Processed features for key p258_010
VLOG[2] (compute-mfcc-feats[5.3.24~1-c948]:main():compute-mfcc-feats.cc:173) Processed features for key p258_011
VLOG[2] (compute-mfcc-feats[5.3.24~1-c948]:main():compute-mfcc-feats.cc:173) Processed features for key p258_012
VLOG[2] (compute-mfcc-feats[5.3.24~1-c948]:main():compute-mfcc-feats.cc:173) Processed features for key p258_013
VLOG[2] (compute-mfcc-feats[5.3.24~1-c948]:main():compute-mfcc-feats.cc:173) Processed features for key p258_014
VLOG[2] (compute-mfcc-feats[5.3.24~1-c948]:main():compute-mfcc-feats.cc:173) Processed features for key p258_015
VLOG[2] (compute-mfcc-feats[5.3.24~1-c948]:main():compute-mfcc-feats.cc:173) Processed features for key p258_016
LOG (compute-mfcc-feats[5.3.24~1-c948]:main():compute-mfcc-feats.cc:172) Processed 580 utterances
VLOG[2] (compute-mfcc-feats[5.3.24~1-c948]:main():compute-mfcc-feats.cc:173) Processed features for key p258_017
VLOG[2] (compute-mfcc-feats[5.3.24~1-c948]:main():compute-mfcc-feats.cc:173) Processed features for key p258_018
VLOG[2] (compute-mfcc-feats[5.3.24~1-c948]:main():compute-mfcc-feats.cc:173) Processed features for key p258_019
VLOG[2] (compute-mfcc-feats[5.3.24~1-c948]:main():compute-mfcc-feats.cc:173) Processed features for key p258_020
VLOG[2] (compute-mfcc-feats[5.3.24~1-c948]:main():compute-mfcc-feats.cc:173) Processed features for key p258_021
VLOG[2] (compute-mfcc-feats[5.3.24~1-c948]:main():compute-mfcc-feats.cc:173) Processed features for key p258_022
VLOG[2] (compute-mfcc-feats[5.3.24~1-c948]:main():compute-mfcc-feats.cc:173) Processed features for key p258_023
VLOG[2] (compute-mfcc-feats[5.3.24~1-c948]:main():compute-mfcc-feats.cc:173) Processed features for key p258_024
VLOG[2] (compute-mfcc-feats[5.3.24~1-c948]:main():compute-mfcc-feats.cc:173) Processed features for key p258_025
VLOG[2] (compute-mfcc-feats[5.3.24~1-c948]:main():compute-mfcc-feats.cc:173) Processed features for key p258_026
LOG (compute-mfcc-feats[5.3.24~1-c948]:main():compute-mfcc-feats.cc:172) Processed 590 utterances
VLOG[2] (compute-mfcc-feats[5.3.24~1-c948]:main():compute-mfcc-feats.cc:173) Processed features for key p258_027
VLOG[2] (compute-mfcc-feats[5.3.24~1-c948]:main():compute-mfcc-feats.cc:173) Processed features for key p258_028
VLOG[2] (compute-mfcc-feats[5.3.24~1-c948]:main():compute-mfcc-feats.cc:173) Processed features for key p258_029
VLOG[2] (compute-mfcc-feats[5.3.24~1-c948]:main():compute-mfcc-feats.cc:173) Processed features for key p258_030
VLOG[2] (compute-mfcc-feats[5.3.24~1-c948]:main():compute-mfcc-feats.cc:173) Processed features for key p258_031
VLOG[2] (compute-mfcc-feats[5.3.24~1-c948]:main():compute-mfcc-feats.cc:173) Processed features for key p258_032
VLOG[2] (compute-mfcc-feats[5.3.24~1-c948]:main():compute-mfcc-feats.cc:173) Processed features for key p258_033
VLOG[2] (compute-mfcc-feats[5.3.24~1-c948]:main():compute-mfcc-feats.cc:173) Processed features for key p258_034
VLOG[2] (compute-mfcc-feats[5.3.24~1-c948]:main():compute-mfcc-feats.cc:173) Processed features for key p258_035
VLOG[2] (compute-mfcc-feats[5.3.24~1-c948]:main():compute-mfcc-feats.cc:173) Processed features for key p258_036
LOG (compute-mfcc-feats[5.3.24~1-c948]:main():compute-mfcc-feats.cc:172) Processed 600 utterances
VLOG[2] (compute-mfcc-feats[5.3.24~1-c948]:main():compute-mfcc-feats.cc:173) Processed features for key p258_037
VLOG[2] (compute-mfcc-feats[5.3.24~1-c948]:main():compute-mfcc-feats.cc:173) Processed features for key p258_038
VLOG[2] (compute-mfcc-feats[5.3.24~1-c948]:main():compute-mfcc-feats.cc:173) Processed features for key p258_039
VLOG[2] (compute-mfcc-feats[5.3.24~1-c948]:main():compute-mfcc-feats.cc:173) Processed features for key p258_040
VLOG[2] (compute-mfcc-feats[5.3.24~1-c948]:main():compute-mfcc-feats.cc:173) Processed features for key p258_041
VLOG[2] (compute-mfcc-feats[5.3.24~1-c948]:main():compute-mfcc-feats.cc:173) Processed features for key p258_042
VLOG[2] (compute-mfcc-feats[5.3.24~1-c948]:main():compute-mfcc-feats.cc:173) Processed features for key p258_043
VLOG[2] (compute-mfcc-feats[5.3.24~1-c948]:main():compute-mfcc-feats.cc:173) Processed features for key p258_044
VLOG[2] (compute-mfcc-feats[5.3.24~1-c948]:main():compute-mfcc-feats.cc:173) Processed features for key p258_045
VLOG[2] (compute-mfcc-feats[5.3.24~1-c948]:main():compute-mfcc-feats.cc:173) Processed features for key p258_046
LOG (compute-mfcc-feats[5.3.24~1-c948]:main():compute-mfcc-feats.cc:172) Processed 610 utterances
VLOG[2] (compute-mfcc-feats[5.3.24~1-c948]:main():compute-mfcc-feats.cc:173) Processed features for key p258_047
VLOG[2] (compute-mfcc-feats[5.3.24~1-c948]:main():compute-mfcc-feats.cc:173) Processed features for key p258_048
VLOG[2] (compute-mfcc-feats[5.3.24~1-c948]:main():compute-mfcc-feats.cc:173) Processed features for key p258_049
VLOG[2] (compute-mfcc-feats[5.3.24~1-c948]:main():compute-mfcc-feats.cc:173) Processed features for key p258_050
VLOG[2] (compute-mfcc-feats[5.3.24~1-c948]:main():compute-mfcc-feats.cc:173) Processed features for key p258_051
VLOG[2] (compute-mfcc-feats[5.3.24~1-c948]:main():compute-mfcc-feats.cc:173) Processed features for key p258_052
VLOG[2] (compute-mfcc-feats[5.3.24~1-c948]:main():compute-mfcc-feats.cc:173) Processed features for key p258_053
VLOG[2] (compute-mfcc-feats[5.3.24~1-c948]:main():compute-mfcc-feats.cc:173) Processed features for key p258_054
VLOG[2] (compute-mfcc-feats[5.3.24~1-c948]:main():compute-mfcc-feats.cc:173) Processed features for key p258_055
VLOG[2] (compute-mfcc-feats[5.3.24~1-c948]:main():compute-mfcc-feats.cc:173) Processed features for key p258_056
LOG (compute-mfcc-feats[5.3.24~1-c948]:main():compute-mfcc-feats.cc:172) Processed 620 utterances
VLOG[2] (compute-mfcc-feats[5.3.24~1-c948]:main():compute-mfcc-feats.cc:173) Processed features for key p258_057
VLOG[2] (compute-mfcc-feats[5.3.24~1-c948]:main():compute-mfcc-feats.cc:173) Processed features for key p258_058
VLOG[2] (compute-mfcc-feats[5.3.24~1-c948]:main():compute-mfcc-feats.cc:173) Processed features for key p258_059
VLOG[2] (compute-mfcc-feats[5.3.24~1-c948]:main():compute-mfcc-feats.cc:173) Processed features for key p258_060
VLOG[2] (compute-mfcc-feats[5.3.24~1-c948]:main():compute-mfcc-feats.cc:173) Processed features for key p258_061
VLOG[2] (compute-mfcc-feats[5.3.24~1-c948]:main():compute-mfcc-feats.cc:173) Processed features for key p258_062
VLOG[2] (compute-mfcc-feats[5.3.24~1-c948]:main():compute-mfcc-feats.cc:173) Processed features for key p258_063
VLOG[2] (compute-mfcc-feats[5.3.24~1-c948]:main():compute-mfcc-feats.cc:173) Processed features for key p258_064
VLOG[2] (compute-mfcc-feats[5.3.24~1-c948]:main():compute-mfcc-feats.cc:173) Processed features for key p258_065
VLOG[2] (compute-mfcc-feats[5.3.24~1-c948]:main():compute-mfcc-feats.cc:173) Processed features for key p258_066
LOG (compute-mfcc-feats[5.3.24~1-c948]:main():compute-mfcc-feats.cc:172) Processed 630 utterances
VLOG[2] (compute-mfcc-feats[5.3.24~1-c948]:main():compute-mfcc-feats.cc:173) Processed features for key p258_067
VLOG[2] (compute-mfcc-feats[5.3.24~1-c948]:main():compute-mfcc-feats.cc:173) Processed features for key p258_068
VLOG[2] (compute-mfcc-feats[5.3.24~1-c948]:main():compute-mfcc-feats.cc:173) Processed features for key p258_069
VLOG[2] (compute-mfcc-feats[5.3.24~1-c948]:main():compute-mfcc-feats.cc:173) Processed features for key p258_070
VLOG[2] (compute-mfcc-feats[5.3.24~1-c948]:main():compute-mfcc-feats.cc:173) Processed features for key p258_071
VLOG[2] (compute-mfcc-feats[5.3.24~1-c948]:main():compute-mfcc-feats.cc:173) Processed features for key p258_072
VLOG[2] (compute-mfcc-feats[5.3.24~1-c948]:main():compute-mfcc-feats.cc:173) Processed features for key p258_073
VLOG[2] (compute-mfcc-feats[5.3.24~1-c948]:main():compute-mfcc-feats.cc:173) Processed features for key p258_074
VLOG[2] (compute-mfcc-feats[5.3.24~1-c948]:main():compute-mfcc-feats.cc:173) Processed features for key p258_075
VLOG[2] (compute-mfcc-feats[5.3.24~1-c948]:main():compute-mfcc-feats.cc:173) Processed features for key p258_076
LOG (compute-mfcc-feats[5.3.24~1-c948]:main():compute-mfcc-feats.cc:172) Processed 640 utterances
VLOG[2] (compute-mfcc-feats[5.3.24~1-c948]:main():compute-mfcc-feats.cc:173) Processed features for key p258_077
VLOG[2] (compute-mfcc-feats[5.3.24~1-c948]:main():compute-mfcc-feats.cc:173) Processed features for key p258_078
VLOG[2] (compute-mfcc-feats[5.3.24~1-c948]:main():compute-mfcc-feats.cc:173) Processed features for key p258_079
VLOG[2] (compute-mfcc-feats[5.3.24~1-c948]:main():compute-mfcc-feats.cc:173) Processed features for key p258_080
VLOG[2] (compute-mfcc-feats[5.3.24~1-c948]:main():compute-mfcc-feats.cc:173) Processed features for key p258_081
VLOG[2] (compute-mfcc-feats[5.3.24~1-c948]:main():compute-mfcc-feats.cc:173) Processed features for key p258_082
VLOG[2] (compute-mfcc-feats[5.3.24~1-c948]:main():compute-mfcc-feats.cc:173) Processed features for key p258_083
VLOG[2] (compute-mfcc-feats[5.3.24~1-c948]:main():compute-mfcc-feats.cc:173) Processed features for key p258_084
VLOG[2] (compute-mfcc-feats[5.3.24~1-c948]:main():compute-mfcc-feats.cc:173) Processed features for key p258_085
VLOG[2] (compute-mfcc-feats[5.3.24~1-c948]:main():compute-mfcc-feats.cc:173) Processed features for key p258_086
LOG (compute-mfcc-feats[5.3.24~1-c948]:main():compute-mfcc-feats.cc:172) Processed 650 utterances
VLOG[2] (compute-mfcc-feats[5.3.24~1-c948]:main():compute-mfcc-feats.cc:173) Processed features for key p258_087
VLOG[2] (compute-mfcc-feats[5.3.24~1-c948]:main():compute-mfcc-feats.cc:173) Processed features for key p258_088
VLOG[2] (compute-mfcc-feats[5.3.24~1-c948]:main():compute-mfcc-feats.cc:173) Processed features for key p258_089
VLOG[2] (compute-mfcc-feats[5.3.24~1-c948]:main():compute-mfcc-feats.cc:173) Processed features for key p258_090
VLOG[2] (compute-mfcc-feats[5.3.24~1-c948]:main():compute-mfcc-feats.cc:173) Processed features for key p258_091
VLOG[2] (compute-mfcc-feats[5.3.24~1-c948]:main():compute-mfcc-feats.cc:173) Processed features for key p258_092
VLOG[2] (compute-mfcc-feats[5.3.24~1-c948]:main():compute-mfcc-feats.cc:173) Processed features for key p258_093
VLOG[2] (compute-mfcc-feats[5.3.24~1-c948]:main():compute-mfcc-feats.cc:173) Processed features for key p258_094
VLOG[2] (compute-mfcc-feats[5.3.24~1-c948]:main():compute-mfcc-feats.cc:173) Processed features for key p258_095
VLOG[2] (compute-mfcc-feats[5.3.24~1-c948]:main():compute-mfcc-feats.cc:173) Processed features for key p258_096
LOG (compute-mfcc-feats[5.3.24~1-c948]:main():compute-mfcc-feats.cc:172) Processed 660 utterances
VLOG[2] (compute-mfcc-feats[5.3.24~1-c948]:main():compute-mfcc-feats.cc:173) Processed features for key p258_097
VLOG[2] (compute-mfcc-feats[5.3.24~1-c948]:main():compute-mfcc-feats.cc:173) Processed features for key p258_098
LOG (compute-mfcc-feats[5.3.24~1-c948]:main():compute-mfcc-feats.cc:176)  Done 661 out of 661 utterances.
LOG (copy-feats[5.3.24~1-c948]:main():copy-feats.cc:143) Copied 661 feature matrices.
# Accounting: time=22 threads=1
# Ended (code 0) at Wed Jan  3 18:53:14 IST 2018, elapsed time 22 seconds
