# compute-mfcc-feats --verbose=2 --config=conf/mfcc.conf --allow_downsample=true scp,p:data/all_data/log/wav_all_data.18.scp ark:- | copy-feats --compress=true ark:- ark,scp:/media/Drive/kaldi/egs/vctk_british/s5/data/all_data/data/raw_mfcc_all_data.18.ark,/media/Drive/kaldi/egs/vctk_british/s5/data/all_data/data/raw_mfcc_all_data.18.scp 
# Started at Wed Jan  3 18:53:14 IST 2018
#
compute-mfcc-feats --verbose=2 --config=conf/mfcc.conf --allow_downsample=true scp,p:data/all_data/log/wav_all_data.18.scp ark:- 
copy-feats --compress=true ark:- ark,scp:/media/Drive/kaldi/egs/vctk_british/s5/data/all_data/data/raw_mfcc_all_data.18.ark,/media/Drive/kaldi/egs/vctk_british/s5/data/all_data/data/raw_mfcc_all_data.18.scp 
VLOG[2] (compute-mfcc-feats[5.3.24~1-c948]:main():compute-mfcc-feats.cc:173) Processed features for key p277_129
VLOG[2] (compute-mfcc-feats[5.3.24~1-c948]:main():compute-mfcc-feats.cc:173) Processed features for key p277_130
VLOG[2] (compute-mfcc-feats[5.3.24~1-c948]:main():compute-mfcc-feats.cc:173) Processed features for key p277_131
VLOG[2] (compute-mfcc-feats[5.3.24~1-c948]:main():compute-mfcc-feats.cc:173) Processed features for key p277_132
VLOG[2] (compute-mfcc-feats[5.3.24~1-c948]:main():compute-mfcc-feats.cc:173) Processed features for key p277_133
VLOG[2] (compute-mfcc-feats[5.3.24~1-c948]:main():compute-mfcc-feats.cc:173) Processed features for key p277_134
VLOG[2] (compute-mfcc-feats[5.3.24~1-c948]:main():compute-mfcc-feats.cc:173) Processed features for key p277_135
VLOG[2] (compute-mfcc-feats[5.3.24~1-c948]:main():compute-mfcc-feats.cc:173) Processed features for key p277_136
VLOG[2] (compute-mfcc-feats[5.3.24~1-c948]:main():compute-mfcc-feats.cc:173) Processed features for key p277_137
LOG (compute-mfcc-feats[5.3.24~1-c948]:main():compute-mfcc-feats.cc:172) Processed 10 utterances
VLOG[2] (compute-mfcc-feats[5.3.24~1-c948]:main():compute-mfcc-feats.cc:173) Processed features for key p277_138
VLOG[2] (compute-mfcc-feats[5.3.24~1-c948]:main():compute-mfcc-feats.cc:173) Processed features for key p277_139
VLOG[2] (compute-mfcc-feats[5.3.24~1-c948]:main():compute-mfcc-feats.cc:173) Processed features for key p277_140
VLOG[2] (compute-mfcc-feats[5.3.24~1-c948]:main():compute-mfcc-feats.cc:173) Processed features for key p277_141
VLOG[2] (compute-mfcc-feats[5.3.24~1-c948]:main():compute-mfcc-feats.cc:173) Processed features for key p277_142
VLOG[2] (compute-mfcc-feats[5.3.24~1-c948]:main():compute-mfcc-feats.cc:173) Processed features for key p277_143
VLOG[2] (compute-mfcc-feats[5.3.24~1-c948]:main():compute-mfcc-feats.cc:173) Processed features for key p277_144
VLOG[2] (compute-mfcc-feats[5.3.24~1-c948]:main():compute-mfcc-feats.cc:173) Processed features for key p277_145
VLOG[2] (compute-mfcc-feats[5.3.24~1-c948]:main():compute-mfcc-feats.cc:173) Processed features for key p277_146
VLOG[2] (compute-mfcc-feats[5.3.24~1-c948]:main():compute-mfcc-feats.cc:173) Processed features for key p277_147
LOG (compute-mfcc-feats[5.3.24~1-c948]:main():compute-mfcc-feats.cc:172) Processed 20 utterances
VLOG[2] (compute-mfcc-feats[5.3.24~1-c948]:main():compute-mfcc-feats.cc:173) Processed features for key p277_148
VLOG[2] (compute-mfcc-feats[5.3.24~1-c948]:main():compute-mfcc-feats.cc:173) Processed features for key p277_149
VLOG[2] (compute-mfcc-feats[5.3.24~1-c948]:main():compute-mfcc-feats.cc:173) Processed features for key p277_150
VLOG[2] (compute-mfcc-feats[5.3.24~1-c948]:main():compute-mfcc-feats.cc:173) Processed features for key p277_151
VLOG[2] (compute-mfcc-feats[5.3.24~1-c948]:main():compute-mfcc-feats.cc:173) Processed features for key p277_152
VLOG[2] (compute-mfcc-feats[5.3.24~1-c948]:main():compute-mfcc-feats.cc:173) Processed features for key p277_153
VLOG[2] (compute-mfcc-feats[5.3.24~1-c948]:main():compute-mfcc-feats.cc:173) Processed features for key p277_154
VLOG[2] (compute-mfcc-feats[5.3.24~1-c948]:main():compute-mfcc-feats.cc:173) Processed features for key p277_155
VLOG[2] (compute-mfcc-feats[5.3.24~1-c948]:main():compute-mfcc-feats.cc:173) Processed features for key p277_156
VLOG[2] (compute-mfcc-feats[5.3.24~1-c948]:main():compute-mfcc-feats.cc:173) Processed features for key p277_157
LOG (compute-mfcc-feats[5.3.24~1-c948]:main():compute-mfcc-feats.cc:172) Processed 30 utterances
VLOG[2] (compute-mfcc-feats[5.3.24~1-c948]:main():compute-mfcc-feats.cc:173) Processed features for key p277_158
VLOG[2] (compute-mfcc-feats[5.3.24~1-c948]:main():compute-mfcc-feats.cc:173) Processed features for key p277_159
VLOG[2] (compute-mfcc-feats[5.3.24~1-c948]:main():compute-mfcc-feats.cc:173) Processed features for key p277_160
VLOG[2] (compute-mfcc-feats[5.3.24~1-c948]:main():compute-mfcc-feats.cc:173) Processed features for key p277_161
VLOG[2] (compute-mfcc-feats[5.3.24~1-c948]:main():compute-mfcc-feats.cc:173) Processed features for key p277_162
VLOG[2] (compute-mfcc-feats[5.3.24~1-c948]:main():compute-mfcc-feats.cc:173) Processed features for key p277_163
VLOG[2] (compute-mfcc-feats[5.3.24~1-c948]:main():compute-mfcc-feats.cc:173) Processed features for key p277_164
VLOG[2] (compute-mfcc-feats[5.3.24~1-c948]:main():compute-mfcc-feats.cc:173) Processed features for key p277_165
VLOG[2] (compute-mfcc-feats[5.3.24~1-c948]:main():compute-mfcc-feats.cc:173) Processed features for key p277_166
VLOG[2] (compute-mfcc-feats[5.3.24~1-c948]:main():compute-mfcc-feats.cc:173) Processed features for key p277_167
LOG (compute-mfcc-feats[5.3.24~1-c948]:main():compute-mfcc-feats.cc:172) Processed 40 utterances
VLOG[2] (compute-mfcc-feats[5.3.24~1-c948]:main():compute-mfcc-feats.cc:173) Processed features for key p277_168
VLOG[2] (compute-mfcc-feats[5.3.24~1-c948]:main():compute-mfcc-feats.cc:173) Processed features for key p277_169
VLOG[2] (compute-mfcc-feats[5.3.24~1-c948]:main():compute-mfcc-feats.cc:173) Processed features for key p277_170
VLOG[2] (compute-mfcc-feats[5.3.24~1-c948]:main():compute-mfcc-feats.cc:173) Processed features for key p277_171
VLOG[2] (compute-mfcc-feats[5.3.24~1-c948]:main():compute-mfcc-feats.cc:173) Processed features for key p277_172
VLOG[2] (compute-mfcc-feats[5.3.24~1-c948]:main():compute-mfcc-feats.cc:173) Processed features for key p277_173
VLOG[2] (compute-mfcc-feats[5.3.24~1-c948]:main():compute-mfcc-feats.cc:173) Processed features for key p277_174
VLOG[2] (compute-mfcc-feats[5.3.24~1-c948]:main():compute-mfcc-feats.cc:173) Processed features for key p277_175
VLOG[2] (compute-mfcc-feats[5.3.24~1-c948]:main():compute-mfcc-feats.cc:173) Processed features for key p277_176
VLOG[2] (compute-mfcc-feats[5.3.24~1-c948]:main():compute-mfcc-feats.cc:173) Processed features for key p277_177
LOG (compute-mfcc-feats[5.3.24~1-c948]:main():compute-mfcc-feats.cc:172) Processed 50 utterances
VLOG[2] (compute-mfcc-feats[5.3.24~1-c948]:main():compute-mfcc-feats.cc:173) Processed features for key p277_178
VLOG[2] (compute-mfcc-feats[5.3.24~1-c948]:main():compute-mfcc-feats.cc:173) Processed features for key p277_179
VLOG[2] (compute-mfcc-feats[5.3.24~1-c948]:main():compute-mfcc-feats.cc:173) Processed features for key p277_180
VLOG[2] (compute-mfcc-feats[5.3.24~1-c948]:main():compute-mfcc-feats.cc:173) Processed features for key p277_181
VLOG[2] (compute-mfcc-feats[5.3.24~1-c948]:main():compute-mfcc-feats.cc:173) Processed features for key p277_182
VLOG[2] (compute-mfcc-feats[5.3.24~1-c948]:main():compute-mfcc-feats.cc:173) Processed features for key p277_183
VLOG[2] (compute-mfcc-feats[5.3.24~1-c948]:main():compute-mfcc-feats.cc:173) Processed features for key p277_184
VLOG[2] (compute-mfcc-feats[5.3.24~1-c948]:main():compute-mfcc-feats.cc:173) Processed features for key p277_185
VLOG[2] (compute-mfcc-feats[5.3.24~1-c948]:main():compute-mfcc-feats.cc:173) Processed features for key p277_186
VLOG[2] (compute-mfcc-feats[5.3.24~1-c948]:main():compute-mfcc-feats.cc:173) Processed features for key p277_187
LOG (compute-mfcc-feats[5.3.24~1-c948]:main():compute-mfcc-feats.cc:172) Processed 60 utterances
VLOG[2] (compute-mfcc-feats[5.3.24~1-c948]:main():compute-mfcc-feats.cc:173) Processed features for key p277_188
VLOG[2] (compute-mfcc-feats[5.3.24~1-c948]:main():compute-mfcc-feats.cc:173) Processed features for key p277_189
VLOG[2] (compute-mfcc-feats[5.3.24~1-c948]:main():compute-mfcc-feats.cc:173) Processed features for key p277_190
VLOG[2] (compute-mfcc-feats[5.3.24~1-c948]:main():compute-mfcc-feats.cc:173) Processed features for key p277_191
VLOG[2] (compute-mfcc-feats[5.3.24~1-c948]:main():compute-mfcc-feats.cc:173) Processed features for key p277_192
VLOG[2] (compute-mfcc-feats[5.3.24~1-c948]:main():compute-mfcc-feats.cc:173) Processed features for key p277_193
VLOG[2] (compute-mfcc-feats[5.3.24~1-c948]:main():compute-mfcc-feats.cc:173) Processed features for key p277_194
VLOG[2] (compute-mfcc-feats[5.3.24~1-c948]:main():compute-mfcc-feats.cc:173) Processed features for key p277_195
VLOG[2] (compute-mfcc-feats[5.3.24~1-c948]:main():compute-mfcc-feats.cc:173) Processed features for key p277_196
VLOG[2] (compute-mfcc-feats[5.3.24~1-c948]:main():compute-mfcc-feats.cc:173) Processed features for key p277_197
LOG (compute-mfcc-feats[5.3.24~1-c948]:main():compute-mfcc-feats.cc:172) Processed 70 utterances
VLOG[2] (compute-mfcc-feats[5.3.24~1-c948]:main():compute-mfcc-feats.cc:173) Processed features for key p277_198
VLOG[2] (compute-mfcc-feats[5.3.24~1-c948]:main():compute-mfcc-feats.cc:173) Processed features for key p277_199
VLOG[2] (compute-mfcc-feats[5.3.24~1-c948]:main():compute-mfcc-feats.cc:173) Processed features for key p277_200
VLOG[2] (compute-mfcc-feats[5.3.24~1-c948]:main():compute-mfcc-feats.cc:173) Processed features for key p277_201
VLOG[2] (compute-mfcc-feats[5.3.24~1-c948]:main():compute-mfcc-feats.cc:173) Processed features for key p277_202
VLOG[2] (compute-mfcc-feats[5.3.24~1-c948]:main():compute-mfcc-feats.cc:173) Processed features for key p277_203
VLOG[2] (compute-mfcc-feats[5.3.24~1-c948]:main():compute-mfcc-feats.cc:173) Processed features for key p277_204
VLOG[2] (compute-mfcc-feats[5.3.24~1-c948]:main():compute-mfcc-feats.cc:173) Processed features for key p277_205
VLOG[2] (compute-mfcc-feats[5.3.24~1-c948]:main():compute-mfcc-feats.cc:173) Processed features for key p277_206
VLOG[2] (compute-mfcc-feats[5.3.24~1-c948]:main():compute-mfcc-feats.cc:173) Processed features for key p277_207
LOG (compute-mfcc-feats[5.3.24~1-c948]:main():compute-mfcc-feats.cc:172) Processed 80 utterances
VLOG[2] (compute-mfcc-feats[5.3.24~1-c948]:main():compute-mfcc-feats.cc:173) Processed features for key p277_208
VLOG[2] (compute-mfcc-feats[5.3.24~1-c948]:main():compute-mfcc-feats.cc:173) Processed features for key p277_209
VLOG[2] (compute-mfcc-feats[5.3.24~1-c948]:main():compute-mfcc-feats.cc:173) Processed features for key p277_210
VLOG[2] (compute-mfcc-feats[5.3.24~1-c948]:main():compute-mfcc-feats.cc:173) Processed features for key p277_211
VLOG[2] (compute-mfcc-feats[5.3.24~1-c948]:main():compute-mfcc-feats.cc:173) Processed features for key p277_212
VLOG[2] (compute-mfcc-feats[5.3.24~1-c948]:main():compute-mfcc-feats.cc:173) Processed features for key p277_213
VLOG[2] (compute-mfcc-feats[5.3.24~1-c948]:main():compute-mfcc-feats.cc:173) Processed features for key p277_214
VLOG[2] (compute-mfcc-feats[5.3.24~1-c948]:main():compute-mfcc-feats.cc:173) Processed features for key p277_215
VLOG[2] (compute-mfcc-feats[5.3.24~1-c948]:main():compute-mfcc-feats.cc:173) Processed features for key p277_216
VLOG[2] (compute-mfcc-feats[5.3.24~1-c948]:main():compute-mfcc-feats.cc:173) Processed features for key p277_217
LOG (compute-mfcc-feats[5.3.24~1-c948]:main():compute-mfcc-feats.cc:172) Processed 90 utterances
VLOG[2] (compute-mfcc-feats[5.3.24~1-c948]:main():compute-mfcc-feats.cc:173) Processed features for key p277_218
VLOG[2] (compute-mfcc-feats[5.3.24~1-c948]:main():compute-mfcc-feats.cc:173) Processed features for key p277_219
VLOG[2] (compute-mfcc-feats[5.3.24~1-c948]:main():compute-mfcc-feats.cc:173) Processed features for key p277_220
VLOG[2] (compute-mfcc-feats[5.3.24~1-c948]:main():compute-mfcc-feats.cc:173) Processed features for key p277_221
VLOG[2] (compute-mfcc-feats[5.3.24~1-c948]:main():compute-mfcc-feats.cc:173) Processed features for key p277_222
VLOG[2] (compute-mfcc-feats[5.3.24~1-c948]:main():compute-mfcc-feats.cc:173) Processed features for key p277_223
VLOG[2] (compute-mfcc-feats[5.3.24~1-c948]:main():compute-mfcc-feats.cc:173) Processed features for key p277_224
VLOG[2] (compute-mfcc-feats[5.3.24~1-c948]:main():compute-mfcc-feats.cc:173) Processed features for key p277_225
VLOG[2] (compute-mfcc-feats[5.3.24~1-c948]:main():compute-mfcc-feats.cc:173) Processed features for key p277_226
VLOG[2] (compute-mfcc-feats[5.3.24~1-c948]:main():compute-mfcc-feats.cc:173) Processed features for key p277_228
LOG (compute-mfcc-feats[5.3.24~1-c948]:main():compute-mfcc-feats.cc:172) Processed 100 utterances
VLOG[2] (compute-mfcc-feats[5.3.24~1-c948]:main():compute-mfcc-feats.cc:173) Processed features for key p277_229
VLOG[2] (compute-mfcc-feats[5.3.24~1-c948]:main():compute-mfcc-feats.cc:173) Processed features for key p277_230
VLOG[2] (compute-mfcc-feats[5.3.24~1-c948]:main():compute-mfcc-feats.cc:173) Processed features for key p277_231
VLOG[2] (compute-mfcc-feats[5.3.24~1-c948]:main():compute-mfcc-feats.cc:173) Processed features for key p277_232
VLOG[2] (compute-mfcc-feats[5.3.24~1-c948]:main():compute-mfcc-feats.cc:173) Processed features for key p277_233
VLOG[2] (compute-mfcc-feats[5.3.24~1-c948]:main():compute-mfcc-feats.cc:173) Processed features for key p277_234
VLOG[2] (compute-mfcc-feats[5.3.24~1-c948]:main():compute-mfcc-feats.cc:173) Processed features for key p277_235
VLOG[2] (compute-mfcc-feats[5.3.24~1-c948]:main():compute-mfcc-feats.cc:173) Processed features for key p277_236
VLOG[2] (compute-mfcc-feats[5.3.24~1-c948]:main():compute-mfcc-feats.cc:173) Processed features for key p277_237
VLOG[2] (compute-mfcc-feats[5.3.24~1-c948]:main():compute-mfcc-feats.cc:173) Processed features for key p277_238
LOG (compute-mfcc-feats[5.3.24~1-c948]:main():compute-mfcc-feats.cc:172) Processed 110 utterances
VLOG[2] (compute-mfcc-feats[5.3.24~1-c948]:main():compute-mfcc-feats.cc:173) Processed features for key p277_239
VLOG[2] (compute-mfcc-feats[5.3.24~1-c948]:main():compute-mfcc-feats.cc:173) Processed features for key p277_240
VLOG[2] (compute-mfcc-feats[5.3.24~1-c948]:main():compute-mfcc-feats.cc:173) Processed features for key p277_241
VLOG[2] (compute-mfcc-feats[5.3.24~1-c948]:main():compute-mfcc-feats.cc:173) Processed features for key p277_242
VLOG[2] (compute-mfcc-feats[5.3.24~1-c948]:main():compute-mfcc-feats.cc:173) Processed features for key p277_243
VLOG[2] (compute-mfcc-feats[5.3.24~1-c948]:main():compute-mfcc-feats.cc:173) Processed features for key p277_244
VLOG[2] (compute-mfcc-feats[5.3.24~1-c948]:main():compute-mfcc-feats.cc:173) Processed features for key p277_245
VLOG[2] (compute-mfcc-feats[5.3.24~1-c948]:main():compute-mfcc-feats.cc:173) Processed features for key p277_246
VLOG[2] (compute-mfcc-feats[5.3.24~1-c948]:main():compute-mfcc-feats.cc:173) Processed features for key p277_248
VLOG[2] (compute-mfcc-feats[5.3.24~1-c948]:main():compute-mfcc-feats.cc:173) Processed features for key p277_249
LOG (compute-mfcc-feats[5.3.24~1-c948]:main():compute-mfcc-feats.cc:172) Processed 120 utterances
VLOG[2] (compute-mfcc-feats[5.3.24~1-c948]:main():compute-mfcc-feats.cc:173) Processed features for key p277_250
VLOG[2] (compute-mfcc-feats[5.3.24~1-c948]:main():compute-mfcc-feats.cc:173) Processed features for key p277_251
VLOG[2] (compute-mfcc-feats[5.3.24~1-c948]:main():compute-mfcc-feats.cc:173) Processed features for key p277_252
VLOG[2] (compute-mfcc-feats[5.3.24~1-c948]:main():compute-mfcc-feats.cc:173) Processed features for key p277_253
VLOG[2] (compute-mfcc-feats[5.3.24~1-c948]:main():compute-mfcc-feats.cc:173) Processed features for key p277_254
VLOG[2] (compute-mfcc-feats[5.3.24~1-c948]:main():compute-mfcc-feats.cc:173) Processed features for key p277_255
VLOG[2] (compute-mfcc-feats[5.3.24~1-c948]:main():compute-mfcc-feats.cc:173) Processed features for key p277_256
VLOG[2] (compute-mfcc-feats[5.3.24~1-c948]:main():compute-mfcc-feats.cc:173) Processed features for key p277_257
VLOG[2] (compute-mfcc-feats[5.3.24~1-c948]:main():compute-mfcc-feats.cc:173) Processed features for key p277_258
VLOG[2] (compute-mfcc-feats[5.3.24~1-c948]:main():compute-mfcc-feats.cc:173) Processed features for key p277_259
LOG (compute-mfcc-feats[5.3.24~1-c948]:main():compute-mfcc-feats.cc:172) Processed 130 utterances
VLOG[2] (compute-mfcc-feats[5.3.24~1-c948]:main():compute-mfcc-feats.cc:173) Processed features for key p277_260
VLOG[2] (compute-mfcc-feats[5.3.24~1-c948]:main():compute-mfcc-feats.cc:173) Processed features for key p277_261
VLOG[2] (compute-mfcc-feats[5.3.24~1-c948]:main():compute-mfcc-feats.cc:173) Processed features for key p277_262
VLOG[2] (compute-mfcc-feats[5.3.24~1-c948]:main():compute-mfcc-feats.cc:173) Processed features for key p277_263
VLOG[2] (compute-mfcc-feats[5.3.24~1-c948]:main():compute-mfcc-feats.cc:173) Processed features for key p277_264
VLOG[2] (compute-mfcc-feats[5.3.24~1-c948]:main():compute-mfcc-feats.cc:173) Processed features for key p277_265
VLOG[2] (compute-mfcc-feats[5.3.24~1-c948]:main():compute-mfcc-feats.cc:173) Processed features for key p277_266
VLOG[2] (compute-mfcc-feats[5.3.24~1-c948]:main():compute-mfcc-feats.cc:173) Processed features for key p277_267
VLOG[2] (compute-mfcc-feats[5.3.24~1-c948]:main():compute-mfcc-feats.cc:173) Processed features for key p277_268
VLOG[2] (compute-mfcc-feats[5.3.24~1-c948]:main():compute-mfcc-feats.cc:173) Processed features for key p277_269
LOG (compute-mfcc-feats[5.3.24~1-c948]:main():compute-mfcc-feats.cc:172) Processed 140 utterances
VLOG[2] (compute-mfcc-feats[5.3.24~1-c948]:main():compute-mfcc-feats.cc:173) Processed features for key p277_270
VLOG[2] (compute-mfcc-feats[5.3.24~1-c948]:main():compute-mfcc-feats.cc:173) Processed features for key p277_271
VLOG[2] (compute-mfcc-feats[5.3.24~1-c948]:main():compute-mfcc-feats.cc:173) Processed features for key p277_272
VLOG[2] (compute-mfcc-feats[5.3.24~1-c948]:main():compute-mfcc-feats.cc:173) Processed features for key p277_273
VLOG[2] (compute-mfcc-feats[5.3.24~1-c948]:main():compute-mfcc-feats.cc:173) Processed features for key p277_274
VLOG[2] (compute-mfcc-feats[5.3.24~1-c948]:main():compute-mfcc-feats.cc:173) Processed features for key p277_275
VLOG[2] (compute-mfcc-feats[5.3.24~1-c948]:main():compute-mfcc-feats.cc:173) Processed features for key p277_276
VLOG[2] (compute-mfcc-feats[5.3.24~1-c948]:main():compute-mfcc-feats.cc:173) Processed features for key p277_277
VLOG[2] (compute-mfcc-feats[5.3.24~1-c948]:main():compute-mfcc-feats.cc:173) Processed features for key p277_278
VLOG[2] (compute-mfcc-feats[5.3.24~1-c948]:main():compute-mfcc-feats.cc:173) Processed features for key p277_279
LOG (compute-mfcc-feats[5.3.24~1-c948]:main():compute-mfcc-feats.cc:172) Processed 150 utterances
VLOG[2] (compute-mfcc-feats[5.3.24~1-c948]:main():compute-mfcc-feats.cc:173) Processed features for key p277_280
VLOG[2] (compute-mfcc-feats[5.3.24~1-c948]:main():compute-mfcc-feats.cc:173) Processed features for key p277_281
VLOG[2] (compute-mfcc-feats[5.3.24~1-c948]:main():compute-mfcc-feats.cc:173) Processed features for key p277_282
VLOG[2] (compute-mfcc-feats[5.3.24~1-c948]:main():compute-mfcc-feats.cc:173) Processed features for key p277_283
VLOG[2] (compute-mfcc-feats[5.3.24~1-c948]:main():compute-mfcc-feats.cc:173) Processed features for key p277_284
VLOG[2] (compute-mfcc-feats[5.3.24~1-c948]:main():compute-mfcc-feats.cc:173) Processed features for key p277_285
VLOG[2] (compute-mfcc-feats[5.3.24~1-c948]:main():compute-mfcc-feats.cc:173) Processed features for key p277_286
VLOG[2] (compute-mfcc-feats[5.3.24~1-c948]:main():compute-mfcc-feats.cc:173) Processed features for key p277_287
VLOG[2] (compute-mfcc-feats[5.3.24~1-c948]:main():compute-mfcc-feats.cc:173) Processed features for key p277_288
VLOG[2] (compute-mfcc-feats[5.3.24~1-c948]:main():compute-mfcc-feats.cc:173) Processed features for key p277_289
LOG (compute-mfcc-feats[5.3.24~1-c948]:main():compute-mfcc-feats.cc:172) Processed 160 utterances
VLOG[2] (compute-mfcc-feats[5.3.24~1-c948]:main():compute-mfcc-feats.cc:173) Processed features for key p277_290
VLOG[2] (compute-mfcc-feats[5.3.24~1-c948]:main():compute-mfcc-feats.cc:173) Processed features for key p277_291
VLOG[2] (compute-mfcc-feats[5.3.24~1-c948]:main():compute-mfcc-feats.cc:173) Processed features for key p277_292
VLOG[2] (compute-mfcc-feats[5.3.24~1-c948]:main():compute-mfcc-feats.cc:173) Processed features for key p277_293
VLOG[2] (compute-mfcc-feats[5.3.24~1-c948]:main():compute-mfcc-feats.cc:173) Processed features for key p277_294
VLOG[2] (compute-mfcc-feats[5.3.24~1-c948]:main():compute-mfcc-feats.cc:173) Processed features for key p277_295
VLOG[2] (compute-mfcc-feats[5.3.24~1-c948]:main():compute-mfcc-feats.cc:173) Processed features for key p277_296
VLOG[2] (compute-mfcc-feats[5.3.24~1-c948]:main():compute-mfcc-feats.cc:173) Processed features for key p277_297
VLOG[2] (compute-mfcc-feats[5.3.24~1-c948]:main():compute-mfcc-feats.cc:173) Processed features for key p277_298
VLOG[2] (compute-mfcc-feats[5.3.24~1-c948]:main():compute-mfcc-feats.cc:173) Processed features for key p277_299
LOG (compute-mfcc-feats[5.3.24~1-c948]:main():compute-mfcc-feats.cc:172) Processed 170 utterances
VLOG[2] (compute-mfcc-feats[5.3.24~1-c948]:main():compute-mfcc-feats.cc:173) Processed features for key p277_300
VLOG[2] (compute-mfcc-feats[5.3.24~1-c948]:main():compute-mfcc-feats.cc:173) Processed features for key p277_301
VLOG[2] (compute-mfcc-feats[5.3.24~1-c948]:main():compute-mfcc-feats.cc:173) Processed features for key p277_302
VLOG[2] (compute-mfcc-feats[5.3.24~1-c948]:main():compute-mfcc-feats.cc:173) Processed features for key p277_303
VLOG[2] (compute-mfcc-feats[5.3.24~1-c948]:main():compute-mfcc-feats.cc:173) Processed features for key p277_304
VLOG[2] (compute-mfcc-feats[5.3.24~1-c948]:main():compute-mfcc-feats.cc:173) Processed features for key p277_305
VLOG[2] (compute-mfcc-feats[5.3.24~1-c948]:main():compute-mfcc-feats.cc:173) Processed features for key p277_306
VLOG[2] (compute-mfcc-feats[5.3.24~1-c948]:main():compute-mfcc-feats.cc:173) Processed features for key p277_307
VLOG[2] (compute-mfcc-feats[5.3.24~1-c948]:main():compute-mfcc-feats.cc:173) Processed features for key p277_308
VLOG[2] (compute-mfcc-feats[5.3.24~1-c948]:main():compute-mfcc-feats.cc:173) Processed features for key p277_309
LOG (compute-mfcc-feats[5.3.24~1-c948]:main():compute-mfcc-feats.cc:172) Processed 180 utterances
VLOG[2] (compute-mfcc-feats[5.3.24~1-c948]:main():compute-mfcc-feats.cc:173) Processed features for key p277_310
VLOG[2] (compute-mfcc-feats[5.3.24~1-c948]:main():compute-mfcc-feats.cc:173) Processed features for key p277_311
VLOG[2] (compute-mfcc-feats[5.3.24~1-c948]:main():compute-mfcc-feats.cc:173) Processed features for key p277_312
VLOG[2] (compute-mfcc-feats[5.3.24~1-c948]:main():compute-mfcc-feats.cc:173) Processed features for key p277_313
VLOG[2] (compute-mfcc-feats[5.3.24~1-c948]:main():compute-mfcc-feats.cc:173) Processed features for key p277_314
VLOG[2] (compute-mfcc-feats[5.3.24~1-c948]:main():compute-mfcc-feats.cc:173) Processed features for key p277_315
VLOG[2] (compute-mfcc-feats[5.3.24~1-c948]:main():compute-mfcc-feats.cc:173) Processed features for key p277_316
VLOG[2] (compute-mfcc-feats[5.3.24~1-c948]:main():compute-mfcc-feats.cc:173) Processed features for key p277_317
VLOG[2] (compute-mfcc-feats[5.3.24~1-c948]:main():compute-mfcc-feats.cc:173) Processed features for key p277_318
VLOG[2] (compute-mfcc-feats[5.3.24~1-c948]:main():compute-mfcc-feats.cc:173) Processed features for key p277_319
LOG (compute-mfcc-feats[5.3.24~1-c948]:main():compute-mfcc-feats.cc:172) Processed 190 utterances
VLOG[2] (compute-mfcc-feats[5.3.24~1-c948]:main():compute-mfcc-feats.cc:173) Processed features for key p277_320
VLOG[2] (compute-mfcc-feats[5.3.24~1-c948]:main():compute-mfcc-feats.cc:173) Processed features for key p277_321
VLOG[2] (compute-mfcc-feats[5.3.24~1-c948]:main():compute-mfcc-feats.cc:173) Processed features for key p277_322
VLOG[2] (compute-mfcc-feats[5.3.24~1-c948]:main():compute-mfcc-feats.cc:173) Processed features for key p277_323
VLOG[2] (compute-mfcc-feats[5.3.24~1-c948]:main():compute-mfcc-feats.cc:173) Processed features for key p277_324
VLOG[2] (compute-mfcc-feats[5.3.24~1-c948]:main():compute-mfcc-feats.cc:173) Processed features for key p277_325
VLOG[2] (compute-mfcc-feats[5.3.24~1-c948]:main():compute-mfcc-feats.cc:173) Processed features for key p277_326
VLOG[2] (compute-mfcc-feats[5.3.24~1-c948]:main():compute-mfcc-feats.cc:173) Processed features for key p277_327
VLOG[2] (compute-mfcc-feats[5.3.24~1-c948]:main():compute-mfcc-feats.cc:173) Processed features for key p277_328
VLOG[2] (compute-mfcc-feats[5.3.24~1-c948]:main():compute-mfcc-feats.cc:173) Processed features for key p277_329
LOG (compute-mfcc-feats[5.3.24~1-c948]:main():compute-mfcc-feats.cc:172) Processed 200 utterances
VLOG[2] (compute-mfcc-feats[5.3.24~1-c948]:main():compute-mfcc-feats.cc:173) Processed features for key p277_330
VLOG[2] (compute-mfcc-feats[5.3.24~1-c948]:main():compute-mfcc-feats.cc:173) Processed features for key p277_331
VLOG[2] (compute-mfcc-feats[5.3.24~1-c948]:main():compute-mfcc-feats.cc:173) Processed features for key p277_332
VLOG[2] (compute-mfcc-feats[5.3.24~1-c948]:main():compute-mfcc-feats.cc:173) Processed features for key p277_333
VLOG[2] (compute-mfcc-feats[5.3.24~1-c948]:main():compute-mfcc-feats.cc:173) Processed features for key p277_334
VLOG[2] (compute-mfcc-feats[5.3.24~1-c948]:main():compute-mfcc-feats.cc:173) Processed features for key p277_335
VLOG[2] (compute-mfcc-feats[5.3.24~1-c948]:main():compute-mfcc-feats.cc:173) Processed features for key p277_336
VLOG[2] (compute-mfcc-feats[5.3.24~1-c948]:main():compute-mfcc-feats.cc:173) Processed features for key p277_337
VLOG[2] (compute-mfcc-feats[5.3.24~1-c948]:main():compute-mfcc-feats.cc:173) Processed features for key p277_338
VLOG[2] (compute-mfcc-feats[5.3.24~1-c948]:main():compute-mfcc-feats.cc:173) Processed features for key p277_339
LOG (compute-mfcc-feats[5.3.24~1-c948]:main():compute-mfcc-feats.cc:172) Processed 210 utterances
VLOG[2] (compute-mfcc-feats[5.3.24~1-c948]:main():compute-mfcc-feats.cc:173) Processed features for key p277_340
VLOG[2] (compute-mfcc-feats[5.3.24~1-c948]:main():compute-mfcc-feats.cc:173) Processed features for key p277_341
VLOG[2] (compute-mfcc-feats[5.3.24~1-c948]:main():compute-mfcc-feats.cc:173) Processed features for key p277_342
VLOG[2] (compute-mfcc-feats[5.3.24~1-c948]:main():compute-mfcc-feats.cc:173) Processed features for key p277_343
VLOG[2] (compute-mfcc-feats[5.3.24~1-c948]:main():compute-mfcc-feats.cc:173) Processed features for key p277_344
VLOG[2] (compute-mfcc-feats[5.3.24~1-c948]:main():compute-mfcc-feats.cc:173) Processed features for key p277_346
VLOG[2] (compute-mfcc-feats[5.3.24~1-c948]:main():compute-mfcc-feats.cc:173) Processed features for key p277_347
VLOG[2] (compute-mfcc-feats[5.3.24~1-c948]:main():compute-mfcc-feats.cc:173) Processed features for key p277_348
VLOG[2] (compute-mfcc-feats[5.3.24~1-c948]:main():compute-mfcc-feats.cc:173) Processed features for key p277_349
VLOG[2] (compute-mfcc-feats[5.3.24~1-c948]:main():compute-mfcc-feats.cc:173) Processed features for key p277_350
LOG (compute-mfcc-feats[5.3.24~1-c948]:main():compute-mfcc-feats.cc:172) Processed 220 utterances
VLOG[2] (compute-mfcc-feats[5.3.24~1-c948]:main():compute-mfcc-feats.cc:173) Processed features for key p277_351
VLOG[2] (compute-mfcc-feats[5.3.24~1-c948]:main():compute-mfcc-feats.cc:173) Processed features for key p277_352
VLOG[2] (compute-mfcc-feats[5.3.24~1-c948]:main():compute-mfcc-feats.cc:173) Processed features for key p277_353
VLOG[2] (compute-mfcc-feats[5.3.24~1-c948]:main():compute-mfcc-feats.cc:173) Processed features for key p277_354
VLOG[2] (compute-mfcc-feats[5.3.24~1-c948]:main():compute-mfcc-feats.cc:173) Processed features for key p277_355
VLOG[2] (compute-mfcc-feats[5.3.24~1-c948]:main():compute-mfcc-feats.cc:173) Processed features for key p277_356
VLOG[2] (compute-mfcc-feats[5.3.24~1-c948]:main():compute-mfcc-feats.cc:173) Processed features for key p277_357
VLOG[2] (compute-mfcc-feats[5.3.24~1-c948]:main():compute-mfcc-feats.cc:173) Processed features for key p277_358
VLOG[2] (compute-mfcc-feats[5.3.24~1-c948]:main():compute-mfcc-feats.cc:173) Processed features for key p277_359
VLOG[2] (compute-mfcc-feats[5.3.24~1-c948]:main():compute-mfcc-feats.cc:173) Processed features for key p277_360
LOG (compute-mfcc-feats[5.3.24~1-c948]:main():compute-mfcc-feats.cc:172) Processed 230 utterances
VLOG[2] (compute-mfcc-feats[5.3.24~1-c948]:main():compute-mfcc-feats.cc:173) Processed features for key p277_361
VLOG[2] (compute-mfcc-feats[5.3.24~1-c948]:main():compute-mfcc-feats.cc:173) Processed features for key p277_362
VLOG[2] (compute-mfcc-feats[5.3.24~1-c948]:main():compute-mfcc-feats.cc:173) Processed features for key p277_363
VLOG[2] (compute-mfcc-feats[5.3.24~1-c948]:main():compute-mfcc-feats.cc:173) Processed features for key p277_364
VLOG[2] (compute-mfcc-feats[5.3.24~1-c948]:main():compute-mfcc-feats.cc:173) Processed features for key p277_365
VLOG[2] (compute-mfcc-feats[5.3.24~1-c948]:main():compute-mfcc-feats.cc:173) Processed features for key p277_366
VLOG[2] (compute-mfcc-feats[5.3.24~1-c948]:main():compute-mfcc-feats.cc:173) Processed features for key p277_367
VLOG[2] (compute-mfcc-feats[5.3.24~1-c948]:main():compute-mfcc-feats.cc:173) Processed features for key p277_368
VLOG[2] (compute-mfcc-feats[5.3.24~1-c948]:main():compute-mfcc-feats.cc:173) Processed features for key p277_369
VLOG[2] (compute-mfcc-feats[5.3.24~1-c948]:main():compute-mfcc-feats.cc:173) Processed features for key p277_370
LOG (compute-mfcc-feats[5.3.24~1-c948]:main():compute-mfcc-feats.cc:172) Processed 240 utterances
VLOG[2] (compute-mfcc-feats[5.3.24~1-c948]:main():compute-mfcc-feats.cc:173) Processed features for key p277_371
VLOG[2] (compute-mfcc-feats[5.3.24~1-c948]:main():compute-mfcc-feats.cc:173) Processed features for key p277_372
VLOG[2] (compute-mfcc-feats[5.3.24~1-c948]:main():compute-mfcc-feats.cc:173) Processed features for key p277_373
VLOG[2] (compute-mfcc-feats[5.3.24~1-c948]:main():compute-mfcc-feats.cc:173) Processed features for key p277_374
VLOG[2] (compute-mfcc-feats[5.3.24~1-c948]:main():compute-mfcc-feats.cc:173) Processed features for key p277_375
VLOG[2] (compute-mfcc-feats[5.3.24~1-c948]:main():compute-mfcc-feats.cc:173) Processed features for key p277_376
VLOG[2] (compute-mfcc-feats[5.3.24~1-c948]:main():compute-mfcc-feats.cc:173) Processed features for key p277_377
VLOG[2] (compute-mfcc-feats[5.3.24~1-c948]:main():compute-mfcc-feats.cc:173) Processed features for key p277_378
VLOG[2] (compute-mfcc-feats[5.3.24~1-c948]:main():compute-mfcc-feats.cc:173) Processed features for key p277_379
VLOG[2] (compute-mfcc-feats[5.3.24~1-c948]:main():compute-mfcc-feats.cc:173) Processed features for key p277_380
LOG (compute-mfcc-feats[5.3.24~1-c948]:main():compute-mfcc-feats.cc:172) Processed 250 utterances
VLOG[2] (compute-mfcc-feats[5.3.24~1-c948]:main():compute-mfcc-feats.cc:173) Processed features for key p277_381
VLOG[2] (compute-mfcc-feats[5.3.24~1-c948]:main():compute-mfcc-feats.cc:173) Processed features for key p277_382
VLOG[2] (compute-mfcc-feats[5.3.24~1-c948]:main():compute-mfcc-feats.cc:173) Processed features for key p277_383
VLOG[2] (compute-mfcc-feats[5.3.24~1-c948]:main():compute-mfcc-feats.cc:173) Processed features for key p277_384
VLOG[2] (compute-mfcc-feats[5.3.24~1-c948]:main():compute-mfcc-feats.cc:173) Processed features for key p277_385
VLOG[2] (compute-mfcc-feats[5.3.24~1-c948]:main():compute-mfcc-feats.cc:173) Processed features for key p277_386
VLOG[2] (compute-mfcc-feats[5.3.24~1-c948]:main():compute-mfcc-feats.cc:173) Processed features for key p277_387
VLOG[2] (compute-mfcc-feats[5.3.24~1-c948]:main():compute-mfcc-feats.cc:173) Processed features for key p277_388
VLOG[2] (compute-mfcc-feats[5.3.24~1-c948]:main():compute-mfcc-feats.cc:173) Processed features for key p277_389
VLOG[2] (compute-mfcc-feats[5.3.24~1-c948]:main():compute-mfcc-feats.cc:173) Processed features for key p277_390
LOG (compute-mfcc-feats[5.3.24~1-c948]:main():compute-mfcc-feats.cc:172) Processed 260 utterances
VLOG[2] (compute-mfcc-feats[5.3.24~1-c948]:main():compute-mfcc-feats.cc:173) Processed features for key p277_391
VLOG[2] (compute-mfcc-feats[5.3.24~1-c948]:main():compute-mfcc-feats.cc:173) Processed features for key p277_392
VLOG[2] (compute-mfcc-feats[5.3.24~1-c948]:main():compute-mfcc-feats.cc:173) Processed features for key p277_393
VLOG[2] (compute-mfcc-feats[5.3.24~1-c948]:main():compute-mfcc-feats.cc:173) Processed features for key p277_394
VLOG[2] (compute-mfcc-feats[5.3.24~1-c948]:main():compute-mfcc-feats.cc:173) Processed features for key p277_395
VLOG[2] (compute-mfcc-feats[5.3.24~1-c948]:main():compute-mfcc-feats.cc:173) Processed features for key p277_396
VLOG[2] (compute-mfcc-feats[5.3.24~1-c948]:main():compute-mfcc-feats.cc:173) Processed features for key p277_397
VLOG[2] (compute-mfcc-feats[5.3.24~1-c948]:main():compute-mfcc-feats.cc:173) Processed features for key p277_398
VLOG[2] (compute-mfcc-feats[5.3.24~1-c948]:main():compute-mfcc-feats.cc:173) Processed features for key p277_399
VLOG[2] (compute-mfcc-feats[5.3.24~1-c948]:main():compute-mfcc-feats.cc:173) Processed features for key p277_400
LOG (compute-mfcc-feats[5.3.24~1-c948]:main():compute-mfcc-feats.cc:172) Processed 270 utterances
VLOG[2] (compute-mfcc-feats[5.3.24~1-c948]:main():compute-mfcc-feats.cc:173) Processed features for key p277_401
VLOG[2] (compute-mfcc-feats[5.3.24~1-c948]:main():compute-mfcc-feats.cc:173) Processed features for key p277_402
VLOG[2] (compute-mfcc-feats[5.3.24~1-c948]:main():compute-mfcc-feats.cc:173) Processed features for key p277_403
VLOG[2] (compute-mfcc-feats[5.3.24~1-c948]:main():compute-mfcc-feats.cc:173) Processed features for key p277_404
VLOG[2] (compute-mfcc-feats[5.3.24~1-c948]:main():compute-mfcc-feats.cc:173) Processed features for key p277_405
VLOG[2] (compute-mfcc-feats[5.3.24~1-c948]:main():compute-mfcc-feats.cc:173) Processed features for key p277_406
VLOG[2] (compute-mfcc-feats[5.3.24~1-c948]:main():compute-mfcc-feats.cc:173) Processed features for key p277_407
VLOG[2] (compute-mfcc-feats[5.3.24~1-c948]:main():compute-mfcc-feats.cc:173) Processed features for key p277_408
VLOG[2] (compute-mfcc-feats[5.3.24~1-c948]:main():compute-mfcc-feats.cc:173) Processed features for key p277_409
VLOG[2] (compute-mfcc-feats[5.3.24~1-c948]:main():compute-mfcc-feats.cc:173) Processed features for key p277_410
LOG (compute-mfcc-feats[5.3.24~1-c948]:main():compute-mfcc-feats.cc:172) Processed 280 utterances
VLOG[2] (compute-mfcc-feats[5.3.24~1-c948]:main():compute-mfcc-feats.cc:173) Processed features for key p277_411
VLOG[2] (compute-mfcc-feats[5.3.24~1-c948]:main():compute-mfcc-feats.cc:173) Processed features for key p277_412
VLOG[2] (compute-mfcc-feats[5.3.24~1-c948]:main():compute-mfcc-feats.cc:173) Processed features for key p277_413
VLOG[2] (compute-mfcc-feats[5.3.24~1-c948]:main():compute-mfcc-feats.cc:173) Processed features for key p277_414
VLOG[2] (compute-mfcc-feats[5.3.24~1-c948]:main():compute-mfcc-feats.cc:173) Processed features for key p277_415
VLOG[2] (compute-mfcc-feats[5.3.24~1-c948]:main():compute-mfcc-feats.cc:173) Processed features for key p277_416
VLOG[2] (compute-mfcc-feats[5.3.24~1-c948]:main():compute-mfcc-feats.cc:173) Processed features for key p277_417
VLOG[2] (compute-mfcc-feats[5.3.24~1-c948]:main():compute-mfcc-feats.cc:173) Processed features for key p277_418
VLOG[2] (compute-mfcc-feats[5.3.24~1-c948]:main():compute-mfcc-feats.cc:173) Processed features for key p277_419
VLOG[2] (compute-mfcc-feats[5.3.24~1-c948]:main():compute-mfcc-feats.cc:173) Processed features for key p277_420
LOG (compute-mfcc-feats[5.3.24~1-c948]:main():compute-mfcc-feats.cc:172) Processed 290 utterances
VLOG[2] (compute-mfcc-feats[5.3.24~1-c948]:main():compute-mfcc-feats.cc:173) Processed features for key p277_421
VLOG[2] (compute-mfcc-feats[5.3.24~1-c948]:main():compute-mfcc-feats.cc:173) Processed features for key p277_422
VLOG[2] (compute-mfcc-feats[5.3.24~1-c948]:main():compute-mfcc-feats.cc:173) Processed features for key p277_423
VLOG[2] (compute-mfcc-feats[5.3.24~1-c948]:main():compute-mfcc-feats.cc:173) Processed features for key p277_424
VLOG[2] (compute-mfcc-feats[5.3.24~1-c948]:main():compute-mfcc-feats.cc:173) Processed features for key p277_425
VLOG[2] (compute-mfcc-feats[5.3.24~1-c948]:main():compute-mfcc-feats.cc:173) Processed features for key p277_426
VLOG[2] (compute-mfcc-feats[5.3.24~1-c948]:main():compute-mfcc-feats.cc:173) Processed features for key p277_427
VLOG[2] (compute-mfcc-feats[5.3.24~1-c948]:main():compute-mfcc-feats.cc:173) Processed features for key p277_428
VLOG[2] (compute-mfcc-feats[5.3.24~1-c948]:main():compute-mfcc-feats.cc:173) Processed features for key p277_429
VLOG[2] (compute-mfcc-feats[5.3.24~1-c948]:main():compute-mfcc-feats.cc:173) Processed features for key p277_430
LOG (compute-mfcc-feats[5.3.24~1-c948]:main():compute-mfcc-feats.cc:172) Processed 300 utterances
VLOG[2] (compute-mfcc-feats[5.3.24~1-c948]:main():compute-mfcc-feats.cc:173) Processed features for key p277_431
VLOG[2] (compute-mfcc-feats[5.3.24~1-c948]:main():compute-mfcc-feats.cc:173) Processed features for key p277_432
VLOG[2] (compute-mfcc-feats[5.3.24~1-c948]:main():compute-mfcc-feats.cc:173) Processed features for key p277_433
VLOG[2] (compute-mfcc-feats[5.3.24~1-c948]:main():compute-mfcc-feats.cc:173) Processed features for key p277_434
VLOG[2] (compute-mfcc-feats[5.3.24~1-c948]:main():compute-mfcc-feats.cc:173) Processed features for key p277_435
VLOG[2] (compute-mfcc-feats[5.3.24~1-c948]:main():compute-mfcc-feats.cc:173) Processed features for key p277_436
VLOG[2] (compute-mfcc-feats[5.3.24~1-c948]:main():compute-mfcc-feats.cc:173) Processed features for key p277_437
VLOG[2] (compute-mfcc-feats[5.3.24~1-c948]:main():compute-mfcc-feats.cc:173) Processed features for key p277_438
VLOG[2] (compute-mfcc-feats[5.3.24~1-c948]:main():compute-mfcc-feats.cc:173) Processed features for key p277_439
VLOG[2] (compute-mfcc-feats[5.3.24~1-c948]:main():compute-mfcc-feats.cc:173) Processed features for key p277_440
LOG (compute-mfcc-feats[5.3.24~1-c948]:main():compute-mfcc-feats.cc:172) Processed 310 utterances
VLOG[2] (compute-mfcc-feats[5.3.24~1-c948]:main():compute-mfcc-feats.cc:173) Processed features for key p277_441
VLOG[2] (compute-mfcc-feats[5.3.24~1-c948]:main():compute-mfcc-feats.cc:173) Processed features for key p277_442
VLOG[2] (compute-mfcc-feats[5.3.24~1-c948]:main():compute-mfcc-feats.cc:173) Processed features for key p277_443
VLOG[2] (compute-mfcc-feats[5.3.24~1-c948]:main():compute-mfcc-feats.cc:173) Processed features for key p277_444
VLOG[2] (compute-mfcc-feats[5.3.24~1-c948]:main():compute-mfcc-feats.cc:173) Processed features for key p277_445
VLOG[2] (compute-mfcc-feats[5.3.24~1-c948]:main():compute-mfcc-feats.cc:173) Processed features for key p277_446
VLOG[2] (compute-mfcc-feats[5.3.24~1-c948]:main():compute-mfcc-feats.cc:173) Processed features for key p277_447
VLOG[2] (compute-mfcc-feats[5.3.24~1-c948]:main():compute-mfcc-feats.cc:173) Processed features for key p277_448
VLOG[2] (compute-mfcc-feats[5.3.24~1-c948]:main():compute-mfcc-feats.cc:173) Processed features for key p277_449
VLOG[2] (compute-mfcc-feats[5.3.24~1-c948]:main():compute-mfcc-feats.cc:173) Processed features for key p277_450
LOG (compute-mfcc-feats[5.3.24~1-c948]:main():compute-mfcc-feats.cc:172) Processed 320 utterances
VLOG[2] (compute-mfcc-feats[5.3.24~1-c948]:main():compute-mfcc-feats.cc:173) Processed features for key p277_451
VLOG[2] (compute-mfcc-feats[5.3.24~1-c948]:main():compute-mfcc-feats.cc:173) Processed features for key p277_452
VLOG[2] (compute-mfcc-feats[5.3.24~1-c948]:main():compute-mfcc-feats.cc:173) Processed features for key p277_453
VLOG[2] (compute-mfcc-feats[5.3.24~1-c948]:main():compute-mfcc-feats.cc:173) Processed features for key p277_454
VLOG[2] (compute-mfcc-feats[5.3.24~1-c948]:main():compute-mfcc-feats.cc:173) Processed features for key p277_455
VLOG[2] (compute-mfcc-feats[5.3.24~1-c948]:main():compute-mfcc-feats.cc:173) Processed features for key p277_456
VLOG[2] (compute-mfcc-feats[5.3.24~1-c948]:main():compute-mfcc-feats.cc:173) Processed features for key p277_457
VLOG[2] (compute-mfcc-feats[5.3.24~1-c948]:main():compute-mfcc-feats.cc:173) Processed features for key p277_458
VLOG[2] (compute-mfcc-feats[5.3.24~1-c948]:main():compute-mfcc-feats.cc:173) Processed features for key p277_459
VLOG[2] (compute-mfcc-feats[5.3.24~1-c948]:main():compute-mfcc-feats.cc:173) Processed features for key p277_460
LOG (compute-mfcc-feats[5.3.24~1-c948]:main():compute-mfcc-feats.cc:172) Processed 330 utterances
VLOG[2] (compute-mfcc-feats[5.3.24~1-c948]:main():compute-mfcc-feats.cc:173) Processed features for key p277_461
VLOG[2] (compute-mfcc-feats[5.3.24~1-c948]:main():compute-mfcc-feats.cc:173) Processed features for key p277_462
VLOG[2] (compute-mfcc-feats[5.3.24~1-c948]:main():compute-mfcc-feats.cc:173) Processed features for key p277_463
VLOG[2] (compute-mfcc-feats[5.3.24~1-c948]:main():compute-mfcc-feats.cc:173) Processed features for key p278_002
VLOG[2] (compute-mfcc-feats[5.3.24~1-c948]:main():compute-mfcc-feats.cc:173) Processed features for key p278_003
VLOG[2] (compute-mfcc-feats[5.3.24~1-c948]:main():compute-mfcc-feats.cc:173) Processed features for key p278_004
VLOG[2] (compute-mfcc-feats[5.3.24~1-c948]:main():compute-mfcc-feats.cc:173) Processed features for key p278_005
VLOG[2] (compute-mfcc-feats[5.3.24~1-c948]:main():compute-mfcc-feats.cc:173) Processed features for key p278_006
VLOG[2] (compute-mfcc-feats[5.3.24~1-c948]:main():compute-mfcc-feats.cc:173) Processed features for key p278_007
VLOG[2] (compute-mfcc-feats[5.3.24~1-c948]:main():compute-mfcc-feats.cc:173) Processed features for key p278_008
LOG (compute-mfcc-feats[5.3.24~1-c948]:main():compute-mfcc-feats.cc:172) Processed 340 utterances
VLOG[2] (compute-mfcc-feats[5.3.24~1-c948]:main():compute-mfcc-feats.cc:173) Processed features for key p278_009
VLOG[2] (compute-mfcc-feats[5.3.24~1-c948]:main():compute-mfcc-feats.cc:173) Processed features for key p278_010
VLOG[2] (compute-mfcc-feats[5.3.24~1-c948]:main():compute-mfcc-feats.cc:173) Processed features for key p278_011
VLOG[2] (compute-mfcc-feats[5.3.24~1-c948]:main():compute-mfcc-feats.cc:173) Processed features for key p278_012
VLOG[2] (compute-mfcc-feats[5.3.24~1-c948]:main():compute-mfcc-feats.cc:173) Processed features for key p278_013
VLOG[2] (compute-mfcc-feats[5.3.24~1-c948]:main():compute-mfcc-feats.cc:173) Processed features for key p278_014
VLOG[2] (compute-mfcc-feats[5.3.24~1-c948]:main():compute-mfcc-feats.cc:173) Processed features for key p278_015
VLOG[2] (compute-mfcc-feats[5.3.24~1-c948]:main():compute-mfcc-feats.cc:173) Processed features for key p278_016
VLOG[2] (compute-mfcc-feats[5.3.24~1-c948]:main():compute-mfcc-feats.cc:173) Processed features for key p278_017
VLOG[2] (compute-mfcc-feats[5.3.24~1-c948]:main():compute-mfcc-feats.cc:173) Processed features for key p278_018
LOG (compute-mfcc-feats[5.3.24~1-c948]:main():compute-mfcc-feats.cc:172) Processed 350 utterances
VLOG[2] (compute-mfcc-feats[5.3.24~1-c948]:main():compute-mfcc-feats.cc:173) Processed features for key p278_019
VLOG[2] (compute-mfcc-feats[5.3.24~1-c948]:main():compute-mfcc-feats.cc:173) Processed features for key p278_020
VLOG[2] (compute-mfcc-feats[5.3.24~1-c948]:main():compute-mfcc-feats.cc:173) Processed features for key p278_021
VLOG[2] (compute-mfcc-feats[5.3.24~1-c948]:main():compute-mfcc-feats.cc:173) Processed features for key p278_022
VLOG[2] (compute-mfcc-feats[5.3.24~1-c948]:main():compute-mfcc-feats.cc:173) Processed features for key p278_023
VLOG[2] (compute-mfcc-feats[5.3.24~1-c948]:main():compute-mfcc-feats.cc:173) Processed features for key p278_024
VLOG[2] (compute-mfcc-feats[5.3.24~1-c948]:main():compute-mfcc-feats.cc:173) Processed features for key p278_025
VLOG[2] (compute-mfcc-feats[5.3.24~1-c948]:main():compute-mfcc-feats.cc:173) Processed features for key p278_026
VLOG[2] (compute-mfcc-feats[5.3.24~1-c948]:main():compute-mfcc-feats.cc:173) Processed features for key p278_027
VLOG[2] (compute-mfcc-feats[5.3.24~1-c948]:main():compute-mfcc-feats.cc:173) Processed features for key p278_028
LOG (compute-mfcc-feats[5.3.24~1-c948]:main():compute-mfcc-feats.cc:172) Processed 360 utterances
VLOG[2] (compute-mfcc-feats[5.3.24~1-c948]:main():compute-mfcc-feats.cc:173) Processed features for key p278_029
VLOG[2] (compute-mfcc-feats[5.3.24~1-c948]:main():compute-mfcc-feats.cc:173) Processed features for key p278_030
VLOG[2] (compute-mfcc-feats[5.3.24~1-c948]:main():compute-mfcc-feats.cc:173) Processed features for key p278_031
VLOG[2] (compute-mfcc-feats[5.3.24~1-c948]:main():compute-mfcc-feats.cc:173) Processed features for key p278_032
VLOG[2] (compute-mfcc-feats[5.3.24~1-c948]:main():compute-mfcc-feats.cc:173) Processed features for key p278_033
VLOG[2] (compute-mfcc-feats[5.3.24~1-c948]:main():compute-mfcc-feats.cc:173) Processed features for key p278_034
VLOG[2] (compute-mfcc-feats[5.3.24~1-c948]:main():compute-mfcc-feats.cc:173) Processed features for key p278_035
VLOG[2] (compute-mfcc-feats[5.3.24~1-c948]:main():compute-mfcc-feats.cc:173) Processed features for key p278_036
VLOG[2] (compute-mfcc-feats[5.3.24~1-c948]:main():compute-mfcc-feats.cc:173) Processed features for key p278_037
VLOG[2] (compute-mfcc-feats[5.3.24~1-c948]:main():compute-mfcc-feats.cc:173) Processed features for key p278_038
LOG (compute-mfcc-feats[5.3.24~1-c948]:main():compute-mfcc-feats.cc:172) Processed 370 utterances
VLOG[2] (compute-mfcc-feats[5.3.24~1-c948]:main():compute-mfcc-feats.cc:173) Processed features for key p278_039
VLOG[2] (compute-mfcc-feats[5.3.24~1-c948]:main():compute-mfcc-feats.cc:173) Processed features for key p278_040
VLOG[2] (compute-mfcc-feats[5.3.24~1-c948]:main():compute-mfcc-feats.cc:173) Processed features for key p278_041
VLOG[2] (compute-mfcc-feats[5.3.24~1-c948]:main():compute-mfcc-feats.cc:173) Processed features for key p278_042
VLOG[2] (compute-mfcc-feats[5.3.24~1-c948]:main():compute-mfcc-feats.cc:173) Processed features for key p278_043
VLOG[2] (compute-mfcc-feats[5.3.24~1-c948]:main():compute-mfcc-feats.cc:173) Processed features for key p278_044
VLOG[2] (compute-mfcc-feats[5.3.24~1-c948]:main():compute-mfcc-feats.cc:173) Processed features for key p278_045
VLOG[2] (compute-mfcc-feats[5.3.24~1-c948]:main():compute-mfcc-feats.cc:173) Processed features for key p278_046
VLOG[2] (compute-mfcc-feats[5.3.24~1-c948]:main():compute-mfcc-feats.cc:173) Processed features for key p278_047
VLOG[2] (compute-mfcc-feats[5.3.24~1-c948]:main():compute-mfcc-feats.cc:173) Processed features for key p278_048
LOG (compute-mfcc-feats[5.3.24~1-c948]:main():compute-mfcc-feats.cc:172) Processed 380 utterances
VLOG[2] (compute-mfcc-feats[5.3.24~1-c948]:main():compute-mfcc-feats.cc:173) Processed features for key p278_049
VLOG[2] (compute-mfcc-feats[5.3.24~1-c948]:main():compute-mfcc-feats.cc:173) Processed features for key p278_050
VLOG[2] (compute-mfcc-feats[5.3.24~1-c948]:main():compute-mfcc-feats.cc:173) Processed features for key p278_051
VLOG[2] (compute-mfcc-feats[5.3.24~1-c948]:main():compute-mfcc-feats.cc:173) Processed features for key p278_052
VLOG[2] (compute-mfcc-feats[5.3.24~1-c948]:main():compute-mfcc-feats.cc:173) Processed features for key p278_053
VLOG[2] (compute-mfcc-feats[5.3.24~1-c948]:main():compute-mfcc-feats.cc:173) Processed features for key p278_054
VLOG[2] (compute-mfcc-feats[5.3.24~1-c948]:main():compute-mfcc-feats.cc:173) Processed features for key p278_055
VLOG[2] (compute-mfcc-feats[5.3.24~1-c948]:main():compute-mfcc-feats.cc:173) Processed features for key p278_056
VLOG[2] (compute-mfcc-feats[5.3.24~1-c948]:main():compute-mfcc-feats.cc:173) Processed features for key p278_057
VLOG[2] (compute-mfcc-feats[5.3.24~1-c948]:main():compute-mfcc-feats.cc:173) Processed features for key p278_058
LOG (compute-mfcc-feats[5.3.24~1-c948]:main():compute-mfcc-feats.cc:172) Processed 390 utterances
VLOG[2] (compute-mfcc-feats[5.3.24~1-c948]:main():compute-mfcc-feats.cc:173) Processed features for key p278_059
VLOG[2] (compute-mfcc-feats[5.3.24~1-c948]:main():compute-mfcc-feats.cc:173) Processed features for key p278_060
VLOG[2] (compute-mfcc-feats[5.3.24~1-c948]:main():compute-mfcc-feats.cc:173) Processed features for key p278_061
VLOG[2] (compute-mfcc-feats[5.3.24~1-c948]:main():compute-mfcc-feats.cc:173) Processed features for key p278_062
VLOG[2] (compute-mfcc-feats[5.3.24~1-c948]:main():compute-mfcc-feats.cc:173) Processed features for key p278_063
VLOG[2] (compute-mfcc-feats[5.3.24~1-c948]:main():compute-mfcc-feats.cc:173) Processed features for key p278_064
VLOG[2] (compute-mfcc-feats[5.3.24~1-c948]:main():compute-mfcc-feats.cc:173) Processed features for key p278_065
VLOG[2] (compute-mfcc-feats[5.3.24~1-c948]:main():compute-mfcc-feats.cc:173) Processed features for key p278_066
VLOG[2] (compute-mfcc-feats[5.3.24~1-c948]:main():compute-mfcc-feats.cc:173) Processed features for key p278_067
VLOG[2] (compute-mfcc-feats[5.3.24~1-c948]:main():compute-mfcc-feats.cc:173) Processed features for key p278_068
LOG (compute-mfcc-feats[5.3.24~1-c948]:main():compute-mfcc-feats.cc:172) Processed 400 utterances
VLOG[2] (compute-mfcc-feats[5.3.24~1-c948]:main():compute-mfcc-feats.cc:173) Processed features for key p278_069
VLOG[2] (compute-mfcc-feats[5.3.24~1-c948]:main():compute-mfcc-feats.cc:173) Processed features for key p278_070
VLOG[2] (compute-mfcc-feats[5.3.24~1-c948]:main():compute-mfcc-feats.cc:173) Processed features for key p278_071
VLOG[2] (compute-mfcc-feats[5.3.24~1-c948]:main():compute-mfcc-feats.cc:173) Processed features for key p278_072
VLOG[2] (compute-mfcc-feats[5.3.24~1-c948]:main():compute-mfcc-feats.cc:173) Processed features for key p278_073
VLOG[2] (compute-mfcc-feats[5.3.24~1-c948]:main():compute-mfcc-feats.cc:173) Processed features for key p278_074
VLOG[2] (compute-mfcc-feats[5.3.24~1-c948]:main():compute-mfcc-feats.cc:173) Processed features for key p278_075
VLOG[2] (compute-mfcc-feats[5.3.24~1-c948]:main():compute-mfcc-feats.cc:173) Processed features for key p278_076
VLOG[2] (compute-mfcc-feats[5.3.24~1-c948]:main():compute-mfcc-feats.cc:173) Processed features for key p278_077
VLOG[2] (compute-mfcc-feats[5.3.24~1-c948]:main():compute-mfcc-feats.cc:173) Processed features for key p278_078
LOG (compute-mfcc-feats[5.3.24~1-c948]:main():compute-mfcc-feats.cc:172) Processed 410 utterances
VLOG[2] (compute-mfcc-feats[5.3.24~1-c948]:main():compute-mfcc-feats.cc:173) Processed features for key p278_079
VLOG[2] (compute-mfcc-feats[5.3.24~1-c948]:main():compute-mfcc-feats.cc:173) Processed features for key p278_080
VLOG[2] (compute-mfcc-feats[5.3.24~1-c948]:main():compute-mfcc-feats.cc:173) Processed features for key p278_081
VLOG[2] (compute-mfcc-feats[5.3.24~1-c948]:main():compute-mfcc-feats.cc:173) Processed features for key p278_082
VLOG[2] (compute-mfcc-feats[5.3.24~1-c948]:main():compute-mfcc-feats.cc:173) Processed features for key p278_083
VLOG[2] (compute-mfcc-feats[5.3.24~1-c948]:main():compute-mfcc-feats.cc:173) Processed features for key p278_084
VLOG[2] (compute-mfcc-feats[5.3.24~1-c948]:main():compute-mfcc-feats.cc:173) Processed features for key p278_085
VLOG[2] (compute-mfcc-feats[5.3.24~1-c948]:main():compute-mfcc-feats.cc:173) Processed features for key p278_086
VLOG[2] (compute-mfcc-feats[5.3.24~1-c948]:main():compute-mfcc-feats.cc:173) Processed features for key p278_087
VLOG[2] (compute-mfcc-feats[5.3.24~1-c948]:main():compute-mfcc-feats.cc:173) Processed features for key p278_088
LOG (compute-mfcc-feats[5.3.24~1-c948]:main():compute-mfcc-feats.cc:172) Processed 420 utterances
VLOG[2] (compute-mfcc-feats[5.3.24~1-c948]:main():compute-mfcc-feats.cc:173) Processed features for key p278_089
VLOG[2] (compute-mfcc-feats[5.3.24~1-c948]:main():compute-mfcc-feats.cc:173) Processed features for key p278_090
VLOG[2] (compute-mfcc-feats[5.3.24~1-c948]:main():compute-mfcc-feats.cc:173) Processed features for key p278_091
VLOG[2] (compute-mfcc-feats[5.3.24~1-c948]:main():compute-mfcc-feats.cc:173) Processed features for key p278_092
VLOG[2] (compute-mfcc-feats[5.3.24~1-c948]:main():compute-mfcc-feats.cc:173) Processed features for key p278_093
VLOG[2] (compute-mfcc-feats[5.3.24~1-c948]:main():compute-mfcc-feats.cc:173) Processed features for key p278_094
VLOG[2] (compute-mfcc-feats[5.3.24~1-c948]:main():compute-mfcc-feats.cc:173) Processed features for key p278_095
VLOG[2] (compute-mfcc-feats[5.3.24~1-c948]:main():compute-mfcc-feats.cc:173) Processed features for key p278_096
VLOG[2] (compute-mfcc-feats[5.3.24~1-c948]:main():compute-mfcc-feats.cc:173) Processed features for key p278_097
VLOG[2] (compute-mfcc-feats[5.3.24~1-c948]:main():compute-mfcc-feats.cc:173) Processed features for key p278_098
LOG (compute-mfcc-feats[5.3.24~1-c948]:main():compute-mfcc-feats.cc:172) Processed 430 utterances
VLOG[2] (compute-mfcc-feats[5.3.24~1-c948]:main():compute-mfcc-feats.cc:173) Processed features for key p278_099
VLOG[2] (compute-mfcc-feats[5.3.24~1-c948]:main():compute-mfcc-feats.cc:173) Processed features for key p278_100
VLOG[2] (compute-mfcc-feats[5.3.24~1-c948]:main():compute-mfcc-feats.cc:173) Processed features for key p278_101
VLOG[2] (compute-mfcc-feats[5.3.24~1-c948]:main():compute-mfcc-feats.cc:173) Processed features for key p278_102
VLOG[2] (compute-mfcc-feats[5.3.24~1-c948]:main():compute-mfcc-feats.cc:173) Processed features for key p278_103
VLOG[2] (compute-mfcc-feats[5.3.24~1-c948]:main():compute-mfcc-feats.cc:173) Processed features for key p278_104
VLOG[2] (compute-mfcc-feats[5.3.24~1-c948]:main():compute-mfcc-feats.cc:173) Processed features for key p278_105
VLOG[2] (compute-mfcc-feats[5.3.24~1-c948]:main():compute-mfcc-feats.cc:173) Processed features for key p278_106
VLOG[2] (compute-mfcc-feats[5.3.24~1-c948]:main():compute-mfcc-feats.cc:173) Processed features for key p278_107
VLOG[2] (compute-mfcc-feats[5.3.24~1-c948]:main():compute-mfcc-feats.cc:173) Processed features for key p278_108
LOG (compute-mfcc-feats[5.3.24~1-c948]:main():compute-mfcc-feats.cc:172) Processed 440 utterances
VLOG[2] (compute-mfcc-feats[5.3.24~1-c948]:main():compute-mfcc-feats.cc:173) Processed features for key p278_109
VLOG[2] (compute-mfcc-feats[5.3.24~1-c948]:main():compute-mfcc-feats.cc:173) Processed features for key p278_110
VLOG[2] (compute-mfcc-feats[5.3.24~1-c948]:main():compute-mfcc-feats.cc:173) Processed features for key p278_111
VLOG[2] (compute-mfcc-feats[5.3.24~1-c948]:main():compute-mfcc-feats.cc:173) Processed features for key p278_112
VLOG[2] (compute-mfcc-feats[5.3.24~1-c948]:main():compute-mfcc-feats.cc:173) Processed features for key p278_113
VLOG[2] (compute-mfcc-feats[5.3.24~1-c948]:main():compute-mfcc-feats.cc:173) Processed features for key p278_114
VLOG[2] (compute-mfcc-feats[5.3.24~1-c948]:main():compute-mfcc-feats.cc:173) Processed features for key p278_115
VLOG[2] (compute-mfcc-feats[5.3.24~1-c948]:main():compute-mfcc-feats.cc:173) Processed features for key p278_116
VLOG[2] (compute-mfcc-feats[5.3.24~1-c948]:main():compute-mfcc-feats.cc:173) Processed features for key p278_117
VLOG[2] (compute-mfcc-feats[5.3.24~1-c948]:main():compute-mfcc-feats.cc:173) Processed features for key p278_118
LOG (compute-mfcc-feats[5.3.24~1-c948]:main():compute-mfcc-feats.cc:172) Processed 450 utterances
VLOG[2] (compute-mfcc-feats[5.3.24~1-c948]:main():compute-mfcc-feats.cc:173) Processed features for key p278_119
VLOG[2] (compute-mfcc-feats[5.3.24~1-c948]:main():compute-mfcc-feats.cc:173) Processed features for key p278_120
VLOG[2] (compute-mfcc-feats[5.3.24~1-c948]:main():compute-mfcc-feats.cc:173) Processed features for key p278_121
VLOG[2] (compute-mfcc-feats[5.3.24~1-c948]:main():compute-mfcc-feats.cc:173) Processed features for key p278_122
VLOG[2] (compute-mfcc-feats[5.3.24~1-c948]:main():compute-mfcc-feats.cc:173) Processed features for key p278_123
VLOG[2] (compute-mfcc-feats[5.3.24~1-c948]:main():compute-mfcc-feats.cc:173) Processed features for key p278_124
VLOG[2] (compute-mfcc-feats[5.3.24~1-c948]:main():compute-mfcc-feats.cc:173) Processed features for key p278_125
VLOG[2] (compute-mfcc-feats[5.3.24~1-c948]:main():compute-mfcc-feats.cc:173) Processed features for key p278_126
VLOG[2] (compute-mfcc-feats[5.3.24~1-c948]:main():compute-mfcc-feats.cc:173) Processed features for key p278_127
VLOG[2] (compute-mfcc-feats[5.3.24~1-c948]:main():compute-mfcc-feats.cc:173) Processed features for key p278_128
LOG (compute-mfcc-feats[5.3.24~1-c948]:main():compute-mfcc-feats.cc:172) Processed 460 utterances
VLOG[2] (compute-mfcc-feats[5.3.24~1-c948]:main():compute-mfcc-feats.cc:173) Processed features for key p278_129
VLOG[2] (compute-mfcc-feats[5.3.24~1-c948]:main():compute-mfcc-feats.cc:173) Processed features for key p278_130
VLOG[2] (compute-mfcc-feats[5.3.24~1-c948]:main():compute-mfcc-feats.cc:173) Processed features for key p278_131
VLOG[2] (compute-mfcc-feats[5.3.24~1-c948]:main():compute-mfcc-feats.cc:173) Processed features for key p278_132
VLOG[2] (compute-mfcc-feats[5.3.24~1-c948]:main():compute-mfcc-feats.cc:173) Processed features for key p278_133
VLOG[2] (compute-mfcc-feats[5.3.24~1-c948]:main():compute-mfcc-feats.cc:173) Processed features for key p278_134
VLOG[2] (compute-mfcc-feats[5.3.24~1-c948]:main():compute-mfcc-feats.cc:173) Processed features for key p278_135
VLOG[2] (compute-mfcc-feats[5.3.24~1-c948]:main():compute-mfcc-feats.cc:173) Processed features for key p278_136
VLOG[2] (compute-mfcc-feats[5.3.24~1-c948]:main():compute-mfcc-feats.cc:173) Processed features for key p278_137
VLOG[2] (compute-mfcc-feats[5.3.24~1-c948]:main():compute-mfcc-feats.cc:173) Processed features for key p278_138
LOG (compute-mfcc-feats[5.3.24~1-c948]:main():compute-mfcc-feats.cc:172) Processed 470 utterances
VLOG[2] (compute-mfcc-feats[5.3.24~1-c948]:main():compute-mfcc-feats.cc:173) Processed features for key p278_139
VLOG[2] (compute-mfcc-feats[5.3.24~1-c948]:main():compute-mfcc-feats.cc:173) Processed features for key p278_140
VLOG[2] (compute-mfcc-feats[5.3.24~1-c948]:main():compute-mfcc-feats.cc:173) Processed features for key p278_141
VLOG[2] (compute-mfcc-feats[5.3.24~1-c948]:main():compute-mfcc-feats.cc:173) Processed features for key p278_142
VLOG[2] (compute-mfcc-feats[5.3.24~1-c948]:main():compute-mfcc-feats.cc:173) Processed features for key p278_143
VLOG[2] (compute-mfcc-feats[5.3.24~1-c948]:main():compute-mfcc-feats.cc:173) Processed features for key p278_144
VLOG[2] (compute-mfcc-feats[5.3.24~1-c948]:main():compute-mfcc-feats.cc:173) Processed features for key p278_145
VLOG[2] (compute-mfcc-feats[5.3.24~1-c948]:main():compute-mfcc-feats.cc:173) Processed features for key p278_146
VLOG[2] (compute-mfcc-feats[5.3.24~1-c948]:main():compute-mfcc-feats.cc:173) Processed features for key p278_147
VLOG[2] (compute-mfcc-feats[5.3.24~1-c948]:main():compute-mfcc-feats.cc:173) Processed features for key p278_148
LOG (compute-mfcc-feats[5.3.24~1-c948]:main():compute-mfcc-feats.cc:172) Processed 480 utterances
VLOG[2] (compute-mfcc-feats[5.3.24~1-c948]:main():compute-mfcc-feats.cc:173) Processed features for key p278_149
VLOG[2] (compute-mfcc-feats[5.3.24~1-c948]:main():compute-mfcc-feats.cc:173) Processed features for key p278_150
VLOG[2] (compute-mfcc-feats[5.3.24~1-c948]:main():compute-mfcc-feats.cc:173) Processed features for key p278_151
VLOG[2] (compute-mfcc-feats[5.3.24~1-c948]:main():compute-mfcc-feats.cc:173) Processed features for key p278_152
VLOG[2] (compute-mfcc-feats[5.3.24~1-c948]:main():compute-mfcc-feats.cc:173) Processed features for key p278_153
VLOG[2] (compute-mfcc-feats[5.3.24~1-c948]:main():compute-mfcc-feats.cc:173) Processed features for key p278_154
VLOG[2] (compute-mfcc-feats[5.3.24~1-c948]:main():compute-mfcc-feats.cc:173) Processed features for key p278_155
VLOG[2] (compute-mfcc-feats[5.3.24~1-c948]:main():compute-mfcc-feats.cc:173) Processed features for key p278_156
VLOG[2] (compute-mfcc-feats[5.3.24~1-c948]:main():compute-mfcc-feats.cc:173) Processed features for key p278_157
VLOG[2] (compute-mfcc-feats[5.3.24~1-c948]:main():compute-mfcc-feats.cc:173) Processed features for key p278_158
LOG (compute-mfcc-feats[5.3.24~1-c948]:main():compute-mfcc-feats.cc:172) Processed 490 utterances
VLOG[2] (compute-mfcc-feats[5.3.24~1-c948]:main():compute-mfcc-feats.cc:173) Processed features for key p278_159
VLOG[2] (compute-mfcc-feats[5.3.24~1-c948]:main():compute-mfcc-feats.cc:173) Processed features for key p278_160
VLOG[2] (compute-mfcc-feats[5.3.24~1-c948]:main():compute-mfcc-feats.cc:173) Processed features for key p278_161
VLOG[2] (compute-mfcc-feats[5.3.24~1-c948]:main():compute-mfcc-feats.cc:173) Processed features for key p278_162
VLOG[2] (compute-mfcc-feats[5.3.24~1-c948]:main():compute-mfcc-feats.cc:173) Processed features for key p278_163
VLOG[2] (compute-mfcc-feats[5.3.24~1-c948]:main():compute-mfcc-feats.cc:173) Processed features for key p278_164
VLOG[2] (compute-mfcc-feats[5.3.24~1-c948]:main():compute-mfcc-feats.cc:173) Processed features for key p278_165
VLOG[2] (compute-mfcc-feats[5.3.24~1-c948]:main():compute-mfcc-feats.cc:173) Processed features for key p278_166
VLOG[2] (compute-mfcc-feats[5.3.24~1-c948]:main():compute-mfcc-feats.cc:173) Processed features for key p278_167
VLOG[2] (compute-mfcc-feats[5.3.24~1-c948]:main():compute-mfcc-feats.cc:173) Processed features for key p278_168
LOG (compute-mfcc-feats[5.3.24~1-c948]:main():compute-mfcc-feats.cc:172) Processed 500 utterances
VLOG[2] (compute-mfcc-feats[5.3.24~1-c948]:main():compute-mfcc-feats.cc:173) Processed features for key p278_169
VLOG[2] (compute-mfcc-feats[5.3.24~1-c948]:main():compute-mfcc-feats.cc:173) Processed features for key p278_170
VLOG[2] (compute-mfcc-feats[5.3.24~1-c948]:main():compute-mfcc-feats.cc:173) Processed features for key p278_171
VLOG[2] (compute-mfcc-feats[5.3.24~1-c948]:main():compute-mfcc-feats.cc:173) Processed features for key p278_172
VLOG[2] (compute-mfcc-feats[5.3.24~1-c948]:main():compute-mfcc-feats.cc:173) Processed features for key p278_173
VLOG[2] (compute-mfcc-feats[5.3.24~1-c948]:main():compute-mfcc-feats.cc:173) Processed features for key p278_174
VLOG[2] (compute-mfcc-feats[5.3.24~1-c948]:main():compute-mfcc-feats.cc:173) Processed features for key p278_175
VLOG[2] (compute-mfcc-feats[5.3.24~1-c948]:main():compute-mfcc-feats.cc:173) Processed features for key p278_176
VLOG[2] (compute-mfcc-feats[5.3.24~1-c948]:main():compute-mfcc-feats.cc:173) Processed features for key p278_177
VLOG[2] (compute-mfcc-feats[5.3.24~1-c948]:main():compute-mfcc-feats.cc:173) Processed features for key p278_178
LOG (compute-mfcc-feats[5.3.24~1-c948]:main():compute-mfcc-feats.cc:172) Processed 510 utterances
VLOG[2] (compute-mfcc-feats[5.3.24~1-c948]:main():compute-mfcc-feats.cc:173) Processed features for key p278_179
VLOG[2] (compute-mfcc-feats[5.3.24~1-c948]:main():compute-mfcc-feats.cc:173) Processed features for key p278_180
VLOG[2] (compute-mfcc-feats[5.3.24~1-c948]:main():compute-mfcc-feats.cc:173) Processed features for key p278_181
VLOG[2] (compute-mfcc-feats[5.3.24~1-c948]:main():compute-mfcc-feats.cc:173) Processed features for key p278_182
VLOG[2] (compute-mfcc-feats[5.3.24~1-c948]:main():compute-mfcc-feats.cc:173) Processed features for key p278_183
VLOG[2] (compute-mfcc-feats[5.3.24~1-c948]:main():compute-mfcc-feats.cc:173) Processed features for key p278_184
VLOG[2] (compute-mfcc-feats[5.3.24~1-c948]:main():compute-mfcc-feats.cc:173) Processed features for key p278_185
VLOG[2] (compute-mfcc-feats[5.3.24~1-c948]:main():compute-mfcc-feats.cc:173) Processed features for key p278_186
VLOG[2] (compute-mfcc-feats[5.3.24~1-c948]:main():compute-mfcc-feats.cc:173) Processed features for key p278_187
VLOG[2] (compute-mfcc-feats[5.3.24~1-c948]:main():compute-mfcc-feats.cc:173) Processed features for key p278_188
LOG (compute-mfcc-feats[5.3.24~1-c948]:main():compute-mfcc-feats.cc:172) Processed 520 utterances
VLOG[2] (compute-mfcc-feats[5.3.24~1-c948]:main():compute-mfcc-feats.cc:173) Processed features for key p278_189
VLOG[2] (compute-mfcc-feats[5.3.24~1-c948]:main():compute-mfcc-feats.cc:173) Processed features for key p278_190
VLOG[2] (compute-mfcc-feats[5.3.24~1-c948]:main():compute-mfcc-feats.cc:173) Processed features for key p278_191
VLOG[2] (compute-mfcc-feats[5.3.24~1-c948]:main():compute-mfcc-feats.cc:173) Processed features for key p278_192
VLOG[2] (compute-mfcc-feats[5.3.24~1-c948]:main():compute-mfcc-feats.cc:173) Processed features for key p278_193
VLOG[2] (compute-mfcc-feats[5.3.24~1-c948]:main():compute-mfcc-feats.cc:173) Processed features for key p278_194
VLOG[2] (compute-mfcc-feats[5.3.24~1-c948]:main():compute-mfcc-feats.cc:173) Processed features for key p278_195
VLOG[2] (compute-mfcc-feats[5.3.24~1-c948]:main():compute-mfcc-feats.cc:173) Processed features for key p278_196
VLOG[2] (compute-mfcc-feats[5.3.24~1-c948]:main():compute-mfcc-feats.cc:173) Processed features for key p278_197
VLOG[2] (compute-mfcc-feats[5.3.24~1-c948]:main():compute-mfcc-feats.cc:173) Processed features for key p278_198
LOG (compute-mfcc-feats[5.3.24~1-c948]:main():compute-mfcc-feats.cc:172) Processed 530 utterances
VLOG[2] (compute-mfcc-feats[5.3.24~1-c948]:main():compute-mfcc-feats.cc:173) Processed features for key p278_199
VLOG[2] (compute-mfcc-feats[5.3.24~1-c948]:main():compute-mfcc-feats.cc:173) Processed features for key p278_200
VLOG[2] (compute-mfcc-feats[5.3.24~1-c948]:main():compute-mfcc-feats.cc:173) Processed features for key p278_201
VLOG[2] (compute-mfcc-feats[5.3.24~1-c948]:main():compute-mfcc-feats.cc:173) Processed features for key p278_202
VLOG[2] (compute-mfcc-feats[5.3.24~1-c948]:main():compute-mfcc-feats.cc:173) Processed features for key p278_203
VLOG[2] (compute-mfcc-feats[5.3.24~1-c948]:main():compute-mfcc-feats.cc:173) Processed features for key p278_204
VLOG[2] (compute-mfcc-feats[5.3.24~1-c948]:main():compute-mfcc-feats.cc:173) Processed features for key p278_205
VLOG[2] (compute-mfcc-feats[5.3.24~1-c948]:main():compute-mfcc-feats.cc:173) Processed features for key p278_206
VLOG[2] (compute-mfcc-feats[5.3.24~1-c948]:main():compute-mfcc-feats.cc:173) Processed features for key p278_207
VLOG[2] (compute-mfcc-feats[5.3.24~1-c948]:main():compute-mfcc-feats.cc:173) Processed features for key p278_208
LOG (compute-mfcc-feats[5.3.24~1-c948]:main():compute-mfcc-feats.cc:172) Processed 540 utterances
VLOG[2] (compute-mfcc-feats[5.3.24~1-c948]:main():compute-mfcc-feats.cc:173) Processed features for key p278_209
VLOG[2] (compute-mfcc-feats[5.3.24~1-c948]:main():compute-mfcc-feats.cc:173) Processed features for key p278_210
VLOG[2] (compute-mfcc-feats[5.3.24~1-c948]:main():compute-mfcc-feats.cc:173) Processed features for key p278_211
VLOG[2] (compute-mfcc-feats[5.3.24~1-c948]:main():compute-mfcc-feats.cc:173) Processed features for key p278_212
VLOG[2] (compute-mfcc-feats[5.3.24~1-c948]:main():compute-mfcc-feats.cc:173) Processed features for key p278_213
VLOG[2] (compute-mfcc-feats[5.3.24~1-c948]:main():compute-mfcc-feats.cc:173) Processed features for key p278_214
VLOG[2] (compute-mfcc-feats[5.3.24~1-c948]:main():compute-mfcc-feats.cc:173) Processed features for key p278_215
VLOG[2] (compute-mfcc-feats[5.3.24~1-c948]:main():compute-mfcc-feats.cc:173) Processed features for key p278_216
VLOG[2] (compute-mfcc-feats[5.3.24~1-c948]:main():compute-mfcc-feats.cc:173) Processed features for key p278_217
VLOG[2] (compute-mfcc-feats[5.3.24~1-c948]:main():compute-mfcc-feats.cc:173) Processed features for key p278_218
LOG (compute-mfcc-feats[5.3.24~1-c948]:main():compute-mfcc-feats.cc:172) Processed 550 utterances
VLOG[2] (compute-mfcc-feats[5.3.24~1-c948]:main():compute-mfcc-feats.cc:173) Processed features for key p278_219
VLOG[2] (compute-mfcc-feats[5.3.24~1-c948]:main():compute-mfcc-feats.cc:173) Processed features for key p278_220
VLOG[2] (compute-mfcc-feats[5.3.24~1-c948]:main():compute-mfcc-feats.cc:173) Processed features for key p278_221
VLOG[2] (compute-mfcc-feats[5.3.24~1-c948]:main():compute-mfcc-feats.cc:173) Processed features for key p278_222
VLOG[2] (compute-mfcc-feats[5.3.24~1-c948]:main():compute-mfcc-feats.cc:173) Processed features for key p278_223
VLOG[2] (compute-mfcc-feats[5.3.24~1-c948]:main():compute-mfcc-feats.cc:173) Processed features for key p278_224
VLOG[2] (compute-mfcc-feats[5.3.24~1-c948]:main():compute-mfcc-feats.cc:173) Processed features for key p278_225
VLOG[2] (compute-mfcc-feats[5.3.24~1-c948]:main():compute-mfcc-feats.cc:173) Processed features for key p278_226
VLOG[2] (compute-mfcc-feats[5.3.24~1-c948]:main():compute-mfcc-feats.cc:173) Processed features for key p278_227
VLOG[2] (compute-mfcc-feats[5.3.24~1-c948]:main():compute-mfcc-feats.cc:173) Processed features for key p278_228
LOG (compute-mfcc-feats[5.3.24~1-c948]:main():compute-mfcc-feats.cc:172) Processed 560 utterances
VLOG[2] (compute-mfcc-feats[5.3.24~1-c948]:main():compute-mfcc-feats.cc:173) Processed features for key p278_229
VLOG[2] (compute-mfcc-feats[5.3.24~1-c948]:main():compute-mfcc-feats.cc:173) Processed features for key p278_230
VLOG[2] (compute-mfcc-feats[5.3.24~1-c948]:main():compute-mfcc-feats.cc:173) Processed features for key p278_231
VLOG[2] (compute-mfcc-feats[5.3.24~1-c948]:main():compute-mfcc-feats.cc:173) Processed features for key p278_232
VLOG[2] (compute-mfcc-feats[5.3.24~1-c948]:main():compute-mfcc-feats.cc:173) Processed features for key p278_233
VLOG[2] (compute-mfcc-feats[5.3.24~1-c948]:main():compute-mfcc-feats.cc:173) Processed features for key p278_234
VLOG[2] (compute-mfcc-feats[5.3.24~1-c948]:main():compute-mfcc-feats.cc:173) Processed features for key p278_235
VLOG[2] (compute-mfcc-feats[5.3.24~1-c948]:main():compute-mfcc-feats.cc:173) Processed features for key p278_236
VLOG[2] (compute-mfcc-feats[5.3.24~1-c948]:main():compute-mfcc-feats.cc:173) Processed features for key p278_237
VLOG[2] (compute-mfcc-feats[5.3.24~1-c948]:main():compute-mfcc-feats.cc:173) Processed features for key p278_238
LOG (compute-mfcc-feats[5.3.24~1-c948]:main():compute-mfcc-feats.cc:172) Processed 570 utterances
VLOG[2] (compute-mfcc-feats[5.3.24~1-c948]:main():compute-mfcc-feats.cc:173) Processed features for key p278_239
VLOG[2] (compute-mfcc-feats[5.3.24~1-c948]:main():compute-mfcc-feats.cc:173) Processed features for key p278_240
VLOG[2] (compute-mfcc-feats[5.3.24~1-c948]:main():compute-mfcc-feats.cc:173) Processed features for key p278_241
VLOG[2] (compute-mfcc-feats[5.3.24~1-c948]:main():compute-mfcc-feats.cc:173) Processed features for key p278_242
VLOG[2] (compute-mfcc-feats[5.3.24~1-c948]:main():compute-mfcc-feats.cc:173) Processed features for key p278_243
VLOG[2] (compute-mfcc-feats[5.3.24~1-c948]:main():compute-mfcc-feats.cc:173) Processed features for key p278_244
VLOG[2] (compute-mfcc-feats[5.3.24~1-c948]:main():compute-mfcc-feats.cc:173) Processed features for key p278_245
VLOG[2] (compute-mfcc-feats[5.3.24~1-c948]:main():compute-mfcc-feats.cc:173) Processed features for key p278_246
VLOG[2] (compute-mfcc-feats[5.3.24~1-c948]:main():compute-mfcc-feats.cc:173) Processed features for key p278_247
VLOG[2] (compute-mfcc-feats[5.3.24~1-c948]:main():compute-mfcc-feats.cc:173) Processed features for key p278_248
LOG (compute-mfcc-feats[5.3.24~1-c948]:main():compute-mfcc-feats.cc:172) Processed 580 utterances
VLOG[2] (compute-mfcc-feats[5.3.24~1-c948]:main():compute-mfcc-feats.cc:173) Processed features for key p278_249
VLOG[2] (compute-mfcc-feats[5.3.24~1-c948]:main():compute-mfcc-feats.cc:173) Processed features for key p278_250
VLOG[2] (compute-mfcc-feats[5.3.24~1-c948]:main():compute-mfcc-feats.cc:173) Processed features for key p278_251
VLOG[2] (compute-mfcc-feats[5.3.24~1-c948]:main():compute-mfcc-feats.cc:173) Processed features for key p278_252
VLOG[2] (compute-mfcc-feats[5.3.24~1-c948]:main():compute-mfcc-feats.cc:173) Processed features for key p278_253
VLOG[2] (compute-mfcc-feats[5.3.24~1-c948]:main():compute-mfcc-feats.cc:173) Processed features for key p278_254
VLOG[2] (compute-mfcc-feats[5.3.24~1-c948]:main():compute-mfcc-feats.cc:173) Processed features for key p278_255
VLOG[2] (compute-mfcc-feats[5.3.24~1-c948]:main():compute-mfcc-feats.cc:173) Processed features for key p278_256
VLOG[2] (compute-mfcc-feats[5.3.24~1-c948]:main():compute-mfcc-feats.cc:173) Processed features for key p278_257
VLOG[2] (compute-mfcc-feats[5.3.24~1-c948]:main():compute-mfcc-feats.cc:173) Processed features for key p278_258
LOG (compute-mfcc-feats[5.3.24~1-c948]:main():compute-mfcc-feats.cc:172) Processed 590 utterances
VLOG[2] (compute-mfcc-feats[5.3.24~1-c948]:main():compute-mfcc-feats.cc:173) Processed features for key p278_259
VLOG[2] (compute-mfcc-feats[5.3.24~1-c948]:main():compute-mfcc-feats.cc:173) Processed features for key p278_260
VLOG[2] (compute-mfcc-feats[5.3.24~1-c948]:main():compute-mfcc-feats.cc:173) Processed features for key p278_261
VLOG[2] (compute-mfcc-feats[5.3.24~1-c948]:main():compute-mfcc-feats.cc:173) Processed features for key p278_262
VLOG[2] (compute-mfcc-feats[5.3.24~1-c948]:main():compute-mfcc-feats.cc:173) Processed features for key p278_263
VLOG[2] (compute-mfcc-feats[5.3.24~1-c948]:main():compute-mfcc-feats.cc:173) Processed features for key p278_264
VLOG[2] (compute-mfcc-feats[5.3.24~1-c948]:main():compute-mfcc-feats.cc:173) Processed features for key p278_265
VLOG[2] (compute-mfcc-feats[5.3.24~1-c948]:main():compute-mfcc-feats.cc:173) Processed features for key p278_266
VLOG[2] (compute-mfcc-feats[5.3.24~1-c948]:main():compute-mfcc-feats.cc:173) Processed features for key p278_267
VLOG[2] (compute-mfcc-feats[5.3.24~1-c948]:main():compute-mfcc-feats.cc:173) Processed features for key p278_268
LOG (compute-mfcc-feats[5.3.24~1-c948]:main():compute-mfcc-feats.cc:172) Processed 600 utterances
VLOG[2] (compute-mfcc-feats[5.3.24~1-c948]:main():compute-mfcc-feats.cc:173) Processed features for key p278_269
VLOG[2] (compute-mfcc-feats[5.3.24~1-c948]:main():compute-mfcc-feats.cc:173) Processed features for key p278_270
VLOG[2] (compute-mfcc-feats[5.3.24~1-c948]:main():compute-mfcc-feats.cc:173) Processed features for key p278_271
VLOG[2] (compute-mfcc-feats[5.3.24~1-c948]:main():compute-mfcc-feats.cc:173) Processed features for key p278_272
VLOG[2] (compute-mfcc-feats[5.3.24~1-c948]:main():compute-mfcc-feats.cc:173) Processed features for key p278_273
VLOG[2] (compute-mfcc-feats[5.3.24~1-c948]:main():compute-mfcc-feats.cc:173) Processed features for key p278_274
VLOG[2] (compute-mfcc-feats[5.3.24~1-c948]:main():compute-mfcc-feats.cc:173) Processed features for key p278_275
VLOG[2] (compute-mfcc-feats[5.3.24~1-c948]:main():compute-mfcc-feats.cc:173) Processed features for key p278_276
VLOG[2] (compute-mfcc-feats[5.3.24~1-c948]:main():compute-mfcc-feats.cc:173) Processed features for key p278_277
VLOG[2] (compute-mfcc-feats[5.3.24~1-c948]:main():compute-mfcc-feats.cc:173) Processed features for key p278_278
LOG (compute-mfcc-feats[5.3.24~1-c948]:main():compute-mfcc-feats.cc:172) Processed 610 utterances
VLOG[2] (compute-mfcc-feats[5.3.24~1-c948]:main():compute-mfcc-feats.cc:173) Processed features for key p278_279
VLOG[2] (compute-mfcc-feats[5.3.24~1-c948]:main():compute-mfcc-feats.cc:173) Processed features for key p278_280
VLOG[2] (compute-mfcc-feats[5.3.24~1-c948]:main():compute-mfcc-feats.cc:173) Processed features for key p278_281
VLOG[2] (compute-mfcc-feats[5.3.24~1-c948]:main():compute-mfcc-feats.cc:173) Processed features for key p278_282
VLOG[2] (compute-mfcc-feats[5.3.24~1-c948]:main():compute-mfcc-feats.cc:173) Processed features for key p278_283
VLOG[2] (compute-mfcc-feats[5.3.24~1-c948]:main():compute-mfcc-feats.cc:173) Processed features for key p278_284
VLOG[2] (compute-mfcc-feats[5.3.24~1-c948]:main():compute-mfcc-feats.cc:173) Processed features for key p278_285
VLOG[2] (compute-mfcc-feats[5.3.24~1-c948]:main():compute-mfcc-feats.cc:173) Processed features for key p278_286
VLOG[2] (compute-mfcc-feats[5.3.24~1-c948]:main():compute-mfcc-feats.cc:173) Processed features for key p278_287
VLOG[2] (compute-mfcc-feats[5.3.24~1-c948]:main():compute-mfcc-feats.cc:173) Processed features for key p278_288
LOG (compute-mfcc-feats[5.3.24~1-c948]:main():compute-mfcc-feats.cc:172) Processed 620 utterances
VLOG[2] (compute-mfcc-feats[5.3.24~1-c948]:main():compute-mfcc-feats.cc:173) Processed features for key p278_289
VLOG[2] (compute-mfcc-feats[5.3.24~1-c948]:main():compute-mfcc-feats.cc:173) Processed features for key p278_290
VLOG[2] (compute-mfcc-feats[5.3.24~1-c948]:main():compute-mfcc-feats.cc:173) Processed features for key p278_291
VLOG[2] (compute-mfcc-feats[5.3.24~1-c948]:main():compute-mfcc-feats.cc:173) Processed features for key p278_292
VLOG[2] (compute-mfcc-feats[5.3.24~1-c948]:main():compute-mfcc-feats.cc:173) Processed features for key p278_293
VLOG[2] (compute-mfcc-feats[5.3.24~1-c948]:main():compute-mfcc-feats.cc:173) Processed features for key p278_294
VLOG[2] (compute-mfcc-feats[5.3.24~1-c948]:main():compute-mfcc-feats.cc:173) Processed features for key p278_295
VLOG[2] (compute-mfcc-feats[5.3.24~1-c948]:main():compute-mfcc-feats.cc:173) Processed features for key p278_296
VLOG[2] (compute-mfcc-feats[5.3.24~1-c948]:main():compute-mfcc-feats.cc:173) Processed features for key p278_297
VLOG[2] (compute-mfcc-feats[5.3.24~1-c948]:main():compute-mfcc-feats.cc:173) Processed features for key p278_298
LOG (compute-mfcc-feats[5.3.24~1-c948]:main():compute-mfcc-feats.cc:172) Processed 630 utterances
VLOG[2] (compute-mfcc-feats[5.3.24~1-c948]:main():compute-mfcc-feats.cc:173) Processed features for key p278_299
VLOG[2] (compute-mfcc-feats[5.3.24~1-c948]:main():compute-mfcc-feats.cc:173) Processed features for key p278_300
VLOG[2] (compute-mfcc-feats[5.3.24~1-c948]:main():compute-mfcc-feats.cc:173) Processed features for key p278_301
VLOG[2] (compute-mfcc-feats[5.3.24~1-c948]:main():compute-mfcc-feats.cc:173) Processed features for key p278_302
VLOG[2] (compute-mfcc-feats[5.3.24~1-c948]:main():compute-mfcc-feats.cc:173) Processed features for key p278_303
VLOG[2] (compute-mfcc-feats[5.3.24~1-c948]:main():compute-mfcc-feats.cc:173) Processed features for key p278_304
VLOG[2] (compute-mfcc-feats[5.3.24~1-c948]:main():compute-mfcc-feats.cc:173) Processed features for key p278_305
VLOG[2] (compute-mfcc-feats[5.3.24~1-c948]:main():compute-mfcc-feats.cc:173) Processed features for key p278_306
VLOG[2] (compute-mfcc-feats[5.3.24~1-c948]:main():compute-mfcc-feats.cc:173) Processed features for key p278_307
VLOG[2] (compute-mfcc-feats[5.3.24~1-c948]:main():compute-mfcc-feats.cc:173) Processed features for key p278_308
LOG (compute-mfcc-feats[5.3.24~1-c948]:main():compute-mfcc-feats.cc:172) Processed 640 utterances
VLOG[2] (compute-mfcc-feats[5.3.24~1-c948]:main():compute-mfcc-feats.cc:173) Processed features for key p278_309
VLOG[2] (compute-mfcc-feats[5.3.24~1-c948]:main():compute-mfcc-feats.cc:173) Processed features for key p278_310
VLOG[2] (compute-mfcc-feats[5.3.24~1-c948]:main():compute-mfcc-feats.cc:173) Processed features for key p278_311
VLOG[2] (compute-mfcc-feats[5.3.24~1-c948]:main():compute-mfcc-feats.cc:173) Processed features for key p278_312
VLOG[2] (compute-mfcc-feats[5.3.24~1-c948]:main():compute-mfcc-feats.cc:173) Processed features for key p278_313
VLOG[2] (compute-mfcc-feats[5.3.24~1-c948]:main():compute-mfcc-feats.cc:173) Processed features for key p278_314
VLOG[2] (compute-mfcc-feats[5.3.24~1-c948]:main():compute-mfcc-feats.cc:173) Processed features for key p278_315
VLOG[2] (compute-mfcc-feats[5.3.24~1-c948]:main():compute-mfcc-feats.cc:173) Processed features for key p278_316
VLOG[2] (compute-mfcc-feats[5.3.24~1-c948]:main():compute-mfcc-feats.cc:173) Processed features for key p278_317
VLOG[2] (compute-mfcc-feats[5.3.24~1-c948]:main():compute-mfcc-feats.cc:173) Processed features for key p278_318
LOG (compute-mfcc-feats[5.3.24~1-c948]:main():compute-mfcc-feats.cc:172) Processed 650 utterances
VLOG[2] (compute-mfcc-feats[5.3.24~1-c948]:main():compute-mfcc-feats.cc:173) Processed features for key p278_319
VLOG[2] (compute-mfcc-feats[5.3.24~1-c948]:main():compute-mfcc-feats.cc:173) Processed features for key p278_320
VLOG[2] (compute-mfcc-feats[5.3.24~1-c948]:main():compute-mfcc-feats.cc:173) Processed features for key p278_321
VLOG[2] (compute-mfcc-feats[5.3.24~1-c948]:main():compute-mfcc-feats.cc:173) Processed features for key p278_322
VLOG[2] (compute-mfcc-feats[5.3.24~1-c948]:main():compute-mfcc-feats.cc:173) Processed features for key p278_323
VLOG[2] (compute-mfcc-feats[5.3.24~1-c948]:main():compute-mfcc-feats.cc:173) Processed features for key p278_324
VLOG[2] (compute-mfcc-feats[5.3.24~1-c948]:main():compute-mfcc-feats.cc:173) Processed features for key p278_325
VLOG[2] (compute-mfcc-feats[5.3.24~1-c948]:main():compute-mfcc-feats.cc:173) Processed features for key p278_326
VLOG[2] (compute-mfcc-feats[5.3.24~1-c948]:main():compute-mfcc-feats.cc:173) Processed features for key p278_327
VLOG[2] (compute-mfcc-feats[5.3.24~1-c948]:main():compute-mfcc-feats.cc:173) Processed features for key p278_328
LOG (compute-mfcc-feats[5.3.24~1-c948]:main():compute-mfcc-feats.cc:172) Processed 660 utterances
VLOG[2] (compute-mfcc-feats[5.3.24~1-c948]:main():compute-mfcc-feats.cc:173) Processed features for key p278_329
VLOG[2] (compute-mfcc-feats[5.3.24~1-c948]:main():compute-mfcc-feats.cc:173) Processed features for key p278_330
LOG (compute-mfcc-feats[5.3.24~1-c948]:main():compute-mfcc-feats.cc:176)  Done 661 out of 661 utterances.
LOG (copy-feats[5.3.24~1-c948]:main():copy-feats.cc:143) Copied 661 feature matrices.
# Accounting: time=18 threads=1
# Ended (code 0) at Wed Jan  3 18:53:32 IST 2018, elapsed time 18 seconds
