# compute-mfcc-feats --verbose=2 --config=conf/mfcc.conf --allow_downsample=true scp,p:data/all_data/log/wav_all_data.14.scp ark:- | copy-feats --compress=true ark:- ark,scp:/media/Drive/kaldi/egs/vctk_british/s5/data/all_data/data/raw_mfcc_all_data.14.ark,/media/Drive/kaldi/egs/vctk_british/s5/data/all_data/data/raw_mfcc_all_data.14.scp 
# Started at Wed Jan  3 18:52:56 IST 2018
#
copy-feats --compress=true ark:- ark,scp:/media/Drive/kaldi/egs/vctk_british/s5/data/all_data/data/raw_mfcc_all_data.14.ark,/media/Drive/kaldi/egs/vctk_british/s5/data/all_data/data/raw_mfcc_all_data.14.scp 
compute-mfcc-feats --verbose=2 --config=conf/mfcc.conf --allow_downsample=true scp,p:data/all_data/log/wav_all_data.14.scp ark:- 
VLOG[2] (compute-mfcc-feats[5.3.24~1-c948]:main():compute-mfcc-feats.cc:173) Processed features for key p268_111
VLOG[2] (compute-mfcc-feats[5.3.24~1-c948]:main():compute-mfcc-feats.cc:173) Processed features for key p268_112
VLOG[2] (compute-mfcc-feats[5.3.24~1-c948]:main():compute-mfcc-feats.cc:173) Processed features for key p268_113
VLOG[2] (compute-mfcc-feats[5.3.24~1-c948]:main():compute-mfcc-feats.cc:173) Processed features for key p268_114
VLOG[2] (compute-mfcc-feats[5.3.24~1-c948]:main():compute-mfcc-feats.cc:173) Processed features for key p268_115
VLOG[2] (compute-mfcc-feats[5.3.24~1-c948]:main():compute-mfcc-feats.cc:173) Processed features for key p268_116
VLOG[2] (compute-mfcc-feats[5.3.24~1-c948]:main():compute-mfcc-feats.cc:173) Processed features for key p268_117
VLOG[2] (compute-mfcc-feats[5.3.24~1-c948]:main():compute-mfcc-feats.cc:173) Processed features for key p268_118
VLOG[2] (compute-mfcc-feats[5.3.24~1-c948]:main():compute-mfcc-feats.cc:173) Processed features for key p268_119
LOG (compute-mfcc-feats[5.3.24~1-c948]:main():compute-mfcc-feats.cc:172) Processed 10 utterances
VLOG[2] (compute-mfcc-feats[5.3.24~1-c948]:main():compute-mfcc-feats.cc:173) Processed features for key p268_120
VLOG[2] (compute-mfcc-feats[5.3.24~1-c948]:main():compute-mfcc-feats.cc:173) Processed features for key p268_121
VLOG[2] (compute-mfcc-feats[5.3.24~1-c948]:main():compute-mfcc-feats.cc:173) Processed features for key p268_122
VLOG[2] (compute-mfcc-feats[5.3.24~1-c948]:main():compute-mfcc-feats.cc:173) Processed features for key p268_123
VLOG[2] (compute-mfcc-feats[5.3.24~1-c948]:main():compute-mfcc-feats.cc:173) Processed features for key p268_124
VLOG[2] (compute-mfcc-feats[5.3.24~1-c948]:main():compute-mfcc-feats.cc:173) Processed features for key p268_125
VLOG[2] (compute-mfcc-feats[5.3.24~1-c948]:main():compute-mfcc-feats.cc:173) Processed features for key p268_126
VLOG[2] (compute-mfcc-feats[5.3.24~1-c948]:main():compute-mfcc-feats.cc:173) Processed features for key p268_127
VLOG[2] (compute-mfcc-feats[5.3.24~1-c948]:main():compute-mfcc-feats.cc:173) Processed features for key p268_128
VLOG[2] (compute-mfcc-feats[5.3.24~1-c948]:main():compute-mfcc-feats.cc:173) Processed features for key p268_129
LOG (compute-mfcc-feats[5.3.24~1-c948]:main():compute-mfcc-feats.cc:172) Processed 20 utterances
VLOG[2] (compute-mfcc-feats[5.3.24~1-c948]:main():compute-mfcc-feats.cc:173) Processed features for key p268_130
VLOG[2] (compute-mfcc-feats[5.3.24~1-c948]:main():compute-mfcc-feats.cc:173) Processed features for key p268_131
VLOG[2] (compute-mfcc-feats[5.3.24~1-c948]:main():compute-mfcc-feats.cc:173) Processed features for key p268_132
VLOG[2] (compute-mfcc-feats[5.3.24~1-c948]:main():compute-mfcc-feats.cc:173) Processed features for key p268_133
VLOG[2] (compute-mfcc-feats[5.3.24~1-c948]:main():compute-mfcc-feats.cc:173) Processed features for key p268_134
VLOG[2] (compute-mfcc-feats[5.3.24~1-c948]:main():compute-mfcc-feats.cc:173) Processed features for key p268_135
VLOG[2] (compute-mfcc-feats[5.3.24~1-c948]:main():compute-mfcc-feats.cc:173) Processed features for key p268_137
VLOG[2] (compute-mfcc-feats[5.3.24~1-c948]:main():compute-mfcc-feats.cc:173) Processed features for key p268_138
VLOG[2] (compute-mfcc-feats[5.3.24~1-c948]:main():compute-mfcc-feats.cc:173) Processed features for key p268_139
VLOG[2] (compute-mfcc-feats[5.3.24~1-c948]:main():compute-mfcc-feats.cc:173) Processed features for key p268_140
LOG (compute-mfcc-feats[5.3.24~1-c948]:main():compute-mfcc-feats.cc:172) Processed 30 utterances
VLOG[2] (compute-mfcc-feats[5.3.24~1-c948]:main():compute-mfcc-feats.cc:173) Processed features for key p268_141
VLOG[2] (compute-mfcc-feats[5.3.24~1-c948]:main():compute-mfcc-feats.cc:173) Processed features for key p268_142
VLOG[2] (compute-mfcc-feats[5.3.24~1-c948]:main():compute-mfcc-feats.cc:173) Processed features for key p268_143
VLOG[2] (compute-mfcc-feats[5.3.24~1-c948]:main():compute-mfcc-feats.cc:173) Processed features for key p268_144
VLOG[2] (compute-mfcc-feats[5.3.24~1-c948]:main():compute-mfcc-feats.cc:173) Processed features for key p268_145
VLOG[2] (compute-mfcc-feats[5.3.24~1-c948]:main():compute-mfcc-feats.cc:173) Processed features for key p268_146
VLOG[2] (compute-mfcc-feats[5.3.24~1-c948]:main():compute-mfcc-feats.cc:173) Processed features for key p268_147
VLOG[2] (compute-mfcc-feats[5.3.24~1-c948]:main():compute-mfcc-feats.cc:173) Processed features for key p268_148
VLOG[2] (compute-mfcc-feats[5.3.24~1-c948]:main():compute-mfcc-feats.cc:173) Processed features for key p268_149
VLOG[2] (compute-mfcc-feats[5.3.24~1-c948]:main():compute-mfcc-feats.cc:173) Processed features for key p268_150
LOG (compute-mfcc-feats[5.3.24~1-c948]:main():compute-mfcc-feats.cc:172) Processed 40 utterances
VLOG[2] (compute-mfcc-feats[5.3.24~1-c948]:main():compute-mfcc-feats.cc:173) Processed features for key p268_151
VLOG[2] (compute-mfcc-feats[5.3.24~1-c948]:main():compute-mfcc-feats.cc:173) Processed features for key p268_152
VLOG[2] (compute-mfcc-feats[5.3.24~1-c948]:main():compute-mfcc-feats.cc:173) Processed features for key p268_153
VLOG[2] (compute-mfcc-feats[5.3.24~1-c948]:main():compute-mfcc-feats.cc:173) Processed features for key p268_154
VLOG[2] (compute-mfcc-feats[5.3.24~1-c948]:main():compute-mfcc-feats.cc:173) Processed features for key p268_155
VLOG[2] (compute-mfcc-feats[5.3.24~1-c948]:main():compute-mfcc-feats.cc:173) Processed features for key p268_156
VLOG[2] (compute-mfcc-feats[5.3.24~1-c948]:main():compute-mfcc-feats.cc:173) Processed features for key p268_157
VLOG[2] (compute-mfcc-feats[5.3.24~1-c948]:main():compute-mfcc-feats.cc:173) Processed features for key p268_158
VLOG[2] (compute-mfcc-feats[5.3.24~1-c948]:main():compute-mfcc-feats.cc:173) Processed features for key p268_160
VLOG[2] (compute-mfcc-feats[5.3.24~1-c948]:main():compute-mfcc-feats.cc:173) Processed features for key p268_161
LOG (compute-mfcc-feats[5.3.24~1-c948]:main():compute-mfcc-feats.cc:172) Processed 50 utterances
VLOG[2] (compute-mfcc-feats[5.3.24~1-c948]:main():compute-mfcc-feats.cc:173) Processed features for key p268_162
VLOG[2] (compute-mfcc-feats[5.3.24~1-c948]:main():compute-mfcc-feats.cc:173) Processed features for key p268_163
VLOG[2] (compute-mfcc-feats[5.3.24~1-c948]:main():compute-mfcc-feats.cc:173) Processed features for key p268_164
VLOG[2] (compute-mfcc-feats[5.3.24~1-c948]:main():compute-mfcc-feats.cc:173) Processed features for key p268_165
VLOG[2] (compute-mfcc-feats[5.3.24~1-c948]:main():compute-mfcc-feats.cc:173) Processed features for key p268_166
VLOG[2] (compute-mfcc-feats[5.3.24~1-c948]:main():compute-mfcc-feats.cc:173) Processed features for key p268_167
VLOG[2] (compute-mfcc-feats[5.3.24~1-c948]:main():compute-mfcc-feats.cc:173) Processed features for key p268_168
VLOG[2] (compute-mfcc-feats[5.3.24~1-c948]:main():compute-mfcc-feats.cc:173) Processed features for key p268_169
VLOG[2] (compute-mfcc-feats[5.3.24~1-c948]:main():compute-mfcc-feats.cc:173) Processed features for key p268_170
VLOG[2] (compute-mfcc-feats[5.3.24~1-c948]:main():compute-mfcc-feats.cc:173) Processed features for key p268_171
LOG (compute-mfcc-feats[5.3.24~1-c948]:main():compute-mfcc-feats.cc:172) Processed 60 utterances
VLOG[2] (compute-mfcc-feats[5.3.24~1-c948]:main():compute-mfcc-feats.cc:173) Processed features for key p268_172
VLOG[2] (compute-mfcc-feats[5.3.24~1-c948]:main():compute-mfcc-feats.cc:173) Processed features for key p268_173
VLOG[2] (compute-mfcc-feats[5.3.24~1-c948]:main():compute-mfcc-feats.cc:173) Processed features for key p268_174
VLOG[2] (compute-mfcc-feats[5.3.24~1-c948]:main():compute-mfcc-feats.cc:173) Processed features for key p268_175
VLOG[2] (compute-mfcc-feats[5.3.24~1-c948]:main():compute-mfcc-feats.cc:173) Processed features for key p268_176
VLOG[2] (compute-mfcc-feats[5.3.24~1-c948]:main():compute-mfcc-feats.cc:173) Processed features for key p268_177
VLOG[2] (compute-mfcc-feats[5.3.24~1-c948]:main():compute-mfcc-feats.cc:173) Processed features for key p268_178
VLOG[2] (compute-mfcc-feats[5.3.24~1-c948]:main():compute-mfcc-feats.cc:173) Processed features for key p268_179
VLOG[2] (compute-mfcc-feats[5.3.24~1-c948]:main():compute-mfcc-feats.cc:173) Processed features for key p268_180
VLOG[2] (compute-mfcc-feats[5.3.24~1-c948]:main():compute-mfcc-feats.cc:173) Processed features for key p268_181
LOG (compute-mfcc-feats[5.3.24~1-c948]:main():compute-mfcc-feats.cc:172) Processed 70 utterances
VLOG[2] (compute-mfcc-feats[5.3.24~1-c948]:main():compute-mfcc-feats.cc:173) Processed features for key p268_182
VLOG[2] (compute-mfcc-feats[5.3.24~1-c948]:main():compute-mfcc-feats.cc:173) Processed features for key p268_183
VLOG[2] (compute-mfcc-feats[5.3.24~1-c948]:main():compute-mfcc-feats.cc:173) Processed features for key p268_184
VLOG[2] (compute-mfcc-feats[5.3.24~1-c948]:main():compute-mfcc-feats.cc:173) Processed features for key p268_185
VLOG[2] (compute-mfcc-feats[5.3.24~1-c948]:main():compute-mfcc-feats.cc:173) Processed features for key p268_186
VLOG[2] (compute-mfcc-feats[5.3.24~1-c948]:main():compute-mfcc-feats.cc:173) Processed features for key p268_187
VLOG[2] (compute-mfcc-feats[5.3.24~1-c948]:main():compute-mfcc-feats.cc:173) Processed features for key p268_188
VLOG[2] (compute-mfcc-feats[5.3.24~1-c948]:main():compute-mfcc-feats.cc:173) Processed features for key p268_189
VLOG[2] (compute-mfcc-feats[5.3.24~1-c948]:main():compute-mfcc-feats.cc:173) Processed features for key p268_190
VLOG[2] (compute-mfcc-feats[5.3.24~1-c948]:main():compute-mfcc-feats.cc:173) Processed features for key p268_191
LOG (compute-mfcc-feats[5.3.24~1-c948]:main():compute-mfcc-feats.cc:172) Processed 80 utterances
VLOG[2] (compute-mfcc-feats[5.3.24~1-c948]:main():compute-mfcc-feats.cc:173) Processed features for key p268_192
VLOG[2] (compute-mfcc-feats[5.3.24~1-c948]:main():compute-mfcc-feats.cc:173) Processed features for key p268_193
VLOG[2] (compute-mfcc-feats[5.3.24~1-c948]:main():compute-mfcc-feats.cc:173) Processed features for key p268_194
VLOG[2] (compute-mfcc-feats[5.3.24~1-c948]:main():compute-mfcc-feats.cc:173) Processed features for key p268_195
VLOG[2] (compute-mfcc-feats[5.3.24~1-c948]:main():compute-mfcc-feats.cc:173) Processed features for key p268_196
VLOG[2] (compute-mfcc-feats[5.3.24~1-c948]:main():compute-mfcc-feats.cc:173) Processed features for key p268_197
VLOG[2] (compute-mfcc-feats[5.3.24~1-c948]:main():compute-mfcc-feats.cc:173) Processed features for key p268_198
VLOG[2] (compute-mfcc-feats[5.3.24~1-c948]:main():compute-mfcc-feats.cc:173) Processed features for key p268_199
VLOG[2] (compute-mfcc-feats[5.3.24~1-c948]:main():compute-mfcc-feats.cc:173) Processed features for key p268_200
VLOG[2] (compute-mfcc-feats[5.3.24~1-c948]:main():compute-mfcc-feats.cc:173) Processed features for key p268_201
LOG (compute-mfcc-feats[5.3.24~1-c948]:main():compute-mfcc-feats.cc:172) Processed 90 utterances
VLOG[2] (compute-mfcc-feats[5.3.24~1-c948]:main():compute-mfcc-feats.cc:173) Processed features for key p268_202
VLOG[2] (compute-mfcc-feats[5.3.24~1-c948]:main():compute-mfcc-feats.cc:173) Processed features for key p268_203
VLOG[2] (compute-mfcc-feats[5.3.24~1-c948]:main():compute-mfcc-feats.cc:173) Processed features for key p268_204
VLOG[2] (compute-mfcc-feats[5.3.24~1-c948]:main():compute-mfcc-feats.cc:173) Processed features for key p268_205
VLOG[2] (compute-mfcc-feats[5.3.24~1-c948]:main():compute-mfcc-feats.cc:173) Processed features for key p268_206
VLOG[2] (compute-mfcc-feats[5.3.24~1-c948]:main():compute-mfcc-feats.cc:173) Processed features for key p268_207
VLOG[2] (compute-mfcc-feats[5.3.24~1-c948]:main():compute-mfcc-feats.cc:173) Processed features for key p268_208
VLOG[2] (compute-mfcc-feats[5.3.24~1-c948]:main():compute-mfcc-feats.cc:173) Processed features for key p268_209
VLOG[2] (compute-mfcc-feats[5.3.24~1-c948]:main():compute-mfcc-feats.cc:173) Processed features for key p268_210
VLOG[2] (compute-mfcc-feats[5.3.24~1-c948]:main():compute-mfcc-feats.cc:173) Processed features for key p268_211
LOG (compute-mfcc-feats[5.3.24~1-c948]:main():compute-mfcc-feats.cc:172) Processed 100 utterances
VLOG[2] (compute-mfcc-feats[5.3.24~1-c948]:main():compute-mfcc-feats.cc:173) Processed features for key p268_212
VLOG[2] (compute-mfcc-feats[5.3.24~1-c948]:main():compute-mfcc-feats.cc:173) Processed features for key p268_213
VLOG[2] (compute-mfcc-feats[5.3.24~1-c948]:main():compute-mfcc-feats.cc:173) Processed features for key p268_214
VLOG[2] (compute-mfcc-feats[5.3.24~1-c948]:main():compute-mfcc-feats.cc:173) Processed features for key p268_215
VLOG[2] (compute-mfcc-feats[5.3.24~1-c948]:main():compute-mfcc-feats.cc:173) Processed features for key p268_216
VLOG[2] (compute-mfcc-feats[5.3.24~1-c948]:main():compute-mfcc-feats.cc:173) Processed features for key p268_217
VLOG[2] (compute-mfcc-feats[5.3.24~1-c948]:main():compute-mfcc-feats.cc:173) Processed features for key p268_218
VLOG[2] (compute-mfcc-feats[5.3.24~1-c948]:main():compute-mfcc-feats.cc:173) Processed features for key p268_219
VLOG[2] (compute-mfcc-feats[5.3.24~1-c948]:main():compute-mfcc-feats.cc:173) Processed features for key p268_220
VLOG[2] (compute-mfcc-feats[5.3.24~1-c948]:main():compute-mfcc-feats.cc:173) Processed features for key p268_221
LOG (compute-mfcc-feats[5.3.24~1-c948]:main():compute-mfcc-feats.cc:172) Processed 110 utterances
VLOG[2] (compute-mfcc-feats[5.3.24~1-c948]:main():compute-mfcc-feats.cc:173) Processed features for key p268_222
VLOG[2] (compute-mfcc-feats[5.3.24~1-c948]:main():compute-mfcc-feats.cc:173) Processed features for key p268_223
VLOG[2] (compute-mfcc-feats[5.3.24~1-c948]:main():compute-mfcc-feats.cc:173) Processed features for key p268_224
VLOG[2] (compute-mfcc-feats[5.3.24~1-c948]:main():compute-mfcc-feats.cc:173) Processed features for key p268_225
VLOG[2] (compute-mfcc-feats[5.3.24~1-c948]:main():compute-mfcc-feats.cc:173) Processed features for key p268_226
VLOG[2] (compute-mfcc-feats[5.3.24~1-c948]:main():compute-mfcc-feats.cc:173) Processed features for key p268_227
VLOG[2] (compute-mfcc-feats[5.3.24~1-c948]:main():compute-mfcc-feats.cc:173) Processed features for key p268_228
VLOG[2] (compute-mfcc-feats[5.3.24~1-c948]:main():compute-mfcc-feats.cc:173) Processed features for key p268_229
VLOG[2] (compute-mfcc-feats[5.3.24~1-c948]:main():compute-mfcc-feats.cc:173) Processed features for key p268_230
VLOG[2] (compute-mfcc-feats[5.3.24~1-c948]:main():compute-mfcc-feats.cc:173) Processed features for key p268_231
LOG (compute-mfcc-feats[5.3.24~1-c948]:main():compute-mfcc-feats.cc:172) Processed 120 utterances
VLOG[2] (compute-mfcc-feats[5.3.24~1-c948]:main():compute-mfcc-feats.cc:173) Processed features for key p268_232
VLOG[2] (compute-mfcc-feats[5.3.24~1-c948]:main():compute-mfcc-feats.cc:173) Processed features for key p268_233
VLOG[2] (compute-mfcc-feats[5.3.24~1-c948]:main():compute-mfcc-feats.cc:173) Processed features for key p268_234
VLOG[2] (compute-mfcc-feats[5.3.24~1-c948]:main():compute-mfcc-feats.cc:173) Processed features for key p268_235
VLOG[2] (compute-mfcc-feats[5.3.24~1-c948]:main():compute-mfcc-feats.cc:173) Processed features for key p268_236
VLOG[2] (compute-mfcc-feats[5.3.24~1-c948]:main():compute-mfcc-feats.cc:173) Processed features for key p268_237
VLOG[2] (compute-mfcc-feats[5.3.24~1-c948]:main():compute-mfcc-feats.cc:173) Processed features for key p268_238
VLOG[2] (compute-mfcc-feats[5.3.24~1-c948]:main():compute-mfcc-feats.cc:173) Processed features for key p268_239
VLOG[2] (compute-mfcc-feats[5.3.24~1-c948]:main():compute-mfcc-feats.cc:173) Processed features for key p268_240
VLOG[2] (compute-mfcc-feats[5.3.24~1-c948]:main():compute-mfcc-feats.cc:173) Processed features for key p268_241
LOG (compute-mfcc-feats[5.3.24~1-c948]:main():compute-mfcc-feats.cc:172) Processed 130 utterances
VLOG[2] (compute-mfcc-feats[5.3.24~1-c948]:main():compute-mfcc-feats.cc:173) Processed features for key p268_242
VLOG[2] (compute-mfcc-feats[5.3.24~1-c948]:main():compute-mfcc-feats.cc:173) Processed features for key p268_243
VLOG[2] (compute-mfcc-feats[5.3.24~1-c948]:main():compute-mfcc-feats.cc:173) Processed features for key p268_244
VLOG[2] (compute-mfcc-feats[5.3.24~1-c948]:main():compute-mfcc-feats.cc:173) Processed features for key p268_245
VLOG[2] (compute-mfcc-feats[5.3.24~1-c948]:main():compute-mfcc-feats.cc:173) Processed features for key p268_246
VLOG[2] (compute-mfcc-feats[5.3.24~1-c948]:main():compute-mfcc-feats.cc:173) Processed features for key p268_247
VLOG[2] (compute-mfcc-feats[5.3.24~1-c948]:main():compute-mfcc-feats.cc:173) Processed features for key p268_248
VLOG[2] (compute-mfcc-feats[5.3.24~1-c948]:main():compute-mfcc-feats.cc:173) Processed features for key p268_249
VLOG[2] (compute-mfcc-feats[5.3.24~1-c948]:main():compute-mfcc-feats.cc:173) Processed features for key p268_250
VLOG[2] (compute-mfcc-feats[5.3.24~1-c948]:main():compute-mfcc-feats.cc:173) Processed features for key p268_251
LOG (compute-mfcc-feats[5.3.24~1-c948]:main():compute-mfcc-feats.cc:172) Processed 140 utterances
VLOG[2] (compute-mfcc-feats[5.3.24~1-c948]:main():compute-mfcc-feats.cc:173) Processed features for key p268_252
VLOG[2] (compute-mfcc-feats[5.3.24~1-c948]:main():compute-mfcc-feats.cc:173) Processed features for key p268_253
VLOG[2] (compute-mfcc-feats[5.3.24~1-c948]:main():compute-mfcc-feats.cc:173) Processed features for key p268_254
VLOG[2] (compute-mfcc-feats[5.3.24~1-c948]:main():compute-mfcc-feats.cc:173) Processed features for key p268_255
VLOG[2] (compute-mfcc-feats[5.3.24~1-c948]:main():compute-mfcc-feats.cc:173) Processed features for key p268_256
VLOG[2] (compute-mfcc-feats[5.3.24~1-c948]:main():compute-mfcc-feats.cc:173) Processed features for key p268_257
VLOG[2] (compute-mfcc-feats[5.3.24~1-c948]:main():compute-mfcc-feats.cc:173) Processed features for key p268_258
VLOG[2] (compute-mfcc-feats[5.3.24~1-c948]:main():compute-mfcc-feats.cc:173) Processed features for key p268_259
VLOG[2] (compute-mfcc-feats[5.3.24~1-c948]:main():compute-mfcc-feats.cc:173) Processed features for key p268_260
VLOG[2] (compute-mfcc-feats[5.3.24~1-c948]:main():compute-mfcc-feats.cc:173) Processed features for key p268_261
LOG (compute-mfcc-feats[5.3.24~1-c948]:main():compute-mfcc-feats.cc:172) Processed 150 utterances
VLOG[2] (compute-mfcc-feats[5.3.24~1-c948]:main():compute-mfcc-feats.cc:173) Processed features for key p268_262
VLOG[2] (compute-mfcc-feats[5.3.24~1-c948]:main():compute-mfcc-feats.cc:173) Processed features for key p268_263
VLOG[2] (compute-mfcc-feats[5.3.24~1-c948]:main():compute-mfcc-feats.cc:173) Processed features for key p268_264
VLOG[2] (compute-mfcc-feats[5.3.24~1-c948]:main():compute-mfcc-feats.cc:173) Processed features for key p268_265
VLOG[2] (compute-mfcc-feats[5.3.24~1-c948]:main():compute-mfcc-feats.cc:173) Processed features for key p268_266
VLOG[2] (compute-mfcc-feats[5.3.24~1-c948]:main():compute-mfcc-feats.cc:173) Processed features for key p268_267
VLOG[2] (compute-mfcc-feats[5.3.24~1-c948]:main():compute-mfcc-feats.cc:173) Processed features for key p268_268
VLOG[2] (compute-mfcc-feats[5.3.24~1-c948]:main():compute-mfcc-feats.cc:173) Processed features for key p268_269
VLOG[2] (compute-mfcc-feats[5.3.24~1-c948]:main():compute-mfcc-feats.cc:173) Processed features for key p268_270
VLOG[2] (compute-mfcc-feats[5.3.24~1-c948]:main():compute-mfcc-feats.cc:173) Processed features for key p268_271
LOG (compute-mfcc-feats[5.3.24~1-c948]:main():compute-mfcc-feats.cc:172) Processed 160 utterances
VLOG[2] (compute-mfcc-feats[5.3.24~1-c948]:main():compute-mfcc-feats.cc:173) Processed features for key p268_272
VLOG[2] (compute-mfcc-feats[5.3.24~1-c948]:main():compute-mfcc-feats.cc:173) Processed features for key p268_273
VLOG[2] (compute-mfcc-feats[5.3.24~1-c948]:main():compute-mfcc-feats.cc:173) Processed features for key p268_274
VLOG[2] (compute-mfcc-feats[5.3.24~1-c948]:main():compute-mfcc-feats.cc:173) Processed features for key p268_275
VLOG[2] (compute-mfcc-feats[5.3.24~1-c948]:main():compute-mfcc-feats.cc:173) Processed features for key p268_276
VLOG[2] (compute-mfcc-feats[5.3.24~1-c948]:main():compute-mfcc-feats.cc:173) Processed features for key p268_277
VLOG[2] (compute-mfcc-feats[5.3.24~1-c948]:main():compute-mfcc-feats.cc:173) Processed features for key p268_278
VLOG[2] (compute-mfcc-feats[5.3.24~1-c948]:main():compute-mfcc-feats.cc:173) Processed features for key p268_279
VLOG[2] (compute-mfcc-feats[5.3.24~1-c948]:main():compute-mfcc-feats.cc:173) Processed features for key p268_280
VLOG[2] (compute-mfcc-feats[5.3.24~1-c948]:main():compute-mfcc-feats.cc:173) Processed features for key p268_282
LOG (compute-mfcc-feats[5.3.24~1-c948]:main():compute-mfcc-feats.cc:172) Processed 170 utterances
VLOG[2] (compute-mfcc-feats[5.3.24~1-c948]:main():compute-mfcc-feats.cc:173) Processed features for key p268_283
VLOG[2] (compute-mfcc-feats[5.3.24~1-c948]:main():compute-mfcc-feats.cc:173) Processed features for key p268_284
VLOG[2] (compute-mfcc-feats[5.3.24~1-c948]:main():compute-mfcc-feats.cc:173) Processed features for key p268_285
VLOG[2] (compute-mfcc-feats[5.3.24~1-c948]:main():compute-mfcc-feats.cc:173) Processed features for key p268_286
VLOG[2] (compute-mfcc-feats[5.3.24~1-c948]:main():compute-mfcc-feats.cc:173) Processed features for key p268_287
VLOG[2] (compute-mfcc-feats[5.3.24~1-c948]:main():compute-mfcc-feats.cc:173) Processed features for key p268_288
VLOG[2] (compute-mfcc-feats[5.3.24~1-c948]:main():compute-mfcc-feats.cc:173) Processed features for key p268_289
VLOG[2] (compute-mfcc-feats[5.3.24~1-c948]:main():compute-mfcc-feats.cc:173) Processed features for key p268_290
VLOG[2] (compute-mfcc-feats[5.3.24~1-c948]:main():compute-mfcc-feats.cc:173) Processed features for key p268_291
VLOG[2] (compute-mfcc-feats[5.3.24~1-c948]:main():compute-mfcc-feats.cc:173) Processed features for key p268_292
LOG (compute-mfcc-feats[5.3.24~1-c948]:main():compute-mfcc-feats.cc:172) Processed 180 utterances
VLOG[2] (compute-mfcc-feats[5.3.24~1-c948]:main():compute-mfcc-feats.cc:173) Processed features for key p268_293
VLOG[2] (compute-mfcc-feats[5.3.24~1-c948]:main():compute-mfcc-feats.cc:173) Processed features for key p268_294
VLOG[2] (compute-mfcc-feats[5.3.24~1-c948]:main():compute-mfcc-feats.cc:173) Processed features for key p268_295
VLOG[2] (compute-mfcc-feats[5.3.24~1-c948]:main():compute-mfcc-feats.cc:173) Processed features for key p268_296
VLOG[2] (compute-mfcc-feats[5.3.24~1-c948]:main():compute-mfcc-feats.cc:173) Processed features for key p268_297
VLOG[2] (compute-mfcc-feats[5.3.24~1-c948]:main():compute-mfcc-feats.cc:173) Processed features for key p268_298
VLOG[2] (compute-mfcc-feats[5.3.24~1-c948]:main():compute-mfcc-feats.cc:173) Processed features for key p268_299
VLOG[2] (compute-mfcc-feats[5.3.24~1-c948]:main():compute-mfcc-feats.cc:173) Processed features for key p268_300
VLOG[2] (compute-mfcc-feats[5.3.24~1-c948]:main():compute-mfcc-feats.cc:173) Processed features for key p268_301
VLOG[2] (compute-mfcc-feats[5.3.24~1-c948]:main():compute-mfcc-feats.cc:173) Processed features for key p268_302
LOG (compute-mfcc-feats[5.3.24~1-c948]:main():compute-mfcc-feats.cc:172) Processed 190 utterances
VLOG[2] (compute-mfcc-feats[5.3.24~1-c948]:main():compute-mfcc-feats.cc:173) Processed features for key p268_303
VLOG[2] (compute-mfcc-feats[5.3.24~1-c948]:main():compute-mfcc-feats.cc:173) Processed features for key p268_304
VLOG[2] (compute-mfcc-feats[5.3.24~1-c948]:main():compute-mfcc-feats.cc:173) Processed features for key p268_305
VLOG[2] (compute-mfcc-feats[5.3.24~1-c948]:main():compute-mfcc-feats.cc:173) Processed features for key p268_306
VLOG[2] (compute-mfcc-feats[5.3.24~1-c948]:main():compute-mfcc-feats.cc:173) Processed features for key p268_307
VLOG[2] (compute-mfcc-feats[5.3.24~1-c948]:main():compute-mfcc-feats.cc:173) Processed features for key p268_308
VLOG[2] (compute-mfcc-feats[5.3.24~1-c948]:main():compute-mfcc-feats.cc:173) Processed features for key p268_309
VLOG[2] (compute-mfcc-feats[5.3.24~1-c948]:main():compute-mfcc-feats.cc:173) Processed features for key p268_310
VLOG[2] (compute-mfcc-feats[5.3.24~1-c948]:main():compute-mfcc-feats.cc:173) Processed features for key p268_311
VLOG[2] (compute-mfcc-feats[5.3.24~1-c948]:main():compute-mfcc-feats.cc:173) Processed features for key p268_312
LOG (compute-mfcc-feats[5.3.24~1-c948]:main():compute-mfcc-feats.cc:172) Processed 200 utterances
VLOG[2] (compute-mfcc-feats[5.3.24~1-c948]:main():compute-mfcc-feats.cc:173) Processed features for key p268_313
VLOG[2] (compute-mfcc-feats[5.3.24~1-c948]:main():compute-mfcc-feats.cc:173) Processed features for key p268_314
VLOG[2] (compute-mfcc-feats[5.3.24~1-c948]:main():compute-mfcc-feats.cc:173) Processed features for key p268_315
VLOG[2] (compute-mfcc-feats[5.3.24~1-c948]:main():compute-mfcc-feats.cc:173) Processed features for key p268_316
VLOG[2] (compute-mfcc-feats[5.3.24~1-c948]:main():compute-mfcc-feats.cc:173) Processed features for key p268_317
VLOG[2] (compute-mfcc-feats[5.3.24~1-c948]:main():compute-mfcc-feats.cc:173) Processed features for key p268_318
VLOG[2] (compute-mfcc-feats[5.3.24~1-c948]:main():compute-mfcc-feats.cc:173) Processed features for key p268_319
VLOG[2] (compute-mfcc-feats[5.3.24~1-c948]:main():compute-mfcc-feats.cc:173) Processed features for key p268_320
VLOG[2] (compute-mfcc-feats[5.3.24~1-c948]:main():compute-mfcc-feats.cc:173) Processed features for key p268_321
VLOG[2] (compute-mfcc-feats[5.3.24~1-c948]:main():compute-mfcc-feats.cc:173) Processed features for key p268_322
LOG (compute-mfcc-feats[5.3.24~1-c948]:main():compute-mfcc-feats.cc:172) Processed 210 utterances
VLOG[2] (compute-mfcc-feats[5.3.24~1-c948]:main():compute-mfcc-feats.cc:173) Processed features for key p268_323
VLOG[2] (compute-mfcc-feats[5.3.24~1-c948]:main():compute-mfcc-feats.cc:173) Processed features for key p268_324
VLOG[2] (compute-mfcc-feats[5.3.24~1-c948]:main():compute-mfcc-feats.cc:173) Processed features for key p268_325
VLOG[2] (compute-mfcc-feats[5.3.24~1-c948]:main():compute-mfcc-feats.cc:173) Processed features for key p268_326
VLOG[2] (compute-mfcc-feats[5.3.24~1-c948]:main():compute-mfcc-feats.cc:173) Processed features for key p268_327
VLOG[2] (compute-mfcc-feats[5.3.24~1-c948]:main():compute-mfcc-feats.cc:173) Processed features for key p268_328
VLOG[2] (compute-mfcc-feats[5.3.24~1-c948]:main():compute-mfcc-feats.cc:173) Processed features for key p268_329
VLOG[2] (compute-mfcc-feats[5.3.24~1-c948]:main():compute-mfcc-feats.cc:173) Processed features for key p268_330
VLOG[2] (compute-mfcc-feats[5.3.24~1-c948]:main():compute-mfcc-feats.cc:173) Processed features for key p268_331
VLOG[2] (compute-mfcc-feats[5.3.24~1-c948]:main():compute-mfcc-feats.cc:173) Processed features for key p268_332
LOG (compute-mfcc-feats[5.3.24~1-c948]:main():compute-mfcc-feats.cc:172) Processed 220 utterances
VLOG[2] (compute-mfcc-feats[5.3.24~1-c948]:main():compute-mfcc-feats.cc:173) Processed features for key p268_333
VLOG[2] (compute-mfcc-feats[5.3.24~1-c948]:main():compute-mfcc-feats.cc:173) Processed features for key p268_334
VLOG[2] (compute-mfcc-feats[5.3.24~1-c948]:main():compute-mfcc-feats.cc:173) Processed features for key p268_335
VLOG[2] (compute-mfcc-feats[5.3.24~1-c948]:main():compute-mfcc-feats.cc:173) Processed features for key p268_336
VLOG[2] (compute-mfcc-feats[5.3.24~1-c948]:main():compute-mfcc-feats.cc:173) Processed features for key p268_337
VLOG[2] (compute-mfcc-feats[5.3.24~1-c948]:main():compute-mfcc-feats.cc:173) Processed features for key p268_338
VLOG[2] (compute-mfcc-feats[5.3.24~1-c948]:main():compute-mfcc-feats.cc:173) Processed features for key p268_339
VLOG[2] (compute-mfcc-feats[5.3.24~1-c948]:main():compute-mfcc-feats.cc:173) Processed features for key p268_340
VLOG[2] (compute-mfcc-feats[5.3.24~1-c948]:main():compute-mfcc-feats.cc:173) Processed features for key p268_341
VLOG[2] (compute-mfcc-feats[5.3.24~1-c948]:main():compute-mfcc-feats.cc:173) Processed features for key p268_342
LOG (compute-mfcc-feats[5.3.24~1-c948]:main():compute-mfcc-feats.cc:172) Processed 230 utterances
VLOG[2] (compute-mfcc-feats[5.3.24~1-c948]:main():compute-mfcc-feats.cc:173) Processed features for key p268_343
VLOG[2] (compute-mfcc-feats[5.3.24~1-c948]:main():compute-mfcc-feats.cc:173) Processed features for key p268_344
VLOG[2] (compute-mfcc-feats[5.3.24~1-c948]:main():compute-mfcc-feats.cc:173) Processed features for key p268_345
VLOG[2] (compute-mfcc-feats[5.3.24~1-c948]:main():compute-mfcc-feats.cc:173) Processed features for key p268_346
VLOG[2] (compute-mfcc-feats[5.3.24~1-c948]:main():compute-mfcc-feats.cc:173) Processed features for key p268_347
VLOG[2] (compute-mfcc-feats[5.3.24~1-c948]:main():compute-mfcc-feats.cc:173) Processed features for key p268_348
VLOG[2] (compute-mfcc-feats[5.3.24~1-c948]:main():compute-mfcc-feats.cc:173) Processed features for key p268_349
VLOG[2] (compute-mfcc-feats[5.3.24~1-c948]:main():compute-mfcc-feats.cc:173) Processed features for key p268_350
VLOG[2] (compute-mfcc-feats[5.3.24~1-c948]:main():compute-mfcc-feats.cc:173) Processed features for key p268_351
VLOG[2] (compute-mfcc-feats[5.3.24~1-c948]:main():compute-mfcc-feats.cc:173) Processed features for key p268_352
LOG (compute-mfcc-feats[5.3.24~1-c948]:main():compute-mfcc-feats.cc:172) Processed 240 utterances
VLOG[2] (compute-mfcc-feats[5.3.24~1-c948]:main():compute-mfcc-feats.cc:173) Processed features for key p268_353
VLOG[2] (compute-mfcc-feats[5.3.24~1-c948]:main():compute-mfcc-feats.cc:173) Processed features for key p268_354
VLOG[2] (compute-mfcc-feats[5.3.24~1-c948]:main():compute-mfcc-feats.cc:173) Processed features for key p268_355
VLOG[2] (compute-mfcc-feats[5.3.24~1-c948]:main():compute-mfcc-feats.cc:173) Processed features for key p268_356
VLOG[2] (compute-mfcc-feats[5.3.24~1-c948]:main():compute-mfcc-feats.cc:173) Processed features for key p268_357
VLOG[2] (compute-mfcc-feats[5.3.24~1-c948]:main():compute-mfcc-feats.cc:173) Processed features for key p268_358
VLOG[2] (compute-mfcc-feats[5.3.24~1-c948]:main():compute-mfcc-feats.cc:173) Processed features for key p268_359
VLOG[2] (compute-mfcc-feats[5.3.24~1-c948]:main():compute-mfcc-feats.cc:173) Processed features for key p268_360
VLOG[2] (compute-mfcc-feats[5.3.24~1-c948]:main():compute-mfcc-feats.cc:173) Processed features for key p268_361
VLOG[2] (compute-mfcc-feats[5.3.24~1-c948]:main():compute-mfcc-feats.cc:173) Processed features for key p268_362
LOG (compute-mfcc-feats[5.3.24~1-c948]:main():compute-mfcc-feats.cc:172) Processed 250 utterances
VLOG[2] (compute-mfcc-feats[5.3.24~1-c948]:main():compute-mfcc-feats.cc:173) Processed features for key p268_363
VLOG[2] (compute-mfcc-feats[5.3.24~1-c948]:main():compute-mfcc-feats.cc:173) Processed features for key p268_364
VLOG[2] (compute-mfcc-feats[5.3.24~1-c948]:main():compute-mfcc-feats.cc:173) Processed features for key p268_365
VLOG[2] (compute-mfcc-feats[5.3.24~1-c948]:main():compute-mfcc-feats.cc:173) Processed features for key p268_366
VLOG[2] (compute-mfcc-feats[5.3.24~1-c948]:main():compute-mfcc-feats.cc:173) Processed features for key p268_367
VLOG[2] (compute-mfcc-feats[5.3.24~1-c948]:main():compute-mfcc-feats.cc:173) Processed features for key p268_368
VLOG[2] (compute-mfcc-feats[5.3.24~1-c948]:main():compute-mfcc-feats.cc:173) Processed features for key p268_369
VLOG[2] (compute-mfcc-feats[5.3.24~1-c948]:main():compute-mfcc-feats.cc:173) Processed features for key p268_370
VLOG[2] (compute-mfcc-feats[5.3.24~1-c948]:main():compute-mfcc-feats.cc:173) Processed features for key p268_371
VLOG[2] (compute-mfcc-feats[5.3.24~1-c948]:main():compute-mfcc-feats.cc:173) Processed features for key p268_372
LOG (compute-mfcc-feats[5.3.24~1-c948]:main():compute-mfcc-feats.cc:172) Processed 260 utterances
VLOG[2] (compute-mfcc-feats[5.3.24~1-c948]:main():compute-mfcc-feats.cc:173) Processed features for key p268_373
VLOG[2] (compute-mfcc-feats[5.3.24~1-c948]:main():compute-mfcc-feats.cc:173) Processed features for key p268_374
VLOG[2] (compute-mfcc-feats[5.3.24~1-c948]:main():compute-mfcc-feats.cc:173) Processed features for key p268_375
VLOG[2] (compute-mfcc-feats[5.3.24~1-c948]:main():compute-mfcc-feats.cc:173) Processed features for key p268_376
VLOG[2] (compute-mfcc-feats[5.3.24~1-c948]:main():compute-mfcc-feats.cc:173) Processed features for key p268_377
VLOG[2] (compute-mfcc-feats[5.3.24~1-c948]:main():compute-mfcc-feats.cc:173) Processed features for key p268_378
VLOG[2] (compute-mfcc-feats[5.3.24~1-c948]:main():compute-mfcc-feats.cc:173) Processed features for key p268_379
VLOG[2] (compute-mfcc-feats[5.3.24~1-c948]:main():compute-mfcc-feats.cc:173) Processed features for key p268_380
VLOG[2] (compute-mfcc-feats[5.3.24~1-c948]:main():compute-mfcc-feats.cc:173) Processed features for key p268_381
VLOG[2] (compute-mfcc-feats[5.3.24~1-c948]:main():compute-mfcc-feats.cc:173) Processed features for key p268_382
LOG (compute-mfcc-feats[5.3.24~1-c948]:main():compute-mfcc-feats.cc:172) Processed 270 utterances
VLOG[2] (compute-mfcc-feats[5.3.24~1-c948]:main():compute-mfcc-feats.cc:173) Processed features for key p268_383
VLOG[2] (compute-mfcc-feats[5.3.24~1-c948]:main():compute-mfcc-feats.cc:173) Processed features for key p268_384
VLOG[2] (compute-mfcc-feats[5.3.24~1-c948]:main():compute-mfcc-feats.cc:173) Processed features for key p268_385
VLOG[2] (compute-mfcc-feats[5.3.24~1-c948]:main():compute-mfcc-feats.cc:173) Processed features for key p268_386
VLOG[2] (compute-mfcc-feats[5.3.24~1-c948]:main():compute-mfcc-feats.cc:173) Processed features for key p268_387
VLOG[2] (compute-mfcc-feats[5.3.24~1-c948]:main():compute-mfcc-feats.cc:173) Processed features for key p268_388
VLOG[2] (compute-mfcc-feats[5.3.24~1-c948]:main():compute-mfcc-feats.cc:173) Processed features for key p268_389
VLOG[2] (compute-mfcc-feats[5.3.24~1-c948]:main():compute-mfcc-feats.cc:173) Processed features for key p268_390
VLOG[2] (compute-mfcc-feats[5.3.24~1-c948]:main():compute-mfcc-feats.cc:173) Processed features for key p268_391
VLOG[2] (compute-mfcc-feats[5.3.24~1-c948]:main():compute-mfcc-feats.cc:173) Processed features for key p268_392
LOG (compute-mfcc-feats[5.3.24~1-c948]:main():compute-mfcc-feats.cc:172) Processed 280 utterances
VLOG[2] (compute-mfcc-feats[5.3.24~1-c948]:main():compute-mfcc-feats.cc:173) Processed features for key p268_393
VLOG[2] (compute-mfcc-feats[5.3.24~1-c948]:main():compute-mfcc-feats.cc:173) Processed features for key p268_394
VLOG[2] (compute-mfcc-feats[5.3.24~1-c948]:main():compute-mfcc-feats.cc:173) Processed features for key p268_395
VLOG[2] (compute-mfcc-feats[5.3.24~1-c948]:main():compute-mfcc-feats.cc:173) Processed features for key p268_396
VLOG[2] (compute-mfcc-feats[5.3.24~1-c948]:main():compute-mfcc-feats.cc:173) Processed features for key p268_397
VLOG[2] (compute-mfcc-feats[5.3.24~1-c948]:main():compute-mfcc-feats.cc:173) Processed features for key p268_398
VLOG[2] (compute-mfcc-feats[5.3.24~1-c948]:main():compute-mfcc-feats.cc:173) Processed features for key p268_399
VLOG[2] (compute-mfcc-feats[5.3.24~1-c948]:main():compute-mfcc-feats.cc:173) Processed features for key p268_400
VLOG[2] (compute-mfcc-feats[5.3.24~1-c948]:main():compute-mfcc-feats.cc:173) Processed features for key p268_401
VLOG[2] (compute-mfcc-feats[5.3.24~1-c948]:main():compute-mfcc-feats.cc:173) Processed features for key p268_402
LOG (compute-mfcc-feats[5.3.24~1-c948]:main():compute-mfcc-feats.cc:172) Processed 290 utterances
VLOG[2] (compute-mfcc-feats[5.3.24~1-c948]:main():compute-mfcc-feats.cc:173) Processed features for key p268_403
VLOG[2] (compute-mfcc-feats[5.3.24~1-c948]:main():compute-mfcc-feats.cc:173) Processed features for key p268_404
VLOG[2] (compute-mfcc-feats[5.3.24~1-c948]:main():compute-mfcc-feats.cc:173) Processed features for key p268_405
VLOG[2] (compute-mfcc-feats[5.3.24~1-c948]:main():compute-mfcc-feats.cc:173) Processed features for key p268_406
VLOG[2] (compute-mfcc-feats[5.3.24~1-c948]:main():compute-mfcc-feats.cc:173) Processed features for key p268_407
VLOG[2] (compute-mfcc-feats[5.3.24~1-c948]:main():compute-mfcc-feats.cc:173) Processed features for key p268_408
VLOG[2] (compute-mfcc-feats[5.3.24~1-c948]:main():compute-mfcc-feats.cc:173) Processed features for key p268_409
VLOG[2] (compute-mfcc-feats[5.3.24~1-c948]:main():compute-mfcc-feats.cc:173) Processed features for key p268_410
VLOG[2] (compute-mfcc-feats[5.3.24~1-c948]:main():compute-mfcc-feats.cc:173) Processed features for key p268_411
VLOG[2] (compute-mfcc-feats[5.3.24~1-c948]:main():compute-mfcc-feats.cc:173) Processed features for key p269_001
LOG (compute-mfcc-feats[5.3.24~1-c948]:main():compute-mfcc-feats.cc:172) Processed 300 utterances
VLOG[2] (compute-mfcc-feats[5.3.24~1-c948]:main():compute-mfcc-feats.cc:173) Processed features for key p269_002
VLOG[2] (compute-mfcc-feats[5.3.24~1-c948]:main():compute-mfcc-feats.cc:173) Processed features for key p269_003
VLOG[2] (compute-mfcc-feats[5.3.24~1-c948]:main():compute-mfcc-feats.cc:173) Processed features for key p269_004
VLOG[2] (compute-mfcc-feats[5.3.24~1-c948]:main():compute-mfcc-feats.cc:173) Processed features for key p269_005
VLOG[2] (compute-mfcc-feats[5.3.24~1-c948]:main():compute-mfcc-feats.cc:173) Processed features for key p269_006
VLOG[2] (compute-mfcc-feats[5.3.24~1-c948]:main():compute-mfcc-feats.cc:173) Processed features for key p269_007
VLOG[2] (compute-mfcc-feats[5.3.24~1-c948]:main():compute-mfcc-feats.cc:173) Processed features for key p269_008
VLOG[2] (compute-mfcc-feats[5.3.24~1-c948]:main():compute-mfcc-feats.cc:173) Processed features for key p269_009
VLOG[2] (compute-mfcc-feats[5.3.24~1-c948]:main():compute-mfcc-feats.cc:173) Processed features for key p269_010
VLOG[2] (compute-mfcc-feats[5.3.24~1-c948]:main():compute-mfcc-feats.cc:173) Processed features for key p269_011
LOG (compute-mfcc-feats[5.3.24~1-c948]:main():compute-mfcc-feats.cc:172) Processed 310 utterances
VLOG[2] (compute-mfcc-feats[5.3.24~1-c948]:main():compute-mfcc-feats.cc:173) Processed features for key p269_012
VLOG[2] (compute-mfcc-feats[5.3.24~1-c948]:main():compute-mfcc-feats.cc:173) Processed features for key p269_013
VLOG[2] (compute-mfcc-feats[5.3.24~1-c948]:main():compute-mfcc-feats.cc:173) Processed features for key p269_014
VLOG[2] (compute-mfcc-feats[5.3.24~1-c948]:main():compute-mfcc-feats.cc:173) Processed features for key p269_015
VLOG[2] (compute-mfcc-feats[5.3.24~1-c948]:main():compute-mfcc-feats.cc:173) Processed features for key p269_016
VLOG[2] (compute-mfcc-feats[5.3.24~1-c948]:main():compute-mfcc-feats.cc:173) Processed features for key p269_017
VLOG[2] (compute-mfcc-feats[5.3.24~1-c948]:main():compute-mfcc-feats.cc:173) Processed features for key p269_018
VLOG[2] (compute-mfcc-feats[5.3.24~1-c948]:main():compute-mfcc-feats.cc:173) Processed features for key p269_019
VLOG[2] (compute-mfcc-feats[5.3.24~1-c948]:main():compute-mfcc-feats.cc:173) Processed features for key p269_020
VLOG[2] (compute-mfcc-feats[5.3.24~1-c948]:main():compute-mfcc-feats.cc:173) Processed features for key p269_021
LOG (compute-mfcc-feats[5.3.24~1-c948]:main():compute-mfcc-feats.cc:172) Processed 320 utterances
VLOG[2] (compute-mfcc-feats[5.3.24~1-c948]:main():compute-mfcc-feats.cc:173) Processed features for key p269_022
VLOG[2] (compute-mfcc-feats[5.3.24~1-c948]:main():compute-mfcc-feats.cc:173) Processed features for key p269_023
VLOG[2] (compute-mfcc-feats[5.3.24~1-c948]:main():compute-mfcc-feats.cc:173) Processed features for key p269_024
VLOG[2] (compute-mfcc-feats[5.3.24~1-c948]:main():compute-mfcc-feats.cc:173) Processed features for key p269_025
VLOG[2] (compute-mfcc-feats[5.3.24~1-c948]:main():compute-mfcc-feats.cc:173) Processed features for key p269_026
VLOG[2] (compute-mfcc-feats[5.3.24~1-c948]:main():compute-mfcc-feats.cc:173) Processed features for key p269_027
VLOG[2] (compute-mfcc-feats[5.3.24~1-c948]:main():compute-mfcc-feats.cc:173) Processed features for key p269_028
VLOG[2] (compute-mfcc-feats[5.3.24~1-c948]:main():compute-mfcc-feats.cc:173) Processed features for key p269_029
VLOG[2] (compute-mfcc-feats[5.3.24~1-c948]:main():compute-mfcc-feats.cc:173) Processed features for key p269_030
VLOG[2] (compute-mfcc-feats[5.3.24~1-c948]:main():compute-mfcc-feats.cc:173) Processed features for key p269_031
LOG (compute-mfcc-feats[5.3.24~1-c948]:main():compute-mfcc-feats.cc:172) Processed 330 utterances
VLOG[2] (compute-mfcc-feats[5.3.24~1-c948]:main():compute-mfcc-feats.cc:173) Processed features for key p269_032
VLOG[2] (compute-mfcc-feats[5.3.24~1-c948]:main():compute-mfcc-feats.cc:173) Processed features for key p269_033
VLOG[2] (compute-mfcc-feats[5.3.24~1-c948]:main():compute-mfcc-feats.cc:173) Processed features for key p269_034
VLOG[2] (compute-mfcc-feats[5.3.24~1-c948]:main():compute-mfcc-feats.cc:173) Processed features for key p269_035
VLOG[2] (compute-mfcc-feats[5.3.24~1-c948]:main():compute-mfcc-feats.cc:173) Processed features for key p269_036
VLOG[2] (compute-mfcc-feats[5.3.24~1-c948]:main():compute-mfcc-feats.cc:173) Processed features for key p269_037
VLOG[2] (compute-mfcc-feats[5.3.24~1-c948]:main():compute-mfcc-feats.cc:173) Processed features for key p269_038
VLOG[2] (compute-mfcc-feats[5.3.24~1-c948]:main():compute-mfcc-feats.cc:173) Processed features for key p269_039
VLOG[2] (compute-mfcc-feats[5.3.24~1-c948]:main():compute-mfcc-feats.cc:173) Processed features for key p269_040
VLOG[2] (compute-mfcc-feats[5.3.24~1-c948]:main():compute-mfcc-feats.cc:173) Processed features for key p269_041
LOG (compute-mfcc-feats[5.3.24~1-c948]:main():compute-mfcc-feats.cc:172) Processed 340 utterances
VLOG[2] (compute-mfcc-feats[5.3.24~1-c948]:main():compute-mfcc-feats.cc:173) Processed features for key p269_042
VLOG[2] (compute-mfcc-feats[5.3.24~1-c948]:main():compute-mfcc-feats.cc:173) Processed features for key p269_043
VLOG[2] (compute-mfcc-feats[5.3.24~1-c948]:main():compute-mfcc-feats.cc:173) Processed features for key p269_044
VLOG[2] (compute-mfcc-feats[5.3.24~1-c948]:main():compute-mfcc-feats.cc:173) Processed features for key p269_045
VLOG[2] (compute-mfcc-feats[5.3.24~1-c948]:main():compute-mfcc-feats.cc:173) Processed features for key p269_046
VLOG[2] (compute-mfcc-feats[5.3.24~1-c948]:main():compute-mfcc-feats.cc:173) Processed features for key p269_047
VLOG[2] (compute-mfcc-feats[5.3.24~1-c948]:main():compute-mfcc-feats.cc:173) Processed features for key p269_048
VLOG[2] (compute-mfcc-feats[5.3.24~1-c948]:main():compute-mfcc-feats.cc:173) Processed features for key p269_049
VLOG[2] (compute-mfcc-feats[5.3.24~1-c948]:main():compute-mfcc-feats.cc:173) Processed features for key p269_050
VLOG[2] (compute-mfcc-feats[5.3.24~1-c948]:main():compute-mfcc-feats.cc:173) Processed features for key p269_051
LOG (compute-mfcc-feats[5.3.24~1-c948]:main():compute-mfcc-feats.cc:172) Processed 350 utterances
VLOG[2] (compute-mfcc-feats[5.3.24~1-c948]:main():compute-mfcc-feats.cc:173) Processed features for key p269_052
VLOG[2] (compute-mfcc-feats[5.3.24~1-c948]:main():compute-mfcc-feats.cc:173) Processed features for key p269_053
VLOG[2] (compute-mfcc-feats[5.3.24~1-c948]:main():compute-mfcc-feats.cc:173) Processed features for key p269_054
VLOG[2] (compute-mfcc-feats[5.3.24~1-c948]:main():compute-mfcc-feats.cc:173) Processed features for key p269_055
VLOG[2] (compute-mfcc-feats[5.3.24~1-c948]:main():compute-mfcc-feats.cc:173) Processed features for key p269_056
VLOG[2] (compute-mfcc-feats[5.3.24~1-c948]:main():compute-mfcc-feats.cc:173) Processed features for key p269_057
VLOG[2] (compute-mfcc-feats[5.3.24~1-c948]:main():compute-mfcc-feats.cc:173) Processed features for key p269_058
VLOG[2] (compute-mfcc-feats[5.3.24~1-c948]:main():compute-mfcc-feats.cc:173) Processed features for key p269_059
VLOG[2] (compute-mfcc-feats[5.3.24~1-c948]:main():compute-mfcc-feats.cc:173) Processed features for key p269_060
VLOG[2] (compute-mfcc-feats[5.3.24~1-c948]:main():compute-mfcc-feats.cc:173) Processed features for key p269_061
LOG (compute-mfcc-feats[5.3.24~1-c948]:main():compute-mfcc-feats.cc:172) Processed 360 utterances
VLOG[2] (compute-mfcc-feats[5.3.24~1-c948]:main():compute-mfcc-feats.cc:173) Processed features for key p269_062
VLOG[2] (compute-mfcc-feats[5.3.24~1-c948]:main():compute-mfcc-feats.cc:173) Processed features for key p269_063
VLOG[2] (compute-mfcc-feats[5.3.24~1-c948]:main():compute-mfcc-feats.cc:173) Processed features for key p269_064
VLOG[2] (compute-mfcc-feats[5.3.24~1-c948]:main():compute-mfcc-feats.cc:173) Processed features for key p269_065
VLOG[2] (compute-mfcc-feats[5.3.24~1-c948]:main():compute-mfcc-feats.cc:173) Processed features for key p269_066
VLOG[2] (compute-mfcc-feats[5.3.24~1-c948]:main():compute-mfcc-feats.cc:173) Processed features for key p269_067
VLOG[2] (compute-mfcc-feats[5.3.24~1-c948]:main():compute-mfcc-feats.cc:173) Processed features for key p269_068
VLOG[2] (compute-mfcc-feats[5.3.24~1-c948]:main():compute-mfcc-feats.cc:173) Processed features for key p269_069
VLOG[2] (compute-mfcc-feats[5.3.24~1-c948]:main():compute-mfcc-feats.cc:173) Processed features for key p269_070
VLOG[2] (compute-mfcc-feats[5.3.24~1-c948]:main():compute-mfcc-feats.cc:173) Processed features for key p269_071
LOG (compute-mfcc-feats[5.3.24~1-c948]:main():compute-mfcc-feats.cc:172) Processed 370 utterances
VLOG[2] (compute-mfcc-feats[5.3.24~1-c948]:main():compute-mfcc-feats.cc:173) Processed features for key p269_072
VLOG[2] (compute-mfcc-feats[5.3.24~1-c948]:main():compute-mfcc-feats.cc:173) Processed features for key p269_073
VLOG[2] (compute-mfcc-feats[5.3.24~1-c948]:main():compute-mfcc-feats.cc:173) Processed features for key p269_074
VLOG[2] (compute-mfcc-feats[5.3.24~1-c948]:main():compute-mfcc-feats.cc:173) Processed features for key p269_075
VLOG[2] (compute-mfcc-feats[5.3.24~1-c948]:main():compute-mfcc-feats.cc:173) Processed features for key p269_076
VLOG[2] (compute-mfcc-feats[5.3.24~1-c948]:main():compute-mfcc-feats.cc:173) Processed features for key p269_077
VLOG[2] (compute-mfcc-feats[5.3.24~1-c948]:main():compute-mfcc-feats.cc:173) Processed features for key p269_078
VLOG[2] (compute-mfcc-feats[5.3.24~1-c948]:main():compute-mfcc-feats.cc:173) Processed features for key p269_079
VLOG[2] (compute-mfcc-feats[5.3.24~1-c948]:main():compute-mfcc-feats.cc:173) Processed features for key p269_080
VLOG[2] (compute-mfcc-feats[5.3.24~1-c948]:main():compute-mfcc-feats.cc:173) Processed features for key p269_081
LOG (compute-mfcc-feats[5.3.24~1-c948]:main():compute-mfcc-feats.cc:172) Processed 380 utterances
VLOG[2] (compute-mfcc-feats[5.3.24~1-c948]:main():compute-mfcc-feats.cc:173) Processed features for key p269_082
VLOG[2] (compute-mfcc-feats[5.3.24~1-c948]:main():compute-mfcc-feats.cc:173) Processed features for key p269_083
VLOG[2] (compute-mfcc-feats[5.3.24~1-c948]:main():compute-mfcc-feats.cc:173) Processed features for key p269_084
VLOG[2] (compute-mfcc-feats[5.3.24~1-c948]:main():compute-mfcc-feats.cc:173) Processed features for key p269_085
VLOG[2] (compute-mfcc-feats[5.3.24~1-c948]:main():compute-mfcc-feats.cc:173) Processed features for key p269_086
VLOG[2] (compute-mfcc-feats[5.3.24~1-c948]:main():compute-mfcc-feats.cc:173) Processed features for key p269_087
VLOG[2] (compute-mfcc-feats[5.3.24~1-c948]:main():compute-mfcc-feats.cc:173) Processed features for key p269_088
VLOG[2] (compute-mfcc-feats[5.3.24~1-c948]:main():compute-mfcc-feats.cc:173) Processed features for key p269_089
VLOG[2] (compute-mfcc-feats[5.3.24~1-c948]:main():compute-mfcc-feats.cc:173) Processed features for key p269_090
VLOG[2] (compute-mfcc-feats[5.3.24~1-c948]:main():compute-mfcc-feats.cc:173) Processed features for key p269_091
LOG (compute-mfcc-feats[5.3.24~1-c948]:main():compute-mfcc-feats.cc:172) Processed 390 utterances
VLOG[2] (compute-mfcc-feats[5.3.24~1-c948]:main():compute-mfcc-feats.cc:173) Processed features for key p269_092
VLOG[2] (compute-mfcc-feats[5.3.24~1-c948]:main():compute-mfcc-feats.cc:173) Processed features for key p269_093
VLOG[2] (compute-mfcc-feats[5.3.24~1-c948]:main():compute-mfcc-feats.cc:173) Processed features for key p269_094
VLOG[2] (compute-mfcc-feats[5.3.24~1-c948]:main():compute-mfcc-feats.cc:173) Processed features for key p269_096
VLOG[2] (compute-mfcc-feats[5.3.24~1-c948]:main():compute-mfcc-feats.cc:173) Processed features for key p269_097
VLOG[2] (compute-mfcc-feats[5.3.24~1-c948]:main():compute-mfcc-feats.cc:173) Processed features for key p269_098
VLOG[2] (compute-mfcc-feats[5.3.24~1-c948]:main():compute-mfcc-feats.cc:173) Processed features for key p269_099
VLOG[2] (compute-mfcc-feats[5.3.24~1-c948]:main():compute-mfcc-feats.cc:173) Processed features for key p269_100
VLOG[2] (compute-mfcc-feats[5.3.24~1-c948]:main():compute-mfcc-feats.cc:173) Processed features for key p269_101
VLOG[2] (compute-mfcc-feats[5.3.24~1-c948]:main():compute-mfcc-feats.cc:173) Processed features for key p269_102
LOG (compute-mfcc-feats[5.3.24~1-c948]:main():compute-mfcc-feats.cc:172) Processed 400 utterances
VLOG[2] (compute-mfcc-feats[5.3.24~1-c948]:main():compute-mfcc-feats.cc:173) Processed features for key p269_103
VLOG[2] (compute-mfcc-feats[5.3.24~1-c948]:main():compute-mfcc-feats.cc:173) Processed features for key p269_104
VLOG[2] (compute-mfcc-feats[5.3.24~1-c948]:main():compute-mfcc-feats.cc:173) Processed features for key p269_105
VLOG[2] (compute-mfcc-feats[5.3.24~1-c948]:main():compute-mfcc-feats.cc:173) Processed features for key p269_106
VLOG[2] (compute-mfcc-feats[5.3.24~1-c948]:main():compute-mfcc-feats.cc:173) Processed features for key p269_107
VLOG[2] (compute-mfcc-feats[5.3.24~1-c948]:main():compute-mfcc-feats.cc:173) Processed features for key p269_108
VLOG[2] (compute-mfcc-feats[5.3.24~1-c948]:main():compute-mfcc-feats.cc:173) Processed features for key p269_109
VLOG[2] (compute-mfcc-feats[5.3.24~1-c948]:main():compute-mfcc-feats.cc:173) Processed features for key p269_110
VLOG[2] (compute-mfcc-feats[5.3.24~1-c948]:main():compute-mfcc-feats.cc:173) Processed features for key p269_111
VLOG[2] (compute-mfcc-feats[5.3.24~1-c948]:main():compute-mfcc-feats.cc:173) Processed features for key p269_112
LOG (compute-mfcc-feats[5.3.24~1-c948]:main():compute-mfcc-feats.cc:172) Processed 410 utterances
VLOG[2] (compute-mfcc-feats[5.3.24~1-c948]:main():compute-mfcc-feats.cc:173) Processed features for key p269_113
VLOG[2] (compute-mfcc-feats[5.3.24~1-c948]:main():compute-mfcc-feats.cc:173) Processed features for key p269_114
VLOG[2] (compute-mfcc-feats[5.3.24~1-c948]:main():compute-mfcc-feats.cc:173) Processed features for key p269_115
VLOG[2] (compute-mfcc-feats[5.3.24~1-c948]:main():compute-mfcc-feats.cc:173) Processed features for key p269_116
VLOG[2] (compute-mfcc-feats[5.3.24~1-c948]:main():compute-mfcc-feats.cc:173) Processed features for key p269_117
VLOG[2] (compute-mfcc-feats[5.3.24~1-c948]:main():compute-mfcc-feats.cc:173) Processed features for key p269_118
VLOG[2] (compute-mfcc-feats[5.3.24~1-c948]:main():compute-mfcc-feats.cc:173) Processed features for key p269_119
VLOG[2] (compute-mfcc-feats[5.3.24~1-c948]:main():compute-mfcc-feats.cc:173) Processed features for key p269_121
VLOG[2] (compute-mfcc-feats[5.3.24~1-c948]:main():compute-mfcc-feats.cc:173) Processed features for key p269_122
VLOG[2] (compute-mfcc-feats[5.3.24~1-c948]:main():compute-mfcc-feats.cc:173) Processed features for key p269_123
LOG (compute-mfcc-feats[5.3.24~1-c948]:main():compute-mfcc-feats.cc:172) Processed 420 utterances
VLOG[2] (compute-mfcc-feats[5.3.24~1-c948]:main():compute-mfcc-feats.cc:173) Processed features for key p269_124
VLOG[2] (compute-mfcc-feats[5.3.24~1-c948]:main():compute-mfcc-feats.cc:173) Processed features for key p269_125
VLOG[2] (compute-mfcc-feats[5.3.24~1-c948]:main():compute-mfcc-feats.cc:173) Processed features for key p269_126
VLOG[2] (compute-mfcc-feats[5.3.24~1-c948]:main():compute-mfcc-feats.cc:173) Processed features for key p269_127
VLOG[2] (compute-mfcc-feats[5.3.24~1-c948]:main():compute-mfcc-feats.cc:173) Processed features for key p269_128
VLOG[2] (compute-mfcc-feats[5.3.24~1-c948]:main():compute-mfcc-feats.cc:173) Processed features for key p269_129
VLOG[2] (compute-mfcc-feats[5.3.24~1-c948]:main():compute-mfcc-feats.cc:173) Processed features for key p269_130
VLOG[2] (compute-mfcc-feats[5.3.24~1-c948]:main():compute-mfcc-feats.cc:173) Processed features for key p269_131
VLOG[2] (compute-mfcc-feats[5.3.24~1-c948]:main():compute-mfcc-feats.cc:173) Processed features for key p269_132
VLOG[2] (compute-mfcc-feats[5.3.24~1-c948]:main():compute-mfcc-feats.cc:173) Processed features for key p269_133
LOG (compute-mfcc-feats[5.3.24~1-c948]:main():compute-mfcc-feats.cc:172) Processed 430 utterances
VLOG[2] (compute-mfcc-feats[5.3.24~1-c948]:main():compute-mfcc-feats.cc:173) Processed features for key p269_134
VLOG[2] (compute-mfcc-feats[5.3.24~1-c948]:main():compute-mfcc-feats.cc:173) Processed features for key p269_135
VLOG[2] (compute-mfcc-feats[5.3.24~1-c948]:main():compute-mfcc-feats.cc:173) Processed features for key p269_136
VLOG[2] (compute-mfcc-feats[5.3.24~1-c948]:main():compute-mfcc-feats.cc:173) Processed features for key p269_137
VLOG[2] (compute-mfcc-feats[5.3.24~1-c948]:main():compute-mfcc-feats.cc:173) Processed features for key p269_138
VLOG[2] (compute-mfcc-feats[5.3.24~1-c948]:main():compute-mfcc-feats.cc:173) Processed features for key p269_139
VLOG[2] (compute-mfcc-feats[5.3.24~1-c948]:main():compute-mfcc-feats.cc:173) Processed features for key p269_140
VLOG[2] (compute-mfcc-feats[5.3.24~1-c948]:main():compute-mfcc-feats.cc:173) Processed features for key p269_141
VLOG[2] (compute-mfcc-feats[5.3.24~1-c948]:main():compute-mfcc-feats.cc:173) Processed features for key p269_142
VLOG[2] (compute-mfcc-feats[5.3.24~1-c948]:main():compute-mfcc-feats.cc:173) Processed features for key p269_143
LOG (compute-mfcc-feats[5.3.24~1-c948]:main():compute-mfcc-feats.cc:172) Processed 440 utterances
VLOG[2] (compute-mfcc-feats[5.3.24~1-c948]:main():compute-mfcc-feats.cc:173) Processed features for key p269_144
VLOG[2] (compute-mfcc-feats[5.3.24~1-c948]:main():compute-mfcc-feats.cc:173) Processed features for key p269_145
VLOG[2] (compute-mfcc-feats[5.3.24~1-c948]:main():compute-mfcc-feats.cc:173) Processed features for key p269_146
VLOG[2] (compute-mfcc-feats[5.3.24~1-c948]:main():compute-mfcc-feats.cc:173) Processed features for key p269_147
VLOG[2] (compute-mfcc-feats[5.3.24~1-c948]:main():compute-mfcc-feats.cc:173) Processed features for key p269_148
VLOG[2] (compute-mfcc-feats[5.3.24~1-c948]:main():compute-mfcc-feats.cc:173) Processed features for key p269_149
VLOG[2] (compute-mfcc-feats[5.3.24~1-c948]:main():compute-mfcc-feats.cc:173) Processed features for key p269_150
VLOG[2] (compute-mfcc-feats[5.3.24~1-c948]:main():compute-mfcc-feats.cc:173) Processed features for key p269_151
VLOG[2] (compute-mfcc-feats[5.3.24~1-c948]:main():compute-mfcc-feats.cc:173) Processed features for key p269_152
VLOG[2] (compute-mfcc-feats[5.3.24~1-c948]:main():compute-mfcc-feats.cc:173) Processed features for key p269_153
LOG (compute-mfcc-feats[5.3.24~1-c948]:main():compute-mfcc-feats.cc:172) Processed 450 utterances
VLOG[2] (compute-mfcc-feats[5.3.24~1-c948]:main():compute-mfcc-feats.cc:173) Processed features for key p269_154
VLOG[2] (compute-mfcc-feats[5.3.24~1-c948]:main():compute-mfcc-feats.cc:173) Processed features for key p269_155
VLOG[2] (compute-mfcc-feats[5.3.24~1-c948]:main():compute-mfcc-feats.cc:173) Processed features for key p269_156
VLOG[2] (compute-mfcc-feats[5.3.24~1-c948]:main():compute-mfcc-feats.cc:173) Processed features for key p269_157
VLOG[2] (compute-mfcc-feats[5.3.24~1-c948]:main():compute-mfcc-feats.cc:173) Processed features for key p269_158
VLOG[2] (compute-mfcc-feats[5.3.24~1-c948]:main():compute-mfcc-feats.cc:173) Processed features for key p269_159
VLOG[2] (compute-mfcc-feats[5.3.24~1-c948]:main():compute-mfcc-feats.cc:173) Processed features for key p269_160
VLOG[2] (compute-mfcc-feats[5.3.24~1-c948]:main():compute-mfcc-feats.cc:173) Processed features for key p269_161
VLOG[2] (compute-mfcc-feats[5.3.24~1-c948]:main():compute-mfcc-feats.cc:173) Processed features for key p269_162
VLOG[2] (compute-mfcc-feats[5.3.24~1-c948]:main():compute-mfcc-feats.cc:173) Processed features for key p269_163
LOG (compute-mfcc-feats[5.3.24~1-c948]:main():compute-mfcc-feats.cc:172) Processed 460 utterances
VLOG[2] (compute-mfcc-feats[5.3.24~1-c948]:main():compute-mfcc-feats.cc:173) Processed features for key p269_164
VLOG[2] (compute-mfcc-feats[5.3.24~1-c948]:main():compute-mfcc-feats.cc:173) Processed features for key p269_165
VLOG[2] (compute-mfcc-feats[5.3.24~1-c948]:main():compute-mfcc-feats.cc:173) Processed features for key p269_166
VLOG[2] (compute-mfcc-feats[5.3.24~1-c948]:main():compute-mfcc-feats.cc:173) Processed features for key p269_167
VLOG[2] (compute-mfcc-feats[5.3.24~1-c948]:main():compute-mfcc-feats.cc:173) Processed features for key p269_168
VLOG[2] (compute-mfcc-feats[5.3.24~1-c948]:main():compute-mfcc-feats.cc:173) Processed features for key p269_169
VLOG[2] (compute-mfcc-feats[5.3.24~1-c948]:main():compute-mfcc-feats.cc:173) Processed features for key p269_170
VLOG[2] (compute-mfcc-feats[5.3.24~1-c948]:main():compute-mfcc-feats.cc:173) Processed features for key p269_171
VLOG[2] (compute-mfcc-feats[5.3.24~1-c948]:main():compute-mfcc-feats.cc:173) Processed features for key p269_172
VLOG[2] (compute-mfcc-feats[5.3.24~1-c948]:main():compute-mfcc-feats.cc:173) Processed features for key p269_173
LOG (compute-mfcc-feats[5.3.24~1-c948]:main():compute-mfcc-feats.cc:172) Processed 470 utterances
VLOG[2] (compute-mfcc-feats[5.3.24~1-c948]:main():compute-mfcc-feats.cc:173) Processed features for key p269_174
VLOG[2] (compute-mfcc-feats[5.3.24~1-c948]:main():compute-mfcc-feats.cc:173) Processed features for key p269_175
VLOG[2] (compute-mfcc-feats[5.3.24~1-c948]:main():compute-mfcc-feats.cc:173) Processed features for key p269_176
VLOG[2] (compute-mfcc-feats[5.3.24~1-c948]:main():compute-mfcc-feats.cc:173) Processed features for key p269_177
VLOG[2] (compute-mfcc-feats[5.3.24~1-c948]:main():compute-mfcc-feats.cc:173) Processed features for key p269_179
VLOG[2] (compute-mfcc-feats[5.3.24~1-c948]:main():compute-mfcc-feats.cc:173) Processed features for key p269_180
VLOG[2] (compute-mfcc-feats[5.3.24~1-c948]:main():compute-mfcc-feats.cc:173) Processed features for key p269_181
VLOG[2] (compute-mfcc-feats[5.3.24~1-c948]:main():compute-mfcc-feats.cc:173) Processed features for key p269_182
VLOG[2] (compute-mfcc-feats[5.3.24~1-c948]:main():compute-mfcc-feats.cc:173) Processed features for key p269_183
VLOG[2] (compute-mfcc-feats[5.3.24~1-c948]:main():compute-mfcc-feats.cc:173) Processed features for key p269_184
LOG (compute-mfcc-feats[5.3.24~1-c948]:main():compute-mfcc-feats.cc:172) Processed 480 utterances
VLOG[2] (compute-mfcc-feats[5.3.24~1-c948]:main():compute-mfcc-feats.cc:173) Processed features for key p269_185
VLOG[2] (compute-mfcc-feats[5.3.24~1-c948]:main():compute-mfcc-feats.cc:173) Processed features for key p269_186
VLOG[2] (compute-mfcc-feats[5.3.24~1-c948]:main():compute-mfcc-feats.cc:173) Processed features for key p269_187
VLOG[2] (compute-mfcc-feats[5.3.24~1-c948]:main():compute-mfcc-feats.cc:173) Processed features for key p269_188
VLOG[2] (compute-mfcc-feats[5.3.24~1-c948]:main():compute-mfcc-feats.cc:173) Processed features for key p269_189
VLOG[2] (compute-mfcc-feats[5.3.24~1-c948]:main():compute-mfcc-feats.cc:173) Processed features for key p269_190
VLOG[2] (compute-mfcc-feats[5.3.24~1-c948]:main():compute-mfcc-feats.cc:173) Processed features for key p269_191
VLOG[2] (compute-mfcc-feats[5.3.24~1-c948]:main():compute-mfcc-feats.cc:173) Processed features for key p269_193
VLOG[2] (compute-mfcc-feats[5.3.24~1-c948]:main():compute-mfcc-feats.cc:173) Processed features for key p269_194
VLOG[2] (compute-mfcc-feats[5.3.24~1-c948]:main():compute-mfcc-feats.cc:173) Processed features for key p269_195
LOG (compute-mfcc-feats[5.3.24~1-c948]:main():compute-mfcc-feats.cc:172) Processed 490 utterances
VLOG[2] (compute-mfcc-feats[5.3.24~1-c948]:main():compute-mfcc-feats.cc:173) Processed features for key p269_196
VLOG[2] (compute-mfcc-feats[5.3.24~1-c948]:main():compute-mfcc-feats.cc:173) Processed features for key p269_197
VLOG[2] (compute-mfcc-feats[5.3.24~1-c948]:main():compute-mfcc-feats.cc:173) Processed features for key p269_198
VLOG[2] (compute-mfcc-feats[5.3.24~1-c948]:main():compute-mfcc-feats.cc:173) Processed features for key p269_199
VLOG[2] (compute-mfcc-feats[5.3.24~1-c948]:main():compute-mfcc-feats.cc:173) Processed features for key p269_200
VLOG[2] (compute-mfcc-feats[5.3.24~1-c948]:main():compute-mfcc-feats.cc:173) Processed features for key p269_201
VLOG[2] (compute-mfcc-feats[5.3.24~1-c948]:main():compute-mfcc-feats.cc:173) Processed features for key p269_202
VLOG[2] (compute-mfcc-feats[5.3.24~1-c948]:main():compute-mfcc-feats.cc:173) Processed features for key p269_203
VLOG[2] (compute-mfcc-feats[5.3.24~1-c948]:main():compute-mfcc-feats.cc:173) Processed features for key p269_204
VLOG[2] (compute-mfcc-feats[5.3.24~1-c948]:main():compute-mfcc-feats.cc:173) Processed features for key p269_205
LOG (compute-mfcc-feats[5.3.24~1-c948]:main():compute-mfcc-feats.cc:172) Processed 500 utterances
VLOG[2] (compute-mfcc-feats[5.3.24~1-c948]:main():compute-mfcc-feats.cc:173) Processed features for key p269_206
VLOG[2] (compute-mfcc-feats[5.3.24~1-c948]:main():compute-mfcc-feats.cc:173) Processed features for key p269_207
VLOG[2] (compute-mfcc-feats[5.3.24~1-c948]:main():compute-mfcc-feats.cc:173) Processed features for key p269_208
VLOG[2] (compute-mfcc-feats[5.3.24~1-c948]:main():compute-mfcc-feats.cc:173) Processed features for key p269_209
VLOG[2] (compute-mfcc-feats[5.3.24~1-c948]:main():compute-mfcc-feats.cc:173) Processed features for key p269_210
VLOG[2] (compute-mfcc-feats[5.3.24~1-c948]:main():compute-mfcc-feats.cc:173) Processed features for key p269_211
VLOG[2] (compute-mfcc-feats[5.3.24~1-c948]:main():compute-mfcc-feats.cc:173) Processed features for key p269_212
VLOG[2] (compute-mfcc-feats[5.3.24~1-c948]:main():compute-mfcc-feats.cc:173) Processed features for key p269_213
VLOG[2] (compute-mfcc-feats[5.3.24~1-c948]:main():compute-mfcc-feats.cc:173) Processed features for key p269_214
VLOG[2] (compute-mfcc-feats[5.3.24~1-c948]:main():compute-mfcc-feats.cc:173) Processed features for key p269_215
LOG (compute-mfcc-feats[5.3.24~1-c948]:main():compute-mfcc-feats.cc:172) Processed 510 utterances
VLOG[2] (compute-mfcc-feats[5.3.24~1-c948]:main():compute-mfcc-feats.cc:173) Processed features for key p269_216
VLOG[2] (compute-mfcc-feats[5.3.24~1-c948]:main():compute-mfcc-feats.cc:173) Processed features for key p269_217
VLOG[2] (compute-mfcc-feats[5.3.24~1-c948]:main():compute-mfcc-feats.cc:173) Processed features for key p269_218
VLOG[2] (compute-mfcc-feats[5.3.24~1-c948]:main():compute-mfcc-feats.cc:173) Processed features for key p269_219
VLOG[2] (compute-mfcc-feats[5.3.24~1-c948]:main():compute-mfcc-feats.cc:173) Processed features for key p269_220
VLOG[2] (compute-mfcc-feats[5.3.24~1-c948]:main():compute-mfcc-feats.cc:173) Processed features for key p269_221
VLOG[2] (compute-mfcc-feats[5.3.24~1-c948]:main():compute-mfcc-feats.cc:173) Processed features for key p269_222
VLOG[2] (compute-mfcc-feats[5.3.24~1-c948]:main():compute-mfcc-feats.cc:173) Processed features for key p269_223
VLOG[2] (compute-mfcc-feats[5.3.24~1-c948]:main():compute-mfcc-feats.cc:173) Processed features for key p269_224
VLOG[2] (compute-mfcc-feats[5.3.24~1-c948]:main():compute-mfcc-feats.cc:173) Processed features for key p269_225
LOG (compute-mfcc-feats[5.3.24~1-c948]:main():compute-mfcc-feats.cc:172) Processed 520 utterances
VLOG[2] (compute-mfcc-feats[5.3.24~1-c948]:main():compute-mfcc-feats.cc:173) Processed features for key p269_226
VLOG[2] (compute-mfcc-feats[5.3.24~1-c948]:main():compute-mfcc-feats.cc:173) Processed features for key p269_227
VLOG[2] (compute-mfcc-feats[5.3.24~1-c948]:main():compute-mfcc-feats.cc:173) Processed features for key p269_228
VLOG[2] (compute-mfcc-feats[5.3.24~1-c948]:main():compute-mfcc-feats.cc:173) Processed features for key p269_229
VLOG[2] (compute-mfcc-feats[5.3.24~1-c948]:main():compute-mfcc-feats.cc:173) Processed features for key p269_230
VLOG[2] (compute-mfcc-feats[5.3.24~1-c948]:main():compute-mfcc-feats.cc:173) Processed features for key p269_231
VLOG[2] (compute-mfcc-feats[5.3.24~1-c948]:main():compute-mfcc-feats.cc:173) Processed features for key p269_232
VLOG[2] (compute-mfcc-feats[5.3.24~1-c948]:main():compute-mfcc-feats.cc:173) Processed features for key p269_233
VLOG[2] (compute-mfcc-feats[5.3.24~1-c948]:main():compute-mfcc-feats.cc:173) Processed features for key p269_234
VLOG[2] (compute-mfcc-feats[5.3.24~1-c948]:main():compute-mfcc-feats.cc:173) Processed features for key p269_235
LOG (compute-mfcc-feats[5.3.24~1-c948]:main():compute-mfcc-feats.cc:172) Processed 530 utterances
VLOG[2] (compute-mfcc-feats[5.3.24~1-c948]:main():compute-mfcc-feats.cc:173) Processed features for key p269_236
VLOG[2] (compute-mfcc-feats[5.3.24~1-c948]:main():compute-mfcc-feats.cc:173) Processed features for key p269_237
VLOG[2] (compute-mfcc-feats[5.3.24~1-c948]:main():compute-mfcc-feats.cc:173) Processed features for key p269_238
VLOG[2] (compute-mfcc-feats[5.3.24~1-c948]:main():compute-mfcc-feats.cc:173) Processed features for key p269_239
VLOG[2] (compute-mfcc-feats[5.3.24~1-c948]:main():compute-mfcc-feats.cc:173) Processed features for key p269_240
VLOG[2] (compute-mfcc-feats[5.3.24~1-c948]:main():compute-mfcc-feats.cc:173) Processed features for key p269_241
VLOG[2] (compute-mfcc-feats[5.3.24~1-c948]:main():compute-mfcc-feats.cc:173) Processed features for key p269_242
VLOG[2] (compute-mfcc-feats[5.3.24~1-c948]:main():compute-mfcc-feats.cc:173) Processed features for key p269_243
VLOG[2] (compute-mfcc-feats[5.3.24~1-c948]:main():compute-mfcc-feats.cc:173) Processed features for key p269_244
VLOG[2] (compute-mfcc-feats[5.3.24~1-c948]:main():compute-mfcc-feats.cc:173) Processed features for key p269_245
LOG (compute-mfcc-feats[5.3.24~1-c948]:main():compute-mfcc-feats.cc:172) Processed 540 utterances
VLOG[2] (compute-mfcc-feats[5.3.24~1-c948]:main():compute-mfcc-feats.cc:173) Processed features for key p269_246
VLOG[2] (compute-mfcc-feats[5.3.24~1-c948]:main():compute-mfcc-feats.cc:173) Processed features for key p269_247
VLOG[2] (compute-mfcc-feats[5.3.24~1-c948]:main():compute-mfcc-feats.cc:173) Processed features for key p269_248
VLOG[2] (compute-mfcc-feats[5.3.24~1-c948]:main():compute-mfcc-feats.cc:173) Processed features for key p269_249
VLOG[2] (compute-mfcc-feats[5.3.24~1-c948]:main():compute-mfcc-feats.cc:173) Processed features for key p269_250
VLOG[2] (compute-mfcc-feats[5.3.24~1-c948]:main():compute-mfcc-feats.cc:173) Processed features for key p269_251
VLOG[2] (compute-mfcc-feats[5.3.24~1-c948]:main():compute-mfcc-feats.cc:173) Processed features for key p269_252
VLOG[2] (compute-mfcc-feats[5.3.24~1-c948]:main():compute-mfcc-feats.cc:173) Processed features for key p269_253
VLOG[2] (compute-mfcc-feats[5.3.24~1-c948]:main():compute-mfcc-feats.cc:173) Processed features for key p269_254
VLOG[2] (compute-mfcc-feats[5.3.24~1-c948]:main():compute-mfcc-feats.cc:173) Processed features for key p269_255
LOG (compute-mfcc-feats[5.3.24~1-c948]:main():compute-mfcc-feats.cc:172) Processed 550 utterances
VLOG[2] (compute-mfcc-feats[5.3.24~1-c948]:main():compute-mfcc-feats.cc:173) Processed features for key p269_256
VLOG[2] (compute-mfcc-feats[5.3.24~1-c948]:main():compute-mfcc-feats.cc:173) Processed features for key p269_257
VLOG[2] (compute-mfcc-feats[5.3.24~1-c948]:main():compute-mfcc-feats.cc:173) Processed features for key p269_258
VLOG[2] (compute-mfcc-feats[5.3.24~1-c948]:main():compute-mfcc-feats.cc:173) Processed features for key p269_259
VLOG[2] (compute-mfcc-feats[5.3.24~1-c948]:main():compute-mfcc-feats.cc:173) Processed features for key p269_260
VLOG[2] (compute-mfcc-feats[5.3.24~1-c948]:main():compute-mfcc-feats.cc:173) Processed features for key p269_261
VLOG[2] (compute-mfcc-feats[5.3.24~1-c948]:main():compute-mfcc-feats.cc:173) Processed features for key p269_263
VLOG[2] (compute-mfcc-feats[5.3.24~1-c948]:main():compute-mfcc-feats.cc:173) Processed features for key p269_264
VLOG[2] (compute-mfcc-feats[5.3.24~1-c948]:main():compute-mfcc-feats.cc:173) Processed features for key p269_265
VLOG[2] (compute-mfcc-feats[5.3.24~1-c948]:main():compute-mfcc-feats.cc:173) Processed features for key p269_266
LOG (compute-mfcc-feats[5.3.24~1-c948]:main():compute-mfcc-feats.cc:172) Processed 560 utterances
VLOG[2] (compute-mfcc-feats[5.3.24~1-c948]:main():compute-mfcc-feats.cc:173) Processed features for key p269_267
VLOG[2] (compute-mfcc-feats[5.3.24~1-c948]:main():compute-mfcc-feats.cc:173) Processed features for key p269_268
VLOG[2] (compute-mfcc-feats[5.3.24~1-c948]:main():compute-mfcc-feats.cc:173) Processed features for key p269_269
VLOG[2] (compute-mfcc-feats[5.3.24~1-c948]:main():compute-mfcc-feats.cc:173) Processed features for key p269_270
VLOG[2] (compute-mfcc-feats[5.3.24~1-c948]:main():compute-mfcc-feats.cc:173) Processed features for key p269_271
VLOG[2] (compute-mfcc-feats[5.3.24~1-c948]:main():compute-mfcc-feats.cc:173) Processed features for key p269_272
VLOG[2] (compute-mfcc-feats[5.3.24~1-c948]:main():compute-mfcc-feats.cc:173) Processed features for key p269_273
VLOG[2] (compute-mfcc-feats[5.3.24~1-c948]:main():compute-mfcc-feats.cc:173) Processed features for key p269_274
VLOG[2] (compute-mfcc-feats[5.3.24~1-c948]:main():compute-mfcc-feats.cc:173) Processed features for key p269_275
VLOG[2] (compute-mfcc-feats[5.3.24~1-c948]:main():compute-mfcc-feats.cc:173) Processed features for key p269_276
LOG (compute-mfcc-feats[5.3.24~1-c948]:main():compute-mfcc-feats.cc:172) Processed 570 utterances
VLOG[2] (compute-mfcc-feats[5.3.24~1-c948]:main():compute-mfcc-feats.cc:173) Processed features for key p269_277
VLOG[2] (compute-mfcc-feats[5.3.24~1-c948]:main():compute-mfcc-feats.cc:173) Processed features for key p269_278
VLOG[2] (compute-mfcc-feats[5.3.24~1-c948]:main():compute-mfcc-feats.cc:173) Processed features for key p269_279
VLOG[2] (compute-mfcc-feats[5.3.24~1-c948]:main():compute-mfcc-feats.cc:173) Processed features for key p269_280
VLOG[2] (compute-mfcc-feats[5.3.24~1-c948]:main():compute-mfcc-feats.cc:173) Processed features for key p269_281
VLOG[2] (compute-mfcc-feats[5.3.24~1-c948]:main():compute-mfcc-feats.cc:173) Processed features for key p269_282
VLOG[2] (compute-mfcc-feats[5.3.24~1-c948]:main():compute-mfcc-feats.cc:173) Processed features for key p269_283
VLOG[2] (compute-mfcc-feats[5.3.24~1-c948]:main():compute-mfcc-feats.cc:173) Processed features for key p269_284
VLOG[2] (compute-mfcc-feats[5.3.24~1-c948]:main():compute-mfcc-feats.cc:173) Processed features for key p269_285
VLOG[2] (compute-mfcc-feats[5.3.24~1-c948]:main():compute-mfcc-feats.cc:173) Processed features for key p269_286
LOG (compute-mfcc-feats[5.3.24~1-c948]:main():compute-mfcc-feats.cc:172) Processed 580 utterances
VLOG[2] (compute-mfcc-feats[5.3.24~1-c948]:main():compute-mfcc-feats.cc:173) Processed features for key p269_287
VLOG[2] (compute-mfcc-feats[5.3.24~1-c948]:main():compute-mfcc-feats.cc:173) Processed features for key p269_288
VLOG[2] (compute-mfcc-feats[5.3.24~1-c948]:main():compute-mfcc-feats.cc:173) Processed features for key p269_289
VLOG[2] (compute-mfcc-feats[5.3.24~1-c948]:main():compute-mfcc-feats.cc:173) Processed features for key p269_290
VLOG[2] (compute-mfcc-feats[5.3.24~1-c948]:main():compute-mfcc-feats.cc:173) Processed features for key p269_291
VLOG[2] (compute-mfcc-feats[5.3.24~1-c948]:main():compute-mfcc-feats.cc:173) Processed features for key p269_292
VLOG[2] (compute-mfcc-feats[5.3.24~1-c948]:main():compute-mfcc-feats.cc:173) Processed features for key p269_293
VLOG[2] (compute-mfcc-feats[5.3.24~1-c948]:main():compute-mfcc-feats.cc:173) Processed features for key p269_294
VLOG[2] (compute-mfcc-feats[5.3.24~1-c948]:main():compute-mfcc-feats.cc:173) Processed features for key p269_295
VLOG[2] (compute-mfcc-feats[5.3.24~1-c948]:main():compute-mfcc-feats.cc:173) Processed features for key p269_296
LOG (compute-mfcc-feats[5.3.24~1-c948]:main():compute-mfcc-feats.cc:172) Processed 590 utterances
VLOG[2] (compute-mfcc-feats[5.3.24~1-c948]:main():compute-mfcc-feats.cc:173) Processed features for key p269_297
VLOG[2] (compute-mfcc-feats[5.3.24~1-c948]:main():compute-mfcc-feats.cc:173) Processed features for key p269_298
VLOG[2] (compute-mfcc-feats[5.3.24~1-c948]:main():compute-mfcc-feats.cc:173) Processed features for key p269_299
VLOG[2] (compute-mfcc-feats[5.3.24~1-c948]:main():compute-mfcc-feats.cc:173) Processed features for key p269_300
VLOG[2] (compute-mfcc-feats[5.3.24~1-c948]:main():compute-mfcc-feats.cc:173) Processed features for key p269_301
VLOG[2] (compute-mfcc-feats[5.3.24~1-c948]:main():compute-mfcc-feats.cc:173) Processed features for key p269_302
VLOG[2] (compute-mfcc-feats[5.3.24~1-c948]:main():compute-mfcc-feats.cc:173) Processed features for key p269_303
VLOG[2] (compute-mfcc-feats[5.3.24~1-c948]:main():compute-mfcc-feats.cc:173) Processed features for key p269_304
VLOG[2] (compute-mfcc-feats[5.3.24~1-c948]:main():compute-mfcc-feats.cc:173) Processed features for key p269_305
VLOG[2] (compute-mfcc-feats[5.3.24~1-c948]:main():compute-mfcc-feats.cc:173) Processed features for key p269_306
LOG (compute-mfcc-feats[5.3.24~1-c948]:main():compute-mfcc-feats.cc:172) Processed 600 utterances
VLOG[2] (compute-mfcc-feats[5.3.24~1-c948]:main():compute-mfcc-feats.cc:173) Processed features for key p269_307
VLOG[2] (compute-mfcc-feats[5.3.24~1-c948]:main():compute-mfcc-feats.cc:173) Processed features for key p269_308
VLOG[2] (compute-mfcc-feats[5.3.24~1-c948]:main():compute-mfcc-feats.cc:173) Processed features for key p269_309
VLOG[2] (compute-mfcc-feats[5.3.24~1-c948]:main():compute-mfcc-feats.cc:173) Processed features for key p269_310
VLOG[2] (compute-mfcc-feats[5.3.24~1-c948]:main():compute-mfcc-feats.cc:173) Processed features for key p269_311
VLOG[2] (compute-mfcc-feats[5.3.24~1-c948]:main():compute-mfcc-feats.cc:173) Processed features for key p269_312
VLOG[2] (compute-mfcc-feats[5.3.24~1-c948]:main():compute-mfcc-feats.cc:173) Processed features for key p269_313
VLOG[2] (compute-mfcc-feats[5.3.24~1-c948]:main():compute-mfcc-feats.cc:173) Processed features for key p269_314
VLOG[2] (compute-mfcc-feats[5.3.24~1-c948]:main():compute-mfcc-feats.cc:173) Processed features for key p269_315
VLOG[2] (compute-mfcc-feats[5.3.24~1-c948]:main():compute-mfcc-feats.cc:173) Processed features for key p269_316
LOG (compute-mfcc-feats[5.3.24~1-c948]:main():compute-mfcc-feats.cc:172) Processed 610 utterances
VLOG[2] (compute-mfcc-feats[5.3.24~1-c948]:main():compute-mfcc-feats.cc:173) Processed features for key p269_317
VLOG[2] (compute-mfcc-feats[5.3.24~1-c948]:main():compute-mfcc-feats.cc:173) Processed features for key p269_318
VLOG[2] (compute-mfcc-feats[5.3.24~1-c948]:main():compute-mfcc-feats.cc:173) Processed features for key p269_319
VLOG[2] (compute-mfcc-feats[5.3.24~1-c948]:main():compute-mfcc-feats.cc:173) Processed features for key p269_320
VLOG[2] (compute-mfcc-feats[5.3.24~1-c948]:main():compute-mfcc-feats.cc:173) Processed features for key p269_321
VLOG[2] (compute-mfcc-feats[5.3.24~1-c948]:main():compute-mfcc-feats.cc:173) Processed features for key p269_322
VLOG[2] (compute-mfcc-feats[5.3.24~1-c948]:main():compute-mfcc-feats.cc:173) Processed features for key p269_323
VLOG[2] (compute-mfcc-feats[5.3.24~1-c948]:main():compute-mfcc-feats.cc:173) Processed features for key p269_324
VLOG[2] (compute-mfcc-feats[5.3.24~1-c948]:main():compute-mfcc-feats.cc:173) Processed features for key p269_325
VLOG[2] (compute-mfcc-feats[5.3.24~1-c948]:main():compute-mfcc-feats.cc:173) Processed features for key p269_326
LOG (compute-mfcc-feats[5.3.24~1-c948]:main():compute-mfcc-feats.cc:172) Processed 620 utterances
VLOG[2] (compute-mfcc-feats[5.3.24~1-c948]:main():compute-mfcc-feats.cc:173) Processed features for key p269_327
VLOG[2] (compute-mfcc-feats[5.3.24~1-c948]:main():compute-mfcc-feats.cc:173) Processed features for key p269_328
VLOG[2] (compute-mfcc-feats[5.3.24~1-c948]:main():compute-mfcc-feats.cc:173) Processed features for key p269_329
VLOG[2] (compute-mfcc-feats[5.3.24~1-c948]:main():compute-mfcc-feats.cc:173) Processed features for key p269_330
VLOG[2] (compute-mfcc-feats[5.3.24~1-c948]:main():compute-mfcc-feats.cc:173) Processed features for key p269_331
VLOG[2] (compute-mfcc-feats[5.3.24~1-c948]:main():compute-mfcc-feats.cc:173) Processed features for key p269_332
VLOG[2] (compute-mfcc-feats[5.3.24~1-c948]:main():compute-mfcc-feats.cc:173) Processed features for key p269_333
VLOG[2] (compute-mfcc-feats[5.3.24~1-c948]:main():compute-mfcc-feats.cc:173) Processed features for key p269_334
VLOG[2] (compute-mfcc-feats[5.3.24~1-c948]:main():compute-mfcc-feats.cc:173) Processed features for key p269_335
VLOG[2] (compute-mfcc-feats[5.3.24~1-c948]:main():compute-mfcc-feats.cc:173) Processed features for key p269_336
LOG (compute-mfcc-feats[5.3.24~1-c948]:main():compute-mfcc-feats.cc:172) Processed 630 utterances
VLOG[2] (compute-mfcc-feats[5.3.24~1-c948]:main():compute-mfcc-feats.cc:173) Processed features for key p269_337
VLOG[2] (compute-mfcc-feats[5.3.24~1-c948]:main():compute-mfcc-feats.cc:173) Processed features for key p269_338
VLOG[2] (compute-mfcc-feats[5.3.24~1-c948]:main():compute-mfcc-feats.cc:173) Processed features for key p269_339
VLOG[2] (compute-mfcc-feats[5.3.24~1-c948]:main():compute-mfcc-feats.cc:173) Processed features for key p269_340
VLOG[2] (compute-mfcc-feats[5.3.24~1-c948]:main():compute-mfcc-feats.cc:173) Processed features for key p269_341
VLOG[2] (compute-mfcc-feats[5.3.24~1-c948]:main():compute-mfcc-feats.cc:173) Processed features for key p269_342
VLOG[2] (compute-mfcc-feats[5.3.24~1-c948]:main():compute-mfcc-feats.cc:173) Processed features for key p269_343
VLOG[2] (compute-mfcc-feats[5.3.24~1-c948]:main():compute-mfcc-feats.cc:173) Processed features for key p269_344
VLOG[2] (compute-mfcc-feats[5.3.24~1-c948]:main():compute-mfcc-feats.cc:173) Processed features for key p269_345
VLOG[2] (compute-mfcc-feats[5.3.24~1-c948]:main():compute-mfcc-feats.cc:173) Processed features for key p269_346
LOG (compute-mfcc-feats[5.3.24~1-c948]:main():compute-mfcc-feats.cc:172) Processed 640 utterances
VLOG[2] (compute-mfcc-feats[5.3.24~1-c948]:main():compute-mfcc-feats.cc:173) Processed features for key p269_347
VLOG[2] (compute-mfcc-feats[5.3.24~1-c948]:main():compute-mfcc-feats.cc:173) Processed features for key p269_348
VLOG[2] (compute-mfcc-feats[5.3.24~1-c948]:main():compute-mfcc-feats.cc:173) Processed features for key p269_349
VLOG[2] (compute-mfcc-feats[5.3.24~1-c948]:main():compute-mfcc-feats.cc:173) Processed features for key p269_350
VLOG[2] (compute-mfcc-feats[5.3.24~1-c948]:main():compute-mfcc-feats.cc:173) Processed features for key p269_352
VLOG[2] (compute-mfcc-feats[5.3.24~1-c948]:main():compute-mfcc-feats.cc:173) Processed features for key p269_353
VLOG[2] (compute-mfcc-feats[5.3.24~1-c948]:main():compute-mfcc-feats.cc:173) Processed features for key p269_354
VLOG[2] (compute-mfcc-feats[5.3.24~1-c948]:main():compute-mfcc-feats.cc:173) Processed features for key p269_355
VLOG[2] (compute-mfcc-feats[5.3.24~1-c948]:main():compute-mfcc-feats.cc:173) Processed features for key p269_356
VLOG[2] (compute-mfcc-feats[5.3.24~1-c948]:main():compute-mfcc-feats.cc:173) Processed features for key p269_357
LOG (compute-mfcc-feats[5.3.24~1-c948]:main():compute-mfcc-feats.cc:172) Processed 650 utterances
VLOG[2] (compute-mfcc-feats[5.3.24~1-c948]:main():compute-mfcc-feats.cc:173) Processed features for key p269_358
VLOG[2] (compute-mfcc-feats[5.3.24~1-c948]:main():compute-mfcc-feats.cc:173) Processed features for key p269_359
VLOG[2] (compute-mfcc-feats[5.3.24~1-c948]:main():compute-mfcc-feats.cc:173) Processed features for key p269_360
VLOG[2] (compute-mfcc-feats[5.3.24~1-c948]:main():compute-mfcc-feats.cc:173) Processed features for key p269_361
VLOG[2] (compute-mfcc-feats[5.3.24~1-c948]:main():compute-mfcc-feats.cc:173) Processed features for key p269_362
VLOG[2] (compute-mfcc-feats[5.3.24~1-c948]:main():compute-mfcc-feats.cc:173) Processed features for key p269_363
VLOG[2] (compute-mfcc-feats[5.3.24~1-c948]:main():compute-mfcc-feats.cc:173) Processed features for key p269_364
VLOG[2] (compute-mfcc-feats[5.3.24~1-c948]:main():compute-mfcc-feats.cc:173) Processed features for key p269_365
VLOG[2] (compute-mfcc-feats[5.3.24~1-c948]:main():compute-mfcc-feats.cc:173) Processed features for key p269_366
VLOG[2] (compute-mfcc-feats[5.3.24~1-c948]:main():compute-mfcc-feats.cc:173) Processed features for key p269_367
LOG (compute-mfcc-feats[5.3.24~1-c948]:main():compute-mfcc-feats.cc:172) Processed 660 utterances
VLOG[2] (compute-mfcc-feats[5.3.24~1-c948]:main():compute-mfcc-feats.cc:173) Processed features for key p269_368
VLOG[2] (compute-mfcc-feats[5.3.24~1-c948]:main():compute-mfcc-feats.cc:173) Processed features for key p269_369
LOG (compute-mfcc-feats[5.3.24~1-c948]:main():compute-mfcc-feats.cc:176)  Done 661 out of 661 utterances.
LOG (copy-feats[5.3.24~1-c948]:main():copy-feats.cc:143) Copied 661 feature matrices.
# Accounting: time=24 threads=1
# Ended (code 0) at Wed Jan  3 18:53:20 IST 2018, elapsed time 24 seconds
